03:13:02  INFO     Starting scrape: 27 countries, 5 queries each
03:13:02  INFO     [DE] 'artificial intelligence' → 100 entries, 48 kept so far
/home/runner/work/EU_AI_News/EU_AI_News/eu_ai_news_scraper.py:230: DeprecationWarning: datetime.datetime.utcnow() is deprecated and scheduled for removal in a future version. Use timezone-aware objects to represent datetimes in UTC: datetime.datetime.now(datetime.UTC).
  "scraped_at":   datetime.utcnow().isoformat(),
03:13:02  INFO     [FR] 'artificial intelligence' → 100 entries, 51 kept so far
03:13:02  INFO     [PL] 'artificial intelligence' → 100 entries, 16 kept so far
03:13:02  INFO     [IT] 'artificial intelligence' → 100 entries, 37 kept so far
03:13:03  INFO     [ES] 'artificial intelligence' → 100 entries, 59 kept so far
03:13:04  INFO     [DE] 'AI regulation' → 89 entries, 120 kept so far
03:13:04  INFO     [FR] 'AI regulation' → 100 entries, 126 kept so far
03:13:04  INFO     [IT] 'AI regulation' → 100 entries, 117 kept so far
03:13:04  INFO     [PL] 'AI regulation' → 100 entries, 83 kept so far
03:13:04  INFO     [ES] 'AI regulation' → 76 entries, 94 kept so far
03:13:06  INFO     [DE] 'machine learning' → 100 entries, 164 kept so far
03:13:06  INFO     [IT] 'machine learning' → 100 entries, 190 kept so far
03:13:06  INFO     [FR] 'machine learning' → 100 entries, 182 kept so far
03:13:06  INFO     [ES] 'machine learning' → 100 entries, 164 kept so far
03:13:06  INFO     [PL] 'machine learning' → 100 entries, 121 kept so far
03:13:07  INFO     [DE] 'EU AI Act' → 100 entries, 242 kept so far
03:13:08  INFO     [IT] 'EU AI Act' → 100 entries, 256 kept so far
03:13:08  INFO     [ES] 'EU AI Act' → 78 entries, 188 kept so far
03:13:08  INFO     [FR] 'EU AI Act' → 73 entries, 222 kept so far
03:13:08  INFO     [PL] 'EU AI Act' → 77 entries, 133 kept so far
03:13:09  INFO     [DE] 'generative AI' → 100 entries, 262 kept so far
03:13:09  INFO     [ES] 'generative AI' → 100 entries, 227 kept so far
03:13:09  INFO     [IT] 'generative AI' → 100 entries, 293 kept so far
03:13:09  INFO     [FR] 'generative AI' → 100 entries, 252 kept so far
03:13:09  INFO     [PL] 'generative AI' → 100 entries, 169 kept so far
03:13:10  INFO     [DE] +148 new articles saved
03:13:10  INFO     [ES] +100 new articles saved
03:13:10  INFO     [IT] +146 new articles saved
03:13:10  INFO     [FR] +117 new articles saved
03:13:10  INFO     [PL] +76 new articles saved
03:13:11  INFO     [NL] 'artificial intelligence' → 100 entries, 10 kept so far
03:13:11  INFO     [BE] 'artificial intelligence' → 100 entries, 65 kept so far
03:13:11  INFO     [AT] 'artificial intelligence' → 100 entries, 42 kept so far
03:13:11  INFO     [SE] 'artificial intelligence' → 100 entries, 8 kept so far
03:13:11  INFO     [DK] 'artificial intelligence' → 100 entries, 12 kept so far
03:13:12  INFO     [NL] 'AI regulation' → 79 entries, 47 kept so far
03:13:12  INFO     [SE] 'AI regulation' → 78 entries, 24 kept so far
03:13:12  INFO     [AT] 'AI regulation' → 94 entries, 115 kept so far
03:13:13  INFO     [BE] 'AI regulation' → 100 entries, 152 kept so far
03:13:13  INFO     [DK] 'AI regulation' → 31 entries, 17 kept so far
03:13:14  INFO     [SE] 'machine learning' → 72 entries, 48 kept so far
03:13:14  INFO     [NL] 'machine learning' → 100 entries, 101 kept so far
03:13:14  INFO     [AT] 'machine learning' → 100 entries, 162 kept so far
03:13:14  INFO     [BE] 'machine learning' → 100 entries, 206 kept so far
03:13:14  INFO     [DK] 'machine learning' → 80 entries, 41 kept so far
03:13:16  INFO     [SE] 'EU AI Act' → 77 entries, 56 kept so far
03:13:16  INFO     [NL] 'EU AI Act' → 100 entries, 129 kept so far
03:13:16  INFO     [BE] 'EU AI Act' → 77 entries, 232 kept so far
03:13:16  INFO     [AT] 'EU AI Act' → 100 entries, 248 kept so far
03:13:16  INFO     [DK] 'EU AI Act' → 76 entries, 57 kept so far
03:13:17  INFO     [SE] 'generative AI' → 79 entries, 68 kept so far
03:13:17  INFO     [NL] 'generative AI' → 100 entries, 155 kept so far
03:13:17  INFO     [AT] 'generative AI' → 100 entries, 267 kept so far
03:13:18  INFO     [BE] 'generative AI' → 100 entries, 257 kept so far
03:13:18  INFO     [DK] 'generative AI' → 100 entries, 87 kept so far
03:13:18  INFO     [SE] +25 new articles saved
03:13:19  INFO     [NL] +52 new articles saved
03:13:19  INFO     [FI] 'artificial intelligence' → 100 entries, 51 kept so far
03:13:19  INFO     [AT] +30 new articles saved
03:13:19  INFO     [BE] +23 new articles saved
03:13:19  INFO     [DK] +21 new articles saved
03:13:19  INFO     [PT] 'artificial intelligence' → 100 entries, 60 kept so far
03:13:19  INFO     [CZ] 'artificial intelligence' → 100 entries, 21 kept so far
03:13:19  INFO     [RO] 'artificial intelligence' → 100 entries, 41 kept so far
03:13:19  INFO     [HU] 'artificial intelligence' → 100 entries, 19 kept so far
03:13:21  INFO     [FI] 'AI regulation' → 51 entries, 65 kept so far
03:13:21  INFO     [CZ] 'AI regulation' → 78 entries, 37 kept so far
03:13:21  INFO     [RO] 'AI regulation' → 74 entries, 52 kept so far
03:13:21  INFO     [PT] 'AI regulation' → 79 entries, 90 kept so far
03:13:21  INFO     [HU] 'AI regulation' → 79 entries, 23 kept so far
03:13:22  INFO     [FI] 'machine learning' → 86 entries, 102 kept so far
03:13:22  INFO     [CZ] 'machine learning' → 84 entries, 56 kept so far
03:13:23  INFO     [PT] 'machine learning' → 100 entries, 164 kept so far
03:13:23  INFO     [RO] 'machine learning' → 100 entries, 102 kept so far
03:13:23  INFO     [HU] 'machine learning' → 68 entries, 46 kept so far
03:13:24  INFO     [CZ] 'EU AI Act' → 77 entries, 69 kept so far
03:13:24  INFO     [FI] 'EU AI Act' → 78 entries, 144 kept so far
03:13:24  INFO     [PT] 'EU AI Act' → 45 entries, 171 kept so far
03:13:24  INFO     [RO] 'EU AI Act' → 77 entries, 113 kept so far
03:13:25  INFO     [HU] 'EU AI Act' → 77 entries, 66 kept so far
03:13:26  INFO     [CZ] 'generative AI' → 87 entries, 86 kept so far
03:13:26  INFO     [FI] 'generative AI' → 62 entries, 183 kept so far
03:13:26  INFO     [RO] 'generative AI' → 78 entries, 133 kept so far
03:13:26  INFO     [HU] 'generative AI' → 72 entries, 90 kept so far
03:13:26  INFO     [PT] 'generative AI' → 100 entries, 201 kept so far
03:13:27  INFO     [CZ] +47 new articles saved
03:13:27  INFO     [FI] +89 new articles saved
03:13:27  INFO     [RO] +53 new articles saved
03:13:27  INFO     [HU] +43 new articles saved
03:13:27  INFO     [GR] 'artificial intelligence' → 100 entries, 49 kept so far
03:13:27  INFO     [PT] +88 new articles saved
03:13:28  INFO     [SK] 'artificial intelligence' → 100 entries, 21 kept so far
03:13:28  INFO     [BG] 'artificial intelligence' → 66 entries, 32 kept so far
03:13:28  INFO     [HR] 'artificial intelligence' → 102 entries, 50 kept so far
03:13:28  INFO     [IE] 'artificial intelligence' → 100 entries, 53 kept so far
03:13:29  INFO     [GR] 'AI regulation' → 54 entries, 95 kept so far
03:13:29  INFO     [BG] 'AI regulation' → 9 entries, 33 kept so far
03:13:29  INFO     [SK] 'AI regulation' → 18 entries, 23 kept so far
03:13:29  INFO     [HR] 'AI regulation' → 100 entries, 91 kept so far
03:13:30  INFO     [IE] 'AI regulation' → 100 entries, 97 kept so far
03:13:31  INFO     [GR] 'machine learning' → 86 entries, 130 kept so far
03:13:31  INFO     [BG] 'machine learning' → 55 entries, 44 kept so far
03:13:31  INFO     [SK] 'machine learning' → 71 entries, 41 kept so far
03:13:31  INFO     [HR] 'machine learning' → 100 entries, 156 kept so far
03:13:32  INFO     [IE] 'machine learning' → 100 entries, 159 kept so far
03:13:32  INFO     [GR] 'EU AI Act' → 51 entries, 145 kept so far
03:13:32  INFO     [BG] 'EU AI Act' → 8 entries, 46 kept so far
03:13:32  INFO     [SK] 'EU AI Act' → 66 entries, 58 kept so far
03:13:33  INFO     [HR] 'EU AI Act' → 100 entries, 237 kept so far
03:13:33  INFO     [BG] 'generative AI' → 28 entries, 52 kept so far
03:13:34  INFO     [IE] 'EU AI Act' → 100 entries, 233 kept so far
03:13:34  INFO     [GR] 'generative AI' → 100 entries, 185 kept so far
03:13:34  INFO     [SK] 'generative AI' → 49 entries, 68 kept so far
03:13:34  INFO     [BG] +27 new articles saved
03:13:35  INFO     [HR] 'generative AI' → 100 entries, 297 kept so far
03:13:35  INFO     [GR] +105 new articles saved
03:13:35  INFO     [LT] 'artificial intelligence' → 88 entries, 32 kept so far
03:13:35  INFO     [SK] +27 new articles saved
03:13:35  INFO     [SI] 'artificial intelligence' → 100 entries, 48 kept so far
03:13:35  INFO     [LV] 'artificial intelligence' → 71 entries, 26 kept so far
03:13:35  INFO     [IE] 'generative AI' → 100 entries, 292 kept so far
03:13:36  INFO     [HR] +233 new articles saved
03:13:36  INFO     [LT] 'AI regulation' → 9 entries, 32 kept so far
03:13:37  INFO     [EE] 'artificial intelligence' → 100 entries, 48 kept so far
03:13:37  INFO     [SI] 'AI regulation' → 4 entries, 48 kept so far
03:13:37  INFO     [IE] +74 new articles saved
03:13:37  INFO     [LV] 'AI regulation' → 7 entries, 26 kept so far
03:13:37  INFO     [CY] 'artificial intelligence' → 100 entries, 49 kept so far
03:13:37  INFO     [LT] 'machine learning' → 37 entries, 36 kept so far
03:13:38  INFO     [SI] 'machine learning' → 24 entries, 51 kept so far
03:13:38  INFO     [LV] 'machine learning' → 11 entries, 28 kept so far
03:13:38  INFO     [EE] 'AI regulation' → 8 entries, 50 kept so far
03:13:39  INFO     [CY] 'AI regulation' → 54 entries, 95 kept so far
03:13:39  INFO     [LT] 'EU AI Act' → 16 entries, 37 kept so far
03:13:39  INFO     [SI] 'EU AI Act' → 34 entries, 57 kept so far
03:13:39  INFO     [LV] 'EU AI Act' → 9 entries, 28 kept so far
03:13:40  INFO     [EE] 'machine learning' → 13 entries, 53 kept so far
03:13:40  INFO     [LT] 'generative AI' → 23 entries, 45 kept so far
03:13:40  INFO     [CY] 'machine learning' → 86 entries, 130 kept so far
03:13:41  INFO     [SI] 'generative AI' → 14 entries, 61 kept so far
03:13:41  INFO     [LV] 'generative AI' → 9 entries, 30 kept so far
03:13:41  INFO     [EE] 'EU AI Act' → 17 entries, 55 kept so far
03:13:41  INFO     [LT] +14 new articles saved
03:13:42  INFO     [SI] +22 new articles saved
03:13:42  INFO     [LV] +13 new articles saved
03:13:42  INFO     [MT] 'artificial intelligence' → 102 entries, 50 kept so far
03:13:42  INFO     [LU] 'artificial intelligence' → 100 entries, 51 kept so far
03:13:42  INFO     [CY] 'EU AI Act' → 51 entries, 145 kept so far
03:13:43  INFO     [EE] 'generative AI' → 10 entries, 57 kept so far
03:13:43  INFO     [MT] 'AI regulation' → 100 entries, 91 kept so far
03:13:43  INFO     [LU] 'AI regulation' → 100 entries, 126 kept so far
03:13:44  INFO     [CY] 'generative AI' → 100 entries, 186 kept so far
03:13:44  INFO     [EE] +20 new articles saved
03:13:44  INFO     [MT] 'machine learning' → 100 entries, 156 kept so far
03:13:45  INFO     [CY] +1 new articles saved
03:13:45  INFO     [LU] 'machine learning' → 100 entries, 182 kept so far
03:13:45  INFO     [MT] 'EU AI Act' → 100 entries, 237 kept so far
03:13:47  INFO     [MT] 'generative AI' → 100 entries, 297 kept so far
03:13:47  INFO     [LU] 'EU AI Act' → 73 entries, 222 kept so far
03:13:48  INFO     [MT] +0 new articles saved
03:13:49  INFO     [LU] 'generative AI' → 100 entries, 252 kept so far
03:13:50  INFO     [LU] +0 new articles saved
03:13:50  INFO     Scrape complete. 1594 new articles this run.
