09:20:07  INFO     Starting scrape: 27 countries, 5 queries each
/home/runner/work/EU_AI_News/EU_AI_News/eu_ai_news_scraper.py:230: DeprecationWarning: datetime.datetime.utcnow() is deprecated and scheduled for removal in a future version. Use timezone-aware objects to represent datetimes in UTC: datetime.datetime.now(datetime.UTC).
  "scraped_at":   datetime.utcnow().isoformat(),
09:20:08  INFO     [IT] 'artificial intelligence' → 100 entries, 37 kept so far
09:20:08  INFO     [PL] 'artificial intelligence' → 100 entries, 16 kept so far
09:20:08  INFO     [DE] 'artificial intelligence' → 100 entries, 49 kept so far
09:20:08  INFO     [FR] 'artificial intelligence' → 100 entries, 48 kept so far
09:20:08  INFO     [ES] 'artificial intelligence' → 100 entries, 64 kept so far
09:20:10  INFO     [IT] 'AI regulation' → 100 entries, 126 kept so far
09:20:10  INFO     [PL] 'AI regulation' → 78 entries, 72 kept so far
09:20:10  INFO     [DE] 'AI regulation' → 100 entries, 126 kept so far
09:20:10  INFO     [FR] 'AI regulation' → 100 entries, 139 kept so far
09:20:10  INFO     [ES] 'AI regulation' → 78 entries, 102 kept so far
09:20:11  INFO     [IT] 'machine learning' → 100 entries, 199 kept so far
09:20:11  INFO     [DE] 'machine learning' → 100 entries, 165 kept so far
09:20:11  INFO     [PL] 'machine learning' → 100 entries, 109 kept so far
09:20:12  INFO     [FR] 'machine learning' → 100 entries, 196 kept so far
09:20:12  INFO     [ES] 'machine learning' → 100 entries, 174 kept so far
09:20:13  INFO     [IT] 'EU AI Act' → 100 entries, 261 kept so far
09:20:13  INFO     [DE] 'EU AI Act' → 100 entries, 246 kept so far
09:20:13  INFO     [PL] 'EU AI Act' → 76 entries, 120 kept so far
09:20:13  INFO     [FR] 'EU AI Act' → 81 entries, 229 kept so far
09:20:13  INFO     [ES] 'EU AI Act' → 77 entries, 197 kept so far
09:20:14  INFO     [IT] 'generative AI' → 100 entries, 308 kept so far
09:20:15  INFO     [DE] 'generative AI' → 100 entries, 266 kept so far
09:20:15  INFO     [PL] 'generative AI' → 100 entries, 155 kept so far
09:20:15  INFO     [FR] 'generative AI' → 100 entries, 266 kept so far
09:20:15  INFO     [ES] 'generative AI' → 100 entries, 239 kept so far
09:20:15  INFO     [IT] +118 new articles saved
09:20:16  INFO     [DE] +131 new articles saved
09:20:16  INFO     [PL] +49 new articles saved
09:20:16  INFO     [FR] +95 new articles saved
09:20:16  INFO     [NL] 'artificial intelligence' → 100 entries, 8 kept so far
09:20:16  INFO     [ES] +87 new articles saved
09:20:16  INFO     [BE] 'artificial intelligence' → 100 entries, 52 kept so far
09:20:16  INFO     [SE] 'artificial intelligence' → 100 entries, 9 kept so far
09:20:16  INFO     [AT] 'artificial intelligence' → 100 entries, 50 kept so far
09:20:17  INFO     [DK] 'artificial intelligence' → 100 entries, 18 kept so far
09:20:18  INFO     [NL] 'AI regulation' → 78 entries, 44 kept so far
09:20:18  INFO     [BE] 'AI regulation' → 100 entries, 143 kept so far
09:20:18  INFO     [SE] 'AI regulation' → 76 entries, 23 kept so far
09:20:18  INFO     [AT] 'AI regulation' → 100 entries, 125 kept so far
09:20:18  INFO     [DK] 'AI regulation' → 34 entries, 23 kept so far
09:20:19  INFO     [NL] 'machine learning' → 100 entries, 101 kept so far
09:20:19  INFO     [SE] 'machine learning' → 68 entries, 41 kept so far
09:20:20  INFO     [BE] 'machine learning' → 100 entries, 202 kept so far
09:20:20  INFO     [AT] 'machine learning' → 100 entries, 166 kept so far
09:20:20  INFO     [DK] 'machine learning' → 77 entries, 42 kept so far
09:20:21  INFO     [NL] 'EU AI Act' → 92 entries, 125 kept so far
09:20:21  INFO     [SE] 'EU AI Act' → 61 entries, 50 kept so far
09:20:21  INFO     [BE] 'EU AI Act' → 82 entries, 233 kept so far
09:20:21  INFO     [AT] 'EU AI Act' → 100 entries, 250 kept so far
09:20:21  INFO     [DK] 'EU AI Act' → 77 entries, 57 kept so far
09:20:22  INFO     [NL] 'generative AI' → 100 entries, 154 kept so far
09:20:22  INFO     [SE] 'generative AI' → 76 entries, 64 kept so far
09:20:23  INFO     [BE] 'generative AI' → 100 entries, 270 kept so far
09:20:23  INFO     [DK] 'generative AI' → 100 entries, 95 kept so far
09:20:23  INFO     [AT] 'generative AI' → 100 entries, 271 kept so far
09:20:23  INFO     [NL] +37 new articles saved
09:20:23  INFO     [SE] +19 new articles saved
09:20:24  INFO     [BE] +17 new articles saved
09:20:24  INFO     [FI] 'artificial intelligence' → 100 entries, 65 kept so far
09:20:24  INFO     [DK] +24 new articles saved
09:20:24  INFO     [PT] 'artificial intelligence' → 100 entries, 57 kept so far
09:20:24  INFO     [AT] +20 new articles saved
09:20:24  INFO     [CZ] 'artificial intelligence' → 100 entries, 18 kept so far
09:20:25  INFO     [HU] 'artificial intelligence' → 100 entries, 19 kept so far
09:20:25  INFO     [RO] 'artificial intelligence' → 100 entries, 42 kept so far
09:20:25  INFO     [FI] 'AI regulation' → 47 entries, 75 kept so far
09:20:26  INFO     [PT] 'AI regulation' → 79 entries, 87 kept so far
09:20:26  INFO     [CZ] 'AI regulation' → 79 entries, 36 kept so far
09:20:26  INFO     [HU] 'AI regulation' → 79 entries, 25 kept so far
09:20:26  INFO     [RO] 'AI regulation' → 74 entries, 49 kept so far
09:20:27  INFO     [FI] 'machine learning' → 88 entries, 114 kept so far
09:20:27  INFO     [PT] 'machine learning' → 100 entries, 157 kept so far
09:20:28  INFO     [CZ] 'machine learning' → 77 entries, 54 kept so far
09:20:28  INFO     [HU] 'machine learning' → 68 entries, 48 kept so far
09:20:28  INFO     [RO] 'machine learning' → 100 entries, 98 kept so far
09:20:29  INFO     [FI] 'EU AI Act' → 61 entries, 144 kept so far
09:20:29  INFO     [PT] 'EU AI Act' → 49 entries, 164 kept so far
09:20:29  INFO     [HU] 'EU AI Act' → 77 entries, 67 kept so far
09:20:29  INFO     [CZ] 'EU AI Act' → 74 entries, 64 kept so far
09:20:29  INFO     [RO] 'EU AI Act' → 78 entries, 110 kept so far
09:20:30  INFO     [FI] 'generative AI' → 65 entries, 175 kept so far
09:20:31  INFO     [PT] 'generative AI' → 100 entries, 201 kept so far
09:20:31  INFO     [HU] 'generative AI' → 77 entries, 95 kept so far
09:20:31  INFO     [CZ] 'generative AI' → 82 entries, 80 kept so far
09:20:31  INFO     [RO] 'generative AI' → 80 entries, 129 kept so far
09:20:31  INFO     [FI] +63 new articles saved
09:20:32  INFO     [PT] +69 new articles saved
09:20:32  INFO     [GR] 'artificial intelligence' → 100 entries, 49 kept so far
09:20:32  INFO     [HU] +42 new articles saved
09:20:32  INFO     [CZ] +30 new articles saved
09:20:32  INFO     [RO] +40 new articles saved
09:20:32  INFO     [HR] 'artificial intelligence' → 100 entries, 59 kept so far
09:20:32  INFO     [SK] 'artificial intelligence' → 100 entries, 26 kept so far
09:20:32  INFO     [BG] 'artificial intelligence' → 66 entries, 31 kept so far
09:20:33  INFO     [IE] 'artificial intelligence' → 100 entries, 57 kept so far
09:20:33  INFO     [GR] 'AI regulation' → 71 entries, 87 kept so far
09:20:34  INFO     [HR] 'AI regulation' → 100 entries, 99 kept so far
09:20:34  INFO     [SK] 'AI regulation' → 15 entries, 29 kept so far
09:20:34  INFO     [BG] 'AI regulation' → 8 entries, 34 kept so far
09:20:34  INFO     [IE] 'AI regulation' → 100 entries, 97 kept so far
09:20:35  INFO     [GR] 'machine learning' → 96 entries, 129 kept so far
09:20:35  INFO     [HR] 'machine learning' → 100 entries, 166 kept so far
09:20:35  INFO     [BG] 'machine learning' → 52 entries, 42 kept so far
09:20:35  INFO     [SK] 'machine learning' → 60 entries, 46 kept so far
09:20:36  INFO     [IE] 'machine learning' → 100 entries, 164 kept so far
09:20:37  INFO     [BG] 'EU AI Act' → 11 entries, 45 kept so far
09:20:37  INFO     [GR] 'EU AI Act' → 65 entries, 145 kept so far
09:20:37  INFO     [SK] 'EU AI Act' → 53 entries, 60 kept so far
09:20:37  INFO     [HR] 'EU AI Act' → 100 entries, 247 kept so far
09:20:38  INFO     [IE] 'EU AI Act' → 100 entries, 245 kept so far
09:20:38  INFO     [BG] 'generative AI' → 34 entries, 50 kept so far
09:20:38  INFO     [GR] 'generative AI' → 100 entries, 186 kept so far
09:20:38  INFO     [SK] 'generative AI' → 46 entries, 70 kept so far
09:20:38  INFO     [HR] 'generative AI' → 100 entries, 313 kept so far
09:20:39  INFO     [BG] +26 new articles saved
09:20:39  INFO     [GR] +81 new articles saved
09:20:39  INFO     [SK] +25 new articles saved
09:20:39  INFO     [HR] +204 new articles saved
09:20:39  INFO     [IE] 'generative AI' → 100 entries, 310 kept so far
09:20:40  INFO     [LT] 'artificial intelligence' → 88 entries, 33 kept so far
09:20:40  INFO     [LV] 'artificial intelligence' → 67 entries, 19 kept so far
09:20:40  INFO     [SI] 'artificial intelligence' → 99 entries, 39 kept so far
09:20:40  INFO     [EE] 'artificial intelligence' → 100 entries, 45 kept so far
09:20:40  INFO     [IE] +66 new articles saved
09:20:41  INFO     [LV] 'AI regulation' → 12 entries, 19 kept so far
09:20:41  INFO     [LT] 'AI regulation' → 10 entries, 35 kept so far
09:20:41  INFO     [SI] 'AI regulation' → 2 entries, 39 kept so far
09:20:41  INFO     [CY] 'artificial intelligence' → 100 entries, 49 kept so far
09:20:41  INFO     [EE] 'AI regulation' → 13 entries, 45 kept so far
09:20:42  INFO     [LV] 'machine learning' → 10 entries, 21 kept so far
09:20:42  INFO     [SI] 'machine learning' → 22 entries, 42 kept so far
09:20:42  INFO     [LT] 'machine learning' → 44 entries, 40 kept so far
09:20:42  INFO     [CY] 'AI regulation' → 71 entries, 87 kept so far
09:20:43  INFO     [EE] 'machine learning' → 35 entries, 47 kept so far
09:20:44  INFO     [LV] 'EU AI Act' → 9 entries, 21 kept so far
09:20:44  INFO     [LT] 'EU AI Act' → 22 entries, 42 kept so far
09:20:44  INFO     [SI] 'EU AI Act' → 21 entries, 48 kept so far
09:20:44  INFO     [CY] 'machine learning' → 96 entries, 129 kept so far
09:20:44  INFO     [EE] 'EU AI Act' → 17 entries, 50 kept so far
09:20:45  INFO     [LV] 'generative AI' → 10 entries, 24 kept so far
09:20:45  INFO     [SI] 'generative AI' → 13 entries, 50 kept so far
09:20:45  INFO     [LT] 'generative AI' → 27 entries, 51 kept so far
09:20:45  INFO     [CY] 'EU AI Act' → 65 entries, 145 kept so far
09:20:46  INFO     [EE] 'generative AI' → 13 entries, 54 kept so far
09:20:46  INFO     [LV] +7 new articles saved
09:20:46  INFO     [SI] +12 new articles saved
09:20:46  INFO     [LT] +17 new articles saved
09:20:46  INFO     [MT] 'artificial intelligence' → 100 entries, 59 kept so far
09:20:46  INFO     [LU] 'artificial intelligence' → 100 entries, 48 kept so far
09:20:47  INFO     [EE] +13 new articles saved
09:20:47  INFO     [CY] 'generative AI' → 100 entries, 186 kept so far
09:20:47  INFO     [MT] 'AI regulation' → 100 entries, 99 kept so far
09:20:48  INFO     [LU] 'AI regulation' → 100 entries, 139 kept so far
09:20:48  INFO     [CY] +1 new articles saved
09:20:48  INFO     [MT] 'machine learning' → 100 entries, 166 kept so far
09:20:49  INFO     [LU] 'machine learning' → 100 entries, 196 kept so far
09:20:50  INFO     [MT] 'EU AI Act' → 100 entries, 247 kept so far
09:20:51  INFO     [MT] 'generative AI' → 100 entries, 313 kept so far
09:20:51  INFO     [LU] 'EU AI Act' → 81 entries, 229 kept so far
09:20:52  INFO     [MT] +0 new articles saved
09:20:53  INFO     [LU] 'generative AI' → 100 entries, 266 kept so far
09:20:54  INFO     [LU] +0 new articles saved
09:20:54  INFO     Scrape complete. 1293 new articles this run.
