08:35:31  INFO     Starting scrape: 27 countries, 5 queries each
/home/runner/work/EU_AI_News/EU_AI_News/eu_ai_news_scraper.py:230: DeprecationWarning: datetime.datetime.utcnow() is deprecated and scheduled for removal in a future version. Use timezone-aware objects to represent datetimes in UTC: datetime.datetime.now(datetime.UTC).
  "scraped_at":   datetime.utcnow().isoformat(),
08:35:32  INFO     [DE] 'artificial intelligence' → 100 entries, 54 kept so far
08:35:32  INFO     [FR] 'artificial intelligence' → 101 entries, 36 kept so far
08:35:32  INFO     [IT] 'artificial intelligence' → 100 entries, 39 kept so far
08:35:32  INFO     [PL] 'artificial intelligence' → 100 entries, 8 kept so far
08:35:32  INFO     [ES] 'artificial intelligence' → 100 entries, 58 kept so far
08:35:33  INFO     [DE] 'AI regulation' → 96 entries, 128 kept so far
08:35:33  INFO     [FR] 'AI regulation' → 100 entries, 126 kept so far
08:35:33  INFO     [IT] 'AI regulation' → 100 entries, 126 kept so far
08:35:34  INFO     [PL] 'AI regulation' → 100 entries, 73 kept so far
08:35:34  INFO     [ES] 'AI regulation' → 76 entries, 94 kept so far
08:35:35  INFO     [DE] 'machine learning' → 100 entries, 176 kept so far
08:35:35  INFO     [IT] 'machine learning' → 100 entries, 194 kept so far
08:35:35  INFO     [FR] 'machine learning' → 100 entries, 181 kept so far
08:35:35  INFO     [PL] 'machine learning' → 100 entries, 111 kept so far
08:35:35  INFO     [ES] 'machine learning' → 100 entries, 170 kept so far
08:35:37  INFO     [IT] 'EU AI Act' → 100 entries, 260 kept so far
08:35:37  INFO     [DE] 'EU AI Act' → 100 entries, 256 kept so far
08:35:37  INFO     [FR] 'EU AI Act' → 76 entries, 210 kept so far
08:35:37  INFO     [PL] 'EU AI Act' → 77 entries, 127 kept so far
08:35:37  INFO     [ES] 'EU AI Act' → 78 entries, 195 kept so far
08:35:38  INFO     [IT] 'generative AI' → 100 entries, 299 kept so far
08:35:38  INFO     [DE] 'generative AI' → 100 entries, 284 kept so far
08:35:38  INFO     [FR] 'generative AI' → 100 entries, 240 kept so far
08:35:39  INFO     [ES] 'generative AI' → 100 entries, 233 kept so far
08:35:39  INFO     [PL] 'generative AI' → 100 entries, 162 kept so far
08:35:39  INFO     [IT] +137 new articles saved
08:35:39  INFO     [DE] +160 new articles saved
08:35:39  INFO     [FR] +84 new articles saved
08:35:40  INFO     [NL] 'artificial intelligence' → 100 entries, 7 kept so far
08:35:40  INFO     [ES] +105 new articles saved
08:35:40  INFO     [PL] +67 new articles saved
08:35:40  INFO     [BE] 'artificial intelligence' → 100 entries, 53 kept so far
08:35:40  INFO     [SE] 'artificial intelligence' → 100 entries, 8 kept so far
08:35:40  INFO     [AT] 'artificial intelligence' → 100 entries, 50 kept so far
08:35:40  INFO     [DK] 'artificial intelligence' → 100 entries, 15 kept so far
08:35:41  INFO     [NL] 'AI regulation' → 78 entries, 43 kept so far
08:35:42  INFO     [SE] 'AI regulation' → 71 entries, 20 kept so far
08:35:42  INFO     [BE] 'AI regulation' → 100 entries, 141 kept so far
08:35:42  INFO     [DK] 'AI regulation' → 30 entries, 19 kept so far
08:35:42  INFO     [AT] 'AI regulation' → 99 entries, 123 kept so far
08:35:43  INFO     [NL] 'machine learning' → 100 entries, 98 kept so far
08:35:43  INFO     [SE] 'machine learning' → 70 entries, 43 kept so far
08:35:43  INFO     [BE] 'machine learning' → 100 entries, 194 kept so far
08:35:43  INFO     [DK] 'machine learning' → 79 entries, 44 kept so far
08:35:43  INFO     [AT] 'machine learning' → 100 entries, 170 kept so far
08:35:44  INFO     [NL] 'EU AI Act' → 100 entries, 128 kept so far
08:35:44  INFO     [SE] 'EU AI Act' → 77 entries, 53 kept so far
08:35:45  INFO     [BE] 'EU AI Act' → 77 entries, 222 kept so far
08:35:45  INFO     [DK] 'EU AI Act' → 75 entries, 61 kept so far
08:35:45  INFO     [AT] 'EU AI Act' → 100 entries, 257 kept so far
08:35:46  INFO     [SE] 'generative AI' → 78 entries, 66 kept so far
08:35:46  INFO     [NL] 'generative AI' → 100 entries, 157 kept so far
08:35:46  INFO     [BE] 'generative AI' → 100 entries, 248 kept so far
08:35:47  INFO     [DK] 'generative AI' → 100 entries, 94 kept so far
08:35:47  INFO     [AT] 'generative AI' → 100 entries, 283 kept so far
08:35:47  INFO     [SE] +25 new articles saved
08:35:47  INFO     [NL] +54 new articles saved
08:35:47  INFO     [BE] +20 new articles saved
08:35:48  INFO     [FI] 'artificial intelligence' → 100 entries, 60 kept so far
08:35:48  INFO     [DK] +25 new articles saved
08:35:48  INFO     [AT] +44 new articles saved
08:35:48  INFO     [PT] 'artificial intelligence' → 100 entries, 67 kept so far
08:35:48  INFO     [CZ] 'artificial intelligence' → 100 entries, 19 kept so far
08:35:48  INFO     [RO] 'artificial intelligence' → 100 entries, 41 kept so far
08:35:48  INFO     [HU] 'artificial intelligence' → 100 entries, 19 kept so far
08:35:49  INFO     [FI] 'AI regulation' → 49 entries, 72 kept so far
08:35:49  INFO     [CZ] 'AI regulation' → 77 entries, 36 kept so far
08:35:49  INFO     [PT] 'AI regulation' → 78 entries, 99 kept so far
08:35:50  INFO     [RO] 'AI regulation' → 77 entries, 50 kept so far
08:35:50  INFO     [HU] 'AI regulation' → 78 entries, 23 kept so far
08:35:51  INFO     [FI] 'machine learning' → 93 entries, 112 kept so far
08:35:51  INFO     [CZ] 'machine learning' → 88 entries, 56 kept so far
08:35:51  INFO     [HU] 'machine learning' → 68 entries, 46 kept so far
08:35:51  INFO     [PT] 'machine learning' → 100 entries, 173 kept so far
08:35:51  INFO     [RO] 'machine learning' → 100 entries, 94 kept so far
08:35:52  INFO     [FI] 'EU AI Act' → 63 entries, 147 kept so far
08:35:52  INFO     [CZ] 'EU AI Act' → 77 entries, 67 kept so far
08:35:53  INFO     [HU] 'EU AI Act' → 77 entries, 67 kept so far
08:35:53  INFO     [PT] 'EU AI Act' → 43 entries, 179 kept so far
08:35:53  INFO     [RO] 'EU AI Act' → 74 entries, 103 kept so far
08:35:54  INFO     [FI] 'generative AI' → 59 entries, 184 kept so far
08:35:54  INFO     [CZ] 'generative AI' → 85 entries, 83 kept so far
08:35:54  INFO     [HU] 'generative AI' → 74 entries, 89 kept so far
08:35:54  INFO     [RO] 'generative AI' → 83 entries, 124 kept so far
08:35:54  INFO     [PT] 'generative AI' → 100 entries, 212 kept so far
08:35:55  INFO     [FI] +80 new articles saved
08:35:55  INFO     [CZ] +40 new articles saved
08:35:55  INFO     [HU] +40 new articles saved
08:35:55  INFO     [GR] 'artificial intelligence' → 100 entries, 47 kept so far
08:35:55  INFO     [SK] 'artificial intelligence' → 100 entries, 21 kept so far
08:35:55  INFO     [RO] +45 new articles saved
08:35:55  INFO     [PT] +93 new articles saved
08:35:56  INFO     [IE] 'artificial intelligence' → 100 entries, 55 kept so far
08:35:56  INFO     [BG] 'artificial intelligence' → 70 entries, 35 kept so far
08:35:56  INFO     [HR] 'artificial intelligence' → 102 entries, 47 kept so far
08:35:57  INFO     [GR] 'AI regulation' → 43 entries, 86 kept so far
08:35:57  INFO     [SK] 'AI regulation' → 22 entries, 24 kept so far
08:35:57  INFO     [BG] 'AI regulation' → 10 entries, 37 kept so far
08:35:58  INFO     [IE] 'AI regulation' → 100 entries, 93 kept so far
08:35:58  INFO     [HR] 'AI regulation' → 100 entries, 89 kept so far
08:35:58  INFO     [SK] 'machine learning' → 57 entries, 37 kept so far
08:35:58  INFO     [GR] 'machine learning' → 84 entries, 119 kept so far
08:35:59  INFO     [BG] 'machine learning' → 50 entries, 44 kept so far
08:35:59  INFO     [HR] 'machine learning' → 100 entries, 162 kept so far
08:35:59  INFO     [IE] 'machine learning' → 100 entries, 166 kept so far
08:36:00  INFO     [SK] 'EU AI Act' → 59 entries, 52 kept so far
08:36:00  INFO     [GR] 'EU AI Act' → 49 entries, 133 kept so far
08:36:00  INFO     [BG] 'EU AI Act' → 8 entries, 47 kept so far
08:36:01  INFO     [HR] 'EU AI Act' → 100 entries, 241 kept so far
08:36:01  INFO     [IE] 'EU AI Act' → 100 entries, 240 kept so far
08:36:01  INFO     [SK] 'generative AI' → 51 entries, 60 kept so far
08:36:01  INFO     [BG] 'generative AI' → 26 entries, 53 kept so far
08:36:01  INFO     [GR] 'generative AI' → 100 entries, 174 kept so far
08:36:02  INFO     [SK] +22 new articles saved
08:36:02  INFO     [HR] 'generative AI' → 100 entries, 304 kept so far
08:36:02  INFO     [BG] +28 new articles saved
08:36:02  INFO     [GR] +94 new articles saved
08:36:03  INFO     [LT] 'artificial intelligence' → 87 entries, 32 kept so far
08:36:03  INFO     [IE] 'generative AI' → 100 entries, 304 kept so far
08:36:03  INFO     [LV] 'artificial intelligence' → 69 entries, 24 kept so far
08:36:03  INFO     [SI] 'artificial intelligence' → 95 entries, 45 kept so far
08:36:03  INFO     [HR] +211 new articles saved
08:36:04  INFO     [IE] +78 new articles saved
08:36:04  INFO     [EE] 'artificial intelligence' → 100 entries, 46 kept so far
08:36:04  INFO     [LT] 'AI regulation' → 9 entries, 32 kept so far
08:36:04  INFO     [SI] 'AI regulation' → 2 entries, 45 kept so far
08:36:04  INFO     [LV] 'AI regulation' → 8 entries, 24 kept so far
08:36:05  INFO     [CY] 'artificial intelligence' → 100 entries, 47 kept so far
08:36:05  INFO     [EE] 'AI regulation' → 6 entries, 47 kept so far
08:36:05  INFO     [LT] 'machine learning' → 37 entries, 37 kept so far
08:36:06  INFO     [SI] 'machine learning' → 24 entries, 47 kept so far
08:36:06  INFO     [LV] 'machine learning' → 9 entries, 26 kept so far
08:36:06  INFO     [CY] 'AI regulation' → 43 entries, 86 kept so far
08:36:07  INFO     [EE] 'machine learning' → 16 entries, 50 kept so far
08:36:07  INFO     [LT] 'EU AI Act' → 19 entries, 38 kept so far
08:36:07  INFO     [LV] 'EU AI Act' → 9 entries, 26 kept so far
08:36:07  INFO     [SI] 'EU AI Act' → 23 entries, 51 kept so far
08:36:07  INFO     [CY] 'machine learning' → 84 entries, 119 kept so far
08:36:08  INFO     [LT] 'generative AI' → 26 entries, 44 kept so far
08:36:08  INFO     [EE] 'EU AI Act' → 17 entries, 52 kept so far
08:36:08  INFO     [LV] 'generative AI' → 9 entries, 28 kept so far
08:36:08  INFO     [SI] 'generative AI' → 13 entries, 54 kept so far
08:36:09  INFO     [CY] 'EU AI Act' → 49 entries, 133 kept so far
08:36:09  INFO     [LT] +14 new articles saved
08:36:09  INFO     [LV] +10 new articles saved
08:36:09  INFO     [SI] +16 new articles saved
08:36:09  INFO     [MT] 'artificial intelligence' → 102 entries, 47 kept so far
08:36:10  INFO     [EE] 'generative AI' → 10 entries, 54 kept so far
08:36:10  INFO     [LU] 'artificial intelligence' → 101 entries, 36 kept so far
08:36:10  INFO     [CY] 'generative AI' → 100 entries, 174 kept so far
08:36:11  INFO     [EE] +17 new articles saved
08:36:11  INFO     [MT] 'AI regulation' → 100 entries, 89 kept so far
08:36:11  INFO     [LU] 'AI regulation' → 100 entries, 126 kept so far
08:36:11  INFO     [CY] +0 new articles saved
08:36:12  INFO     [MT] 'machine learning' → 100 entries, 162 kept so far
08:36:13  INFO     [LU] 'machine learning' → 100 entries, 181 kept so far
08:36:13  INFO     [MT] 'EU AI Act' → 100 entries, 241 kept so far
08:36:14  INFO     [LU] 'EU AI Act' → 76 entries, 210 kept so far
08:36:14  INFO     [MT] 'generative AI' → 100 entries, 304 kept so far
08:36:15  INFO     [MT] +0 new articles saved
08:36:16  INFO     [LU] 'generative AI' → 100 entries, 240 kept so far
08:36:17  INFO     [LU] +0 new articles saved
08:36:17  INFO     Scrape complete. 1509 new articles this run.
