03:50:22  INFO     Starting scrape: 27 countries, 5 queries each
/home/runner/work/EU_AI_News/EU_AI_News/eu_ai_news_scraper.py:230: DeprecationWarning: datetime.datetime.utcnow() is deprecated and scheduled for removal in a future version. Use timezone-aware objects to represent datetimes in UTC: datetime.datetime.now(datetime.UTC).
  "scraped_at":   datetime.utcnow().isoformat(),
03:50:23  INFO     [DE] 'artificial intelligence' → 100 entries, 49 kept so far
03:50:23  INFO     [PL] 'artificial intelligence' → 100 entries, 14 kept so far
03:50:23  INFO     [IT] 'artificial intelligence' → 100 entries, 49 kept so far
03:50:23  INFO     [ES] 'artificial intelligence' → 100 entries, 65 kept so far
03:50:24  INFO     [DE] 'AI regulation' → 100 entries, 125 kept so far
03:50:24  INFO     [PL] 'AI regulation' → 78 entries, 66 kept so far
03:50:25  INFO     [IT] 'AI regulation' → 100 entries, 139 kept so far
03:50:25  INFO     [FR] 'artificial intelligence' → 100 entries, 51 kept so far
03:50:25  INFO     [ES] 'AI regulation' → 79 entries, 104 kept so far
03:50:26  INFO     [DE] 'machine learning' → 100 entries, 168 kept so far
03:50:26  INFO     [PL] 'machine learning' → 100 entries, 106 kept so far
03:50:26  INFO     [IT] 'machine learning' → 100 entries, 210 kept so far
03:50:26  INFO     [FR] 'AI regulation' → 100 entries, 141 kept so far
03:50:26  INFO     [ES] 'machine learning' → 100 entries, 177 kept so far
03:50:27  INFO     [DE] 'EU AI Act' → 100 entries, 249 kept so far
03:50:28  INFO     [PL] 'EU AI Act' → 76 entries, 116 kept so far
03:50:28  INFO     [IT] 'EU AI Act' → 100 entries, 273 kept so far
03:50:28  INFO     [FR] 'machine learning' → 100 entries, 199 kept so far
03:50:28  INFO     [ES] 'EU AI Act' → 78 entries, 197 kept so far
03:50:29  INFO     [DE] 'generative AI' → 100 entries, 273 kept so far
03:50:29  INFO     [PL] 'generative AI' → 100 entries, 149 kept so far
03:50:29  INFO     [IT] 'generative AI' → 100 entries, 320 kept so far
03:50:30  INFO     [FR] 'EU AI Act' → 83 entries, 236 kept so far
03:50:30  INFO     [ES] 'generative AI' → 100 entries, 240 kept so far
03:50:30  INFO     [DE] +146 new articles saved
03:50:30  INFO     [PL] +50 new articles saved
03:50:30  INFO     [IT] +131 new articles saved
03:50:31  INFO     [NL] 'artificial intelligence' → 100 entries, 11 kept so far
03:50:31  INFO     [BE] 'artificial intelligence' → 100 entries, 55 kept so far
03:50:31  INFO     [ES] +90 new articles saved
03:50:31  INFO     [SE] 'artificial intelligence' → 100 entries, 9 kept so far
03:50:31  INFO     [FR] 'generative AI' → 100 entries, 273 kept so far
03:50:32  INFO     [AT] 'artificial intelligence' → 100 entries, 48 kept so far
03:50:32  INFO     [FR] +93 new articles saved
03:50:32  INFO     [NL] 'AI regulation' → 78 entries, 43 kept so far
03:50:33  INFO     [BE] 'AI regulation' → 100 entries, 144 kept so far
03:50:33  INFO     [SE] 'AI regulation' → 78 entries, 25 kept so far
03:50:33  INFO     [DK] 'artificial intelligence' → 100 entries, 17 kept so far
03:50:33  INFO     [AT] 'AI regulation' → 100 entries, 125 kept so far
03:50:34  INFO     [NL] 'machine learning' → 100 entries, 100 kept so far
03:50:34  INFO     [SE] 'machine learning' → 73 entries, 45 kept so far
03:50:34  INFO     [DK] 'AI regulation' → 35 entries, 23 kept so far
03:50:35  INFO     [BE] 'machine learning' → 100 entries, 202 kept so far
03:50:35  INFO     [AT] 'machine learning' → 100 entries, 168 kept so far
03:50:36  INFO     [NL] 'EU AI Act' → 79 entries, 122 kept so far
03:50:36  INFO     [SE] 'EU AI Act' → 63 entries, 52 kept so far
03:50:36  INFO     [DK] 'machine learning' → 77 entries, 43 kept so far
03:50:36  INFO     [BE] 'EU AI Act' → 83 entries, 236 kept so far
03:50:37  INFO     [AT] 'EU AI Act' → 100 entries, 252 kept so far
03:50:37  INFO     [NL] 'generative AI' → 100 entries, 152 kept so far
03:50:37  INFO     [SE] 'generative AI' → 73 entries, 66 kept so far
03:50:38  INFO     [DK] 'EU AI Act' → 75 entries, 58 kept so far
03:50:38  INFO     [BE] 'generative AI' → 100 entries, 275 kept so far
03:50:38  INFO     [AT] 'generative AI' → 100 entries, 278 kept so far
03:50:38  INFO     [NL] +43 new articles saved
03:50:38  INFO     [SE] +21 new articles saved
03:50:39  INFO     [BE] +19 new articles saved
03:50:39  INFO     [FI] 'artificial intelligence' → 100 entries, 63 kept so far
03:50:39  INFO     [PT] 'artificial intelligence' → 100 entries, 61 kept so far
03:50:39  INFO     [CZ] 'artificial intelligence' → 100 entries, 25 kept so far
03:50:39  INFO     [DK] 'generative AI' → 100 entries, 97 kept so far
03:50:39  INFO     [AT] +15 new articles saved
03:50:40  INFO     [RO] 'artificial intelligence' → 100 entries, 37 kept so far
03:50:40  INFO     [DK] +24 new articles saved
03:50:41  INFO     [FI] 'AI regulation' → 51 entries, 74 kept so far
03:50:41  INFO     [HU] 'artificial intelligence' → 100 entries, 14 kept so far
03:50:41  INFO     [PT] 'AI regulation' → 79 entries, 94 kept so far
03:50:41  INFO     [CZ] 'AI regulation' → 78 entries, 40 kept so far
03:50:42  INFO     [RO] 'AI regulation' → 76 entries, 45 kept so far
03:50:42  INFO     [HU] 'AI regulation' → 79 entries, 20 kept so far
03:50:43  INFO     [FI] 'machine learning' → 86 entries, 110 kept so far
03:50:43  INFO     [CZ] 'machine learning' → 77 entries, 55 kept so far
03:50:44  INFO     [RO] 'machine learning' → 100 entries, 91 kept so far
03:50:44  INFO     [PT] 'machine learning' → 100 entries, 166 kept so far
03:50:44  INFO     [HU] 'machine learning' → 63 entries, 43 kept so far
03:50:44  INFO     [FI] 'EU AI Act' → 58 entries, 140 kept so far
03:50:44  INFO     [CZ] 'EU AI Act' → 74 entries, 64 kept so far
03:50:45  INFO     [RO] 'EU AI Act' → 75 entries, 103 kept so far
03:50:45  INFO     [PT] 'EU AI Act' → 50 entries, 171 kept so far
03:50:46  INFO     [HU] 'EU AI Act' → 77 entries, 62 kept so far
03:50:46  INFO     [FI] 'generative AI' → 67 entries, 172 kept so far
03:50:46  INFO     [CZ] 'generative AI' → 81 entries, 79 kept so far
03:50:46  INFO     [RO] 'generative AI' → 77 entries, 121 kept so far
03:50:47  INFO     [FI] +57 new articles saved
03:50:47  INFO     [PT] 'generative AI' → 100 entries, 212 kept so far
03:50:47  INFO     [CZ] +33 new articles saved
03:50:47  INFO     [HU] 'generative AI' → 72 entries, 88 kept so far
03:50:47  INFO     [RO] +40 new articles saved
03:50:48  INFO     [GR] 'artificial intelligence' → 100 entries, 45 kept so far
03:50:48  INFO     [SK] 'artificial intelligence' → 100 entries, 28 kept so far
03:50:48  INFO     [PT] +88 new articles saved
03:50:48  INFO     [HU] +38 new articles saved
03:50:49  INFO     [IE] 'artificial intelligence' → 100 entries, 60 kept so far
03:50:49  INFO     [HR] 'artificial intelligence' → 101 entries, 53 kept so far
03:50:49  INFO     [BG] 'artificial intelligence' → 71 entries, 28 kept so far
03:50:49  INFO     [SK] 'AI regulation' → 15 entries, 30 kept so far
03:50:49  INFO     [GR] 'AI regulation' → 69 entries, 80 kept so far
03:50:50  INFO     [BG] 'AI regulation' → 6 entries, 29 kept so far
03:50:50  INFO     [IE] 'AI regulation' → 100 entries, 99 kept so far
03:50:51  INFO     [HR] 'AI regulation' → 100 entries, 87 kept so far
03:50:51  INFO     [SK] 'machine learning' → 59 entries, 48 kept so far
03:50:51  INFO     [GR] 'machine learning' → 87 entries, 116 kept so far
03:50:52  INFO     [BG] 'machine learning' → 50 entries, 37 kept so far
03:50:52  INFO     [SK] 'EU AI Act' → 51 entries, 60 kept so far
03:50:52  INFO     [HR] 'machine learning' → 100 entries, 150 kept so far
03:50:52  INFO     [IE] 'machine learning' → 100 entries, 162 kept so far
03:50:53  INFO     [BG] 'EU AI Act' → 9 entries, 40 kept so far
03:50:54  INFO     [SK] 'generative AI' → 44 entries, 70 kept so far
03:50:54  INFO     [HR] 'EU AI Act' → 100 entries, 231 kept so far
03:50:54  INFO     [IE] 'EU AI Act' → 100 entries, 239 kept so far
03:50:54  INFO     [BG] 'generative AI' → 33 entries, 44 kept so far
03:50:55  INFO     [SK] +24 new articles saved
03:50:55  INFO     [LT] 'artificial intelligence' → 89 entries, 33 kept so far
03:50:55  INFO     [BG] +20 new articles saved
03:50:56  INFO     [HR] 'generative AI' → 100 entries, 301 kept so far
03:50:56  INFO     [SI] 'artificial intelligence' → 98 entries, 40 kept so far
03:50:56  INFO     [IE] 'generative AI' → 100 entries, 304 kept so far
03:50:56  INFO     [GR] 'EU AI Act' → 63 entries, 134 kept so far
03:50:57  INFO     [HR] +198 new articles saved
03:50:57  INFO     [LT] 'AI regulation' → 13 entries, 35 kept so far
03:50:57  INFO     [IE] +73 new articles saved
03:50:57  INFO     [LV] 'artificial intelligence' → 66 entries, 22 kept so far
03:50:57  INFO     [SI] 'AI regulation' → 2 entries, 40 kept so far
03:50:58  INFO     [EE] 'artificial intelligence' → 100 entries, 48 kept so far
03:50:58  INFO     [GR] 'generative AI' → 100 entries, 174 kept so far
03:50:58  INFO     [LT] 'machine learning' → 55 entries, 40 kept so far
03:50:58  INFO     [LV] 'AI regulation' → 8 entries, 22 kept so far
03:50:59  INFO     [GR] +81 new articles saved
03:50:59  INFO     [SI] 'machine learning' → 25 entries, 43 kept so far
03:50:59  INFO     [EE] 'AI regulation' → 11 entries, 48 kept so far
03:50:59  INFO     [CY] 'artificial intelligence' → 100 entries, 45 kept so far
03:51:00  INFO     [LT] 'EU AI Act' → 19 entries, 41 kept so far
03:51:00  INFO     [LV] 'machine learning' → 9 entries, 24 kept so far
03:51:00  INFO     [SI] 'EU AI Act' → 27 entries, 49 kept so far
03:51:00  INFO     [EE] 'machine learning' → 22 entries, 50 kept so far
03:51:01  INFO     [CY] 'AI regulation' → 69 entries, 80 kept so far
03:51:01  INFO     [LT] 'generative AI' → 24 entries, 49 kept so far
03:51:01  INFO     [LV] 'EU AI Act' → 7 entries, 24 kept so far
03:51:01  INFO     [SI] 'generative AI' → 12 entries, 51 kept so far
03:51:02  INFO     [LT] +20 new articles saved
03:51:02  INFO     [EE] 'EU AI Act' → 13 entries, 53 kept so far
03:51:02  INFO     [CY] 'machine learning' → 87 entries, 116 kept so far
03:51:02  INFO     [LV] 'generative AI' → 8 entries, 27 kept so far
03:51:02  INFO     [SI] +13 new articles saved
03:51:03  INFO     [LU] 'artificial intelligence' → 100 entries, 51 kept so far
03:51:03  INFO     [MT] 'artificial intelligence' → 101 entries, 53 kept so far
03:51:03  INFO     [LV] +8 new articles saved
03:51:03  INFO     [EE] 'generative AI' → 11 entries, 56 kept so far
03:51:04  INFO     [CY] 'EU AI Act' → 63 entries, 134 kept so far
03:51:04  INFO     [LU] 'AI regulation' → 100 entries, 141 kept so far
03:51:04  INFO     [EE] +15 new articles saved
03:51:05  INFO     [MT] 'AI regulation' → 100 entries, 87 kept so far
03:51:05  INFO     [CY] 'generative AI' → 100 entries, 174 kept so far
03:51:06  INFO     [LU] 'machine learning' → 100 entries, 197 kept so far
03:51:06  INFO     [MT] 'machine learning' → 100 entries, 150 kept so far
03:51:06  INFO     [CY] +0 new articles saved
03:51:07  INFO     [LU] 'EU AI Act' → 83 entries, 234 kept so far
03:51:08  INFO     [MT] 'EU AI Act' → 100 entries, 231 kept so far
03:51:09  INFO     [MT] 'generative AI' → 100 entries, 301 kept so far
03:51:09  INFO     [LU] 'generative AI' → 100 entries, 271 kept so far
03:51:10  INFO     [MT] +0 new articles saved
03:51:10  INFO     [LU] +0 new articles saved
03:51:10  INFO     Scrape complete. 1340 new articles this run.
