08:25:24  INFO     Starting scrape: 27 countries, 5 queries each
/home/runner/work/EU_AI_News/EU_AI_News/eu_ai_news_scraper.py:230: DeprecationWarning: datetime.datetime.utcnow() is deprecated and scheduled for removal in a future version. Use timezone-aware objects to represent datetimes in UTC: datetime.datetime.now(datetime.UTC).
  "scraped_at":   datetime.utcnow().isoformat(),
08:25:25  INFO     [DE] 'artificial intelligence' → 100 entries, 43 kept so far
08:25:25  INFO     [PL] 'artificial intelligence' → 100 entries, 13 kept so far
08:25:25  INFO     [IT] 'artificial intelligence' → 100 entries, 34 kept so far
08:25:25  INFO     [FR] 'artificial intelligence' → 100 entries, 40 kept so far
08:25:25  INFO     [ES] 'artificial intelligence' → 100 entries, 65 kept so far
08:25:26  INFO     [DE] 'AI regulation' → 100 entries, 91 kept so far
08:25:26  INFO     [PL] 'AI regulation' → 100 entries, 78 kept so far
08:25:27  INFO     [IT] 'AI regulation' → 100 entries, 99 kept so far
08:25:27  INFO     [ES] 'AI regulation' → 77 entries, 87 kept so far
08:25:27  INFO     [FR] 'AI regulation' → 100 entries, 103 kept so far
08:25:28  INFO     [PL] 'machine learning' → 100 entries, 116 kept so far
08:25:28  INFO     [DE] 'machine learning' → 100 entries, 138 kept so far
08:25:28  INFO     [IT] 'machine learning' → 100 entries, 175 kept so far
08:25:28  INFO     [FR] 'machine learning' → 100 entries, 158 kept so far
08:25:28  INFO     [ES] 'machine learning' → 100 entries, 163 kept so far
08:25:29  INFO     [PL] 'EU AI Act' → 76 entries, 128 kept so far
08:25:29  INFO     [DE] 'EU AI Act' → 100 entries, 221 kept so far
08:25:30  INFO     [IT] 'EU AI Act' → 100 entries, 246 kept so far
08:25:30  INFO     [FR] 'EU AI Act' → 78 entries, 206 kept so far
08:25:30  INFO     [ES] 'EU AI Act' → 77 entries, 202 kept so far
08:25:31  INFO     [PL] 'generative AI' → 100 entries, 161 kept so far
08:25:31  INFO     [DE] 'generative AI' → 100 entries, 241 kept so far
08:25:31  INFO     [IT] 'generative AI' → 100 entries, 284 kept so far
08:25:31  INFO     [FR] 'generative AI' → 100 entries, 235 kept so far
08:25:32  INFO     [ES] 'generative AI' → 100 entries, 239 kept so far
08:25:32  INFO     [PL] +66 new articles saved
08:25:32  INFO     [DE] +160 new articles saved
08:25:32  INFO     [NL] 'artificial intelligence' → 100 entries, 6 kept so far
08:25:32  INFO     [IT] +136 new articles saved
08:25:32  INFO     [FR] +97 new articles saved
08:25:33  INFO     [BE] 'artificial intelligence' → 100 entries, 55 kept so far
08:25:33  INFO     [ES] +109 new articles saved
08:25:33  INFO     [SE] 'artificial intelligence' → 100 entries, 11 kept so far
08:25:33  INFO     [AT] 'artificial intelligence' → 100 entries, 40 kept so far
08:25:33  INFO     [DK] 'artificial intelligence' → 100 entries, 16 kept so far
08:25:34  INFO     [NL] 'AI regulation' → 78 entries, 41 kept so far
08:25:34  INFO     [BE] 'AI regulation' → 100 entries, 115 kept so far
08:25:34  INFO     [SE] 'AI regulation' → 73 entries, 24 kept so far
08:25:34  INFO     [AT] 'AI regulation' → 64 entries, 78 kept so far
08:25:35  INFO     [DK] 'AI regulation' → 29 entries, 18 kept so far
08:25:35  INFO     [NL] 'machine learning' → 100 entries, 98 kept so far
08:25:36  INFO     [SE] 'machine learning' → 70 entries, 47 kept so far
08:25:36  INFO     [BE] 'machine learning' → 100 entries, 169 kept so far
08:25:36  INFO     [AT] 'machine learning' → 100 entries, 122 kept so far
08:25:36  INFO     [DK] 'machine learning' → 80 entries, 42 kept so far
08:25:37  INFO     [NL] 'EU AI Act' → 100 entries, 127 kept so far
08:25:37  INFO     [SE] 'EU AI Act' → 77 entries, 56 kept so far
08:25:37  INFO     [BE] 'EU AI Act' → 79 entries, 217 kept so far
08:25:37  INFO     [AT] 'EU AI Act' → 100 entries, 210 kept so far
08:25:38  INFO     [DK] 'EU AI Act' → 76 entries, 61 kept so far
08:25:38  INFO     [NL] 'generative AI' → 100 entries, 155 kept so far
08:25:38  INFO     [SE] 'generative AI' → 75 entries, 70 kept so far
08:25:39  INFO     [BE] 'generative AI' → 100 entries, 243 kept so far
08:25:39  INFO     [AT] 'generative AI' → 100 entries, 231 kept so far
08:25:39  INFO     [DK] 'generative AI' → 100 entries, 95 kept so far
08:25:39  INFO     [NL] +48 new articles saved
08:25:39  INFO     [SE] +28 new articles saved
08:25:40  INFO     [FI] 'artificial intelligence' → 100 entries, 58 kept so far
08:25:40  INFO     [BE] +23 new articles saved
08:25:40  INFO     [PT] 'artificial intelligence' → 100 entries, 58 kept so far
08:25:40  INFO     [AT] +39 new articles saved
08:25:40  INFO     [DK] +23 new articles saved
08:25:40  INFO     [CZ] 'artificial intelligence' → 100 entries, 18 kept so far
08:25:41  INFO     [RO] 'artificial intelligence' → 100 entries, 40 kept so far
08:25:41  INFO     [HU] 'artificial intelligence' → 100 entries, 19 kept so far
08:25:41  INFO     [FI] 'AI regulation' → 44 entries, 69 kept so far
08:25:42  INFO     [PT] 'AI regulation' → 78 entries, 91 kept so far
08:25:42  INFO     [CZ] 'AI regulation' → 75 entries, 42 kept so far
08:25:42  INFO     [RO] 'AI regulation' → 12 entries, 42 kept so far
08:25:42  INFO     [HU] 'AI regulation' → 79 entries, 21 kept so far
08:25:43  INFO     [FI] 'machine learning' → 91 entries, 104 kept so far
08:25:43  INFO     [PT] 'machine learning' → 100 entries, 166 kept so far
08:25:43  INFO     [CZ] 'machine learning' → 82 entries, 63 kept so far
08:25:43  INFO     [RO] 'machine learning' → 100 entries, 94 kept so far
08:25:44  INFO     [HU] 'machine learning' → 66 entries, 47 kept so far
08:25:44  INFO     [FI] 'EU AI Act' → 70 entries, 140 kept so far
08:25:45  INFO     [PT] 'EU AI Act' → 47 entries, 174 kept so far
08:25:45  INFO     [CZ] 'EU AI Act' → 77 entries, 78 kept so far
08:25:45  INFO     [RO] 'EU AI Act' → 78 entries, 108 kept so far
08:25:45  INFO     [HU] 'EU AI Act' → 77 entries, 69 kept so far
08:25:46  INFO     [FI] 'generative AI' → 64 entries, 177 kept so far
08:25:46  INFO     [PT] 'generative AI' → 100 entries, 207 kept so far
08:25:46  INFO     [CZ] 'generative AI' → 87 entries, 95 kept so far
08:25:46  INFO     [RO] 'generative AI' → 80 entries, 130 kept so far
08:25:46  INFO     [HU] 'generative AI' → 72 entries, 91 kept so far
08:25:47  INFO     [FI] +72 new articles saved
08:25:47  INFO     [GR] 'artificial intelligence' → 100 entries, 48 kept so far
08:25:47  INFO     [PT] +94 new articles saved
08:25:47  INFO     [CZ] +52 new articles saved
08:25:47  INFO     [RO] +48 new articles saved
08:25:47  INFO     [HU] +40 new articles saved
08:25:48  INFO     [SK] 'artificial intelligence' → 100 entries, 21 kept so far
08:25:48  INFO     [HR] 'artificial intelligence' → 102 entries, 71 kept so far
08:25:48  INFO     [BG] 'artificial intelligence' → 66 entries, 32 kept so far
08:25:48  INFO     [IE] 'artificial intelligence' → 100 entries, 69 kept so far
08:25:49  INFO     [GR] 'AI regulation' → 44 entries, 88 kept so far
08:25:49  INFO     [SK] 'AI regulation' → 19 entries, 22 kept so far
08:25:49  INFO     [BG] 'AI regulation' → 5 entries, 34 kept so far
08:25:49  INFO     [HR] 'AI regulation' → 100 entries, 101 kept so far
08:25:50  INFO     [IE] 'AI regulation' → 100 entries, 105 kept so far
08:25:50  INFO     [GR] 'machine learning' → 89 entries, 123 kept so far
08:25:51  INFO     [SK] 'machine learning' → 58 entries, 35 kept so far
08:25:51  INFO     [BG] 'machine learning' → 51 entries, 43 kept so far
08:25:51  INFO     [HR] 'machine learning' → 100 entries, 180 kept so far
08:25:51  INFO     [IE] 'machine learning' → 100 entries, 188 kept so far
08:25:52  INFO     [GR] 'EU AI Act' → 61 entries, 143 kept so far
08:25:52  INFO     [BG] 'EU AI Act' → 8 entries, 46 kept so far
08:25:52  INFO     [SK] 'EU AI Act' → 61 entries, 49 kept so far
08:25:52  INFO     [HR] 'EU AI Act' → 100 entries, 261 kept so far
08:25:53  INFO     [IE] 'EU AI Act' → 100 entries, 267 kept so far
08:25:53  INFO     [GR] 'generative AI' → 100 entries, 188 kept so far
08:25:53  INFO     [BG] 'generative AI' → 30 entries, 52 kept so far
08:25:53  INFO     [SK] 'generative AI' → 51 entries, 58 kept so far
08:25:54  INFO     [GR] +103 new articles saved
08:25:54  INFO     [HR] 'generative AI' → 102 entries, 330 kept so far
08:25:54  INFO     [BG] +26 new articles saved
08:25:54  INFO     [IE] 'generative AI' → 100 entries, 337 kept so far
08:25:55  INFO     [LT] 'artificial intelligence' → 93 entries, 35 kept so far
08:25:55  INFO     [SK] +21 new articles saved
08:25:55  INFO     [SI] 'artificial intelligence' → 100 entries, 47 kept so far
08:25:55  INFO     [LV] 'artificial intelligence' → 72 entries, 21 kept so far
08:25:55  INFO     [HR] +248 new articles saved
08:25:55  INFO     [IE] +87 new articles saved
08:25:56  INFO     [EE] 'artificial intelligence' → 100 entries, 44 kept so far
08:25:56  INFO     [LT] 'AI regulation' → 11 entries, 36 kept so far
08:25:56  INFO     [CY] 'artificial intelligence' → 100 entries, 48 kept so far
08:25:56  INFO     [SI] 'AI regulation' → 3 entries, 48 kept so far
08:25:56  INFO     [LV] 'AI regulation' → 4 entries, 21 kept so far
08:25:57  INFO     [EE] 'AI regulation' → 7 entries, 44 kept so far
08:25:57  INFO     [LT] 'machine learning' → 43 entries, 42 kept so far
08:25:57  INFO     [CY] 'AI regulation' → 44 entries, 88 kept so far
08:25:57  INFO     [LV] 'machine learning' → 11 entries, 23 kept so far
08:25:57  INFO     [SI] 'machine learning' → 24 entries, 51 kept so far
08:25:58  INFO     [EE] 'machine learning' → 28 entries, 47 kept so far
08:25:58  INFO     [LT] 'EU AI Act' → 18 entries, 43 kept so far
08:25:59  INFO     [CY] 'machine learning' → 89 entries, 123 kept so far
08:25:59  INFO     [LV] 'EU AI Act' → 8 entries, 23 kept so far
08:25:59  INFO     [SI] 'EU AI Act' → 23 entries, 55 kept so far
08:26:00  INFO     [EE] 'EU AI Act' → 17 entries, 49 kept so far
08:26:00  INFO     [LT] 'generative AI' → 27 entries, 49 kept so far
08:26:00  INFO     [LV] 'generative AI' → 8 entries, 25 kept so far
08:26:00  INFO     [CY] 'EU AI Act' → 61 entries, 143 kept so far
08:26:00  INFO     [SI] 'generative AI' → 15 entries, 57 kept so far
08:26:01  INFO     [LT] +19 new articles saved
08:26:01  INFO     [LV] +9 new articles saved
08:26:01  INFO     [EE] 'generative AI' → 10 entries, 52 kept so far
08:26:01  INFO     [MT] 'artificial intelligence' → 102 entries, 71 kept so far
08:26:01  INFO     [SI] +17 new articles saved
08:26:01  INFO     [LU] 'artificial intelligence' → 100 entries, 40 kept so far
08:26:01  INFO     [CY] 'generative AI' → 100 entries, 188 kept so far
08:26:02  INFO     [EE] +15 new articles saved
08:26:02  INFO     [MT] 'AI regulation' → 100 entries, 101 kept so far
08:26:02  INFO     [CY] +0 new articles saved
08:26:03  INFO     [LU] 'AI regulation' → 100 entries, 103 kept so far
08:26:03  INFO     [MT] 'machine learning' → 100 entries, 180 kept so far
08:26:04  INFO     [LU] 'machine learning' → 100 entries, 158 kept so far
08:26:04  INFO     [MT] 'EU AI Act' → 100 entries, 261 kept so far
08:26:06  INFO     [LU] 'EU AI Act' → 78 entries, 206 kept so far
08:26:06  INFO     [MT] 'generative AI' → 102 entries, 330 kept so far
08:26:07  INFO     [MT] +0 new articles saved
08:26:07  INFO     [LU] 'generative AI' → 100 entries, 235 kept so far
08:26:08  INFO     [LU] +0 new articles saved
08:26:08  INFO     Scrape complete. 1580 new articles this run.
