20:06:52  INFO     Starting scrape: 27 countries, 5 queries each
/home/runner/work/EU_AI_News/EU_AI_News/eu_ai_news_scraper.py:230: DeprecationWarning: datetime.datetime.utcnow() is deprecated and scheduled for removal in a future version. Use timezone-aware objects to represent datetimes in UTC: datetime.datetime.now(datetime.UTC).
  "scraped_at":   datetime.utcnow().isoformat(),
20:06:53  INFO     [FR] 'artificial intelligence' → 100 entries, 46 kept so far
20:06:53  INFO     [IT] 'artificial intelligence' → 100 entries, 26 kept so far
20:06:53  INFO     [PL] 'artificial intelligence' → 100 entries, 23 kept so far
20:06:53  INFO     [DE] 'artificial intelligence' → 100 entries, 48 kept so far
20:06:53  INFO     [ES] 'artificial intelligence' → 100 entries, 63 kept so far
20:06:55  INFO     [FR] 'AI regulation' → 100 entries, 126 kept so far
20:06:55  INFO     [PL] 'AI regulation' → 79 entries, 85 kept so far
20:06:55  INFO     [IT] 'AI regulation' → 100 entries, 114 kept so far
20:06:55  INFO     [ES] 'AI regulation' → 81 entries, 115 kept so far
20:06:55  INFO     [DE] 'AI regulation' → 100 entries, 125 kept so far
20:06:56  INFO     [FR] 'machine learning' → 100 entries, 180 kept so far
20:06:56  INFO     [PL] 'machine learning' → 100 entries, 120 kept so far
20:06:56  INFO     [IT] 'machine learning' → 100 entries, 189 kept so far
20:06:57  INFO     [ES] 'machine learning' → 100 entries, 190 kept so far
20:06:57  INFO     [DE] 'machine learning' → 100 entries, 169 kept so far
20:06:58  INFO     [FR] 'EU AI Act' → 78 entries, 225 kept so far
20:06:58  INFO     [PL] 'EU AI Act' → 76 entries, 138 kept so far
20:06:58  INFO     [IT] 'EU AI Act' → 100 entries, 270 kept so far
20:06:58  INFO     [DE] 'EU AI Act' → 100 entries, 237 kept so far
20:06:58  INFO     [ES] 'EU AI Act' → 78 entries, 212 kept so far
20:06:59  INFO     [FR] 'generative AI' → 100 entries, 261 kept so far
20:06:59  INFO     [PL] 'generative AI' → 100 entries, 168 kept so far
20:07:00  INFO     [DE] 'generative AI' → 100 entries, 259 kept so far
20:07:00  INFO     [IT] 'generative AI' → 100 entries, 316 kept so far
20:07:00  INFO     [ES] 'generative AI' → 100 entries, 255 kept so far
20:07:00  INFO     [FR] +101 new articles saved
20:07:00  INFO     [PL] +77 new articles saved
20:07:01  INFO     [DE] +147 new articles saved
20:07:01  INFO     [NL] 'artificial intelligence' → 100 entries, 12 kept so far
20:07:01  INFO     [IT] +119 new articles saved
20:07:01  INFO     [ES] +98 new articles saved
20:07:01  INFO     [BE] 'artificial intelligence' → 100 entries, 49 kept so far
20:07:01  INFO     [SE] 'artificial intelligence' → 100 entries, 11 kept so far
20:07:01  INFO     [AT] 'artificial intelligence' → 100 entries, 44 kept so far
20:07:02  INFO     [DK] 'artificial intelligence' → 100 entries, 20 kept so far
20:07:02  INFO     [NL] 'AI regulation' → 78 entries, 62 kept so far
20:07:03  INFO     [BE] 'AI regulation' → 100 entries, 132 kept so far
20:07:03  INFO     [SE] 'AI regulation' → 78 entries, 24 kept so far
20:07:03  INFO     [DK] 'AI regulation' → 34 entries, 23 kept so far
20:07:03  INFO     [AT] 'AI regulation' → 100 entries, 121 kept so far
20:07:04  INFO     [NL] 'machine learning' → 100 entries, 123 kept so far
20:07:04  INFO     [SE] 'machine learning' → 73 entries, 43 kept so far
20:07:04  INFO     [BE] 'machine learning' → 100 entries, 187 kept so far
20:07:05  INFO     [DK] 'machine learning' → 78 entries, 44 kept so far
20:07:05  INFO     [AT] 'machine learning' → 100 entries, 164 kept so far
20:07:05  INFO     [NL] 'EU AI Act' → 96 entries, 140 kept so far
20:07:06  INFO     [SE] 'EU AI Act' → 48 entries, 50 kept so far
20:07:06  INFO     [BE] 'EU AI Act' → 79 entries, 234 kept so far
20:07:06  INFO     [DK] 'EU AI Act' → 76 entries, 60 kept so far
20:07:06  INFO     [AT] 'EU AI Act' → 100 entries, 243 kept so far
20:07:07  INFO     [NL] 'generative AI' → 100 entries, 169 kept so far
20:07:07  INFO     [SE] 'generative AI' → 73 entries, 60 kept so far
20:07:07  INFO     [BE] 'generative AI' → 100 entries, 273 kept so far
20:07:08  INFO     [DK] 'generative AI' → 100 entries, 92 kept so far
20:07:08  INFO     [AT] 'generative AI' → 100 entries, 264 kept so far
20:07:08  INFO     [NL] +53 new articles saved
20:07:08  INFO     [SE] +19 new articles saved
20:07:09  INFO     [FI] 'artificial intelligence' → 100 entries, 56 kept so far
20:07:09  INFO     [BE] +15 new articles saved
20:07:09  INFO     [DK] +21 new articles saved
20:07:09  INFO     [PT] 'artificial intelligence' → 57 entries, 48 kept so far
20:07:09  INFO     [AT] +21 new articles saved
20:07:09  INFO     [CZ] 'artificial intelligence' → 100 entries, 19 kept so far
20:07:09  INFO     [RO] 'artificial intelligence' → 100 entries, 42 kept so far
20:07:09  INFO     [HU] 'artificial intelligence' → 100 entries, 15 kept so far
20:07:10  INFO     [FI] 'AI regulation' → 50 entries, 71 kept so far
20:07:10  INFO     [PT] 'AI regulation' → 79 entries, 80 kept so far
20:07:11  INFO     [CZ] 'AI regulation' → 72 entries, 44 kept so far
20:07:11  INFO     [RO] 'AI regulation' → 75 entries, 49 kept so far
20:07:11  INFO     [HU] 'AI regulation' → 80 entries, 20 kept so far
20:07:12  INFO     [FI] 'machine learning' → 90 entries, 105 kept so far
20:07:12  INFO     [PT] 'machine learning' → 100 entries, 155 kept so far
20:07:12  INFO     [CZ] 'machine learning' → 79 entries, 64 kept so far
20:07:12  INFO     [RO] 'machine learning' → 100 entries, 96 kept so far
20:07:12  INFO     [HU] 'machine learning' → 71 entries, 45 kept so far
20:07:13  INFO     [FI] 'EU AI Act' → 57 entries, 136 kept so far
20:07:14  INFO     [PT] 'EU AI Act' → 49 entries, 163 kept so far
20:07:14  INFO     [CZ] 'EU AI Act' → 70 entries, 74 kept so far
20:07:14  INFO     [RO] 'EU AI Act' → 72 entries, 110 kept so far
20:07:14  INFO     [HU] 'EU AI Act' → 77 entries, 63 kept so far
20:07:15  INFO     [FI] 'generative AI' → 67 entries, 170 kept so far
20:07:15  INFO     [CZ] 'generative AI' → 83 entries, 91 kept so far
20:07:15  INFO     [PT] 'generative AI' → 100 entries, 199 kept so far
20:07:16  INFO     [RO] 'generative AI' → 87 entries, 133 kept so far
20:07:16  INFO     [HU] 'generative AI' → 77 entries, 86 kept so far
20:07:16  INFO     [FI] +57 new articles saved
20:07:16  INFO     [CZ] +35 new articles saved
20:07:16  INFO     [GR] 'artificial intelligence' → 100 entries, 47 kept so far
20:07:16  INFO     [PT] +80 new articles saved
20:07:17  INFO     [RO] +38 new articles saved
20:07:17  INFO     [SK] 'artificial intelligence' → 100 entries, 26 kept so far
20:07:17  INFO     [HU] +27 new articles saved
20:07:17  INFO     [IE] 'artificial intelligence' → 100 entries, 69 kept so far
20:07:17  INFO     [HR] 'artificial intelligence' → 100 entries, 66 kept so far
20:07:17  INFO     [BG] 'artificial intelligence' → 86 entries, 39 kept so far
20:07:18  INFO     [GR] 'AI regulation' → 46 entries, 78 kept so far
20:07:18  INFO     [SK] 'AI regulation' → 18 entries, 28 kept so far
20:07:19  INFO     [BG] 'AI regulation' → 10 entries, 43 kept so far
20:07:19  INFO     [HR] 'AI regulation' → 100 entries, 103 kept so far
20:07:19  INFO     [IE] 'AI regulation' → 100 entries, 105 kept so far
20:07:20  INFO     [GR] 'machine learning' → 97 entries, 121 kept so far
20:07:20  INFO     [SK] 'machine learning' → 56 entries, 40 kept so far
20:07:20  INFO     [BG] 'machine learning' → 59 entries, 54 kept so far
20:07:20  INFO     [HR] 'machine learning' → 100 entries, 168 kept so far
20:07:21  INFO     [IE] 'machine learning' → 100 entries, 164 kept so far
20:07:21  INFO     [GR] 'EU AI Act' → 68 entries, 141 kept so far
20:07:21  INFO     [SK] 'EU AI Act' → 57 entries, 53 kept so far
20:07:21  INFO     [BG] 'EU AI Act' → 9 entries, 57 kept so far
20:07:22  INFO     [HR] 'EU AI Act' → 100 entries, 248 kept so far
20:07:22  INFO     [IE] 'EU AI Act' → 100 entries, 239 kept so far
20:07:23  INFO     [SK] 'generative AI' → 40 entries, 62 kept so far
20:07:23  INFO     [BG] 'generative AI' → 33 entries, 60 kept so far
20:07:23  INFO     [GR] 'generative AI' → 100 entries, 181 kept so far
20:07:23  INFO     [HR] 'generative AI' → 100 entries, 306 kept so far
20:07:24  INFO     [SK] +21 new articles saved
20:07:24  INFO     [BG] +26 new articles saved
20:07:24  INFO     [GR] +76 new articles saved
20:07:24  INFO     [IE] 'generative AI' → 100 entries, 300 kept so far
20:07:24  INFO     [LT] 'artificial intelligence' → 98 entries, 34 kept so far
20:07:24  INFO     [SI] 'artificial intelligence' → 100 entries, 47 kept so far
20:07:24  INFO     [LV] 'artificial intelligence' → 79 entries, 26 kept so far
20:07:24  INFO     [HR] +191 new articles saved
20:07:25  INFO     [EE] 'artificial intelligence' → 100 entries, 44 kept so far
20:07:25  INFO     [IE] +57 new articles saved
20:07:25  INFO     [LT] 'AI regulation' → 19 entries, 36 kept so far
20:07:26  INFO     [CY] 'artificial intelligence' → 100 entries, 47 kept so far
20:07:26  INFO     [SI] 'AI regulation' → 2 entries, 47 kept so far
20:07:26  INFO     [LV] 'AI regulation' → 13 entries, 26 kept so far
20:07:26  INFO     [EE] 'AI regulation' → 20 entries, 46 kept so far
20:07:27  INFO     [LT] 'machine learning' → 33 entries, 41 kept so far
20:07:27  INFO     [LV] 'machine learning' → 12 entries, 29 kept so far
20:07:27  INFO     [CY] 'AI regulation' → 46 entries, 78 kept so far
20:07:27  INFO     [SI] 'machine learning' → 23 entries, 50 kept so far
20:07:28  INFO     [EE] 'machine learning' → 19 entries, 48 kept so far
20:07:28  INFO     [LT] 'EU AI Act' → 19 entries, 42 kept so far
20:07:28  INFO     [LV] 'EU AI Act' → 9 entries, 29 kept so far
20:07:28  INFO     [CY] 'machine learning' → 97 entries, 121 kept so far
20:07:29  INFO     [SI] 'EU AI Act' → 19 entries, 54 kept so far
20:07:29  INFO     [EE] 'EU AI Act' → 19 entries, 52 kept so far
20:07:29  INFO     [LV] 'generative AI' → 8 entries, 31 kept so far
20:07:30  INFO     [LT] 'generative AI' → 29 entries, 49 kept so far
20:07:30  INFO     [CY] 'EU AI Act' → 68 entries, 141 kept so far
20:07:30  INFO     [SI] 'generative AI' → 12 entries, 57 kept so far
20:07:30  INFO     [EE] 'generative AI' → 13 entries, 54 kept so far
20:07:30  INFO     [LV] +11 new articles saved
20:07:31  INFO     [LT] +12 new articles saved
20:07:31  INFO     [MT] 'artificial intelligence' → 100 entries, 66 kept so far
20:07:31  INFO     [LU] 'artificial intelligence' → 100 entries, 46 kept so far
20:07:31  INFO     [SI] +15 new articles saved
20:07:31  INFO     [EE] +11 new articles saved
20:07:31  INFO     [CY] 'generative AI' → 100 entries, 181 kept so far
20:07:32  INFO     [MT] 'AI regulation' → 100 entries, 103 kept so far
20:07:32  INFO     [LU] 'AI regulation' → 100 entries, 126 kept so far
20:07:32  INFO     [CY] +0 new articles saved
20:07:33  INFO     [MT] 'machine learning' → 100 entries, 168 kept so far
20:07:34  INFO     [LU] 'machine learning' → 100 entries, 180 kept so far
20:07:34  INFO     [MT] 'EU AI Act' → 100 entries, 248 kept so far
20:07:35  INFO     [MT] 'generative AI' → 100 entries, 306 kept so far
20:07:35  INFO     [LU] 'EU AI Act' → 78 entries, 225 kept so far
20:07:36  INFO     [MT] +0 new articles saved
20:07:37  INFO     [LU] 'generative AI' → 100 entries, 261 kept so far
20:07:38  INFO     [LU] +0 new articles saved
20:07:38  INFO     Scrape complete. 1328 new articles this run.
