09:42:40  INFO     Starting scrape: 27 countries, 5 queries each
/home/runner/work/EU_AI_News/EU_AI_News/eu_ai_news_scraper.py:230: DeprecationWarning: datetime.datetime.utcnow() is deprecated and scheduled for removal in a future version. Use timezone-aware objects to represent datetimes in UTC: datetime.datetime.now(datetime.UTC).
  "scraped_at":   datetime.utcnow().isoformat(),
09:42:41  INFO     [DE] 'artificial intelligence' → 100 entries, 43 kept so far
09:42:41  INFO     [PL] 'artificial intelligence' → 100 entries, 14 kept so far
09:42:41  INFO     [IT] 'artificial intelligence' → 100 entries, 33 kept so far
09:42:41  INFO     [FR] 'artificial intelligence' → 100 entries, 49 kept so far
09:42:41  INFO     [ES] 'artificial intelligence' → 100 entries, 62 kept so far
09:42:43  INFO     [DE] 'AI regulation' → 100 entries, 119 kept so far
09:42:43  INFO     [PL] 'AI regulation' → 77 entries, 69 kept so far
09:42:43  INFO     [IT] 'AI regulation' → 100 entries, 123 kept so far
09:42:43  INFO     [ES] 'AI regulation' → 78 entries, 100 kept so far
09:42:43  INFO     [FR] 'AI regulation' → 100 entries, 138 kept so far
09:42:44  INFO     [DE] 'machine learning' → 100 entries, 159 kept so far
09:42:44  INFO     [PL] 'machine learning' → 100 entries, 110 kept so far
09:42:44  INFO     [IT] 'machine learning' → 100 entries, 198 kept so far
09:42:45  INFO     [ES] 'machine learning' → 100 entries, 174 kept so far
09:42:45  INFO     [FR] 'machine learning' → 100 entries, 196 kept so far
09:42:46  INFO     [DE] 'EU AI Act' → 100 entries, 245 kept so far
09:42:46  INFO     [PL] 'EU AI Act' → 76 entries, 118 kept so far
09:42:46  INFO     [IT] 'EU AI Act' → 100 entries, 259 kept so far
09:42:46  INFO     [ES] 'EU AI Act' → 75 entries, 198 kept so far
09:42:46  INFO     [FR] 'EU AI Act' → 82 entries, 233 kept so far
09:42:47  INFO     [DE] 'generative AI' → 100 entries, 271 kept so far
09:42:47  INFO     [PL] 'generative AI' → 100 entries, 149 kept so far
09:42:48  INFO     [IT] 'generative AI' → 100 entries, 306 kept so far
09:42:48  INFO     [ES] 'generative AI' → 100 entries, 241 kept so far
09:42:48  INFO     [FR] 'generative AI' → 100 entries, 273 kept so far
09:42:48  INFO     [DE] +150 new articles saved
09:42:48  INFO     [PL] +51 new articles saved
09:42:49  INFO     [IT] +130 new articles saved
09:42:49  INFO     [NL] 'artificial intelligence' → 100 entries, 8 kept so far
09:42:49  INFO     [ES] +86 new articles saved
09:42:49  INFO     [BE] 'artificial intelligence' → 100 entries, 55 kept so far
09:42:49  INFO     [FR] +108 new articles saved
09:42:49  INFO     [SE] 'artificial intelligence' → 100 entries, 6 kept so far
09:42:49  INFO     [AT] 'artificial intelligence' → 100 entries, 45 kept so far
09:42:49  INFO     [DK] 'artificial intelligence' → 100 entries, 12 kept so far
09:42:50  INFO     [NL] 'AI regulation' → 78 entries, 43 kept so far
09:42:50  INFO     [BE] 'AI regulation' → 100 entries, 141 kept so far
09:42:51  INFO     [SE] 'AI regulation' → 78 entries, 21 kept so far
09:42:51  INFO     [DK] 'AI regulation' → 36 entries, 18 kept so far
09:42:51  INFO     [AT] 'AI regulation' → 100 entries, 122 kept so far
09:42:52  INFO     [NL] 'machine learning' → 100 entries, 97 kept so far
09:42:52  INFO     [SE] 'machine learning' → 72 entries, 42 kept so far
09:42:52  INFO     [BE] 'machine learning' → 100 entries, 198 kept so far
09:42:52  INFO     [DK] 'machine learning' → 79 entries, 38 kept so far
09:42:53  INFO     [AT] 'machine learning' → 100 entries, 160 kept so far
09:42:53  INFO     [NL] 'EU AI Act' → 90 entries, 122 kept so far
09:42:54  INFO     [SE] 'EU AI Act' → 67 entries, 51 kept so far
09:42:54  INFO     [BE] 'EU AI Act' → 87 entries, 231 kept so far
09:42:54  INFO     [DK] 'EU AI Act' → 75 entries, 55 kept so far
09:42:54  INFO     [AT] 'EU AI Act' → 100 entries, 249 kept so far
09:42:55  INFO     [NL] 'generative AI' → 100 entries, 152 kept so far
09:42:55  INFO     [SE] 'generative AI' → 74 entries, 62 kept so far
09:42:55  INFO     [DK] 'generative AI' → 100 entries, 94 kept so far
09:42:55  INFO     [BE] 'generative AI' → 100 entries, 274 kept so far
09:42:56  INFO     [AT] 'generative AI' → 100 entries, 274 kept so far
09:42:56  INFO     [NL] +45 new articles saved
09:42:56  INFO     [SE] +18 new articles saved
09:42:56  INFO     [FI] 'artificial intelligence' → 100 entries, 62 kept so far
09:42:56  INFO     [DK] +27 new articles saved
09:42:56  INFO     [BE] +20 new articles saved
09:42:57  INFO     [PT] 'artificial intelligence' → 100 entries, 61 kept so far
09:42:57  INFO     [AT] +18 new articles saved
09:42:57  INFO     [CZ] 'artificial intelligence' → 100 entries, 25 kept so far
09:42:57  INFO     [RO] 'artificial intelligence' → 100 entries, 38 kept so far
09:42:57  INFO     [HU] 'artificial intelligence' → 100 entries, 15 kept so far
09:42:58  INFO     [FI] 'AI regulation' → 51 entries, 73 kept so far
09:42:58  INFO     [PT] 'AI regulation' → 79 entries, 91 kept so far
09:42:58  INFO     [CZ] 'AI regulation' → 78 entries, 44 kept so far
09:42:59  INFO     [RO] 'AI regulation' → 76 entries, 45 kept so far
09:42:59  INFO     [HU] 'AI regulation' → 79 entries, 19 kept so far
09:43:00  INFO     [FI] 'machine learning' → 85 entries, 106 kept so far
09:43:00  INFO     [CZ] 'machine learning' → 82 entries, 63 kept so far
09:43:00  INFO     [RO] 'machine learning' → 100 entries, 92 kept so far
09:43:00  INFO     [PT] 'machine learning' → 100 entries, 166 kept so far
09:43:00  INFO     [HU] 'machine learning' → 70 entries, 41 kept so far
09:43:01  INFO     [FI] 'EU AI Act' → 64 entries, 138 kept so far
09:43:02  INFO     [CZ] 'EU AI Act' → 77 entries, 71 kept so far
09:43:02  INFO     [RO] 'EU AI Act' → 79 entries, 107 kept so far
09:43:02  INFO     [PT] 'EU AI Act' → 57 entries, 172 kept so far
09:43:02  INFO     [HU] 'EU AI Act' → 78 entries, 61 kept so far
09:43:03  INFO     [FI] 'generative AI' → 65 entries, 171 kept so far
09:43:03  INFO     [CZ] 'generative AI' → 80 entries, 84 kept so far
09:43:03  INFO     [RO] 'generative AI' → 78 entries, 121 kept so far
09:43:03  INFO     [PT] 'generative AI' → 100 entries, 209 kept so far
09:43:03  INFO     [HU] 'generative AI' → 73 entries, 86 kept so far
09:43:04  INFO     [FI] +59 new articles saved
09:43:04  INFO     [CZ] +43 new articles saved
09:43:04  INFO     [GR] 'artificial intelligence' → 100 entries, 43 kept so far
09:43:04  INFO     [RO] +41 new articles saved
09:43:04  INFO     [PT] +85 new articles saved
09:43:04  INFO     [SK] 'artificial intelligence' → 100 entries, 26 kept so far
09:43:05  INFO     [HR] 'artificial intelligence' → 100 entries, 61 kept so far
09:43:05  INFO     [HU] +37 new articles saved
09:43:05  INFO     [IE] 'artificial intelligence' → 100 entries, 66 kept so far
09:43:05  INFO     [BG] 'artificial intelligence' → 73 entries, 26 kept so far
09:43:06  INFO     [GR] 'AI regulation' → 57 entries, 77 kept so far
09:43:06  INFO     [SK] 'AI regulation' → 19 entries, 29 kept so far
09:43:06  INFO     [HR] 'AI regulation' → 100 entries, 110 kept so far
09:43:06  INFO     [BG] 'AI regulation' → 10 entries, 27 kept so far
09:43:06  INFO     [IE] 'AI regulation' → 100 entries, 115 kept so far
09:43:07  INFO     [GR] 'machine learning' → 90 entries, 118 kept so far
09:43:07  INFO     [SK] 'machine learning' → 59 entries, 45 kept so far
09:43:07  INFO     [HR] 'machine learning' → 100 entries, 174 kept so far
09:43:08  INFO     [BG] 'machine learning' → 54 entries, 36 kept so far
09:43:08  INFO     [IE] 'machine learning' → 100 entries, 178 kept so far
09:43:08  INFO     [GR] 'EU AI Act' → 35 entries, 125 kept so far
09:43:09  INFO     [SK] 'EU AI Act' → 59 entries, 60 kept so far
09:43:09  INFO     [HR] 'EU AI Act' → 100 entries, 249 kept so far
09:43:09  INFO     [BG] 'EU AI Act' → 10 entries, 39 kept so far
09:43:10  INFO     [IE] 'EU AI Act' → 100 entries, 246 kept so far
09:43:10  INFO     [GR] 'generative AI' → 100 entries, 159 kept so far
09:43:10  INFO     [SK] 'generative AI' → 47 entries, 70 kept so far
09:43:10  INFO     [BG] 'generative AI' → 29 entries, 43 kept so far
09:43:11  INFO     [HR] 'generative AI' → 100 entries, 310 kept so far
09:43:11  INFO     [GR] +75 new articles saved
09:43:11  INFO     [SK] +27 new articles saved
09:43:11  INFO     [IE] 'generative AI' → 100 entries, 307 kept so far
09:43:11  INFO     [LT] 'artificial intelligence' → 92 entries, 34 kept so far
09:43:11  INFO     [BG] +18 new articles saved
09:43:12  INFO     [SI] 'artificial intelligence' → 98 entries, 42 kept so far
09:43:12  INFO     [HR] +241 new articles saved
09:43:12  INFO     [LV] 'artificial intelligence' → 68 entries, 24 kept so far
09:43:12  INFO     [EE] 'artificial intelligence' → 100 entries, 54 kept so far
09:43:12  INFO     [IE] +61 new articles saved
09:43:13  INFO     [LT] 'AI regulation' → 9 entries, 35 kept so far
09:43:13  INFO     [SI] 'AI regulation' → 1 entries, 42 kept so far
09:43:13  INFO     [CY] 'artificial intelligence' → 100 entries, 43 kept so far
09:43:13  INFO     [LV] 'AI regulation' → 8 entries, 24 kept so far
09:43:13  INFO     [EE] 'AI regulation' → 9 entries, 54 kept so far
09:43:14  INFO     [SI] 'machine learning' → 25 entries, 44 kept so far
09:43:14  INFO     [LT] 'machine learning' → 40 entries, 40 kept so far
09:43:14  INFO     [CY] 'AI regulation' → 56 entries, 76 kept so far
09:43:14  INFO     [LV] 'machine learning' → 10 entries, 26 kept so far
09:43:15  INFO     [EE] 'machine learning' → 16 entries, 56 kept so far
09:43:15  INFO     [LT] 'EU AI Act' → 20 entries, 42 kept so far
09:43:16  INFO     [SI] 'EU AI Act' → 23 entries, 49 kept so far
09:43:16  INFO     [LV] 'EU AI Act' → 10 entries, 26 kept so far
09:43:16  INFO     [CY] 'machine learning' → 89 entries, 116 kept so far
09:43:16  INFO     [EE] 'EU AI Act' → 13 entries, 58 kept so far
09:43:17  INFO     [SI] 'generative AI' → 12 entries, 51 kept so far
09:43:17  INFO     [LT] 'generative AI' → 27 entries, 49 kept so far
09:43:17  INFO     [LV] 'generative AI' → 8 entries, 29 kept so far
09:43:17  INFO     [CY] 'EU AI Act' → 35 entries, 123 kept so far
09:43:17  INFO     [EE] 'generative AI' → 10 entries, 59 kept so far
09:43:18  INFO     [SI] +11 new articles saved
09:43:18  INFO     [LT] +19 new articles saved
09:43:18  INFO     [MT] 'artificial intelligence' → 100 entries, 61 kept so far
09:43:18  INFO     [LV] +9 new articles saved
09:43:18  INFO     [LU] 'artificial intelligence' → 100 entries, 49 kept so far
09:43:18  INFO     [EE] +19 new articles saved
09:43:19  INFO     [CY] 'generative AI' → 100 entries, 157 kept so far
09:43:19  INFO     [MT] 'AI regulation' → 100 entries, 110 kept so far
09:43:20  INFO     [CY] +3 new articles saved
09:43:20  INFO     [LU] 'AI regulation' → 100 entries, 137 kept so far
09:43:20  INFO     [MT] 'machine learning' → 100 entries, 174 kept so far
09:43:21  INFO     [MT] 'EU AI Act' → 100 entries, 249 kept so far
09:43:21  INFO     [LU] 'machine learning' → 100 entries, 195 kept so far
09:43:23  INFO     [MT] 'generative AI' → 100 entries, 310 kept so far
09:43:23  INFO     [LU] 'EU AI Act' → 82 entries, 231 kept so far
09:43:24  INFO     [MT] +0 new articles saved
09:43:25  INFO     [LU] 'generative AI' → 100 entries, 270 kept so far
09:43:26  INFO     [LU] +0 new articles saved
09:43:26  INFO     Scrape complete. 1401 new articles this run.
