09:51:19  INFO     Starting scrape: 27 countries, 5 queries each
/home/runner/work/EU_AI_News/EU_AI_News/eu_ai_news_scraper.py:230: DeprecationWarning: datetime.datetime.utcnow() is deprecated and scheduled for removal in a future version. Use timezone-aware objects to represent datetimes in UTC: datetime.datetime.now(datetime.UTC).
  "scraped_at":   datetime.utcnow().isoformat(),
09:51:19  INFO     [DE] 'artificial intelligence' → 100 entries, 60 kept so far
09:51:19  INFO     [IT] 'artificial intelligence' → 100 entries, 28 kept so far
09:51:19  INFO     [PL] 'artificial intelligence' → 100 entries, 18 kept so far
09:51:19  INFO     [ES] 'artificial intelligence' → 100 entries, 71 kept so far
09:51:20  INFO     [FR] 'artificial intelligence' → 100 entries, 45 kept so far
09:51:21  INFO     [DE] 'AI regulation' → 100 entries, 137 kept so far
09:51:21  INFO     [PL] 'AI regulation' → 79 entries, 75 kept so far
09:51:21  INFO     [IT] 'AI regulation' → 100 entries, 117 kept so far
09:51:21  INFO     [ES] 'AI regulation' → 78 entries, 121 kept so far
09:51:21  INFO     [FR] 'AI regulation' → 100 entries, 125 kept so far
09:51:22  INFO     [DE] 'machine learning' → 100 entries, 175 kept so far
09:51:22  INFO     [PL] 'machine learning' → 100 entries, 113 kept so far
09:51:23  INFO     [IT] 'machine learning' → 100 entries, 190 kept so far
09:51:23  INFO     [FR] 'machine learning' → 100 entries, 182 kept so far
09:51:23  INFO     [ES] 'machine learning' → 100 entries, 195 kept so far
09:51:24  INFO     [PL] 'EU AI Act' → 78 entries, 131 kept so far
09:51:24  INFO     [DE] 'EU AI Act' → 100 entries, 248 kept so far
09:51:24  INFO     [IT] 'EU AI Act' → 100 entries, 266 kept so far
09:51:24  INFO     [FR] 'EU AI Act' → 80 entries, 227 kept so far
09:51:25  INFO     [ES] 'EU AI Act' → 79 entries, 217 kept so far
09:51:26  INFO     [PL] 'generative AI' → 100 entries, 161 kept so far
09:51:26  INFO     [DE] 'generative AI' → 100 entries, 270 kept so far
09:51:26  INFO     [IT] 'generative AI' → 100 entries, 312 kept so far
09:51:26  INFO     [FR] 'generative AI' → 100 entries, 262 kept so far
09:51:26  INFO     [ES] 'generative AI' → 100 entries, 257 kept so far
09:51:27  INFO     [PL] +64 new articles saved
09:51:27  INFO     [DE] +144 new articles saved
09:51:27  INFO     [IT] +115 new articles saved
09:51:27  INFO     [FR] +103 new articles saved
09:51:27  INFO     [NL] 'artificial intelligence' → 100 entries, 10 kept so far
09:51:27  INFO     [SE] 'artificial intelligence' → 100 entries, 6 kept so far
09:51:27  INFO     [BE] 'artificial intelligence' → 100 entries, 59 kept so far
09:51:27  INFO     [ES] +90 new articles saved
09:51:27  INFO     [AT] 'artificial intelligence' → 100 entries, 48 kept so far
09:51:28  INFO     [DK] 'artificial intelligence' → 100 entries, 13 kept so far
09:51:29  INFO     [NL] 'AI regulation' → 78 entries, 57 kept so far
09:51:29  INFO     [SE] 'AI regulation' → 78 entries, 20 kept so far
09:51:29  INFO     [BE] 'AI regulation' → 100 entries, 140 kept so far
09:51:29  INFO     [AT] 'AI regulation' → 97 entries, 119 kept so far
09:51:29  INFO     [DK] 'AI regulation' → 35 entries, 16 kept so far
09:51:30  INFO     [NL] 'machine learning' → 100 entries, 116 kept so far
09:51:30  INFO     [SE] 'machine learning' → 79 entries, 43 kept so far
09:51:31  INFO     [BE] 'machine learning' → 100 entries, 198 kept so far
09:51:31  INFO     [AT] 'machine learning' → 100 entries, 160 kept so far
09:51:31  INFO     [DK] 'machine learning' → 78 entries, 38 kept so far
09:51:32  INFO     [NL] 'EU AI Act' → 100 entries, 135 kept so far
09:51:32  INFO     [SE] 'EU AI Act' → 61 entries, 49 kept so far
09:51:32  INFO     [BE] 'EU AI Act' → 80 entries, 242 kept so far
09:51:32  INFO     [AT] 'EU AI Act' → 100 entries, 242 kept so far
09:51:33  INFO     [DK] 'EU AI Act' → 75 entries, 56 kept so far
09:51:33  INFO     [SE] 'generative AI' → 72 entries, 60 kept so far
09:51:33  INFO     [NL] 'generative AI' → 100 entries, 168 kept so far
09:51:34  INFO     [BE] 'generative AI' → 100 entries, 276 kept so far
09:51:34  INFO     [AT] 'generative AI' → 100 entries, 263 kept so far
09:51:34  INFO     [DK] 'generative AI' → 94 entries, 90 kept so far
09:51:34  INFO     [SE] +15 new articles saved
09:51:34  INFO     [NL] +48 new articles saved
09:51:35  INFO     [FI] 'artificial intelligence' → 100 entries, 67 kept so far
09:51:35  INFO     [BE] +17 new articles saved
09:51:35  INFO     [PT] 'artificial intelligence' → 100 entries, 55 kept so far
09:51:35  INFO     [AT] +11 new articles saved
09:51:35  INFO     [DK] +21 new articles saved
09:51:35  INFO     [CZ] 'artificial intelligence' → 100 entries, 21 kept so far
09:51:36  INFO     [RO] 'artificial intelligence' → 100 entries, 37 kept so far
09:51:36  INFO     [HU] 'artificial intelligence' → 100 entries, 13 kept so far
09:51:36  INFO     [FI] 'AI regulation' → 48 entries, 80 kept so far
09:51:37  INFO     [PT] 'AI regulation' → 79 entries, 91 kept so far
09:51:37  INFO     [CZ] 'AI regulation' → 71 entries, 46 kept so far
09:51:37  INFO     [RO] 'AI regulation' → 77 entries, 42 kept so far
09:51:37  INFO     [HU] 'AI regulation' → 78 entries, 18 kept so far
09:51:38  INFO     [FI] 'machine learning' → 83 entries, 111 kept so far
09:51:38  INFO     [PT] 'machine learning' → 100 entries, 167 kept so far
09:51:38  INFO     [CZ] 'machine learning' → 80 entries, 64 kept so far
09:51:39  INFO     [RO] 'machine learning' → 100 entries, 89 kept so far
09:51:39  INFO     [HU] 'machine learning' → 68 entries, 42 kept so far
09:51:39  INFO     [FI] 'EU AI Act' → 75 entries, 149 kept so far
09:51:40  INFO     [PT] 'EU AI Act' → 57 entries, 178 kept so far
09:51:40  INFO     [CZ] 'EU AI Act' → 70 entries, 73 kept so far
09:51:40  INFO     [RO] 'EU AI Act' → 69 entries, 102 kept so far
09:51:40  INFO     [HU] 'EU AI Act' → 77 entries, 58 kept so far
09:51:41  INFO     [FI] 'generative AI' → 66 entries, 185 kept so far
09:51:42  INFO     [CZ] 'generative AI' → 84 entries, 91 kept so far
09:51:42  INFO     [PT] 'generative AI' → 100 entries, 216 kept so far
09:51:42  INFO     [RO] 'generative AI' → 81 entries, 124 kept so far
09:51:42  INFO     [HU] 'generative AI' → 76 entries, 82 kept so far
09:51:42  INFO     [FI] +61 new articles saved
09:51:42  INFO     [GR] 'artificial intelligence' → 100 entries, 49 kept so far
09:51:43  INFO     [CZ] +31 new articles saved
09:51:43  INFO     [PT] +64 new articles saved
09:51:43  INFO     [RO] +33 new articles saved
09:51:43  INFO     [HU] +22 new articles saved
09:51:43  INFO     [HR] 'artificial intelligence' → 102 entries, 53 kept so far
09:51:43  INFO     [SK] 'artificial intelligence' → 100 entries, 29 kept so far
09:51:43  INFO     [BG] 'artificial intelligence' → 83 entries, 38 kept so far
09:51:43  INFO     [IE] 'artificial intelligence' → 100 entries, 59 kept so far
09:51:44  INFO     [GR] 'AI regulation' → 59 entries, 82 kept so far
09:51:44  INFO     [HR] 'AI regulation' → 100 entries, 95 kept so far
09:51:45  INFO     [SK] 'AI regulation' → 21 entries, 31 kept so far
09:51:45  INFO     [BG] 'AI regulation' → 8 entries, 40 kept so far
09:51:45  INFO     [IE] 'AI regulation' → 100 entries, 99 kept so far
09:51:46  INFO     [GR] 'machine learning' → 94 entries, 119 kept so far
09:51:46  INFO     [HR] 'machine learning' → 100 entries, 166 kept so far
09:51:46  INFO     [SK] 'machine learning' → 57 entries, 44 kept so far
09:51:46  INFO     [BG] 'machine learning' → 60 entries, 54 kept so far
09:51:47  INFO     [IE] 'machine learning' → 100 entries, 168 kept so far
09:51:47  INFO     [GR] 'EU AI Act' → 67 entries, 138 kept so far
09:51:47  INFO     [HR] 'EU AI Act' → 100 entries, 245 kept so far
09:51:47  INFO     [SK] 'EU AI Act' → 47 entries, 52 kept so far
09:51:47  INFO     [BG] 'EU AI Act' → 10 entries, 57 kept so far
09:51:48  INFO     [IE] 'EU AI Act' → 100 entries, 243 kept so far
09:51:49  INFO     [GR] 'generative AI' → 100 entries, 176 kept so far
09:51:49  INFO     [HR] 'generative AI' → 100 entries, 297 kept so far
09:51:49  INFO     [BG] 'generative AI' → 30 entries, 59 kept so far
09:51:49  INFO     [SK] 'generative AI' → 40 entries, 61 kept so far
09:51:50  INFO     [GR] +66 new articles saved
09:51:50  INFO     [HR] +166 new articles saved
09:51:50  INFO     [BG] +24 new articles saved
09:51:50  INFO     [SK] +18 new articles saved
09:51:50  INFO     [IE] 'generative AI' → 100 entries, 291 kept so far
09:51:50  INFO     [LT] 'artificial intelligence' → 96 entries, 31 kept so far
09:51:50  INFO     [LV] 'artificial intelligence' → 77 entries, 26 kept so far
09:51:50  INFO     [EE] 'artificial intelligence' → 100 entries, 44 kept so far
09:51:50  INFO     [SI] 'artificial intelligence' → 100 entries, 47 kept so far
09:51:51  INFO     [IE] +54 new articles saved
09:51:51  INFO     [CY] 'artificial intelligence' → 100 entries, 49 kept so far
09:51:52  INFO     [LV] 'AI regulation' → 13 entries, 26 kept so far
09:51:52  INFO     [LT] 'AI regulation' → 19 entries, 33 kept so far
09:51:52  INFO     [SI] 'AI regulation' → 1 entries, 47 kept so far
09:51:52  INFO     [EE] 'AI regulation' → 19 entries, 45 kept so far
09:51:53  INFO     [CY] 'AI regulation' → 59 entries, 82 kept so far
09:51:53  INFO     [LV] 'machine learning' → 12 entries, 29 kept so far
09:51:53  INFO     [LT] 'machine learning' → 31 entries, 38 kept so far
09:51:53  INFO     [SI] 'machine learning' → 23 entries, 51 kept so far
09:51:53  INFO     [EE] 'machine learning' → 15 entries, 47 kept so far
09:51:54  INFO     [LV] 'EU AI Act' → 10 entries, 29 kept so far
09:51:54  INFO     [CY] 'machine learning' → 94 entries, 119 kept so far
09:51:54  INFO     [LT] 'EU AI Act' → 18 entries, 39 kept so far
09:51:54  INFO     [SI] 'EU AI Act' → 24 entries, 57 kept so far
09:51:55  INFO     [EE] 'EU AI Act' → 19 entries, 51 kept so far
09:51:55  INFO     [LV] 'generative AI' → 10 entries, 30 kept so far
09:51:56  INFO     [LT] 'generative AI' → 29 entries, 46 kept so far
09:51:56  INFO     [CY] 'EU AI Act' → 67 entries, 138 kept so far
09:51:56  INFO     [SI] 'generative AI' → 13 entries, 60 kept so far
09:51:56  INFO     [EE] 'generative AI' → 14 entries, 55 kept so far
09:51:56  INFO     [LV] +10 new articles saved
09:51:57  INFO     [LT] +9 new articles saved
09:51:57  INFO     [SI] +15 new articles saved
09:51:57  INFO     [MT] 'artificial intelligence' → 102 entries, 53 kept so far
09:51:57  INFO     [LU] 'artificial intelligence' → 100 entries, 45 kept so far
09:51:57  INFO     [EE] +10 new articles saved
09:51:57  INFO     [CY] 'generative AI' → 100 entries, 176 kept so far
09:51:58  INFO     [MT] 'AI regulation' → 100 entries, 95 kept so far
09:51:58  INFO     [CY] +0 new articles saved
09:51:58  INFO     [LU] 'AI regulation' → 100 entries, 125 kept so far
09:51:59  INFO     [MT] 'machine learning' → 100 entries, 166 kept so far
09:52:00  INFO     [LU] 'machine learning' → 100 entries, 182 kept so far
09:52:00  INFO     [MT] 'EU AI Act' → 100 entries, 245 kept so far
09:52:01  INFO     [LU] 'EU AI Act' → 80 entries, 227 kept so far
09:52:01  INFO     [MT] 'generative AI' → 100 entries, 297 kept so far
09:52:02  INFO     [MT] +0 new articles saved
09:52:03  INFO     [LU] 'generative AI' → 100 entries, 262 kept so far
09:52:04  INFO     [LU] +0 new articles saved
09:52:04  INFO     Scrape complete. 1211 new articles this run.
