19:10:39  INFO     Starting scrape: 27 countries, 5 queries each
/home/runner/work/EU_AI_News/EU_AI_News/eu_ai_news_scraper.py:230: DeprecationWarning: datetime.datetime.utcnow() is deprecated and scheduled for removal in a future version. Use timezone-aware objects to represent datetimes in UTC: datetime.datetime.now(datetime.UTC).
  "scraped_at":   datetime.utcnow().isoformat(),
19:10:40  INFO     [FR] 'artificial intelligence' → 100 entries, 42 kept so far
19:10:40  INFO     [DE] 'artificial intelligence' → 100 entries, 47 kept so far
19:10:40  INFO     [PL] 'artificial intelligence' → 100 entries, 13 kept so far
19:10:40  INFO     [ES] 'artificial intelligence' → 100 entries, 60 kept so far
19:10:40  INFO     [IT] 'artificial intelligence' → 100 entries, 34 kept so far
19:10:41  INFO     [DE] 'AI regulation' → 100 entries, 95 kept so far
19:10:42  INFO     [PL] 'AI regulation' → 100 entries, 78 kept so far
19:10:42  INFO     [FR] 'AI regulation' → 100 entries, 104 kept so far
19:10:42  INFO     [ES] 'AI regulation' → 79 entries, 84 kept so far
19:10:42  INFO     [IT] 'AI regulation' → 100 entries, 95 kept so far
19:10:43  INFO     [DE] 'machine learning' → 100 entries, 143 kept so far
19:10:43  INFO     [FR] 'machine learning' → 100 entries, 159 kept so far
19:10:43  INFO     [IT] 'machine learning' → 100 entries, 168 kept so far
19:10:43  INFO     [PL] 'machine learning' → 100 entries, 114 kept so far
19:10:44  INFO     [ES] 'machine learning' → 100 entries, 158 kept so far
19:10:45  INFO     [FR] 'EU AI Act' → 77 entries, 207 kept so far
19:10:45  INFO     [DE] 'EU AI Act' → 100 entries, 227 kept so far
19:10:45  INFO     [IT] 'EU AI Act' → 100 entries, 237 kept so far
19:10:45  INFO     [PL] 'EU AI Act' → 77 entries, 127 kept so far
19:10:45  INFO     [ES] 'EU AI Act' → 78 entries, 196 kept so far
19:10:46  INFO     [FR] 'generative AI' → 100 entries, 238 kept so far
19:10:46  INFO     [DE] 'generative AI' → 100 entries, 246 kept so far
19:10:46  INFO     [IT] 'generative AI' → 100 entries, 277 kept so far
19:10:46  INFO     [PL] 'generative AI' → 100 entries, 160 kept so far
19:10:47  INFO     [ES] 'generative AI' → 100 entries, 235 kept so far
19:10:47  INFO     [FR] +105 new articles saved
19:10:47  INFO     [DE] +168 new articles saved
19:10:47  INFO     [IT] +136 new articles saved
19:10:47  INFO     [PL] +68 new articles saved
19:10:48  INFO     [NL] 'artificial intelligence' → 100 entries, 6 kept so far
19:10:48  INFO     [ES] +108 new articles saved
19:10:48  INFO     [SE] 'artificial intelligence' → 100 entries, 10 kept so far
19:10:48  INFO     [BE] 'artificial intelligence' → 100 entries, 55 kept so far
19:10:48  INFO     [AT] 'artificial intelligence' → 100 entries, 47 kept so far
19:10:48  INFO     [DK] 'artificial intelligence' → 100 entries, 15 kept so far
19:10:49  INFO     [NL] 'AI regulation' → 61 entries, 18 kept so far
19:10:49  INFO     [SE] 'AI regulation' → 73 entries, 24 kept so far
19:10:50  INFO     [BE] 'AI regulation' → 100 entries, 119 kept so far
19:10:50  INFO     [AT] 'AI regulation' → 66 entries, 87 kept so far
19:10:50  INFO     [DK] 'AI regulation' → 29 entries, 17 kept so far
19:10:51  INFO     [NL] 'machine learning' → 100 entries, 72 kept so far
19:10:51  INFO     [SE] 'machine learning' → 72 entries, 47 kept so far
19:10:51  INFO     [BE] 'machine learning' → 100 entries, 172 kept so far
19:10:51  INFO     [AT] 'machine learning' → 100 entries, 133 kept so far
19:10:52  INFO     [DK] 'machine learning' → 80 entries, 42 kept so far
19:10:52  INFO     [NL] 'EU AI Act' → 97 entries, 115 kept so far
19:10:52  INFO     [SE] 'EU AI Act' → 76 entries, 54 kept so far
19:10:53  INFO     [AT] 'EU AI Act' → 100 entries, 219 kept so far
19:10:53  INFO     [BE] 'EU AI Act' → 79 entries, 218 kept so far
19:10:53  INFO     [DK] 'EU AI Act' → 75 entries, 61 kept so far
19:10:54  INFO     [NL] 'generative AI' → 100 entries, 143 kept so far
19:10:54  INFO     [SE] 'generative AI' → 76 entries, 67 kept so far
19:10:54  INFO     [AT] 'generative AI' → 100 entries, 240 kept so far
19:10:54  INFO     [BE] 'generative AI' → 100 entries, 249 kept so far
19:10:55  INFO     [DK] 'generative AI' → 100 entries, 95 kept so far
19:10:55  INFO     [NL] +45 new articles saved
19:10:55  INFO     [SE] +25 new articles saved
19:10:55  INFO     [FI] 'artificial intelligence' → 100 entries, 55 kept so far
19:10:55  INFO     [PT] 'artificial intelligence' → 100 entries, 62 kept so far
19:10:55  INFO     [AT] +40 new articles saved
19:10:55  INFO     [BE] +20 new articles saved
19:10:56  INFO     [DK] +23 new articles saved
19:10:56  INFO     [CZ] 'artificial intelligence' → 100 entries, 19 kept so far
19:10:56  INFO     [RO] 'artificial intelligence' → 100 entries, 42 kept so far
19:10:56  INFO     [HU] 'artificial intelligence' → 100 entries, 20 kept so far
19:10:57  INFO     [FI] 'AI regulation' → 44 entries, 67 kept so far
19:10:57  INFO     [PT] 'AI regulation' → 78 entries, 92 kept so far
19:10:57  INFO     [CZ] 'AI regulation' → 74 entries, 43 kept so far
19:10:57  INFO     [RO] 'AI regulation' → 15 entries, 44 kept so far
19:10:58  INFO     [HU] 'AI regulation' → 78 entries, 22 kept so far
19:10:58  INFO     [FI] 'machine learning' → 93 entries, 104 kept so far
19:10:59  INFO     [PT] 'machine learning' → 100 entries, 165 kept so far
19:10:59  INFO     [CZ] 'machine learning' → 83 entries, 64 kept so far
19:10:59  INFO     [RO] 'machine learning' → 100 entries, 96 kept so far
19:10:59  INFO     [HU] 'machine learning' → 67 entries, 46 kept so far
19:11:00  INFO     [FI] 'EU AI Act' → 69 entries, 139 kept so far
19:11:00  INFO     [PT] 'EU AI Act' → 42 entries, 172 kept so far
19:11:00  INFO     [CZ] 'EU AI Act' → 77 entries, 78 kept so far
19:11:01  INFO     [RO] 'EU AI Act' → 77 entries, 108 kept so far
19:11:01  INFO     [HU] 'EU AI Act' → 77 entries, 65 kept so far
19:11:01  INFO     [FI] 'generative AI' → 66 entries, 178 kept so far
19:11:02  INFO     [CZ] 'generative AI' → 85 entries, 94 kept so far
19:11:02  INFO     [PT] 'generative AI' → 100 entries, 204 kept so far
19:11:02  INFO     [RO] 'generative AI' → 82 entries, 129 kept so far
19:11:02  INFO     [HU] 'generative AI' → 73 entries, 88 kept so far
19:11:02  INFO     [FI] +70 new articles saved
19:11:03  INFO     [GR] 'artificial intelligence' → 100 entries, 47 kept so far
19:11:03  INFO     [CZ] +52 new articles saved
19:11:03  INFO     [PT] +91 new articles saved
19:11:03  INFO     [RO] +48 new articles saved
19:11:03  INFO     [HR] 'artificial intelligence' → 102 entries, 73 kept so far
19:11:03  INFO     [SK] 'artificial intelligence' → 100 entries, 20 kept so far
19:11:03  INFO     [HU] +38 new articles saved
19:11:04  INFO     [IE] 'artificial intelligence' → 100 entries, 74 kept so far
19:11:04  INFO     [BG] 'artificial intelligence' → 66 entries, 32 kept so far
19:11:04  INFO     [GR] 'AI regulation' → 44 entries, 86 kept so far
19:11:05  INFO     [HR] 'AI regulation' → 100 entries, 108 kept so far
19:11:05  INFO     [SK] 'AI regulation' → 21 entries, 22 kept so far
19:11:05  INFO     [BG] 'AI regulation' → 5 entries, 35 kept so far
19:11:05  INFO     [IE] 'AI regulation' → 100 entries, 104 kept so far
19:11:06  INFO     [GR] 'machine learning' → 91 entries, 123 kept so far
19:11:06  INFO     [SK] 'machine learning' → 56 entries, 34 kept so far
19:11:06  INFO     [HR] 'machine learning' → 100 entries, 190 kept so far
19:11:06  INFO     [BG] 'machine learning' → 53 entries, 44 kept so far
19:11:07  INFO     [IE] 'machine learning' → 100 entries, 185 kept so far
19:11:07  INFO     [GR] 'EU AI Act' → 60 entries, 143 kept so far
19:11:08  INFO     [SK] 'EU AI Act' → 62 entries, 48 kept so far
19:11:08  INFO     [HR] 'EU AI Act' → 100 entries, 270 kept so far
19:11:08  INFO     [BG] 'EU AI Act' → 9 entries, 47 kept so far
19:11:09  INFO     [IE] 'EU AI Act' → 100 entries, 264 kept so far
19:11:09  INFO     [GR] 'generative AI' → 100 entries, 185 kept so far
19:11:09  INFO     [SK] 'generative AI' → 51 entries, 57 kept so far
19:11:09  INFO     [BG] 'generative AI' → 31 entries, 54 kept so far
19:11:09  INFO     [HR] 'generative AI' → 102 entries, 334 kept so far
19:11:10  INFO     [GR] +104 new articles saved
19:11:10  INFO     [SK] +19 new articles saved
19:11:10  INFO     [BG] +26 new articles saved
19:11:10  INFO     [LT] 'artificial intelligence' → 92 entries, 36 kept so far
19:11:10  INFO     [IE] 'generative AI' → 100 entries, 329 kept so far
19:11:10  INFO     [HR] +260 new articles saved
19:11:11  INFO     [LV] 'artificial intelligence' → 72 entries, 21 kept so far
19:11:11  INFO     [SI] 'artificial intelligence' → 99 entries, 48 kept so far
19:11:11  INFO     [EE] 'artificial intelligence' → 100 entries, 46 kept so far
19:11:11  INFO     [IE] +72 new articles saved
19:11:12  INFO     [LT] 'AI regulation' → 11 entries, 37 kept so far
19:11:12  INFO     [CY] 'artificial intelligence' → 100 entries, 47 kept so far
19:11:12  INFO     [LV] 'AI regulation' → 4 entries, 21 kept so far
19:11:12  INFO     [SI] 'AI regulation' → 2 entries, 49 kept so far
19:11:12  INFO     [EE] 'AI regulation' → 7 entries, 46 kept so far
19:11:13  INFO     [LT] 'machine learning' → 44 entries, 43 kept so far
19:11:13  INFO     [LV] 'machine learning' → 10 entries, 23 kept so far
19:11:13  INFO     [CY] 'AI regulation' → 44 entries, 86 kept so far
19:11:13  INFO     [SI] 'machine learning' → 24 entries, 52 kept so far
19:11:14  INFO     [EE] 'machine learning' → 29 entries, 49 kept so far
19:11:14  INFO     [LT] 'EU AI Act' → 19 entries, 44 kept so far
19:11:14  INFO     [LV] 'EU AI Act' → 8 entries, 23 kept so far
19:11:15  INFO     [SI] 'EU AI Act' → 23 entries, 56 kept so far
19:11:15  INFO     [CY] 'machine learning' → 91 entries, 123 kept so far
19:11:15  INFO     [EE] 'EU AI Act' → 17 entries, 51 kept so far
19:11:16  INFO     [LT] 'generative AI' → 26 entries, 50 kept so far
19:11:16  INFO     [LV] 'generative AI' → 7 entries, 25 kept so far
19:11:16  INFO     [SI] 'generative AI' → 15 entries, 59 kept so far
19:11:16  INFO     [CY] 'EU AI Act' → 60 entries, 143 kept so far
19:11:16  INFO     [EE] 'generative AI' → 10 entries, 54 kept so far
19:11:17  INFO     [LT] +19 new articles saved
19:11:17  INFO     [LV] +10 new articles saved
19:11:17  INFO     [MT] 'artificial intelligence' → 102 entries, 73 kept so far
19:11:17  INFO     [SI] +18 new articles saved
19:11:17  INFO     [LU] 'artificial intelligence' → 100 entries, 42 kept so far
19:11:17  INFO     [EE] +16 new articles saved
19:11:18  INFO     [CY] 'generative AI' → 100 entries, 185 kept so far
19:11:18  INFO     [MT] 'AI regulation' → 100 entries, 108 kept so far
19:11:19  INFO     [LU] 'AI regulation' → 100 entries, 104 kept so far
19:11:19  INFO     [CY] +0 new articles saved
19:11:19  INFO     [MT] 'machine learning' → 100 entries, 190 kept so far
19:11:20  INFO     [LU] 'machine learning' → 100 entries, 159 kept so far
19:11:20  INFO     [MT] 'EU AI Act' → 100 entries, 270 kept so far
19:11:21  INFO     [MT] 'generative AI' → 102 entries, 334 kept so far
19:11:22  INFO     [LU] 'EU AI Act' → 77 entries, 207 kept so far
19:11:22  INFO     [MT] +0 new articles saved
19:11:23  INFO     [LU] 'generative AI' → 100 entries, 238 kept so far
19:11:24  INFO     [LU] +0 new articles saved
19:11:24  INFO     Scrape complete. 1581 new articles this run.
