20:02:01  INFO     Starting scrape: 27 countries, 5 queries each
/home/runner/work/EU_AI_News/EU_AI_News/eu_ai_news_scraper.py:230: DeprecationWarning: datetime.datetime.utcnow() is deprecated and scheduled for removal in a future version. Use timezone-aware objects to represent datetimes in UTC: datetime.datetime.now(datetime.UTC).
  "scraped_at":   datetime.utcnow().isoformat(),
20:02:01  INFO     [DE] 'artificial intelligence' → 100 entries, 52 kept so far
20:02:01  INFO     [FR] 'artificial intelligence' → 100 entries, 49 kept so far
20:02:02  INFO     [IT] 'artificial intelligence' → 100 entries, 36 kept so far
20:02:02  INFO     [PL] 'artificial intelligence' → 100 entries, 13 kept so far
20:02:02  INFO     [ES] 'artificial intelligence' → 100 entries, 63 kept so far
20:02:03  INFO     [DE] 'AI regulation' → 100 entries, 106 kept so far
20:02:03  INFO     [IT] 'AI regulation' → 100 entries, 89 kept so far
20:02:03  INFO     [FR] 'AI regulation' → 100 entries, 114 kept so far
20:02:03  INFO     [PL] 'AI regulation' → 79 entries, 76 kept so far
20:02:03  INFO     [ES] 'AI regulation' → 74 entries, 85 kept so far
20:02:05  INFO     [DE] 'machine learning' → 100 entries, 145 kept so far
20:02:05  INFO     [IT] 'machine learning' → 100 entries, 164 kept so far
20:02:05  INFO     [FR] 'machine learning' → 100 entries, 170 kept so far
20:02:05  INFO     [ES] 'machine learning' → 100 entries, 155 kept so far
20:02:05  INFO     [PL] 'machine learning' → 100 entries, 112 kept so far
20:02:06  INFO     [DE] 'EU AI Act' → 100 entries, 233 kept so far
20:02:06  INFO     [IT] 'EU AI Act' → 100 entries, 238 kept so far
20:02:07  INFO     [FR] 'EU AI Act' → 81 entries, 220 kept so far
20:02:07  INFO     [ES] 'EU AI Act' → 77 entries, 193 kept so far
20:02:07  INFO     [PL] 'EU AI Act' → 76 entries, 128 kept so far
20:02:08  INFO     [DE] 'generative AI' → 100 entries, 254 kept so far
20:02:08  INFO     [IT] 'generative AI' → 100 entries, 286 kept so far
20:02:08  INFO     [FR] 'generative AI' → 100 entries, 259 kept so far
20:02:08  INFO     [PL] 'generative AI' → 100 entries, 162 kept so far
20:02:09  INFO     [ES] 'generative AI' → 100 entries, 233 kept so far
20:02:09  INFO     [DE] +163 new articles saved
20:02:09  INFO     [IT] +121 new articles saved
20:02:09  INFO     [FR] +118 new articles saved
20:02:09  INFO     [PL] +70 new articles saved
20:02:10  INFO     [NL] 'artificial intelligence' → 100 entries, 13 kept so far
20:02:10  INFO     [ES] +92 new articles saved
20:02:10  INFO     [BE] 'artificial intelligence' → 100 entries, 51 kept so far
20:02:10  INFO     [SE] 'artificial intelligence' → 100 entries, 10 kept so far
20:02:10  INFO     [AT] 'artificial intelligence' → 100 entries, 55 kept so far
20:02:10  INFO     [DK] 'artificial intelligence' → 100 entries, 17 kept so far
20:02:11  INFO     [NL] 'AI regulation' → 79 entries, 62 kept so far
20:02:11  INFO     [SE] 'AI regulation' → 60 entries, 24 kept so far
20:02:12  INFO     [BE] 'AI regulation' → 100 entries, 124 kept so far
20:02:12  INFO     [AT] 'AI regulation' → 62 entries, 93 kept so far
20:02:12  INFO     [DK] 'AI regulation' → 29 entries, 19 kept so far
20:02:13  INFO     [NL] 'machine learning' → 100 entries, 120 kept so far
20:02:13  INFO     [SE] 'machine learning' → 67 entries, 42 kept so far
20:02:13  INFO     [BE] 'machine learning' → 100 entries, 182 kept so far
20:02:13  INFO     [DK] 'machine learning' → 77 entries, 38 kept so far
20:02:14  INFO     [AT] 'machine learning' → 100 entries, 134 kept so far
20:02:14  INFO     [NL] 'EU AI Act' → 90 entries, 135 kept so far
20:02:14  INFO     [SE] 'EU AI Act' → 60 entries, 48 kept so far
20:02:15  INFO     [DK] 'EU AI Act' → 77 entries, 54 kept so far
20:02:15  INFO     [BE] 'EU AI Act' → 82 entries, 233 kept so far
20:02:15  INFO     [AT] 'EU AI Act' → 100 entries, 222 kept so far
20:02:16  INFO     [NL] 'generative AI' → 100 entries, 165 kept so far
20:02:16  INFO     [SE] 'generative AI' → 77 entries, 61 kept so far
20:02:17  INFO     [DK] 'generative AI' → 100 entries, 90 kept so far
20:02:17  INFO     [BE] 'generative AI' → 100 entries, 269 kept so far
20:02:17  INFO     [AT] 'generative AI' → 100 entries, 244 kept so far
20:02:17  INFO     [NL] +56 new articles saved
20:02:17  INFO     [SE] +17 new articles saved
20:02:18  INFO     [FI] 'artificial intelligence' → 100 entries, 67 kept so far
20:02:18  INFO     [DK] +22 new articles saved
20:02:18  INFO     [PT] 'artificial intelligence' → 100 entries, 56 kept so far
20:02:18  INFO     [BE] +27 new articles saved
20:02:18  INFO     [AT] +16 new articles saved
20:02:18  INFO     [CZ] 'artificial intelligence' → 100 entries, 18 kept so far
20:02:19  INFO     [RO] 'artificial intelligence' → 100 entries, 42 kept so far
20:02:19  INFO     [HU] 'artificial intelligence' → 100 entries, 17 kept so far
20:02:19  INFO     [FI] 'AI regulation' → 43 entries, 77 kept so far
20:02:20  INFO     [PT] 'AI regulation' → 79 entries, 94 kept so far
20:02:20  INFO     [CZ] 'AI regulation' → 76 entries, 43 kept so far
20:02:20  INFO     [RO] 'AI regulation' → 21 entries, 47 kept so far
20:02:20  INFO     [HU] 'AI regulation' → 79 entries, 20 kept so far
20:02:21  INFO     [FI] 'machine learning' → 88 entries, 114 kept so far
20:02:21  INFO     [PT] 'machine learning' → 100 entries, 161 kept so far
20:02:21  INFO     [CZ] 'machine learning' → 80 entries, 62 kept so far
20:02:22  INFO     [RO] 'machine learning' → 100 entries, 96 kept so far
20:02:22  INFO     [HU] 'machine learning' → 70 entries, 44 kept so far
20:02:22  INFO     [FI] 'EU AI Act' → 61 entries, 143 kept so far
20:02:23  INFO     [PT] 'EU AI Act' → 52 entries, 168 kept so far
20:02:23  INFO     [CZ] 'EU AI Act' → 74 entries, 71 kept so far
20:02:23  INFO     [RO] 'EU AI Act' → 78 entries, 108 kept so far
20:02:24  INFO     [HU] 'EU AI Act' → 77 entries, 64 kept so far
20:02:24  INFO     [FI] 'generative AI' → 65 entries, 176 kept so far
20:02:25  INFO     [PT] 'generative AI' → 100 entries, 205 kept so far
20:02:25  INFO     [CZ] 'generative AI' → 82 entries, 87 kept so far
20:02:25  INFO     [RO] 'generative AI' → 83 entries, 126 kept so far
20:02:25  INFO     [FI] +67 new articles saved
20:02:25  INFO     [HU] 'generative AI' → 80 entries, 89 kept so far
20:02:25  INFO     [GR] 'artificial intelligence' → 100 entries, 50 kept so far
20:02:26  INFO     [PT] +77 new articles saved
20:02:26  INFO     [CZ] +38 new articles saved
20:02:26  INFO     [RO] +41 new articles saved
20:02:26  INFO     [HR] 'artificial intelligence' → 104 entries, 48 kept so far
20:02:26  INFO     [SK] 'artificial intelligence' → 100 entries, 28 kept so far
20:02:26  INFO     [HU] +37 new articles saved
20:02:26  INFO     [IE] 'artificial intelligence' → 100 entries, 57 kept so far
20:02:27  INFO     [BG] 'artificial intelligence' → 66 entries, 31 kept so far
20:02:27  INFO     [GR] 'AI regulation' → 68 entries, 89 kept so far
20:02:28  INFO     [HR] 'AI regulation' → 100 entries, 90 kept so far
20:02:28  INFO     [SK] 'AI regulation' → 19 entries, 30 kept so far
20:02:28  INFO     [IE] 'AI regulation' → 100 entries, 98 kept so far
20:02:28  INFO     [BG] 'AI regulation' → 5 entries, 33 kept so far
20:02:29  INFO     [GR] 'machine learning' → 94 entries, 129 kept so far
20:02:29  INFO     [HR] 'machine learning' → 100 entries, 158 kept so far
20:02:29  INFO     [SK] 'machine learning' → 59 entries, 47 kept so far
20:02:30  INFO     [BG] 'machine learning' → 52 entries, 41 kept so far
20:02:30  INFO     [IE] 'machine learning' → 100 entries, 162 kept so far
20:02:30  INFO     [GR] 'EU AI Act' → 65 entries, 144 kept so far
20:02:31  INFO     [SK] 'EU AI Act' → 50 entries, 61 kept so far
20:02:31  INFO     [HR] 'EU AI Act' → 100 entries, 241 kept so far
20:02:31  INFO     [BG] 'EU AI Act' → 10 entries, 44 kept so far
20:02:32  INFO     [IE] 'EU AI Act' → 100 entries, 241 kept so far
20:02:32  INFO     [GR] 'generative AI' → 100 entries, 181 kept so far
20:02:32  INFO     [SK] 'generative AI' → 47 entries, 71 kept so far
20:02:32  INFO     [HR] 'generative AI' → 100 entries, 305 kept so far
20:02:32  INFO     [BG] 'generative AI' → 31 entries, 50 kept so far
20:02:33  INFO     [GR] +81 new articles saved
20:02:33  INFO     [SK] +25 new articles saved
20:02:33  INFO     [IE] 'generative AI' → 100 entries, 306 kept so far
20:02:33  INFO     [HR] +196 new articles saved
20:02:33  INFO     [BG] +25 new articles saved
20:02:34  INFO     [LT] 'artificial intelligence' → 90 entries, 35 kept so far
20:02:34  INFO     [SI] 'artificial intelligence' → 100 entries, 40 kept so far
20:02:34  INFO     [LV] 'artificial intelligence' → 72 entries, 20 kept so far
20:02:34  INFO     [EE] 'artificial intelligence' → 100 entries, 47 kept so far
20:02:34  INFO     [IE] +64 new articles saved
20:02:35  INFO     [LT] 'AI regulation' → 15 entries, 38 kept so far
20:02:35  INFO     [CY] 'artificial intelligence' → 100 entries, 48 kept so far
20:02:35  INFO     [SI] 'AI regulation' → 4 entries, 40 kept so far
20:02:35  INFO     [LV] 'AI regulation' → 11 entries, 20 kept so far
20:02:36  INFO     [EE] 'AI regulation' → 14 entries, 47 kept so far
20:02:36  INFO     [LT] 'machine learning' → 37 entries, 43 kept so far
20:02:36  INFO     [SI] 'machine learning' → 22 entries, 43 kept so far
20:02:37  INFO     [CY] 'AI regulation' → 68 entries, 88 kept so far
20:02:37  INFO     [LV] 'machine learning' → 10 entries, 22 kept so far
20:02:37  INFO     [EE] 'machine learning' → 29 entries, 49 kept so far
20:02:38  INFO     [LT] 'EU AI Act' → 23 entries, 45 kept so far
20:02:38  INFO     [SI] 'EU AI Act' → 21 entries, 49 kept so far
20:02:38  INFO     [LV] 'EU AI Act' → 9 entries, 22 kept so far
20:02:38  INFO     [CY] 'machine learning' → 93 entries, 127 kept so far
20:02:39  INFO     [EE] 'EU AI Act' → 16 entries, 52 kept so far
20:02:39  INFO     [LV] 'generative AI' → 10 entries, 24 kept so far
20:02:39  INFO     [LT] 'generative AI' → 27 entries, 54 kept so far
20:02:39  INFO     [SI] 'generative AI' → 12 entries, 51 kept so far
20:02:40  INFO     [CY] 'EU AI Act' → 66 entries, 143 kept so far
20:02:40  INFO     [EE] 'generative AI' → 13 entries, 56 kept so far
20:02:40  INFO     [LV] +7 new articles saved
20:02:40  INFO     [LT] +20 new articles saved
20:02:40  INFO     [SI] +11 new articles saved
20:02:40  INFO     [MT] 'artificial intelligence' → 104 entries, 48 kept so far
20:02:41  INFO     [LU] 'artificial intelligence' → 100 entries, 49 kept so far
20:02:41  INFO     [EE] +15 new articles saved
20:02:42  INFO     [CY] 'generative AI' → 100 entries, 180 kept so far
20:02:42  INFO     [MT] 'AI regulation' → 100 entries, 90 kept so far
20:02:42  INFO     [LU] 'AI regulation' → 100 entries, 114 kept so far
20:02:43  INFO     [CY] +3 new articles saved
20:02:43  INFO     [MT] 'machine learning' → 100 entries, 158 kept so far
20:02:44  INFO     [MT] 'EU AI Act' → 100 entries, 241 kept so far
20:02:44  INFO     [LU] 'machine learning' → 100 entries, 170 kept so far
20:02:45  INFO     [MT] 'generative AI' → 100 entries, 305 kept so far
20:02:46  INFO     [LU] 'EU AI Act' → 80 entries, 219 kept so far
20:02:46  INFO     [MT] +0 new articles saved
20:02:47  INFO     [LU] 'generative AI' → 100 entries, 258 kept so far
20:02:48  INFO     [LU] +0 new articles saved
20:02:48  INFO     Scrape complete. 1409 new articles this run.
