19:27:14  INFO     Starting scrape: 27 countries, 5 queries each
/home/runner/work/EU_AI_News/EU_AI_News/eu_ai_news_scraper.py:230: DeprecationWarning: datetime.datetime.utcnow() is deprecated and scheduled for removal in a future version. Use timezone-aware objects to represent datetimes in UTC: datetime.datetime.now(datetime.UTC).
  "scraped_at":   datetime.utcnow().isoformat(),
19:27:14  INFO     [FR] 'artificial intelligence' → 100 entries, 59 kept so far
19:27:15  INFO     [DE] 'artificial intelligence' → 100 entries, 52 kept so far
19:27:15  INFO     [IT] 'artificial intelligence' → 100 entries, 35 kept so far
19:27:15  INFO     [PL] 'artificial intelligence' → 100 entries, 19 kept so far
19:27:15  INFO     [ES] 'artificial intelligence' → 100 entries, 64 kept so far
19:27:16  INFO     [DE] 'AI regulation' → 100 entries, 127 kept so far
19:27:16  INFO     [PL] 'AI regulation' → 74 entries, 75 kept so far
19:27:16  INFO     [FR] 'AI regulation' → 100 entries, 139 kept so far
19:27:16  INFO     [ES] 'AI regulation' → 81 entries, 115 kept so far
19:27:16  INFO     [IT] 'AI regulation' → 100 entries, 123 kept so far
19:27:18  INFO     [DE] 'machine learning' → 100 entries, 166 kept so far
19:27:18  INFO     [FR] 'machine learning' → 100 entries, 193 kept so far
19:27:18  INFO     [PL] 'machine learning' → 100 entries, 112 kept so far
19:27:18  INFO     [IT] 'machine learning' → 100 entries, 196 kept so far
19:27:18  INFO     [ES] 'machine learning' → 100 entries, 189 kept so far
19:27:19  INFO     [DE] 'EU AI Act' → 100 entries, 243 kept so far
19:27:19  INFO     [FR] 'EU AI Act' → 79 entries, 236 kept so far
19:27:19  INFO     [PL] 'EU AI Act' → 72 entries, 127 kept so far
19:27:20  INFO     [IT] 'EU AI Act' → 100 entries, 275 kept so far
19:27:20  INFO     [ES] 'EU AI Act' → 78 entries, 211 kept so far
19:27:21  INFO     [DE] 'generative AI' → 100 entries, 262 kept so far
19:27:21  INFO     [PL] 'generative AI' → 100 entries, 161 kept so far
19:27:21  INFO     [FR] 'generative AI' → 100 entries, 271 kept so far
19:27:21  INFO     [ES] 'generative AI' → 100 entries, 254 kept so far
19:27:21  INFO     [IT] 'generative AI' → 100 entries, 322 kept so far
19:27:22  INFO     [DE] +156 new articles saved
19:27:22  INFO     [PL] +69 new articles saved
19:27:22  INFO     [FR] +108 new articles saved
19:27:22  INFO     [ES] +103 new articles saved
19:27:22  INFO     [NL] 'artificial intelligence' → 100 entries, 10 kept so far
19:27:22  INFO     [IT] +124 new articles saved
19:27:23  INFO     [SE] 'artificial intelligence' → 100 entries, 14 kept so far
19:27:23  INFO     [BE] 'artificial intelligence' → 100 entries, 64 kept so far
19:27:23  INFO     [AT] 'artificial intelligence' → 100 entries, 50 kept so far
19:27:23  INFO     [DK] 'artificial intelligence' → 100 entries, 22 kept so far
19:27:24  INFO     [NL] 'AI regulation' → 79 entries, 60 kept so far
19:27:24  INFO     [SE] 'AI regulation' → 78 entries, 27 kept so far
19:27:24  INFO     [BE] 'AI regulation' → 100 entries, 147 kept so far
19:27:24  INFO     [DK] 'AI regulation' → 33 entries, 25 kept so far
19:27:25  INFO     [AT] 'AI regulation' → 100 entries, 125 kept so far
19:27:25  INFO     [NL] 'machine learning' → 100 entries, 120 kept so far
19:27:26  INFO     [SE] 'machine learning' → 75 entries, 47 kept so far
19:27:26  INFO     [DK] 'machine learning' → 78 entries, 45 kept so far
19:27:26  INFO     [BE] 'machine learning' → 100 entries, 202 kept so far
19:27:26  INFO     [AT] 'machine learning' → 100 entries, 167 kept so far
19:27:27  INFO     [NL] 'EU AI Act' → 100 entries, 137 kept so far
19:27:27  INFO     [SE] 'EU AI Act' → 68 entries, 54 kept so far
19:27:28  INFO     [DK] 'EU AI Act' → 76 entries, 59 kept so far
19:27:28  INFO     [BE] 'EU AI Act' → 80 entries, 245 kept so far
19:27:28  INFO     [AT] 'EU AI Act' → 100 entries, 248 kept so far
19:27:29  INFO     [NL] 'generative AI' → 100 entries, 166 kept so far
19:27:29  INFO     [SE] 'generative AI' → 73 entries, 65 kept so far
19:27:29  INFO     [DK] 'generative AI' → 100 entries, 96 kept so far
19:27:29  INFO     [AT] 'generative AI' → 100 entries, 267 kept so far
19:27:30  INFO     [BE] 'generative AI' → 100 entries, 283 kept so far
19:27:30  INFO     [NL] +52 new articles saved
19:27:30  INFO     [SE] +21 new articles saved
19:27:30  INFO     [DK] +27 new articles saved
19:27:30  INFO     [FI] 'artificial intelligence' → 100 entries, 59 kept so far
19:27:30  INFO     [PT] 'artificial intelligence' → 100 entries, 54 kept so far
19:27:30  INFO     [AT] +19 new articles saved
19:27:31  INFO     [BE] +18 new articles saved
19:27:31  INFO     [RO] 'artificial intelligence' → 100 entries, 41 kept so far
19:27:31  INFO     [CZ] 'artificial intelligence' → 100 entries, 23 kept so far
19:27:31  INFO     [HU] 'artificial intelligence' → 100 entries, 17 kept so far
19:27:32  INFO     [FI] 'AI regulation' → 50 entries, 72 kept so far
19:27:32  INFO     [PT] 'AI regulation' → 79 entries, 90 kept so far
19:27:33  INFO     [RO] 'AI regulation' → 75 entries, 48 kept so far
19:27:33  INFO     [CZ] 'AI regulation' → 73 entries, 49 kept so far
19:27:33  INFO     [HU] 'AI regulation' → 80 entries, 21 kept so far
19:27:33  INFO     [FI] 'machine learning' → 87 entries, 108 kept so far
19:27:34  INFO     [PT] 'machine learning' → 100 entries, 168 kept so far
19:27:34  INFO     [CZ] 'machine learning' → 81 entries, 70 kept so far
19:27:34  INFO     [HU] 'machine learning' → 69 entries, 45 kept so far
19:27:34  INFO     [RO] 'machine learning' → 100 entries, 96 kept so far
19:27:35  INFO     [FI] 'EU AI Act' → 54 entries, 136 kept so far
19:27:35  INFO     [PT] 'EU AI Act' → 46 entries, 174 kept so far
19:27:36  INFO     [CZ] 'EU AI Act' → 71 entries, 81 kept so far
19:27:36  INFO     [HU] 'EU AI Act' → 78 entries, 65 kept so far
19:27:36  INFO     [RO] 'EU AI Act' → 74 entries, 107 kept so far
19:27:37  INFO     [FI] 'generative AI' → 64 entries, 169 kept so far
19:27:37  INFO     [PT] 'generative AI' → 100 entries, 211 kept so far
19:27:37  INFO     [HU] 'generative AI' → 78 entries, 91 kept so far
19:27:37  INFO     [CZ] 'generative AI' → 79 entries, 96 kept so far
19:27:37  INFO     [RO] 'generative AI' → 86 entries, 131 kept so far
19:27:38  INFO     [FI] +62 new articles saved
19:27:38  INFO     [PT] +81 new articles saved
19:27:38  INFO     [GR] 'artificial intelligence' → 100 entries, 48 kept so far
19:27:38  INFO     [HU] +34 new articles saved
19:27:38  INFO     [CZ] +41 new articles saved
19:27:38  INFO     [SK] 'artificial intelligence' → 100 entries, 26 kept so far
19:27:38  INFO     [RO] +37 new articles saved
19:27:39  INFO     [HR] 'artificial intelligence' → 100 entries, 76 kept so far
19:27:39  INFO     [BG] 'artificial intelligence' → 76 entries, 32 kept so far
19:27:39  INFO     [IE] 'artificial intelligence' → 100 entries, 78 kept so far
19:27:40  INFO     [GR] 'AI regulation' → 53 entries, 83 kept so far
19:27:40  INFO     [SK] 'AI regulation' → 17 entries, 28 kept so far
19:27:40  INFO     [BG] 'AI regulation' → 9 entries, 36 kept so far
19:27:40  INFO     [HR] 'AI regulation' → 100 entries, 110 kept so far
19:27:41  INFO     [IE] 'AI regulation' → 100 entries, 125 kept so far
19:27:41  INFO     [SK] 'machine learning' → 57 entries, 43 kept so far
19:27:41  INFO     [GR] 'machine learning' → 93 entries, 123 kept so far
19:27:42  INFO     [BG] 'machine learning' → 56 entries, 46 kept so far
19:27:42  INFO     [HR] 'machine learning' → 100 entries, 180 kept so far
19:27:42  INFO     [IE] 'machine learning' → 100 entries, 194 kept so far
19:27:43  INFO     [SK] 'EU AI Act' → 49 entries, 55 kept so far
19:27:43  INFO     [GR] 'EU AI Act' → 69 entries, 144 kept so far
19:27:43  INFO     [BG] 'EU AI Act' → 10 entries, 49 kept so far
19:27:44  INFO     [HR] 'EU AI Act' → 100 entries, 263 kept so far
19:27:44  INFO     [SK] 'generative AI' → 39 entries, 62 kept so far
19:27:44  INFO     [IE] 'EU AI Act' → 100 entries, 269 kept so far
19:27:44  INFO     [BG] 'generative AI' → 32 entries, 53 kept so far
19:27:44  INFO     [GR] 'generative AI' → 100 entries, 182 kept so far
19:27:45  INFO     [HR] 'generative AI' → 100 entries, 322 kept so far
19:27:45  INFO     [SK] +18 new articles saved
19:27:45  INFO     [BG] +22 new articles saved
19:27:45  INFO     [GR] +80 new articles saved
19:27:46  INFO     [LT] 'artificial intelligence' → 93 entries, 31 kept so far
19:27:46  INFO     [IE] 'generative AI' → 100 entries, 332 kept so far
19:27:46  INFO     [LV] 'artificial intelligence' → 68 entries, 23 kept so far
19:27:46  INFO     [SI] 'artificial intelligence' → 100 entries, 49 kept so far
19:27:46  INFO     [HR] +212 new articles saved
19:27:47  INFO     [EE] 'artificial intelligence' → 100 entries, 45 kept so far
19:27:47  INFO     [IE] +75 new articles saved
19:27:47  INFO     [LT] 'AI regulation' → 20 entries, 34 kept so far
19:27:47  INFO     [LV] 'AI regulation' → 13 entries, 23 kept so far
19:27:47  INFO     [SI] 'AI regulation' → 3 entries, 49 kept so far
19:27:47  INFO     [CY] 'artificial intelligence' → 100 entries, 48 kept so far
19:27:48  INFO     [EE] 'AI regulation' → 19 entries, 47 kept so far
19:27:48  INFO     [LT] 'machine learning' → 31 entries, 39 kept so far
19:27:48  INFO     [LV] 'machine learning' → 12 entries, 25 kept so far
19:27:49  INFO     [SI] 'machine learning' → 23 entries, 52 kept so far
19:27:49  INFO     [CY] 'AI regulation' → 53 entries, 83 kept so far
19:27:49  INFO     [EE] 'machine learning' → 18 entries, 49 kept so far
19:27:50  INFO     [LT] 'EU AI Act' → 19 entries, 40 kept so far
19:27:50  INFO     [LV] 'EU AI Act' → 9 entries, 25 kept so far
19:27:50  INFO     [SI] 'EU AI Act' → 19 entries, 56 kept so far
19:27:50  INFO     [CY] 'machine learning' → 93 entries, 123 kept so far
19:27:51  INFO     [EE] 'EU AI Act' → 16 entries, 52 kept so far
19:27:51  INFO     [LT] 'generative AI' → 28 entries, 47 kept so far
19:27:51  INFO     [LV] 'generative AI' → 8 entries, 27 kept so far
19:27:51  INFO     [SI] 'generative AI' → 13 entries, 59 kept so far
19:27:52  INFO     [CY] 'EU AI Act' → 69 entries, 144 kept so far
19:27:52  INFO     [LT] +13 new articles saved
19:27:52  INFO     [EE] 'generative AI' → 13 entries, 56 kept so far
19:27:52  INFO     [LV] +9 new articles saved
19:27:52  INFO     [MT] 'artificial intelligence' → 100 entries, 76 kept so far
19:27:52  INFO     [SI] +15 new articles saved
19:27:52  INFO     [LU] 'artificial intelligence' → 100 entries, 59 kept so far
19:27:53  INFO     [EE] +12 new articles saved
19:27:53  INFO     [CY] 'generative AI' → 100 entries, 182 kept so far
19:27:53  INFO     [MT] 'AI regulation' → 100 entries, 110 kept so far
19:27:54  INFO     [LU] 'AI regulation' → 100 entries, 139 kept so far
19:27:54  INFO     [CY] +0 new articles saved
19:27:54  INFO     [MT] 'machine learning' → 100 entries, 180 kept so far
19:27:55  INFO     [LU] 'machine learning' → 100 entries, 193 kept so far
19:27:56  INFO     [MT] 'EU AI Act' → 100 entries, 263 kept so far
19:27:57  INFO     [MT] 'generative AI' → 100 entries, 322 kept so far
19:27:57  INFO     [LU] 'EU AI Act' → 79 entries, 236 kept so far
19:27:58  INFO     [MT] +0 new articles saved
19:27:59  INFO     [LU] 'generative AI' → 100 entries, 271 kept so far
19:28:00  INFO     [LU] +0 new articles saved
19:28:00  INFO     Scrape complete. 1408 new articles this run.
