19:54:15  INFO     Starting scrape: 27 countries, 5 queries each
19:54:16  INFO     [PL] 'artificial intelligence' → 100 entries, 19 kept so far
/home/runner/work/EU_AI_News/EU_AI_News/eu_ai_news_scraper.py:230: DeprecationWarning: datetime.datetime.utcnow() is deprecated and scheduled for removal in a future version. Use timezone-aware objects to represent datetimes in UTC: datetime.datetime.now(datetime.UTC).
  "scraped_at":   datetime.utcnow().isoformat(),
19:54:16  INFO     [FR] 'artificial intelligence' → 100 entries, 49 kept so far
19:54:16  INFO     [IT] 'artificial intelligence' → 100 entries, 23 kept so far
19:54:16  INFO     [DE] 'artificial intelligence' → 100 entries, 45 kept so far
19:54:16  INFO     [ES] 'artificial intelligence' → 100 entries, 67 kept so far
19:54:17  INFO     [FR] 'AI regulation' → 100 entries, 141 kept so far
19:54:17  INFO     [PL] 'AI regulation' → 79 entries, 74 kept so far
19:54:17  INFO     [IT] 'AI regulation' → 100 entries, 107 kept so far
19:54:18  INFO     [DE] 'AI regulation' → 94 entries, 113 kept so far
19:54:18  INFO     [ES] 'AI regulation' → 78 entries, 105 kept so far
19:54:19  INFO     [DE] 'machine learning' → 0 entries, 113 kept so far
19:54:19  INFO     [FR] 'machine learning' → 100 entries, 201 kept so far
19:54:19  INFO     [ES] 'machine learning' → 100 entries, 177 kept so far
19:54:19  INFO     [IT] 'machine learning' → 100 entries, 183 kept so far
19:54:19  INFO     [PL] 'machine learning' → 100 entries, 110 kept so far
19:54:20  INFO     [DE] 'EU AI Act' → 100 entries, 189 kept so far
19:54:20  INFO     [FR] 'EU AI Act' → 78 entries, 230 kept so far
19:54:21  INFO     [ES] 'EU AI Act' → 79 entries, 200 kept so far
19:54:21  INFO     [IT] 'EU AI Act' → 100 entries, 260 kept so far
19:54:21  INFO     [PL] 'EU AI Act' → 73 entries, 124 kept so far
19:54:22  INFO     [DE] 'generative AI' → 100 entries, 215 kept so far
19:54:22  INFO     [FR] 'generative AI' → 100 entries, 267 kept so far
19:54:22  INFO     [ES] 'generative AI' → 100 entries, 244 kept so far
19:54:23  INFO     [IT] 'generative AI' → 100 entries, 305 kept so far
19:54:23  INFO     [PL] 'generative AI' → 100 entries, 153 kept so far
19:54:23  INFO     [DE] +63 new articles saved
19:54:23  INFO     [FR] +71 new articles saved
19:54:23  INFO     [NL] 'artificial intelligence' → 100 entries, 11 kept so far
19:54:23  INFO     [ES] +54 new articles saved
19:54:24  INFO     [IT] +90 new articles saved
19:54:24  INFO     [PL] +31 new articles saved
19:54:24  INFO     [BE] 'artificial intelligence' → 100 entries, 52 kept so far
19:54:24  INFO     [SE] 'artificial intelligence' → 100 entries, 8 kept so far
19:54:24  INFO     [DK] 'artificial intelligence' → 100 entries, 20 kept so far
19:54:24  INFO     [AT] 'artificial intelligence' → 100 entries, 41 kept so far
19:54:25  INFO     [NL] 'AI regulation' → 78 entries, 48 kept so far
19:54:25  INFO     [BE] 'AI regulation' → 100 entries, 142 kept so far
19:54:26  INFO     [SE] 'AI regulation' → 78 entries, 22 kept so far
19:54:26  INFO     [DK] 'AI regulation' → 36 entries, 25 kept so far
19:54:26  INFO     [AT] 'AI regulation' → 98 entries, 110 kept so far
19:54:27  INFO     [NL] 'machine learning' → 100 entries, 111 kept so far
19:54:27  INFO     [BE] 'machine learning' → 100 entries, 202 kept so far
19:54:27  INFO     [SE] 'machine learning' → 76 entries, 45 kept so far
19:54:27  INFO     [DK] 'machine learning' → 75 entries, 46 kept so far
19:54:27  INFO     [AT] 'machine learning' → 45 entries, 142 kept so far
19:54:28  INFO     [NL] 'EU AI Act' → 93 entries, 139 kept so far
19:54:29  INFO     [SE] 'EU AI Act' → 59 entries, 51 kept so far
19:54:29  INFO     [BE] 'EU AI Act' → 76 entries, 228 kept so far
19:54:29  INFO     [DK] 'EU AI Act' → 78 entries, 64 kept so far
19:54:29  INFO     [AT] 'EU AI Act' → 100 entries, 222 kept so far
19:54:30  INFO     [NL] 'generative AI' → 100 entries, 168 kept so far
19:54:30  INFO     [SE] 'generative AI' → 70 entries, 63 kept so far
19:54:30  INFO     [BE] 'generative AI' → 100 entries, 263 kept so far
19:54:30  INFO     [DK] 'generative AI' → 98 entries, 98 kept so far
19:54:31  INFO     [AT] 'generative AI' → 100 entries, 248 kept so far
19:54:31  INFO     [NL] +30 new articles saved
19:54:31  INFO     [SE] +15 new articles saved
19:54:31  INFO     [BE] +12 new articles saved
19:54:31  INFO     [DK] +17 new articles saved
19:54:32  INFO     [FI] 'artificial intelligence' → 100 entries, 67 kept so far
19:54:32  INFO     [PT] 'artificial intelligence' → 100 entries, 54 kept so far
19:54:32  INFO     [AT] +29 new articles saved
19:54:32  INFO     [CZ] 'artificial intelligence' → 100 entries, 21 kept so far
19:54:32  INFO     [RO] 'artificial intelligence' → 100 entries, 38 kept so far
19:54:32  INFO     [HU] 'artificial intelligence' → 100 entries, 14 kept so far
19:54:33  INFO     [FI] 'AI regulation' → 43 entries, 74 kept so far
19:54:33  INFO     [PT] 'AI regulation' → 78 entries, 90 kept so far
19:54:33  INFO     [CZ] 'AI regulation' → 77 entries, 35 kept so far
19:54:34  INFO     [RO] 'AI regulation' → 78 entries, 48 kept so far
19:54:34  INFO     [HU] 'AI regulation' → 78 entries, 18 kept so far
19:54:35  INFO     [FI] 'machine learning' → 95 entries, 109 kept so far
19:54:35  INFO     [CZ] 'machine learning' → 86 entries, 54 kept so far
19:54:35  INFO     [PT] 'machine learning' → 100 entries, 167 kept so far
19:54:35  INFO     [RO] 'machine learning' → 100 entries, 94 kept so far
19:54:35  INFO     [HU] 'machine learning' → 63 entries, 35 kept so far
19:54:36  INFO     [FI] 'EU AI Act' → 76 entries, 152 kept so far
19:54:37  INFO     [CZ] 'EU AI Act' → 71 entries, 66 kept so far
19:54:37  INFO     [PT] 'EU AI Act' → 71 entries, 178 kept so far
19:54:37  INFO     [RO] 'EU AI Act' → 73 entries, 108 kept so far
19:54:37  INFO     [HU] 'EU AI Act' → 77 entries, 50 kept so far
19:54:38  INFO     [FI] 'generative AI' → 66 entries, 185 kept so far
19:54:38  INFO     [CZ] 'generative AI' → 0 entries, 66 kept so far
19:54:38  INFO     [RO] 'generative AI' → 76 entries, 134 kept so far
19:54:38  INFO     [HU] 'generative AI' → 73 entries, 76 kept so far
19:54:38  INFO     [PT] 'generative AI' → 100 entries, 211 kept so far
19:54:39  INFO     [FI] +53 new articles saved
19:54:39  INFO     [CZ] +16 new articles saved
19:54:39  INFO     [GR] 'artificial intelligence' → 100 entries, 48 kept so far
19:54:39  INFO     [RO] +28 new articles saved
19:54:39  INFO     [HU] +13 new articles saved
19:54:39  INFO     [PT] +47 new articles saved
19:54:40  INFO     [SK] 'artificial intelligence' → 100 entries, 28 kept so far
19:54:40  INFO     [HR] 'artificial intelligence' → 100 entries, 53 kept so far
19:54:40  INFO     [BG] 'artificial intelligence' → 81 entries, 38 kept so far
19:54:40  INFO     [IE] 'artificial intelligence' → 100 entries, 53 kept so far
19:54:41  INFO     [GR] 'AI regulation' → 79 entries, 80 kept so far
19:54:41  INFO     [SK] 'AI regulation' → 0 entries, 28 kept so far
19:54:41  INFO     [BG] 'AI regulation' → 8 entries, 39 kept so far
19:54:41  INFO     [HR] 'AI regulation' → 100 entries, 91 kept so far
19:54:42  INFO     [IE] 'AI regulation' → 100 entries, 92 kept so far
19:54:42  INFO     [SK] 'machine learning' → 57 entries, 39 kept so far
19:54:42  INFO     [GR] 'machine learning' → 95 entries, 119 kept so far
19:54:43  INFO     [BG] 'machine learning' → 59 entries, 52 kept so far
19:54:43  INFO     [HR] 'machine learning' → 100 entries, 173 kept so far
19:54:43  INFO     [IE] 'machine learning' → 100 entries, 170 kept so far
19:54:44  INFO     [SK] 'EU AI Act' → 51 entries, 51 kept so far
19:54:44  INFO     [GR] 'EU AI Act' → 69 entries, 135 kept so far
19:54:44  INFO     [BG] 'EU AI Act' → 6 entries, 54 kept so far
19:54:45  INFO     [HR] 'EU AI Act' → 100 entries, 249 kept so far
19:54:45  INFO     [IE] 'EU AI Act' → 100 entries, 244 kept so far
19:54:45  INFO     [SK] 'generative AI' → 40 entries, 61 kept so far
19:54:46  INFO     [BG] 'generative AI' → 29 entries, 58 kept so far
19:54:46  INFO     [GR] 'generative AI' → 100 entries, 174 kept so far
19:54:46  INFO     [HR] 'generative AI' → 100 entries, 297 kept so far
19:54:46  INFO     [SK] +18 new articles saved
19:54:47  INFO     [BG] +15 new articles saved
19:54:47  INFO     [GR] +42 new articles saved
19:54:47  INFO     [LT] 'artificial intelligence' → 100 entries, 30 kept so far
19:54:47  INFO     [LV] 'artificial intelligence' → 68 entries, 26 kept so far
19:54:47  INFO     [IE] 'generative AI' → 100 entries, 299 kept so far
19:54:47  INFO     [SI] 'artificial intelligence' → 99 entries, 42 kept so far
19:54:47  INFO     [HR] +170 new articles saved
19:54:48  INFO     [EE] 'artificial intelligence' → 100 entries, 50 kept so far
19:54:48  INFO     [IE] +45 new articles saved
19:54:48  INFO     [LT] 'AI regulation' → 8 entries, 31 kept so far
19:54:48  INFO     [LV] 'AI regulation' → 10 entries, 26 kept so far
19:54:49  INFO     [SI] 'AI regulation' → 4 entries, 42 kept so far
19:54:49  INFO     [CY] 'artificial intelligence' → 100 entries, 48 kept so far
19:54:49  INFO     [EE] 'AI regulation' → 16 entries, 51 kept so far
19:54:50  INFO     [LT] 'machine learning' → 32 entries, 35 kept so far
19:54:50  INFO     [LV] 'machine learning' → 11 entries, 28 kept so far
19:54:50  INFO     [SI] 'machine learning' → 23 entries, 46 kept so far
19:54:50  INFO     [CY] 'AI regulation' → 79 entries, 80 kept so far
19:54:51  INFO     [EE] 'machine learning' → 17 entries, 52 kept so far
19:54:51  INFO     [LV] 'EU AI Act' → 7 entries, 28 kept so far
19:54:51  INFO     [LT] 'EU AI Act' → 13 entries, 37 kept so far
19:54:51  INFO     [SI] 'EU AI Act' → 23 entries, 51 kept so far
19:54:52  INFO     [CY] 'machine learning' → 28 entries, 95 kept so far
19:54:52  INFO     [EE] 'EU AI Act' → 21 entries, 56 kept so far
19:54:52  INFO     [LT] 'generative AI' → 29 entries, 45 kept so far
19:54:52  INFO     [LV] 'generative AI' → 10 entries, 30 kept so far
19:54:53  INFO     [SI] 'generative AI' → 13 entries, 54 kept so far
19:54:53  INFO     [CY] 'EU AI Act' → 68 entries, 113 kept so far
19:54:53  INFO     [LT] +7 new articles saved
19:54:53  INFO     [LV] +5 new articles saved
19:54:53  INFO     [MT] 'artificial intelligence' → 100 entries, 53 kept so far
19:54:53  INFO     [EE] 'generative AI' → 16 entries, 62 kept so far
19:54:54  INFO     [LU] 'artificial intelligence' → 100 entries, 49 kept so far
19:54:54  INFO     [SI] +10 new articles saved
19:54:54  INFO     [EE] +12 new articles saved
19:54:55  INFO     [MT] 'AI regulation' → 100 entries, 91 kept so far
19:54:55  INFO     [CY] 'generative AI' → 100 entries, 153 kept so far
19:54:55  INFO     [LU] 'AI regulation' → 100 entries, 141 kept so far
19:54:56  INFO     [CY] +5 new articles saved
19:54:56  INFO     [MT] 'machine learning' → 100 entries, 173 kept so far
19:54:57  INFO     [LU] 'machine learning' → 100 entries, 201 kept so far
19:54:57  INFO     [MT] 'EU AI Act' → 100 entries, 249 kept so far
19:54:58  INFO     [MT] 'generative AI' → 100 entries, 297 kept so far
19:54:59  INFO     [LU] 'EU AI Act' → 78 entries, 230 kept so far
19:54:59  INFO     [MT] +0 new articles saved
19:55:00  INFO     [LU] 'generative AI' → 100 entries, 267 kept so far
19:55:01  INFO     [LU] +0 new articles saved
19:55:01  INFO     Scrape complete. 898 new articles this run.
