07:58:45  INFO     Starting scrape: 27 countries, 5 queries each
/home/runner/work/EU_AI_News/EU_AI_News/eu_ai_news_scraper.py:230: DeprecationWarning: datetime.datetime.utcnow() is deprecated and scheduled for removal in a future version. Use timezone-aware objects to represent datetimes in UTC: datetime.datetime.now(datetime.UTC).
  "scraped_at":   datetime.utcnow().isoformat(),
07:58:45  INFO     [DE] 'artificial intelligence' → 100 entries, 44 kept so far
07:58:45  INFO     [PL] 'artificial intelligence' → 100 entries, 12 kept so far
07:58:45  INFO     [IT] 'artificial intelligence' → 100 entries, 36 kept so far
07:58:45  INFO     [ES] 'artificial intelligence' → 100 entries, 62 kept so far
07:58:45  INFO     [FR] 'artificial intelligence' → 100 entries, 34 kept so far
07:58:46  INFO     [DE] 'AI regulation' → 100 entries, 96 kept so far
07:58:47  INFO     [PL] 'AI regulation' → 100 entries, 78 kept so far
07:58:47  INFO     [IT] 'AI regulation' → 100 entries, 96 kept so far
07:58:47  INFO     [ES] 'AI regulation' → 79 entries, 86 kept so far
07:58:47  INFO     [FR] 'AI regulation' → 100 entries, 97 kept so far
07:58:48  INFO     [DE] 'machine learning' → 100 entries, 145 kept so far
07:58:48  INFO     [PL] 'machine learning' → 100 entries, 115 kept so far
07:58:48  INFO     [FR] 'machine learning' → 100 entries, 151 kept so far
07:58:48  INFO     [ES] 'machine learning' → 100 entries, 159 kept so far
07:58:49  INFO     [IT] 'machine learning' → 100 entries, 171 kept so far
07:58:50  INFO     [DE] 'EU AI Act' → 100 entries, 229 kept so far
07:58:50  INFO     [PL] 'EU AI Act' → 77 entries, 128 kept so far
07:58:50  INFO     [FR] 'EU AI Act' → 79 entries, 195 kept so far
07:58:50  INFO     [ES] 'EU AI Act' → 77 entries, 195 kept so far
07:58:50  INFO     [IT] 'EU AI Act' → 100 entries, 237 kept so far
07:58:51  INFO     [FR] 'generative AI' → 100 entries, 226 kept so far
07:58:52  INFO     [DE] 'generative AI' → 100 entries, 250 kept so far
07:58:52  INFO     [PL] 'generative AI' → 100 entries, 161 kept so far
07:58:52  INFO     [ES] 'generative AI' → 100 entries, 234 kept so far
07:58:52  INFO     [IT] 'generative AI' → 100 entries, 278 kept so far
07:58:52  INFO     [FR] +106 new articles saved
07:58:53  INFO     [DE] +176 new articles saved
07:58:53  INFO     [PL] +69 new articles saved
07:58:53  INFO     [ES] +104 new articles saved
07:58:53  INFO     [NL] 'artificial intelligence' → 100 entries, 6 kept so far
07:58:53  INFO     [IT] +135 new articles saved
07:58:53  INFO     [SE] 'artificial intelligence' → 100 entries, 8 kept so far
07:58:53  INFO     [BE] 'artificial intelligence' → 100 entries, 47 kept so far
07:58:53  INFO     [AT] 'artificial intelligence' → 100 entries, 46 kept so far
07:58:53  INFO     [DK] 'artificial intelligence' → 100 entries, 13 kept so far
07:58:54  INFO     [NL] 'AI regulation' → 78 entries, 40 kept so far
07:58:55  INFO     [SE] 'AI regulation' → 77 entries, 24 kept so far
07:58:55  INFO     [BE] 'AI regulation' → 100 entries, 108 kept so far
07:58:55  INFO     [DK] 'AI regulation' → 29 entries, 15 kept so far
07:58:55  INFO     [AT] 'AI regulation' → 66 entries, 88 kept so far
07:58:56  INFO     [NL] 'machine learning' → 100 entries, 92 kept so far
07:58:56  INFO     [SE] 'machine learning' → 74 entries, 47 kept so far
07:58:56  INFO     [BE] 'machine learning' → 100 entries, 161 kept so far
07:58:56  INFO     [DK] 'machine learning' → 80 entries, 39 kept so far
07:58:56  INFO     [AT] 'machine learning' → 100 entries, 135 kept so far
07:58:58  INFO     [SE] 'EU AI Act' → 76 entries, 54 kept so far
07:58:58  INFO     [NL] 'EU AI Act' → 100 entries, 121 kept so far
07:58:58  INFO     [BE] 'EU AI Act' → 80 entries, 210 kept so far
07:58:58  INFO     [DK] 'EU AI Act' → 76 entries, 57 kept so far
07:58:58  INFO     [AT] 'EU AI Act' → 100 entries, 220 kept so far
07:58:59  INFO     [SE] 'generative AI' → 75 entries, 67 kept so far
07:58:59  INFO     [NL] 'generative AI' → 100 entries, 150 kept so far
07:58:59  INFO     [DK] 'generative AI' → 100 entries, 93 kept so far
07:58:59  INFO     [BE] 'generative AI' → 100 entries, 238 kept so far
07:59:00  INFO     [AT] 'generative AI' → 100 entries, 240 kept so far
07:59:00  INFO     [SE] +24 new articles saved
07:59:00  INFO     [NL] +44 new articles saved
07:59:00  INFO     [DK] +29 new articles saved
07:59:00  INFO     [BE] +26 new articles saved
07:59:01  INFO     [FI] 'artificial intelligence' → 100 entries, 54 kept so far
07:59:01  INFO     [PT] 'artificial intelligence' → 100 entries, 62 kept so far
07:59:01  INFO     [AT] +40 new articles saved
07:59:01  INFO     [CZ] 'artificial intelligence' → 100 entries, 19 kept so far
07:59:01  INFO     [RO] 'artificial intelligence' → 100 entries, 45 kept so far
07:59:01  INFO     [HU] 'artificial intelligence' → 100 entries, 20 kept so far
07:59:02  INFO     [FI] 'AI regulation' → 45 entries, 67 kept so far
07:59:02  INFO     [PT] 'AI regulation' → 78 entries, 95 kept so far
07:59:02  INFO     [RO] 'AI regulation' → 15 entries, 47 kept so far
07:59:02  INFO     [CZ] 'AI regulation' → 73 entries, 42 kept so far
07:59:03  INFO     [HU] 'AI regulation' → 78 entries, 23 kept so far
07:59:04  INFO     [FI] 'machine learning' → 94 entries, 104 kept so far
07:59:04  INFO     [PT] 'machine learning' → 100 entries, 172 kept so far
07:59:04  INFO     [CZ] 'machine learning' → 81 entries, 62 kept so far
07:59:04  INFO     [RO] 'machine learning' → 100 entries, 97 kept so far
07:59:04  INFO     [HU] 'machine learning' → 67 entries, 48 kept so far
07:59:05  INFO     [FI] 'EU AI Act' → 72 entries, 139 kept so far
07:59:05  INFO     [PT] 'EU AI Act' → 43 entries, 180 kept so far
07:59:05  INFO     [CZ] 'EU AI Act' → 76 entries, 77 kept so far
07:59:05  INFO     [RO] 'EU AI Act' → 77 entries, 110 kept so far
07:59:06  INFO     [HU] 'EU AI Act' → 77 entries, 68 kept so far
07:59:07  INFO     [FI] 'generative AI' → 66 entries, 178 kept so far
07:59:07  INFO     [CZ] 'generative AI' → 84 entries, 93 kept so far
07:59:07  INFO     [RO] 'generative AI' → 82 entries, 132 kept so far
07:59:07  INFO     [PT] 'generative AI' → 100 entries, 210 kept so far
07:59:07  INFO     [HU] 'generative AI' → 74 entries, 91 kept so far
07:59:08  INFO     [FI] +70 new articles saved
07:59:08  INFO     [CZ] +51 new articles saved
07:59:08  INFO     [RO] +50 new articles saved
07:59:08  INFO     [PT] +92 new articles saved
07:59:08  INFO     [GR] 'artificial intelligence' → 100 entries, 46 kept so far
07:59:08  INFO     [HU] +41 new articles saved
07:59:08  INFO     [SK] 'artificial intelligence' → 100 entries, 19 kept so far
07:59:08  INFO     [HR] 'artificial intelligence' → 100 entries, 64 kept so far
07:59:08  INFO     [IE] 'artificial intelligence' → 100 entries, 65 kept so far
07:59:09  INFO     [BG] 'artificial intelligence' → 70 entries, 32 kept so far
07:59:10  INFO     [GR] 'AI regulation' → 54 entries, 94 kept so far
07:59:10  INFO     [SK] 'AI regulation' → 22 entries, 21 kept so far
07:59:10  INFO     [BG] 'AI regulation' → 5 entries, 35 kept so far
07:59:10  INFO     [HR] 'AI regulation' → 100 entries, 98 kept so far
07:59:10  INFO     [IE] 'AI regulation' → 100 entries, 96 kept so far
07:59:11  INFO     [GR] 'machine learning' → 92 entries, 132 kept so far
07:59:11  INFO     [SK] 'machine learning' → 56 entries, 34 kept so far
07:59:11  INFO     [BG] 'machine learning' → 53 entries, 43 kept so far
07:59:11  INFO     [HR] 'machine learning' → 100 entries, 170 kept so far
07:59:12  INFO     [IE] 'machine learning' → 100 entries, 170 kept so far
07:59:12  INFO     [GR] 'EU AI Act' → 61 entries, 152 kept so far
07:59:13  INFO     [SK] 'EU AI Act' → 62 entries, 48 kept so far
07:59:13  INFO     [BG] 'EU AI Act' → 11 entries, 46 kept so far
07:59:13  INFO     [HR] 'EU AI Act' → 100 entries, 248 kept so far
07:59:14  INFO     [IE] 'EU AI Act' → 100 entries, 247 kept so far
07:59:14  INFO     [GR] 'generative AI' → 100 entries, 195 kept so far
07:59:14  INFO     [BG] 'generative AI' → 31 entries, 53 kept so far
07:59:14  INFO     [SK] 'generative AI' → 51 entries, 56 kept so far
07:59:14  INFO     [HR] 'generative AI' → 102 entries, 312 kept so far
07:59:15  INFO     [GR] +114 new articles saved
07:59:15  INFO     [BG] +26 new articles saved
07:59:15  INFO     [SK] +18 new articles saved
07:59:15  INFO     [IE] 'generative AI' → 100 entries, 313 kept so far
07:59:15  INFO     [LV] 'artificial intelligence' → 72 entries, 21 kept so far
07:59:16  INFO     [LT] 'artificial intelligence' → 90 entries, 35 kept so far
07:59:16  INFO     [SI] 'artificial intelligence' → 100 entries, 47 kept so far
07:59:16  INFO     [HR] +236 new articles saved
07:59:16  INFO     [EE] 'artificial intelligence' → 100 entries, 46 kept so far
07:59:16  INFO     [IE] +75 new articles saved
07:59:17  INFO     [LV] 'AI regulation' → 4 entries, 21 kept so far
07:59:17  INFO     [CY] 'artificial intelligence' → 100 entries, 46 kept so far
07:59:17  INFO     [SI] 'AI regulation' → 1 entries, 47 kept so far
07:59:17  INFO     [LT] 'AI regulation' → 11 entries, 36 kept so far
07:59:17  INFO     [EE] 'AI regulation' → 7 entries, 46 kept so far
07:59:18  INFO     [LV] 'machine learning' → 10 entries, 23 kept so far
07:59:18  INFO     [CY] 'AI regulation' → 54 entries, 94 kept so far
07:59:18  INFO     [SI] 'machine learning' → 24 entries, 50 kept so far
07:59:18  INFO     [LT] 'machine learning' → 45 entries, 42 kept so far
07:59:19  INFO     [EE] 'machine learning' → 31 entries, 50 kept so far
07:59:19  INFO     [LV] 'EU AI Act' → 8 entries, 23 kept so far
07:59:19  INFO     [SI] 'EU AI Act' → 22 entries, 54 kept so far
07:59:19  INFO     [CY] 'machine learning' → 92 entries, 132 kept so far
07:59:20  INFO     [LT] 'EU AI Act' → 19 entries, 43 kept so far
07:59:20  INFO     [EE] 'EU AI Act' → 18 entries, 52 kept so far
07:59:20  INFO     [LV] 'generative AI' → 7 entries, 25 kept so far
07:59:21  INFO     [SI] 'generative AI' → 16 entries, 57 kept so far
07:59:21  INFO     [LT] 'generative AI' → 26 entries, 49 kept so far
07:59:21  INFO     [CY] 'EU AI Act' → 61 entries, 152 kept so far
07:59:21  INFO     [EE] 'generative AI' → 10 entries, 55 kept so far
07:59:21  INFO     [LV] +10 new articles saved
07:59:22  INFO     [SI] +17 new articles saved
07:59:22  INFO     [LU] 'artificial intelligence' → 100 entries, 34 kept so far
07:59:22  INFO     [MT] 'artificial intelligence' → 100 entries, 64 kept so far
07:59:22  INFO     [LT] +19 new articles saved
07:59:22  INFO     [CY] 'generative AI' → 100 entries, 195 kept so far
07:59:22  INFO     [EE] +17 new articles saved
07:59:23  INFO     [MT] 'AI regulation' → 100 entries, 98 kept so far
07:59:23  INFO     [LU] 'AI regulation' → 100 entries, 97 kept so far
07:59:23  INFO     [CY] +0 new articles saved
07:59:24  INFO     [MT] 'machine learning' → 100 entries, 170 kept so far
07:59:25  INFO     [LU] 'machine learning' → 100 entries, 150 kept so far
07:59:25  INFO     [MT] 'EU AI Act' → 100 entries, 248 kept so far
07:59:26  INFO     [LU] 'EU AI Act' → 77 entries, 199 kept so far
07:59:27  INFO     [MT] 'generative AI' → 102 entries, 312 kept so far
07:59:28  INFO     [MT] +0 new articles saved
07:59:28  INFO     [LU] 'generative AI' → 100 entries, 230 kept so far
07:59:29  INFO     [LU] +0 new articles saved
07:59:29  INFO     Scrape complete. 1589 new articles this run.
