15:48:24  INFO     Starting scrape: 27 countries, 5 queries each
/home/runner/work/EU_AI_News/EU_AI_News/eu_ai_news_scraper.py:230: DeprecationWarning: datetime.datetime.utcnow() is deprecated and scheduled for removal in a future version. Use timezone-aware objects to represent datetimes in UTC: datetime.datetime.now(datetime.UTC).
  "scraped_at":   datetime.utcnow().isoformat(),
15:48:24  INFO     [ES] 'artificial intelligence' → 100 entries, 67 kept so far
15:48:24  INFO     [DE] 'artificial intelligence' → 100 entries, 47 kept so far
15:48:24  INFO     [IT] 'artificial intelligence' → 100 entries, 25 kept so far
15:48:25  INFO     [PL] 'artificial intelligence' → 100 entries, 21 kept so far
15:48:25  INFO     [FR] 'artificial intelligence' → 100 entries, 47 kept so far
15:48:26  INFO     [ES] 'AI regulation' → 77 entries, 100 kept so far
15:48:26  INFO     [DE] 'AI regulation' → 100 entries, 129 kept so far
15:48:26  INFO     [PL] 'AI regulation' → 79 entries, 84 kept so far
15:48:26  INFO     [IT] 'AI regulation' → 100 entries, 107 kept so far
15:48:26  INFO     [FR] 'AI regulation' → 100 entries, 129 kept so far
15:48:28  INFO     [ES] 'machine learning' → 100 entries, 192 kept so far
15:48:28  INFO     [DE] 'machine learning' → 100 entries, 172 kept so far
15:48:28  INFO     [PL] 'machine learning' → 100 entries, 124 kept so far
15:48:28  INFO     [IT] 'machine learning' → 100 entries, 192 kept so far
15:48:28  INFO     [FR] 'machine learning' → 100 entries, 199 kept so far
15:48:30  INFO     [DE] 'EU AI Act' → 100 entries, 237 kept so far
15:48:30  INFO     [PL] 'EU AI Act' → 77 entries, 139 kept so far
15:48:30  INFO     [ES] 'EU AI Act' → 79 entries, 215 kept so far
15:48:30  INFO     [IT] 'EU AI Act' → 100 entries, 269 kept so far
15:48:30  INFO     [FR] 'EU AI Act' → 77 entries, 238 kept so far
15:48:31  INFO     [DE] 'generative AI' → 100 entries, 271 kept so far
15:48:31  INFO     [PL] 'generative AI' → 100 entries, 173 kept so far
15:48:31  INFO     [ES] 'generative AI' → 100 entries, 254 kept so far
15:48:32  INFO     [IT] 'generative AI' → 100 entries, 310 kept so far
15:48:32  INFO     [FR] 'generative AI' → 100 entries, 268 kept so far
15:48:32  INFO     [DE] +95 new articles saved
15:48:32  INFO     [PL] +50 new articles saved
15:48:33  INFO     [ES] +59 new articles saved
15:48:33  INFO     [IT] +94 new articles saved
15:48:33  INFO     [FR] +91 new articles saved
15:48:33  INFO     [BE] 'artificial intelligence' → 100 entries, 48 kept so far
15:48:33  INFO     [NL] 'artificial intelligence' → 100 entries, 16 kept so far
15:48:33  INFO     [SE] 'artificial intelligence' → 100 entries, 11 kept so far
15:48:33  INFO     [AT] 'artificial intelligence' → 100 entries, 43 kept so far
15:48:34  INFO     [DK] 'artificial intelligence' → 100 entries, 21 kept so far
15:48:35  INFO     [BE] 'AI regulation' → 100 entries, 138 kept so far
15:48:35  INFO     [NL] 'AI regulation' → 78 entries, 55 kept so far
15:48:35  INFO     [SE] 'AI regulation' → 77 entries, 27 kept so far
15:48:35  INFO     [AT] 'AI regulation' → 99 entries, 115 kept so far
15:48:35  INFO     [DK] 'AI regulation' → 36 entries, 26 kept so far
15:48:37  INFO     [BE] 'machine learning' → 100 entries, 197 kept so far
15:48:37  INFO     [SE] 'machine learning' → 72 entries, 50 kept so far
15:48:37  INFO     [NL] 'machine learning' → 100 entries, 123 kept so far
15:48:37  INFO     [AT] 'machine learning' → 100 entries, 156 kept so far
15:48:37  INFO     [DK] 'machine learning' → 90 entries, 52 kept so far
15:48:38  INFO     [BE] 'EU AI Act' → 100 entries, 233 kept so far
15:48:38  INFO     [SE] 'EU AI Act' → 58 entries, 58 kept so far
15:48:38  INFO     [NL] 'EU AI Act' → 96 entries, 153 kept so far
15:48:39  INFO     [AT] 'EU AI Act' → 100 entries, 232 kept so far
15:48:39  INFO     [DK] 'EU AI Act' → 77 entries, 68 kept so far
15:48:40  INFO     [SE] 'generative AI' → 80 entries, 69 kept so far
15:48:40  INFO     [BE] 'generative AI' → 100 entries, 262 kept so far
15:48:40  INFO     [NL] 'generative AI' → 100 entries, 183 kept so far
15:48:40  INFO     [AT] 'generative AI' → 100 entries, 259 kept so far
15:48:40  INFO     [DK] 'generative AI' → 100 entries, 103 kept so far
15:48:41  INFO     [SE] +17 new articles saved
15:48:41  INFO     [BE] +30 new articles saved
15:48:41  INFO     [NL] +28 new articles saved
15:48:41  INFO     [AT] +8 new articles saved
15:48:42  INFO     [FI] 'artificial intelligence' → 100 entries, 62 kept so far
15:48:42  INFO     [DK] +18 new articles saved
15:48:42  INFO     [CZ] 'artificial intelligence' → 100 entries, 21 kept so far
15:48:42  INFO     [PT] 'artificial intelligence' → 100 entries, 70 kept so far
15:48:42  INFO     [HU] 'artificial intelligence' → 100 entries, 13 kept so far
15:48:42  INFO     [RO] 'artificial intelligence' → 100 entries, 38 kept so far
15:48:43  INFO     [FI] 'AI regulation' → 46 entries, 71 kept so far
15:48:44  INFO     [CZ] 'AI regulation' → 79 entries, 34 kept so far
15:48:44  INFO     [PT] 'AI regulation' → 77 entries, 109 kept so far
15:48:44  INFO     [HU] 'AI regulation' → 78 entries, 16 kept so far
15:48:44  INFO     [RO] 'AI regulation' → 60 entries, 43 kept so far
15:48:45  INFO     [CZ] 'machine learning' → 98 entries, 59 kept so far
15:48:45  INFO     [HU] 'machine learning' → 94 entries, 41 kept so far
15:48:45  INFO     [FI] 'machine learning' → 95 entries, 106 kept so far
15:48:46  INFO     [RO] 'machine learning' → 100 entries, 91 kept so far
15:48:46  INFO     [PT] 'machine learning' → 100 entries, 187 kept so far
15:48:47  INFO     [CZ] 'EU AI Act' → 73 entries, 72 kept so far
15:48:47  INFO     [HU] 'EU AI Act' → 78 entries, 58 kept so far
15:48:47  INFO     [FI] 'EU AI Act' → 64 entries, 144 kept so far
15:48:47  INFO     [RO] 'EU AI Act' → 66 entries, 119 kept so far
15:48:48  INFO     [PT] 'EU AI Act' → 69 entries, 199 kept so far
15:48:49  INFO     [CZ] 'generative AI' → 80 entries, 86 kept so far
15:48:49  INFO     [HU] 'generative AI' → 74 entries, 83 kept so far
15:48:49  INFO     [RO] 'generative AI' → 75 entries, 141 kept so far
15:48:49  INFO     [FI] 'generative AI' → 63 entries, 177 kept so far
15:48:49  INFO     [PT] 'generative AI' → 100 entries, 231 kept so far
15:48:50  INFO     [CZ] +18 new articles saved
15:48:50  INFO     [HU] +13 new articles saved
15:48:50  INFO     [RO] +35 new articles saved
15:48:50  INFO     [FI] +37 new articles saved
15:48:50  INFO     [GR] 'artificial intelligence' → 100 entries, 48 kept so far
15:48:50  INFO     [SK] 'artificial intelligence' → 100 entries, 27 kept so far
15:48:50  INFO     [PT] +75 new articles saved
15:48:51  INFO     [IE] 'artificial intelligence' → 100 entries, 58 kept so far
15:48:51  INFO     [HR] 'artificial intelligence' → 100 entries, 53 kept so far
15:48:51  INFO     [BG] 'artificial intelligence' → 94 entries, 44 kept so far
15:48:52  INFO     [SK] 'AI regulation' → 13 entries, 29 kept so far
15:48:52  INFO     [GR] 'AI regulation' → 79 entries, 84 kept so far
15:48:52  INFO     [BG] 'AI regulation' → 7 entries, 45 kept so far
15:48:53  INFO     [HR] 'AI regulation' → 102 entries, 95 kept so far
15:48:53  INFO     [IE] 'AI regulation' → 100 entries, 99 kept so far
15:48:53  INFO     [SK] 'machine learning' → 58 entries, 42 kept so far
15:48:54  INFO     [GR] 'machine learning' → 98 entries, 124 kept so far
15:48:54  INFO     [BG] 'machine learning' → 58 entries, 55 kept so far
15:48:54  INFO     [HR] 'machine learning' → 100 entries, 169 kept so far
15:48:55  INFO     [IE] 'machine learning' → 100 entries, 169 kept so far
15:48:55  INFO     [SK] 'EU AI Act' → 66 entries, 59 kept so far
15:48:55  INFO     [GR] 'EU AI Act' → 66 entries, 140 kept so far
15:48:55  INFO     [BG] 'EU AI Act' → 30 entries, 58 kept so far
15:48:56  INFO     [HR] 'EU AI Act' → 100 entries, 249 kept so far
15:48:56  INFO     [SK] 'generative AI' → 44 entries, 71 kept so far
15:48:57  INFO     [IE] 'EU AI Act' → 100 entries, 246 kept so far
15:48:57  INFO     [GR] 'generative AI' → 100 entries, 177 kept so far
15:48:57  INFO     [BG] 'generative AI' → 28 entries, 61 kept so far
15:48:57  INFO     [SK] +21 new articles saved
15:48:58  INFO     [HR] 'generative AI' → 100 entries, 315 kept so far
15:48:58  INFO     [GR] +33 new articles saved
15:48:58  INFO     [BG] +15 new articles saved
15:48:58  INFO     [LT] 'artificial intelligence' → 96 entries, 29 kept so far
15:48:58  INFO     [SI] 'artificial intelligence' → 100 entries, 43 kept so far
15:48:59  INFO     [LV] 'artificial intelligence' → 64 entries, 25 kept so far
15:48:59  INFO     [IE] 'generative AI' → 100 entries, 309 kept so far
15:48:59  INFO     [HR] +166 new articles saved
15:48:59  INFO     [EE] 'artificial intelligence' → 100 entries, 53 kept so far
15:49:00  INFO     [LT] 'AI regulation' → 9 entries, 30 kept so far
15:49:00  INFO     [IE] +49 new articles saved
15:49:00  INFO     [SI] 'AI regulation' → 6 entries, 43 kept so far
15:49:00  INFO     [LV] 'AI regulation' → 10 entries, 25 kept so far
15:49:00  INFO     [CY] 'artificial intelligence' → 100 entries, 48 kept so far
15:49:01  INFO     [LT] 'machine learning' → 33 entries, 36 kept so far
15:49:01  INFO     [EE] 'AI regulation' → 11 entries, 53 kept so far
15:49:01  INFO     [LV] 'machine learning' → 11 entries, 27 kept so far
15:49:01  INFO     [SI] 'machine learning' → 22 entries, 47 kept so far
15:49:02  INFO     [CY] 'AI regulation' → 79 entries, 85 kept so far
15:49:02  INFO     [LT] 'EU AI Act' → 17 entries, 38 kept so far
15:49:03  INFO     [EE] 'machine learning' → 14 entries, 54 kept so far
15:49:03  INFO     [SI] 'EU AI Act' → 24 entries, 52 kept so far
15:49:03  INFO     [LV] 'EU AI Act' → 7 entries, 27 kept so far
15:49:04  INFO     [LT] 'generative AI' → 29 entries, 47 kept so far
15:49:04  INFO     [CY] 'machine learning' → 100 entries, 128 kept so far
15:49:04  INFO     [EE] 'EU AI Act' → 22 entries, 57 kept so far
15:49:04  INFO     [LV] 'generative AI' → 11 entries, 29 kept so far
15:49:04  INFO     [SI] 'generative AI' → 12 entries, 55 kept so far
15:49:05  INFO     [LT] +4 new articles saved
15:49:05  INFO     [LV] +3 new articles saved
15:49:05  INFO     [SI] +7 new articles saved
15:49:05  INFO     [MT] 'artificial intelligence' → 100 entries, 53 kept so far
15:49:06  INFO     [LU] 'artificial intelligence' → 100 entries, 47 kept so far
15:49:06  INFO     [CY] 'EU AI Act' → 58 entries, 146 kept so far
15:49:06  INFO     [EE] 'generative AI' → 17 entries, 63 kept so far
15:49:07  INFO     [MT] 'AI regulation' → 102 entries, 95 kept so far
15:49:07  INFO     [EE] +11 new articles saved
15:49:07  INFO     [CY] 'generative AI' → 100 entries, 188 kept so far
15:49:07  INFO     [LU] 'AI regulation' → 100 entries, 128 kept so far
15:49:08  INFO     [MT] 'machine learning' → 100 entries, 169 kept so far
15:49:08  INFO     [CY] +27 new articles saved
15:49:09  INFO     [LU] 'machine learning' → 100 entries, 186 kept so far
15:49:09  INFO     [MT] 'EU AI Act' → 100 entries, 249 kept so far
15:49:11  INFO     [MT] 'generative AI' → 100 entries, 315 kept so far
15:49:11  INFO     [LU] 'EU AI Act' → 100 entries, 234 kept so far
15:49:12  INFO     [MT] +0 new articles saved
15:49:13  INFO     [LU] 'generative AI' → 100 entries, 263 kept so far
15:49:14  INFO     [LU] +5 new articles saved
15:49:14  INFO     Scrape complete. 1009 new articles this run.
