03:19:26  INFO     Starting scrape: 27 countries, 5 queries each
/home/runner/work/EU_AI_News/EU_AI_News/eu_ai_news_scraper.py:230: DeprecationWarning: datetime.datetime.utcnow() is deprecated and scheduled for removal in a future version. Use timezone-aware objects to represent datetimes in UTC: datetime.datetime.now(datetime.UTC).
  "scraped_at":   datetime.utcnow().isoformat(),
03:19:26  INFO     [DE] 'artificial intelligence' → 100 entries, 46 kept so far
03:19:26  INFO     [FR] 'artificial intelligence' → 100 entries, 41 kept so far
03:19:26  INFO     [IT] 'artificial intelligence' → 100 entries, 35 kept so far
03:19:26  INFO     [PL] 'artificial intelligence' → 100 entries, 13 kept so far
03:19:26  INFO     [ES] 'artificial intelligence' → 100 entries, 64 kept so far
03:19:28  INFO     [DE] 'AI regulation' → 100 entries, 94 kept so far
03:19:28  INFO     [FR] 'AI regulation' → 100 entries, 104 kept so far
03:19:28  INFO     [ES] 'AI regulation' → 78 entries, 85 kept so far
03:19:28  INFO     [PL] 'AI regulation' → 100 entries, 78 kept so far
03:19:28  INFO     [IT] 'AI regulation' → 100 entries, 95 kept so far
03:19:29  INFO     [DE] 'machine learning' → 100 entries, 142 kept so far
03:19:29  INFO     [FR] 'machine learning' → 100 entries, 160 kept so far
03:19:30  INFO     [ES] 'machine learning' → 100 entries, 161 kept so far
03:19:30  INFO     [IT] 'machine learning' → 100 entries, 170 kept so far
03:19:30  INFO     [PL] 'machine learning' → 100 entries, 114 kept so far
03:19:31  INFO     [DE] 'EU AI Act' → 100 entries, 224 kept so far
03:19:31  INFO     [FR] 'EU AI Act' → 75 entries, 205 kept so far
03:19:31  INFO     [ES] 'EU AI Act' → 78 entries, 199 kept so far
03:19:31  INFO     [IT] 'EU AI Act' → 100 entries, 242 kept so far
03:19:31  INFO     [PL] 'EU AI Act' → 77 entries, 127 kept so far
03:19:32  INFO     [DE] 'generative AI' → 100 entries, 245 kept so far
03:19:32  INFO     [FR] 'generative AI' → 100 entries, 235 kept so far
03:19:33  INFO     [ES] 'generative AI' → 100 entries, 236 kept so far
03:19:33  INFO     [PL] 'generative AI' → 100 entries, 161 kept so far
03:19:33  INFO     [IT] 'generative AI' → 100 entries, 282 kept so far
03:19:33  INFO     [DE] +167 new articles saved
03:19:33  INFO     [FR] +100 new articles saved
03:19:34  INFO     [NL] 'artificial intelligence' → 100 entries, 6 kept so far
03:19:34  INFO     [ES] +106 new articles saved
03:19:34  INFO     [BE] 'artificial intelligence' → 100 entries, 49 kept so far
03:19:34  INFO     [PL] +68 new articles saved
03:19:34  INFO     [IT] +134 new articles saved
03:19:34  INFO     [SE] 'artificial intelligence' → 100 entries, 11 kept so far
03:19:35  INFO     [AT] 'artificial intelligence' → 100 entries, 45 kept so far
03:19:35  INFO     [DK] 'artificial intelligence' → 100 entries, 16 kept so far
03:19:35  INFO     [NL] 'AI regulation' → 78 entries, 40 kept so far
03:19:36  INFO     [BE] 'AI regulation' → 100 entries, 113 kept so far
03:19:36  INFO     [SE] 'AI regulation' → 72 entries, 25 kept so far
03:19:36  INFO     [AT] 'AI regulation' → 68 entries, 86 kept so far
03:19:36  INFO     [DK] 'AI regulation' → 29 entries, 18 kept so far
03:19:37  INFO     [NL] 'machine learning' → 100 entries, 96 kept so far
03:19:37  INFO     [BE] 'machine learning' → 100 entries, 167 kept so far
03:19:37  INFO     [SE] 'machine learning' → 72 entries, 48 kept so far
03:19:38  INFO     [DK] 'machine learning' → 80 entries, 42 kept so far
03:19:38  INFO     [AT] 'machine learning' → 100 entries, 132 kept so far
03:19:39  INFO     [NL] 'EU AI Act' → 99 entries, 125 kept so far
03:19:39  INFO     [BE] 'EU AI Act' → 79 entries, 212 kept so far
03:19:39  INFO     [SE] 'EU AI Act' → 76 entries, 56 kept so far
03:19:39  INFO     [DK] 'EU AI Act' → 75 entries, 61 kept so far
03:19:39  INFO     [AT] 'EU AI Act' → 100 entries, 219 kept so far
03:19:40  INFO     [NL] 'generative AI' → 100 entries, 152 kept so far
03:19:40  INFO     [SE] 'generative AI' → 76 entries, 69 kept so far
03:19:40  INFO     [BE] 'generative AI' → 100 entries, 243 kept so far
03:19:41  INFO     [AT] 'generative AI' → 100 entries, 241 kept so far
03:19:41  INFO     [DK] 'generative AI' → 100 entries, 95 kept so far
03:19:41  INFO     [NL] +45 new articles saved
03:19:41  INFO     [SE] +27 new articles saved
03:19:41  INFO     [BE] +21 new articles saved
03:19:42  INFO     [FI] 'artificial intelligence' → 100 entries, 57 kept so far
03:19:42  INFO     [PT] 'artificial intelligence' → 100 entries, 65 kept so far
03:19:42  INFO     [CZ] 'artificial intelligence' → 100 entries, 19 kept so far
03:19:42  INFO     [AT] +43 new articles saved
03:19:42  INFO     [DK] +23 new articles saved
03:19:42  INFO     [RO] 'artificial intelligence' → 100 entries, 41 kept so far
03:19:42  INFO     [HU] 'artificial intelligence' → 100 entries, 20 kept so far
03:19:43  INFO     [FI] 'AI regulation' → 43 entries, 69 kept so far
03:19:43  INFO     [CZ] 'AI regulation' → 75 entries, 44 kept so far
03:19:43  INFO     [PT] 'AI regulation' → 78 entries, 95 kept so far
03:19:44  INFO     [RO] 'AI regulation' → 14 entries, 43 kept so far
03:19:44  INFO     [HU] 'AI regulation' → 78 entries, 22 kept so far
03:19:45  INFO     [FI] 'machine learning' → 91 entries, 104 kept so far
03:19:45  INFO     [CZ] 'machine learning' → 83 entries, 65 kept so far
03:19:45  INFO     [PT] 'machine learning' → 100 entries, 170 kept so far
03:19:45  INFO     [RO] 'machine learning' → 100 entries, 93 kept so far
03:19:45  INFO     [HU] 'machine learning' → 67 entries, 47 kept so far
03:19:46  INFO     [FI] 'EU AI Act' → 69 entries, 138 kept so far
03:19:46  INFO     [CZ] 'EU AI Act' → 78 entries, 80 kept so far
03:19:47  INFO     [PT] 'EU AI Act' → 43 entries, 178 kept so far
03:19:47  INFO     [RO] 'EU AI Act' → 77 entries, 107 kept so far
03:19:47  INFO     [HU] 'EU AI Act' → 77 entries, 67 kept so far
03:19:48  INFO     [FI] 'generative AI' → 63 entries, 174 kept so far
03:19:48  INFO     [CZ] 'generative AI' → 86 entries, 97 kept so far
03:19:48  INFO     [PT] 'generative AI' → 100 entries, 210 kept so far
03:19:48  INFO     [RO] 'generative AI' → 81 entries, 128 kept so far
03:19:48  INFO     [HU] 'generative AI' → 73 entries, 90 kept so far
03:19:49  INFO     [FI] +69 new articles saved
03:19:49  INFO     [CZ] +54 new articles saved
03:19:49  INFO     [PT] +90 new articles saved
03:19:49  INFO     [GR] 'artificial intelligence' → 100 entries, 48 kept so far
03:19:49  INFO     [SK] 'artificial intelligence' → 100 entries, 20 kept so far
03:19:49  INFO     [RO] +49 new articles saved
03:19:49  INFO     [HU] +39 new articles saved
03:19:50  INFO     [HR] 'artificial intelligence' → 102 entries, 72 kept so far
03:19:50  INFO     [BG] 'artificial intelligence' → 64 entries, 31 kept so far
03:19:50  INFO     [IE] 'artificial intelligence' → 100 entries, 60 kept so far
03:19:51  INFO     [SK] 'AI regulation' → 20 entries, 21 kept so far
03:19:51  INFO     [GR] 'AI regulation' → 45 entries, 89 kept so far
03:19:51  INFO     [HR] 'AI regulation' → 100 entries, 102 kept so far
03:19:51  INFO     [BG] 'AI regulation' → 5 entries, 34 kept so far
03:19:52  INFO     [IE] 'AI regulation' → 100 entries, 92 kept so far
03:19:52  INFO     [SK] 'machine learning' → 57 entries, 34 kept so far
03:19:52  INFO     [GR] 'machine learning' → 89 entries, 125 kept so far
03:19:52  INFO     [BG] 'machine learning' → 52 entries, 42 kept so far
03:19:53  INFO     [HR] 'machine learning' → 100 entries, 178 kept so far
03:19:53  INFO     [IE] 'machine learning' → 100 entries, 157 kept so far
03:19:54  INFO     [SK] 'EU AI Act' → 62 entries, 48 kept so far
03:19:54  INFO     [BG] 'EU AI Act' → 9 entries, 45 kept so far
03:19:54  INFO     [GR] 'EU AI Act' → 60 entries, 145 kept so far
03:19:54  INFO     [HR] 'EU AI Act' → 100 entries, 258 kept so far
03:19:55  INFO     [BG] 'generative AI' → 31 entries, 52 kept so far
03:19:55  INFO     [SK] 'generative AI' → 52 entries, 57 kept so far
03:19:55  INFO     [IE] 'EU AI Act' → 100 entries, 235 kept so far
03:19:55  INFO     [GR] 'generative AI' → 100 entries, 187 kept so far
03:19:56  INFO     [HR] 'generative AI' → 102 entries, 324 kept so far
03:19:56  INFO     [BG] +26 new articles saved
03:19:56  INFO     [SK] +20 new articles saved
03:19:56  INFO     [GR] +105 new articles saved
03:19:57  INFO     [SI] 'artificial intelligence' → 98 entries, 47 kept so far
03:19:57  INFO     [LV] 'artificial intelligence' → 71 entries, 21 kept so far
03:19:57  INFO     [LT] 'artificial intelligence' → 94 entries, 36 kept so far
03:19:57  INFO     [IE] 'generative AI' → 100 entries, 297 kept so far
03:19:57  INFO     [HR] +249 new articles saved
03:19:57  INFO     [EE] 'artificial intelligence' → 100 entries, 44 kept so far
03:19:58  INFO     [IE] +67 new articles saved
03:19:58  INFO     [SI] 'AI regulation' → 2 entries, 48 kept so far
03:19:58  INFO     [LV] 'AI regulation' → 4 entries, 21 kept so far
03:19:58  INFO     [LT] 'AI regulation' → 11 entries, 37 kept so far
03:19:58  INFO     [CY] 'artificial intelligence' → 100 entries, 48 kept so far
03:19:59  INFO     [EE] 'AI regulation' → 7 entries, 44 kept so far
03:19:59  INFO     [SI] 'machine learning' → 24 entries, 51 kept so far
03:19:59  INFO     [LV] 'machine learning' → 11 entries, 23 kept so far
03:19:59  INFO     [LT] 'machine learning' → 43 entries, 42 kept so far
03:20:00  INFO     [CY] 'AI regulation' → 45 entries, 89 kept so far
03:20:00  INFO     [EE] 'machine learning' → 29 entries, 47 kept so far
03:20:00  INFO     [LV] 'EU AI Act' → 8 entries, 23 kept so far
03:20:00  INFO     [SI] 'EU AI Act' → 23 entries, 55 kept so far
03:20:01  INFO     [LT] 'EU AI Act' → 19 entries, 43 kept so far
03:20:01  INFO     [CY] 'machine learning' → 89 entries, 125 kept so far
03:20:01  INFO     [EE] 'EU AI Act' → 17 entries, 49 kept so far
03:20:02  INFO     [LV] 'generative AI' → 8 entries, 25 kept so far
03:20:02  INFO     [SI] 'generative AI' → 15 entries, 58 kept so far
03:20:02  INFO     [LT] 'generative AI' → 27 entries, 49 kept so far
03:20:03  INFO     [EE] 'generative AI' → 10 entries, 52 kept so far
03:20:03  INFO     [LV] +9 new articles saved
03:20:03  INFO     [CY] 'EU AI Act' → 60 entries, 145 kept so far
03:20:03  INFO     [SI] +18 new articles saved
03:20:03  INFO     [LT] +19 new articles saved
03:20:03  INFO     [LU] 'artificial intelligence' → 100 entries, 41 kept so far
03:20:03  INFO     [MT] 'artificial intelligence' → 102 entries, 72 kept so far
03:20:04  INFO     [EE] +15 new articles saved
03:20:04  INFO     [CY] 'generative AI' → 100 entries, 186 kept so far
03:20:04  INFO     [MT] 'AI regulation' → 100 entries, 102 kept so far
03:20:05  INFO     [LU] 'AI regulation' → 100 entries, 104 kept so far
03:20:05  INFO     [CY] +0 new articles saved
03:20:06  INFO     [MT] 'machine learning' → 100 entries, 178 kept so far
03:20:06  INFO     [LU] 'machine learning' → 100 entries, 159 kept so far
03:20:07  INFO     [MT] 'EU AI Act' → 100 entries, 258 kept so far
03:20:08  INFO     [LU] 'EU AI Act' → 75 entries, 204 kept so far
03:20:08  INFO     [MT] 'generative AI' → 102 entries, 324 kept so far
03:20:09  INFO     [MT] +0 new articles saved
03:20:09  INFO     [LU] 'generative AI' → 100 entries, 234 kept so far
03:20:10  INFO     [LU] +0 new articles saved
03:20:10  INFO     Scrape complete. 1563 new articles this run.
