14:18:50  INFO     Starting scrape: 27 countries, 5 queries each
/home/runner/work/EU_AI_News/EU_AI_News/eu_ai_news_scraper.py:230: DeprecationWarning: datetime.datetime.utcnow() is deprecated and scheduled for removal in a future version. Use timezone-aware objects to represent datetimes in UTC: datetime.datetime.now(datetime.UTC).
  "scraped_at":   datetime.utcnow().isoformat(),
14:18:51  INFO     [IT] 'artificial intelligence' → 100 entries, 24 kept so far
14:18:51  INFO     [FR] 'artificial intelligence' → 100 entries, 47 kept so far
14:18:51  INFO     [PL] 'artificial intelligence' → 100 entries, 12 kept so far
14:18:51  INFO     [ES] 'artificial intelligence' → 100 entries, 60 kept so far
14:18:51  INFO     [DE] 'artificial intelligence' → 100 entries, 48 kept so far
14:18:53  INFO     [IT] 'AI regulation' → 100 entries, 109 kept so far
14:18:53  INFO     [PL] 'AI regulation' → 79 entries, 70 kept so far
14:18:53  INFO     [FR] 'AI regulation' → 100 entries, 138 kept so far
14:18:53  INFO     [DE] 'AI regulation' → 100 entries, 126 kept so far
14:18:53  INFO     [ES] 'AI regulation' → 77 entries, 98 kept so far
14:18:54  INFO     [IT] 'machine learning' → 100 entries, 186 kept so far
14:18:54  INFO     [PL] 'machine learning' → 100 entries, 110 kept so far
14:18:55  INFO     [DE] 'machine learning' → 100 entries, 164 kept so far
14:18:55  INFO     [FR] 'machine learning' → 100 entries, 195 kept so far
14:18:55  INFO     [ES] 'machine learning' → 100 entries, 171 kept so far
14:18:56  INFO     [IT] 'EU AI Act' → 100 entries, 255 kept so far
14:18:56  INFO     [PL] 'EU AI Act' → 77 entries, 123 kept so far
14:18:56  INFO     [DE] 'EU AI Act' → 100 entries, 247 kept so far
14:18:56  INFO     [FR] 'EU AI Act' → 78 entries, 225 kept so far
14:18:57  INFO     [ES] 'EU AI Act' → 78 entries, 195 kept so far
14:18:58  INFO     [PL] 'generative AI' → 100 entries, 159 kept so far
14:18:58  INFO     [IT] 'generative AI' → 100 entries, 300 kept so far
14:18:58  INFO     [DE] 'generative AI' → 100 entries, 268 kept so far
14:18:58  INFO     [ES] 'generative AI' → 100 entries, 238 kept so far
14:18:58  INFO     [FR] 'generative AI' → 100 entries, 261 kept so far
14:18:59  INFO     [PL] +55 new articles saved
14:18:59  INFO     [IT] +122 new articles saved
14:18:59  INFO     [DE] +139 new articles saved
14:18:59  INFO     [NL] 'artificial intelligence' → 100 entries, 10 kept so far
14:18:59  INFO     [BE] 'artificial intelligence' → 100 entries, 49 kept so far
14:18:59  INFO     [ES] +86 new articles saved
14:18:59  INFO     [SE] 'artificial intelligence' → 100 entries, 8 kept so far
14:18:59  INFO     [FR] +97 new articles saved
14:19:00  INFO     [AT] 'artificial intelligence' → 100 entries, 49 kept so far
14:19:00  INFO     [DK] 'artificial intelligence' → 100 entries, 14 kept so far
14:19:01  INFO     [NL] 'AI regulation' → 78 entries, 46 kept so far
14:19:01  INFO     [BE] 'AI regulation' → 100 entries, 139 kept so far
14:19:01  INFO     [SE] 'AI regulation' → 78 entries, 21 kept so far
14:19:01  INFO     [DK] 'AI regulation' → 33 entries, 20 kept so far
14:19:02  INFO     [AT] 'AI regulation' → 100 entries, 125 kept so far
14:19:02  INFO     [NL] 'machine learning' → 100 entries, 104 kept so far
14:19:03  INFO     [SE] 'machine learning' → 69 entries, 38 kept so far
14:19:03  INFO     [BE] 'machine learning' → 100 entries, 196 kept so far
14:19:03  INFO     [DK] 'machine learning' → 78 entries, 40 kept so far
14:19:03  INFO     [AT] 'machine learning' → 100 entries, 166 kept so far
14:19:04  INFO     [NL] 'EU AI Act' → 93 entries, 127 kept so far
14:19:04  INFO     [SE] 'EU AI Act' → 60 entries, 47 kept so far
14:19:04  INFO     [BE] 'EU AI Act' → 79 entries, 226 kept so far
14:19:05  INFO     [DK] 'EU AI Act' → 78 entries, 55 kept so far
14:19:05  INFO     [AT] 'EU AI Act' → 100 entries, 249 kept so far
14:19:05  INFO     [NL] 'generative AI' → 100 entries, 156 kept so far
14:19:06  INFO     [SE] 'generative AI' → 74 entries, 61 kept so far
14:19:06  INFO     [BE] 'generative AI' → 100 entries, 258 kept so far
14:19:06  INFO     [DK] 'generative AI' → 100 entries, 95 kept so far
14:19:06  INFO     [AT] 'generative AI' → 100 entries, 271 kept so far
14:19:06  INFO     [NL] +41 new articles saved
14:19:07  INFO     [SE] +17 new articles saved
14:19:07  INFO     [BE] +17 new articles saved
14:19:07  INFO     [FI] 'artificial intelligence' → 100 entries, 65 kept so far
14:19:07  INFO     [DK] +25 new articles saved
14:19:07  INFO     [PT] 'artificial intelligence' → 100 entries, 58 kept so far
14:19:07  INFO     [AT] +12 new articles saved
14:19:08  INFO     [CZ] 'artificial intelligence' → 100 entries, 19 kept so far
14:19:08  INFO     [RO] 'artificial intelligence' → 100 entries, 40 kept so far
14:19:08  INFO     [HU] 'artificial intelligence' → 100 entries, 19 kept so far
14:19:09  INFO     [FI] 'AI regulation' → 49 entries, 75 kept so far
14:19:09  INFO     [PT] 'AI regulation' → 79 entries, 88 kept so far
14:19:09  INFO     [CZ] 'AI regulation' → 78 entries, 36 kept so far
14:19:09  INFO     [RO] 'AI regulation' → 76 entries, 48 kept so far
14:19:10  INFO     [HU] 'AI regulation' → 79 entries, 25 kept so far
14:19:10  INFO     [FI] 'machine learning' → 87 entries, 113 kept so far
14:19:11  INFO     [CZ] 'machine learning' → 79 entries, 55 kept so far
14:19:11  INFO     [PT] 'machine learning' → 100 entries, 157 kept so far
14:19:11  INFO     [RO] 'machine learning' → 100 entries, 96 kept so far
14:19:11  INFO     [HU] 'machine learning' → 66 entries, 48 kept so far
14:19:12  INFO     [FI] 'EU AI Act' → 65 entries, 145 kept so far
14:19:12  INFO     [CZ] 'EU AI Act' → 75 entries, 64 kept so far
14:19:12  INFO     [PT] 'EU AI Act' → 47 entries, 163 kept so far
14:19:12  INFO     [RO] 'EU AI Act' → 77 entries, 109 kept so far
14:19:13  INFO     [HU] 'EU AI Act' → 77 entries, 68 kept so far
14:19:13  INFO     [FI] 'generative AI' → 66 entries, 182 kept so far
14:19:14  INFO     [CZ] 'generative AI' → 82 entries, 79 kept so far
14:19:14  INFO     [PT] 'generative AI' → 100 entries, 201 kept so far
14:19:14  INFO     [RO] 'generative AI' → 78 entries, 129 kept so far
14:19:14  INFO     [FI] +71 new articles saved
14:19:14  INFO     [HU] 'generative AI' → 76 entries, 98 kept so far
14:19:15  INFO     [CZ] +29 new articles saved
14:19:15  INFO     [GR] 'artificial intelligence' → 100 entries, 49 kept so far
14:19:15  INFO     [PT] +70 new articles saved
14:19:15  INFO     [RO] +41 new articles saved
14:19:15  INFO     [HR] 'artificial intelligence' → 100 entries, 60 kept so far
14:19:15  INFO     [SK] 'artificial intelligence' → 100 entries, 23 kept so far
14:19:15  INFO     [HU] +42 new articles saved
14:19:16  INFO     [IE] 'artificial intelligence' → 100 entries, 58 kept so far
14:19:16  INFO     [BG] 'artificial intelligence' → 65 entries, 30 kept so far
14:19:17  INFO     [GR] 'AI regulation' → 69 entries, 85 kept so far
14:19:17  INFO     [HR] 'AI regulation' → 100 entries, 105 kept so far
14:19:17  INFO     [SK] 'AI regulation' → 16 entries, 25 kept so far
14:19:17  INFO     [IE] 'AI regulation' → 100 entries, 102 kept so far
14:19:18  INFO     [BG] 'AI regulation' → 10 entries, 33 kept so far
14:19:18  INFO     [GR] 'machine learning' → 86 entries, 122 kept so far
14:19:18  INFO     [HR] 'machine learning' → 100 entries, 172 kept so far
14:19:18  INFO     [SK] 'machine learning' → 58 entries, 41 kept so far
14:19:19  INFO     [BG] 'machine learning' → 51 entries, 41 kept so far
14:19:19  INFO     [IE] 'machine learning' → 100 entries, 166 kept so far
14:19:20  INFO     [GR] 'EU AI Act' → 62 entries, 141 kept so far
14:19:20  INFO     [HR] 'EU AI Act' → 100 entries, 250 kept so far
14:19:20  INFO     [SK] 'EU AI Act' → 57 entries, 55 kept so far
14:19:20  INFO     [BG] 'EU AI Act' → 12 entries, 44 kept so far
14:19:21  INFO     [IE] 'EU AI Act' → 100 entries, 244 kept so far
14:19:21  INFO     [GR] 'generative AI' → 100 entries, 182 kept so far
14:19:21  INFO     [HR] 'generative AI' → 100 entries, 314 kept so far
14:19:21  INFO     [SK] 'generative AI' → 47 entries, 66 kept so far
14:19:22  INFO     [BG] 'generative AI' → 36 entries, 48 kept so far
14:19:22  INFO     [GR] +81 new articles saved
14:19:22  INFO     [HR] +211 new articles saved
14:19:22  INFO     [SK] +21 new articles saved
14:19:23  INFO     [IE] 'generative AI' → 100 entries, 304 kept so far
14:19:23  INFO     [LT] 'artificial intelligence' → 90 entries, 33 kept so far
14:19:23  INFO     [BG] +25 new articles saved
14:19:23  INFO     [LV] 'artificial intelligence' → 67 entries, 21 kept so far
14:19:23  INFO     [SI] 'artificial intelligence' → 99 entries, 39 kept so far
14:19:23  INFO     [EE] 'artificial intelligence' → 100 entries, 47 kept so far
14:19:24  INFO     [IE] +76 new articles saved
14:19:24  INFO     [LT] 'AI regulation' → 9 entries, 34 kept so far
14:19:24  INFO     [LV] 'AI regulation' → 11 entries, 21 kept so far
14:19:24  INFO     [CY] 'artificial intelligence' → 100 entries, 49 kept so far
14:19:24  INFO     [SI] 'AI regulation' → 3 entries, 39 kept so far
14:19:25  INFO     [EE] 'AI regulation' → 11 entries, 47 kept so far
14:19:26  INFO     [LT] 'machine learning' → 54 entries, 40 kept so far
14:19:26  INFO     [LV] 'machine learning' → 10 entries, 23 kept so far
14:19:26  INFO     [SI] 'machine learning' → 22 entries, 42 kept so far
14:19:26  INFO     [CY] 'AI regulation' → 70 entries, 86 kept so far
14:19:26  INFO     [EE] 'machine learning' → 34 entries, 49 kept so far
14:19:27  INFO     [LV] 'EU AI Act' → 9 entries, 23 kept so far
14:19:27  INFO     [SI] 'EU AI Act' → 23 entries, 47 kept so far
14:19:27  INFO     [LT] 'EU AI Act' → 22 entries, 42 kept so far
14:19:27  INFO     [CY] 'machine learning' → 86 entries, 123 kept so far
14:19:28  INFO     [EE] 'EU AI Act' → 15 entries, 51 kept so far
14:19:28  INFO     [LV] 'generative AI' → 8 entries, 25 kept so far
14:19:28  INFO     [SI] 'generative AI' → 12 entries, 49 kept so far
14:19:28  INFO     [LT] 'generative AI' → 24 entries, 50 kept so far
14:19:29  INFO     [CY] 'EU AI Act' → 61 entries, 141 kept so far
14:19:29  INFO     [EE] 'generative AI' → 9 entries, 52 kept so far
14:19:29  INFO     [LV] +7 new articles saved
14:19:29  INFO     [SI] +11 new articles saved
14:19:29  INFO     [LT] +17 new articles saved
14:19:29  INFO     [MT] 'artificial intelligence' → 100 entries, 60 kept so far
14:19:30  INFO     [EE] +15 new articles saved
14:19:30  INFO     [LU] 'artificial intelligence' → 100 entries, 47 kept so far
14:19:30  INFO     [CY] 'generative AI' → 100 entries, 182 kept so far
14:19:31  INFO     [MT] 'AI regulation' → 100 entries, 105 kept so far
14:19:31  INFO     [CY] +1 new articles saved
14:19:32  INFO     [LU] 'AI regulation' → 100 entries, 138 kept so far
14:19:32  INFO     [MT] 'machine learning' → 100 entries, 172 kept so far
14:19:33  INFO     [MT] 'EU AI Act' → 100 entries, 250 kept so far
14:19:33  INFO     [LU] 'machine learning' → 100 entries, 195 kept so far
14:19:34  INFO     [MT] 'generative AI' → 100 entries, 314 kept so far
14:19:35  INFO     [LU] 'EU AI Act' → 77 entries, 224 kept so far
14:19:35  INFO     [MT] +0 new articles saved
14:19:36  INFO     [LU] 'generative AI' → 100 entries, 260 kept so far
14:19:37  INFO     [LU] +0 new articles saved
14:19:37  INFO     Scrape complete. 1329 new articles this run.
