03:59:19  INFO     Starting scrape: 27 countries, 5 queries each
/home/runner/work/EU_AI_News/EU_AI_News/eu_ai_news_scraper.py:230: DeprecationWarning: datetime.datetime.utcnow() is deprecated and scheduled for removal in a future version. Use timezone-aware objects to represent datetimes in UTC: datetime.datetime.now(datetime.UTC).
  "scraped_at":   datetime.utcnow().isoformat(),
03:59:20  INFO     [FR] 'artificial intelligence' → 100 entries, 51 kept so far
03:59:20  INFO     [IT] 'artificial intelligence' → 100 entries, 47 kept so far
03:59:20  INFO     [DE] 'artificial intelligence' → 100 entries, 47 kept so far
03:59:20  INFO     [ES] 'artificial intelligence' → 100 entries, 61 kept so far
03:59:20  INFO     [PL] 'artificial intelligence' → 100 entries, 12 kept so far
03:59:21  INFO     [DE] 'AI regulation' → 55 entries, 79 kept so far
03:59:21  INFO     [IT] 'AI regulation' → 100 entries, 101 kept so far
03:59:21  INFO     [ES] 'AI regulation' → 66 entries, 76 kept so far
03:59:21  INFO     [FR] 'AI regulation' → 100 entries, 127 kept so far
03:59:21  INFO     [PL] 'AI regulation' → 79 entries, 67 kept so far
03:59:23  INFO     [DE] 'machine learning' → 100 entries, 124 kept so far
03:59:23  INFO     [FR] 'machine learning' → 100 entries, 185 kept so far
03:59:23  INFO     [ES] 'machine learning' → 100 entries, 163 kept so far
03:59:23  INFO     [IT] 'machine learning' → 100 entries, 177 kept so far
03:59:23  INFO     [PL] 'machine learning' → 100 entries, 108 kept so far
03:59:24  INFO     [DE] 'EU AI Act' → 100 entries, 212 kept so far
03:59:24  INFO     [FR] 'EU AI Act' → 80 entries, 220 kept so far
03:59:24  INFO     [IT] 'EU AI Act' → 100 entries, 252 kept so far
03:59:25  INFO     [ES] 'EU AI Act' → 78 entries, 202 kept so far
03:59:25  INFO     [PL] 'EU AI Act' → 77 entries, 122 kept so far
03:59:26  INFO     [DE] 'generative AI' → 100 entries, 237 kept so far
03:59:26  INFO     [FR] 'generative AI' → 100 entries, 258 kept so far
03:59:26  INFO     [IT] 'generative AI' → 100 entries, 300 kept so far
03:59:26  INFO     [PL] 'generative AI' → 100 entries, 156 kept so far
03:59:26  INFO     [ES] 'generative AI' → 100 entries, 244 kept so far
03:59:27  INFO     [DE] +138 new articles saved
03:59:27  INFO     [FR] +100 new articles saved
03:59:27  INFO     [IT] +130 new articles saved
03:59:27  INFO     [PL] +51 new articles saved
03:59:27  INFO     [ES] +105 new articles saved
03:59:27  INFO     [NL] 'artificial intelligence' → 100 entries, 21 kept so far
03:59:27  INFO     [BE] 'artificial intelligence' → 100 entries, 54 kept so far
03:59:28  INFO     [SE] 'artificial intelligence' → 100 entries, 9 kept so far
03:59:28  INFO     [AT] 'artificial intelligence' → 100 entries, 48 kept so far
03:59:28  INFO     [DK] 'artificial intelligence' → 100 entries, 16 kept so far
03:59:29  INFO     [NL] 'AI regulation' → 77 entries, 63 kept so far
03:59:29  INFO     [BE] 'AI regulation' → 100 entries, 138 kept so far
03:59:29  INFO     [SE] 'AI regulation' → 65 entries, 25 kept so far
03:59:29  INFO     [AT] 'AI regulation' → 59 entries, 86 kept so far
03:59:29  INFO     [DK] 'AI regulation' → 29 entries, 19 kept so far
03:59:30  INFO     [NL] 'machine learning' → 100 entries, 121 kept so far
03:59:31  INFO     [BE] 'machine learning' → 100 entries, 197 kept so far
03:59:31  INFO     [SE] 'machine learning' → 80 entries, 49 kept so far
03:59:31  INFO     [AT] 'machine learning' → 100 entries, 126 kept so far
03:59:31  INFO     [DK] 'machine learning' → 74 entries, 37 kept so far
03:59:32  INFO     [NL] 'EU AI Act' → 86 entries, 142 kept so far
03:59:32  INFO     [BE] 'EU AI Act' → 80 entries, 231 kept so far
03:59:32  INFO     [SE] 'EU AI Act' → 68 entries, 58 kept so far
03:59:32  INFO     [DK] 'EU AI Act' → 68 entries, 62 kept so far
03:59:32  INFO     [AT] 'EU AI Act' → 100 entries, 213 kept so far
03:59:33  INFO     [NL] 'generative AI' → 100 entries, 176 kept so far
03:59:33  INFO     [SE] 'generative AI' → 75 entries, 72 kept so far
03:59:34  INFO     [BE] 'generative AI' → 100 entries, 265 kept so far
03:59:34  INFO     [DK] 'generative AI' → 100 entries, 101 kept so far
03:59:34  INFO     [AT] 'generative AI' → 100 entries, 236 kept so far
03:59:34  INFO     [NL] +60 new articles saved
03:59:34  INFO     [SE] +28 new articles saved
03:59:35  INFO     [BE] +23 new articles saved
03:59:35  INFO     [DK] +45 new articles saved
03:59:35  INFO     [AT] +13 new articles saved
03:59:35  INFO     [FI] 'artificial intelligence' → 100 entries, 58 kept so far
03:59:35  INFO     [CZ] 'artificial intelligence' → 100 entries, 22 kept so far
03:59:35  INFO     [PT] 'artificial intelligence' → 100 entries, 60 kept so far
03:59:35  INFO     [RO] 'artificial intelligence' → 100 entries, 41 kept so far
03:59:36  INFO     [HU] 'artificial intelligence' → 100 entries, 17 kept so far
03:59:36  INFO     [FI] 'AI regulation' → 42 entries, 66 kept so far
03:59:37  INFO     [CZ] 'AI regulation' → 77 entries, 41 kept so far
03:59:37  INFO     [RO] 'AI regulation' → 25 entries, 43 kept so far
03:59:37  INFO     [HU] 'AI regulation' → 78 entries, 19 kept so far
03:59:37  INFO     [PT] 'AI regulation' → 79 entries, 95 kept so far
03:59:38  INFO     [FI] 'machine learning' → 88 entries, 100 kept so far
03:59:38  INFO     [CZ] 'machine learning' → 74 entries, 57 kept so far
03:59:38  INFO     [RO] 'machine learning' → 100 entries, 92 kept so far
03:59:38  INFO     [HU] 'machine learning' → 83 entries, 46 kept so far
03:59:39  INFO     [PT] 'machine learning' → 100 entries, 167 kept so far
03:59:39  INFO     [FI] 'EU AI Act' → 56 entries, 128 kept so far
03:59:40  INFO     [CZ] 'EU AI Act' → 75 entries, 64 kept so far
03:59:40  INFO     [RO] 'EU AI Act' → 76 entries, 104 kept so far
03:59:40  INFO     [HU] 'EU AI Act' → 61 entries, 63 kept so far
03:59:40  INFO     [PT] 'EU AI Act' → 47 entries, 177 kept so far
03:59:41  INFO     [FI] 'generative AI' → 64 entries, 160 kept so far
03:59:41  INFO     [CZ] 'generative AI' → 86 entries, 78 kept so far
03:59:41  INFO     [RO] 'generative AI' → 80 entries, 123 kept so far
03:59:41  INFO     [HU] 'generative AI' → 74 entries, 88 kept so far
03:59:42  INFO     [PT] 'generative AI' → 100 entries, 216 kept so far
03:59:42  INFO     [FI] +49 new articles saved
03:59:42  INFO     [CZ] +33 new articles saved
03:59:42  INFO     [RO] +45 new articles saved
03:59:42  INFO     [HU] +41 new articles saved
03:59:42  INFO     [GR] 'artificial intelligence' → 100 entries, 45 kept so far
03:59:43  INFO     [SK] 'artificial intelligence' → 100 entries, 27 kept so far
03:59:43  INFO     [HR] 'artificial intelligence' → 100 entries, 59 kept so far
03:59:43  INFO     [IE] 'artificial intelligence' → 100 entries, 66 kept so far
03:59:43  INFO     [PT] +95 new articles saved
03:59:43  INFO     [BG] 'artificial intelligence' → 68 entries, 29 kept so far
03:59:44  INFO     [GR] 'AI regulation' → 71 entries, 83 kept so far
03:59:44  INFO     [SK] 'AI regulation' → 12 entries, 29 kept so far
03:59:44  INFO     [HR] 'AI regulation' → 100 entries, 109 kept so far
03:59:45  INFO     [IE] 'AI regulation' → 100 entries, 115 kept so far
03:59:45  INFO     [BG] 'AI regulation' → 7 entries, 31 kept so far
03:59:45  INFO     [GR] 'machine learning' → 86 entries, 117 kept so far
03:59:45  INFO     [SK] 'machine learning' → 58 entries, 47 kept so far
03:59:46  INFO     [HR] 'machine learning' → 100 entries, 191 kept so far
03:59:46  INFO     [BG] 'machine learning' → 48 entries, 43 kept so far
03:59:46  INFO     [IE] 'machine learning' → 100 entries, 194 kept so far
03:59:47  INFO     [SK] 'EU AI Act' → 59 entries, 58 kept so far
03:59:47  INFO     [GR] 'EU AI Act' → 62 entries, 135 kept so far
03:59:48  INFO     [HR] 'EU AI Act' → 100 entries, 274 kept so far
03:59:48  INFO     [BG] 'EU AI Act' → 32 entries, 48 kept so far
03:59:48  INFO     [IE] 'EU AI Act' → 100 entries, 266 kept so far
03:59:48  INFO     [SK] 'generative AI' → 43 entries, 67 kept so far
03:59:48  INFO     [GR] 'generative AI' → 100 entries, 175 kept so far
03:59:49  INFO     [BG] 'generative AI' → 36 entries, 53 kept so far
03:59:49  INFO     [HR] 'generative AI' → 100 entries, 354 kept so far
03:59:49  INFO     [SK] +26 new articles saved
03:59:49  INFO     [GR] +82 new articles saved
03:59:50  INFO     [IE] 'generative AI' → 100 entries, 340 kept so far
03:59:50  INFO     [LT] 'artificial intelligence' → 92 entries, 36 kept so far
03:59:50  INFO     [BG] +25 new articles saved
03:59:50  INFO     [SI] 'artificial intelligence' → 99 entries, 39 kept so far
03:59:50  INFO     [HR] +229 new articles saved
03:59:50  INFO     [LV] 'artificial intelligence' → 66 entries, 22 kept so far
03:59:51  INFO     [EE] 'artificial intelligence' → 100 entries, 52 kept so far
03:59:51  INFO     [IE] +104 new articles saved
03:59:51  INFO     [LT] 'AI regulation' → 17 entries, 39 kept so far
03:59:51  INFO     [CY] 'artificial intelligence' → 100 entries, 45 kept so far
03:59:51  INFO     [SI] 'AI regulation' → 5 entries, 39 kept so far
03:59:51  INFO     [LV] 'AI regulation' → 7 entries, 22 kept so far
03:59:52  INFO     [EE] 'AI regulation' → 11 entries, 52 kept so far
03:59:53  INFO     [LT] 'machine learning' → 53 entries, 45 kept so far
03:59:53  INFO     [LV] 'machine learning' → 9 entries, 24 kept so far
03:59:53  INFO     [CY] 'AI regulation' → 71 entries, 83 kept so far
03:59:53  INFO     [SI] 'machine learning' → 24 entries, 42 kept so far
03:59:53  INFO     [EE] 'machine learning' → 32 entries, 54 kept so far
03:59:54  INFO     [LT] 'EU AI Act' → 23 entries, 46 kept so far
03:59:54  INFO     [LV] 'EU AI Act' → 10 entries, 24 kept so far
03:59:54  INFO     [SI] 'EU AI Act' → 35 entries, 50 kept so far
03:59:54  INFO     [CY] 'machine learning' → 100 entries, 123 kept so far
03:59:55  INFO     [EE] 'EU AI Act' → 12 entries, 57 kept so far
03:59:55  INFO     [LV] 'generative AI' → 9 entries, 27 kept so far
03:59:55  INFO     [LT] 'generative AI' → 23 entries, 54 kept so far
03:59:55  INFO     [SI] 'generative AI' → 13 entries, 52 kept so far
03:59:56  INFO     [CY] 'EU AI Act' → 62 entries, 141 kept so far
03:59:56  INFO     [LV] +8 new articles saved
03:59:56  INFO     [EE] 'generative AI' → 10 entries, 60 kept so far
03:59:56  INFO     [LT] +22 new articles saved
03:59:56  INFO     [SI] +13 new articles saved
03:59:56  INFO     [MT] 'artificial intelligence' → 100 entries, 59 kept so far
03:59:57  INFO     [LU] 'artificial intelligence' → 100 entries, 51 kept so far
03:59:57  INFO     [CY] 'generative AI' → 100 entries, 181 kept so far
03:59:57  INFO     [EE] +16 new articles saved
03:59:58  INFO     [MT] 'AI regulation' → 100 entries, 109 kept so far
03:59:58  INFO     [CY] +11 new articles saved
03:59:58  INFO     [LU] 'AI regulation' → 100 entries, 125 kept so far
03:59:59  INFO     [MT] 'machine learning' → 100 entries, 191 kept so far
04:00:00  INFO     [LU] 'machine learning' → 100 entries, 183 kept so far
04:00:00  INFO     [MT] 'EU AI Act' → 100 entries, 274 kept so far
04:00:01  INFO     [MT] 'generative AI' → 100 entries, 354 kept so far
04:00:01  INFO     [LU] 'EU AI Act' → 80 entries, 221 kept so far
04:00:02  INFO     [MT] +0 new articles saved
04:00:03  INFO     [LU] 'generative AI' → 100 entries, 259 kept so far
04:00:04  INFO     [LU] +9 new articles saved
04:00:04  INFO     Scrape complete. 1501 new articles this run.
