13:36:15  INFO     Starting scrape: 27 countries, 5 queries each
13:36:16  INFO     [FR] 'artificial intelligence' → 100 entries, 57 kept so far
/home/runner/work/EU_AI_News/EU_AI_News/eu_ai_news_scraper.py:230: DeprecationWarning: datetime.datetime.utcnow() is deprecated and scheduled for removal in a future version. Use timezone-aware objects to represent datetimes in UTC: datetime.datetime.now(datetime.UTC).
  "scraped_at":   datetime.utcnow().isoformat(),
13:36:16  INFO     [PL] 'artificial intelligence' → 100 entries, 13 kept so far
13:36:16  INFO     [DE] 'artificial intelligence' → 100 entries, 50 kept so far
13:36:16  INFO     [ES] 'artificial intelligence' → 100 entries, 67 kept so far
13:36:16  INFO     [IT] 'artificial intelligence' → 100 entries, 32 kept so far
13:36:17  INFO     [PL] 'AI regulation' → 78 entries, 68 kept so far
13:36:17  INFO     [DE] 'AI regulation' → 61 entries, 86 kept so far
13:36:17  INFO     [FR] 'AI regulation' → 100 entries, 134 kept so far
13:36:17  INFO     [ES] 'AI regulation' → 78 entries, 91 kept so far
13:36:17  INFO     [IT] 'AI regulation' → 100 entries, 96 kept so far
13:36:19  INFO     [PL] 'machine learning' → 100 entries, 109 kept so far
13:36:19  INFO     [DE] 'machine learning' → 100 entries, 127 kept so far
13:36:19  INFO     [FR] 'machine learning' → 100 entries, 194 kept so far
13:36:19  INFO     [ES] 'machine learning' → 100 entries, 166 kept so far
13:36:19  INFO     [IT] 'machine learning' → 100 entries, 175 kept so far
13:36:20  INFO     [PL] 'EU AI Act' → 76 entries, 119 kept so far
13:36:20  INFO     [DE] 'EU AI Act' → 100 entries, 211 kept so far
13:36:20  INFO     [FR] 'EU AI Act' → 80 entries, 231 kept so far
13:36:21  INFO     [ES] 'EU AI Act' → 79 entries, 201 kept so far
13:36:21  INFO     [IT] 'EU AI Act' → 100 entries, 242 kept so far
13:36:22  INFO     [PL] 'generative AI' → 100 entries, 150 kept so far
13:36:22  INFO     [DE] 'generative AI' → 100 entries, 237 kept so far
13:36:22  INFO     [FR] 'generative AI' → 100 entries, 270 kept so far
13:36:22  INFO     [ES] 'generative AI' → 100 entries, 243 kept so far
13:36:22  INFO     [IT] 'generative AI' → 100 entries, 287 kept so far
13:36:23  INFO     [PL] +54 new articles saved
13:36:23  INFO     [DE] +151 new articles saved
13:36:23  INFO     [FR] +110 new articles saved
13:36:23  INFO     [ES] +93 new articles saved
13:36:23  INFO     [IT] +136 new articles saved
13:36:23  INFO     [NL] 'artificial intelligence' → 100 entries, 8 kept so far
13:36:24  INFO     [BE] 'artificial intelligence' → 100 entries, 59 kept so far
13:36:24  INFO     [SE] 'artificial intelligence' → 100 entries, 5 kept so far
13:36:24  INFO     [AT] 'artificial intelligence' → 100 entries, 51 kept so far
13:36:24  INFO     [DK] 'artificial intelligence' → 100 entries, 16 kept so far
13:36:25  INFO     [NL] 'AI regulation' → 78 entries, 44 kept so far
13:36:25  INFO     [BE] 'AI regulation' → 100 entries, 145 kept so far
13:36:25  INFO     [AT] 'AI regulation' → 65 entries, 92 kept so far
13:36:25  INFO     [SE] 'AI regulation' → 77 entries, 22 kept so far
13:36:25  INFO     [DK] 'AI regulation' → 33 entries, 19 kept so far
13:36:26  INFO     [NL] 'machine learning' → 100 entries, 100 kept so far
13:36:27  INFO     [BE] 'machine learning' → 100 entries, 202 kept so far
13:36:27  INFO     [SE] 'machine learning' → 72 entries, 44 kept so far
13:36:27  INFO     [DK] 'machine learning' → 77 entries, 40 kept so far
13:36:27  INFO     [AT] 'machine learning' → 100 entries, 134 kept so far
13:36:28  INFO     [NL] 'EU AI Act' → 90 entries, 124 kept so far
13:36:28  INFO     [SE] 'EU AI Act' → 66 entries, 51 kept so far
13:36:29  INFO     [BE] 'EU AI Act' → 85 entries, 234 kept so far
13:36:29  INFO     [DK] 'EU AI Act' → 76 entries, 59 kept so far
13:36:29  INFO     [AT] 'EU AI Act' → 100 entries, 219 kept so far
13:36:30  INFO     [NL] 'generative AI' → 100 entries, 155 kept so far
13:36:30  INFO     [SE] 'generative AI' → 76 entries, 62 kept so far
13:36:30  INFO     [BE] 'generative AI' → 100 entries, 272 kept so far
13:36:30  INFO     [DK] 'generative AI' → 100 entries, 96 kept so far
13:36:30  INFO     [AT] 'generative AI' → 100 entries, 242 kept so far
13:36:31  INFO     [NL] +50 new articles saved
13:36:31  INFO     [SE] +18 new articles saved
13:36:31  INFO     [FI] 'artificial intelligence' → 100 entries, 62 kept so far
13:36:31  INFO     [BE] +26 new articles saved
13:36:31  INFO     [DK] +23 new articles saved
13:36:31  INFO     [AT] +17 new articles saved
13:36:31  INFO     [PT] 'artificial intelligence' → 100 entries, 59 kept so far
13:36:32  INFO     [CZ] 'artificial intelligence' → 100 entries, 18 kept so far
13:36:32  INFO     [RO] 'artificial intelligence' → 100 entries, 37 kept so far
13:36:32  INFO     [HU] 'artificial intelligence' → 100 entries, 18 kept so far
13:36:33  INFO     [FI] 'AI regulation' → 41 entries, 73 kept so far
13:36:33  INFO     [RO] 'AI regulation' → 18 entries, 41 kept so far
13:36:33  INFO     [PT] 'AI regulation' → 79 entries, 97 kept so far
13:36:33  INFO     [CZ] 'AI regulation' → 78 entries, 37 kept so far
13:36:33  INFO     [HU] 'AI regulation' → 79 entries, 20 kept so far
13:36:34  INFO     [FI] 'machine learning' → 89 entries, 110 kept so far
13:36:35  INFO     [RO] 'machine learning' → 100 entries, 88 kept so far
13:36:35  INFO     [PT] 'machine learning' → 100 entries, 171 kept so far
13:36:35  INFO     [HU] 'machine learning' → 71 entries, 44 kept so far
13:36:35  INFO     [CZ] 'machine learning' → 81 entries, 56 kept so far
13:36:36  INFO     [FI] 'EU AI Act' → 74 entries, 146 kept so far
13:36:36  INFO     [RO] 'EU AI Act' → 78 entries, 102 kept so far
13:36:36  INFO     [PT] 'EU AI Act' → 50 entries, 177 kept so far
13:36:36  INFO     [CZ] 'EU AI Act' → 77 entries, 65 kept so far
13:36:37  INFO     [HU] 'EU AI Act' → 78 entries, 66 kept so far
13:36:37  INFO     [FI] 'generative AI' → 66 entries, 183 kept so far
13:36:38  INFO     [RO] 'generative AI' → 78 entries, 118 kept so far
13:36:38  INFO     [PT] 'generative AI' → 100 entries, 211 kept so far
13:36:38  INFO     [CZ] 'generative AI' → 79 entries, 77 kept so far
13:36:38  INFO     [HU] 'generative AI' → 75 entries, 90 kept so far
13:36:38  INFO     [FI] +68 new articles saved
13:36:39  INFO     [RO] +40 new articles saved
13:36:39  INFO     [GR] 'artificial intelligence' → 100 entries, 46 kept so far
13:36:39  INFO     [PT] +83 new articles saved
13:36:39  INFO     [CZ] +34 new articles saved
13:36:39  INFO     [HU] +40 new articles saved
13:36:39  INFO     [SK] 'artificial intelligence' → 100 entries, 26 kept so far
13:36:40  INFO     [HR] 'artificial intelligence' → 100 entries, 59 kept so far
13:36:40  INFO     [BG] 'artificial intelligence' → 68 entries, 30 kept so far
13:36:40  INFO     [IE] 'artificial intelligence' → 100 entries, 72 kept so far
13:36:40  INFO     [GR] 'AI regulation' → 43 entries, 79 kept so far
13:36:41  INFO     [SK] 'AI regulation' → 13 entries, 27 kept so far
13:36:41  INFO     [BG] 'AI regulation' → 6 entries, 32 kept so far
13:36:41  INFO     [HR] 'AI regulation' → 100 entries, 115 kept so far
13:36:41  INFO     [IE] 'AI regulation' → 100 entries, 121 kept so far
13:36:42  INFO     [SK] 'machine learning' → 61 entries, 43 kept so far
13:36:42  INFO     [GR] 'machine learning' → 92 entries, 121 kept so far
13:36:42  INFO     [BG] 'machine learning' → 54 entries, 41 kept so far
13:36:43  INFO     [HR] 'machine learning' → 100 entries, 195 kept so far
13:36:43  INFO     [IE] 'machine learning' → 100 entries, 197 kept so far
13:36:43  INFO     [SK] 'EU AI Act' → 59 entries, 58 kept so far
13:36:43  INFO     [GR] 'EU AI Act' → 37 entries, 128 kept so far
13:36:44  INFO     [BG] 'EU AI Act' → 10 entries, 44 kept so far
13:36:44  INFO     [HR] 'EU AI Act' → 100 entries, 273 kept so far
13:36:45  INFO     [SK] 'generative AI' → 47 entries, 68 kept so far
13:36:45  INFO     [IE] 'EU AI Act' → 100 entries, 268 kept so far
13:36:45  INFO     [BG] 'generative AI' → 29 entries, 47 kept so far
13:36:45  INFO     [GR] 'generative AI' → 100 entries, 167 kept so far
13:36:46  INFO     [SK] +24 new articles saved
13:36:46  INFO     [HR] 'generative AI' → 100 entries, 334 kept so far
13:36:46  INFO     [BG] +20 new articles saved
13:36:46  INFO     [GR] +84 new articles saved
13:36:46  INFO     [LT] 'artificial intelligence' → 92 entries, 37 kept so far
13:36:46  INFO     [IE] 'generative AI' → 100 entries, 329 kept so far
13:36:46  INFO     [LV] 'artificial intelligence' → 66 entries, 23 kept so far
13:36:46  INFO     [SI] 'artificial intelligence' → 97 entries, 41 kept so far
13:36:47  INFO     [HR] +249 new articles saved
13:36:47  INFO     [EE] 'artificial intelligence' → 100 entries, 50 kept so far
13:36:47  INFO     [IE] +75 new articles saved
13:36:47  INFO     [LT] 'AI regulation' → 13 entries, 39 kept so far
13:36:48  INFO     [SI] 'AI regulation' → 2 entries, 41 kept so far
13:36:48  INFO     [LV] 'AI regulation' → 8 entries, 23 kept so far
13:36:48  INFO     [CY] 'artificial intelligence' → 100 entries, 46 kept so far
13:36:49  INFO     [EE] 'AI regulation' → 7 entries, 50 kept so far
13:36:49  INFO     [LT] 'machine learning' → 48 entries, 44 kept so far
13:36:49  INFO     [SI] 'machine learning' → 24 entries, 43 kept so far
13:36:49  INFO     [LV] 'machine learning' → 10 entries, 24 kept so far
13:36:49  INFO     [CY] 'AI regulation' → 43 entries, 79 kept so far
13:36:50  INFO     [EE] 'machine learning' → 19 entries, 53 kept so far
13:36:50  INFO     [LT] 'EU AI Act' → 19 entries, 45 kept so far
13:36:50  INFO     [SI] 'EU AI Act' → 20 entries, 47 kept so far
13:36:50  INFO     [LV] 'EU AI Act' → 10 entries, 24 kept so far
13:36:51  INFO     [CY] 'machine learning' → 92 entries, 121 kept so far
13:36:51  INFO     [EE] 'EU AI Act' → 14 entries, 55 kept so far
13:36:51  INFO     [LT] 'generative AI' → 33 entries, 54 kept so far
13:36:52  INFO     [SI] 'generative AI' → 12 entries, 50 kept so far
13:36:52  INFO     [LV] 'generative AI' → 7 entries, 26 kept so far
13:36:52  INFO     [CY] 'EU AI Act' → 37 entries, 128 kept so far
13:36:52  INFO     [LT] +22 new articles saved
13:36:53  INFO     [SI] +11 new articles saved
13:36:53  INFO     [EE] 'generative AI' → 10 entries, 56 kept so far
13:36:53  INFO     [LV] +8 new articles saved
13:36:53  INFO     [MT] 'artificial intelligence' → 100 entries, 59 kept so far
13:36:53  INFO     [LU] 'artificial intelligence' → 100 entries, 57 kept so far
13:36:54  INFO     [CY] 'generative AI' → 100 entries, 167 kept so far
13:36:54  INFO     [EE] +16 new articles saved
13:36:54  INFO     [MT] 'AI regulation' → 100 entries, 115 kept so far
13:36:55  INFO     [CY] +0 new articles saved
13:36:55  INFO     [LU] 'AI regulation' → 100 entries, 134 kept so far
13:36:55  INFO     [MT] 'machine learning' → 100 entries, 195 kept so far
13:36:56  INFO     [MT] 'EU AI Act' → 100 entries, 273 kept so far
13:36:56  INFO     [LU] 'machine learning' → 100 entries, 194 kept so far
13:36:57  INFO     [MT] 'generative AI' → 100 entries, 334 kept so far
13:36:58  INFO     [LU] 'EU AI Act' → 80 entries, 231 kept so far
13:36:58  INFO     [MT] +0 new articles saved
13:36:59  INFO     [LU] 'generative AI' → 100 entries, 270 kept so far
13:37:00  INFO     [LU] +0 new articles saved
13:37:00  INFO     Scrape complete. 1452 new articles this run.
