04:54:13  INFO     Starting scrape: 27 countries, 5 queries each
/home/runner/work/EU_AI_News/EU_AI_News/eu_ai_news_scraper.py:230: DeprecationWarning: datetime.datetime.utcnow() is deprecated and scheduled for removal in a future version. Use timezone-aware objects to represent datetimes in UTC: datetime.datetime.now(datetime.UTC).
  "scraped_at":   datetime.utcnow().isoformat(),
04:54:13  INFO     [FR] 'artificial intelligence' → 100 entries, 46 kept so far
04:54:13  INFO     [IT] 'artificial intelligence' → 100 entries, 45 kept so far
04:54:14  INFO     [DE] 'artificial intelligence' → 100 entries, 61 kept so far
04:54:14  INFO     [PL] 'artificial intelligence' → 100 entries, 28 kept so far
04:54:14  INFO     [ES] 'artificial intelligence' → 100 entries, 76 kept so far
04:54:15  INFO     [DE] 'AI regulation' → 85 entries, 111 kept so far
04:54:15  INFO     [FR] 'AI regulation' → 100 entries, 121 kept so far
04:54:15  INFO     [IT] 'AI regulation' → 100 entries, 105 kept so far
04:54:15  INFO     [PL] 'AI regulation' → 79 entries, 91 kept so far
04:54:15  INFO     [ES] 'AI regulation' → 69 entries, 94 kept so far
04:54:17  INFO     [FR] 'machine learning' → 100 entries, 195 kept so far
04:54:17  INFO     [DE] 'machine learning' → 100 entries, 173 kept so far
04:54:17  INFO     [PL] 'machine learning' → 100 entries, 133 kept so far
04:54:17  INFO     [IT] 'machine learning' → 100 entries, 183 kept so far
04:54:17  INFO     [ES] 'machine learning' → 100 entries, 167 kept so far
04:54:18  INFO     [FR] 'EU AI Act' → 100 entries, 239 kept so far
04:54:18  INFO     [DE] 'EU AI Act' → 100 entries, 257 kept so far
04:54:18  INFO     [PL] 'EU AI Act' → 76 entries, 150 kept so far
04:54:19  INFO     [IT] 'EU AI Act' → 100 entries, 261 kept so far
04:54:19  INFO     [ES] 'EU AI Act' → 78 entries, 199 kept so far
04:54:20  INFO     [FR] 'generative AI' → 100 entries, 270 kept so far
04:54:20  INFO     [PL] 'generative AI' → 100 entries, 180 kept so far
04:54:20  INFO     [DE] 'generative AI' → 100 entries, 283 kept so far
04:54:20  INFO     [IT] 'generative AI' → 100 entries, 304 kept so far
04:54:20  INFO     [ES] 'generative AI' → 100 entries, 240 kept so far
04:54:21  INFO     [FR] +63 new articles saved
04:54:21  INFO     [PL] +38 new articles saved
04:54:21  INFO     [DE] +64 new articles saved
04:54:21  INFO     [IT] +77 new articles saved
04:54:21  INFO     [ES] +33 new articles saved
04:54:22  INFO     [NL] 'artificial intelligence' → 100 entries, 24 kept so far
04:54:22  INFO     [SE] 'artificial intelligence' → 100 entries, 10 kept so far
04:54:22  INFO     [AT] 'artificial intelligence' → 100 entries, 62 kept so far
04:54:22  INFO     [DK] 'artificial intelligence' → 100 entries, 21 kept so far
04:54:23  INFO     [BE] 'artificial intelligence' → 100 entries, 53 kept so far
04:54:23  INFO     [NL] 'AI regulation' → 78 entries, 63 kept so far
04:54:23  INFO     [SE] 'AI regulation' → 63 entries, 28 kept so far
04:54:24  INFO     [AT] 'AI regulation' → 87 entries, 115 kept so far
04:54:24  INFO     [DK] 'AI regulation' → 23 entries, 23 kept so far
04:54:25  INFO     [BE] 'AI regulation' → 100 entries, 136 kept so far
04:54:25  INFO     [NL] 'machine learning' → 100 entries, 129 kept so far
04:54:25  INFO     [SE] 'machine learning' → 80 entries, 53 kept so far
04:54:25  INFO     [AT] 'machine learning' → 100 entries, 164 kept so far
04:54:25  INFO     [DK] 'machine learning' → 79 entries, 51 kept so far
04:54:26  INFO     [BE] 'machine learning' → 100 entries, 206 kept so far
04:54:26  INFO     [SE] 'EU AI Act' → 62 entries, 57 kept so far
04:54:27  INFO     [NL] 'EU AI Act' → 92 entries, 158 kept so far
04:54:27  INFO     [AT] 'EU AI Act' → 100 entries, 244 kept so far
04:54:27  INFO     [DK] 'EU AI Act' → 76 entries, 70 kept so far
04:54:28  INFO     [BE] 'EU AI Act' → 78 entries, 236 kept so far
04:54:28  INFO     [NL] 'generative AI' → 100 entries, 194 kept so far
04:54:28  INFO     [AT] 'generative AI' → 100 entries, 272 kept so far
04:54:29  INFO     [DK] 'generative AI' → 100 entries, 105 kept so far
04:54:29  INFO     [NL] +17 new articles saved
04:54:29  INFO     [SE] 'generative AI' → 97 entries, 73 kept so far
04:54:29  INFO     [AT] +31 new articles saved
04:54:30  INFO     [BE] 'generative AI' → 100 entries, 263 kept so far
04:54:30  INFO     [DK] +36 new articles saved
04:54:30  INFO     [FI] 'artificial intelligence' → 100 entries, 63 kept so far
04:54:30  INFO     [CZ] 'artificial intelligence' → 100 entries, 27 kept so far
04:54:30  INFO     [PT] 'artificial intelligence' → 100 entries, 61 kept so far
04:54:30  INFO     [SE] +11 new articles saved
04:54:31  INFO     [BE] +21 new articles saved
04:54:31  INFO     [RO] 'artificial intelligence' → 100 entries, 46 kept so far
04:54:31  INFO     [HU] 'artificial intelligence' → 100 entries, 20 kept so far
04:54:31  INFO     [FI] 'AI regulation' → 41 entries, 72 kept so far
04:54:32  INFO     [CZ] 'AI regulation' → 77 entries, 42 kept so far
04:54:32  INFO     [PT] 'AI regulation' → 77 entries, 101 kept so far
04:54:32  INFO     [RO] 'AI regulation' → 13 entries, 50 kept so far
04:54:33  INFO     [HU] 'AI regulation' → 79 entries, 21 kept so far
04:54:33  INFO     [FI] 'machine learning' → 96 entries, 111 kept so far
04:54:33  INFO     [CZ] 'machine learning' → 88 entries, 61 kept so far
04:54:34  INFO     [PT] 'machine learning' → 100 entries, 182 kept so far
04:54:34  INFO     [RO] 'machine learning' → 100 entries, 90 kept so far
04:54:34  INFO     [HU] 'machine learning' → 68 entries, 41 kept so far
04:54:35  INFO     [FI] 'EU AI Act' → 57 entries, 141 kept so far
04:54:35  INFO     [CZ] 'EU AI Act' → 71 entries, 71 kept so far
04:54:36  INFO     [RO] 'EU AI Act' → 76 entries, 102 kept so far
04:54:36  INFO     [PT] 'EU AI Act' → 62 entries, 194 kept so far
04:54:36  INFO     [HU] 'EU AI Act' → 76 entries, 61 kept so far
04:54:36  INFO     [FI] 'generative AI' → 67 entries, 182 kept so far
04:54:37  INFO     [CZ] 'generative AI' → 82 entries, 89 kept so far
04:54:37  INFO     [RO] 'generative AI' → 77 entries, 127 kept so far
04:54:37  INFO     [FI] +22 new articles saved
04:54:37  INFO     [PT] 'generative AI' → 100 entries, 228 kept so far
04:54:38  INFO     [HU] 'generative AI' → 75 entries, 83 kept so far
04:54:38  INFO     [CZ] +8 new articles saved
04:54:38  INFO     [GR] 'artificial intelligence' → 100 entries, 51 kept so far
04:54:38  INFO     [RO] +4 new articles saved
04:54:38  INFO     [SK] 'artificial intelligence' → 100 entries, 27 kept so far
04:54:38  INFO     [PT] +49 new articles saved
04:54:39  INFO     [HU] +5 new articles saved
04:54:39  INFO     [HR] 'artificial intelligence' → 100 entries, 64 kept so far
04:54:39  INFO     [IE] 'artificial intelligence' → 100 entries, 63 kept so far
04:54:39  INFO     [BG] 'artificial intelligence' → 89 entries, 39 kept so far
04:54:39  INFO     [GR] 'AI regulation' → 79 entries, 87 kept so far
04:54:40  INFO     [SK] 'AI regulation' → 8 entries, 28 kept so far
04:54:40  INFO     [BG] 'AI regulation' → 4 entries, 40 kept so far
04:54:41  INFO     [HR] 'AI regulation' → 100 entries, 104 kept so far
04:54:41  INFO     [IE] 'AI regulation' → 100 entries, 105 kept so far
04:54:41  INFO     [GR] 'machine learning' → 98 entries, 128 kept so far
04:54:41  INFO     [SK] 'machine learning' → 59 entries, 39 kept so far
04:54:42  INFO     [BG] 'machine learning' → 59 entries, 50 kept so far
04:54:43  INFO     [HR] 'machine learning' → 100 entries, 189 kept so far
04:54:43  INFO     [SK] 'EU AI Act' → 49 entries, 50 kept so far
04:54:43  INFO     [GR] 'EU AI Act' → 67 entries, 145 kept so far
04:54:43  INFO     [IE] 'machine learning' → 100 entries, 185 kept so far
04:54:43  INFO     [BG] 'EU AI Act' → 7 entries, 52 kept so far
04:54:44  INFO     [SK] 'generative AI' → 39 entries, 59 kept so far
04:54:44  INFO     [HR] 'EU AI Act' → 100 entries, 266 kept so far
04:54:44  INFO     [GR] 'generative AI' → 100 entries, 185 kept so far
04:54:45  INFO     [IE] 'EU AI Act' → 100 entries, 261 kept so far
04:54:45  INFO     [BG] 'generative AI' → 30 entries, 56 kept so far
04:54:45  INFO     [SK] +3 new articles saved
04:54:45  INFO     [GR] +28 new articles saved
04:54:46  INFO     [LT] 'artificial intelligence' → 100 entries, 31 kept so far
04:54:46  INFO     [BG] +3 new articles saved
04:54:46  INFO     [HR] 'generative AI' → 100 entries, 336 kept so far
04:54:46  INFO     [SI] 'artificial intelligence' → 100 entries, 42 kept so far
04:54:46  INFO     [LV] 'artificial intelligence' → 71 entries, 28 kept so far
04:54:46  INFO     [IE] 'generative AI' → 100 entries, 319 kept so far
04:54:47  INFO     [HR] +87 new articles saved
04:54:47  INFO     [LT] 'AI regulation' → 14 entries, 34 kept so far
04:54:47  INFO     [SI] 'AI regulation' → 9 entries, 43 kept so far
04:54:47  INFO     [IE] +45 new articles saved
04:54:47  INFO     [LV] 'AI regulation' → 9 entries, 28 kept so far
04:54:48  INFO     [EE] 'artificial intelligence' → 100 entries, 51 kept so far
04:54:48  INFO     [CY] 'artificial intelligence' → 100 entries, 49 kept so far
04:54:49  INFO     [LT] 'machine learning' → 35 entries, 41 kept so far
04:54:49  INFO     [SI] 'machine learning' → 22 entries, 45 kept so far
04:54:49  INFO     [LV] 'machine learning' → 12 entries, 29 kept so far
04:54:49  INFO     [EE] 'AI regulation' → 17 entries, 51 kept so far
04:54:50  INFO     [CY] 'AI regulation' → 70 entries, 96 kept so far
04:54:50  INFO     [LT] 'EU AI Act' → 18 entries, 43 kept so far
04:54:50  INFO     [LV] 'EU AI Act' → 8 entries, 29 kept so far
04:54:50  INFO     [SI] 'EU AI Act' → 22 entries, 48 kept so far
04:54:51  INFO     [EE] 'machine learning' → 14 entries, 51 kept so far
04:54:51  INFO     [LT] 'generative AI' → 29 entries, 52 kept so far
04:54:51  INFO     [CY] 'machine learning' → 100 entries, 139 kept so far
04:54:51  INFO     [LV] 'generative AI' → 11 entries, 31 kept so far
04:54:52  INFO     [SI] 'generative AI' → 12 entries, 51 kept so far
04:54:52  INFO     [EE] 'EU AI Act' → 19 entries, 54 kept so far
04:54:52  INFO     [LT] +3 new articles saved
04:54:52  INFO     [LV] +1 new articles saved
04:54:53  INFO     [SI] +1 new articles saved
04:54:53  INFO     [MT] 'artificial intelligence' → 100 entries, 64 kept so far
04:54:53  INFO     [LU] 'artificial intelligence' → 100 entries, 46 kept so far
04:54:53  INFO     [CY] 'EU AI Act' → 67 entries, 154 kept so far
04:54:53  INFO     [EE] 'generative AI' → 18 entries, 60 kept so far
04:54:54  INFO     [MT] 'AI regulation' → 100 entries, 104 kept so far
04:54:55  INFO     [LU] 'AI regulation' → 100 entries, 121 kept so far
04:54:55  INFO     [EE] +3 new articles saved
04:54:55  INFO     [CY] 'generative AI' → 100 entries, 193 kept so far
04:54:55  INFO     [MT] 'machine learning' → 100 entries, 189 kept so far
04:54:56  INFO     [CY] +15 new articles saved
04:54:56  INFO     [LU] 'machine learning' → 62 entries, 175 kept so far
04:54:57  INFO     [MT] 'EU AI Act' → 100 entries, 266 kept so far
04:54:58  INFO     [LU] 'EU AI Act' → 78 entries, 206 kept so far
04:54:58  INFO     [MT] 'generative AI' → 100 entries, 336 kept so far
04:54:59  INFO     [MT] +0 new articles saved
04:55:00  INFO     [LU] 'generative AI' → 100 entries, 237 kept so far
04:55:01  INFO     [LU] +25 new articles saved
04:55:01  INFO     Scrape complete. 693 new articles this run.
