03:59:53  INFO     Starting scrape: 27 countries, 5 queries each
/home/runner/work/EU_AI_News/EU_AI_News/eu_ai_news_scraper.py:230: DeprecationWarning: datetime.datetime.utcnow() is deprecated and scheduled for removal in a future version. Use timezone-aware objects to represent datetimes in UTC: datetime.datetime.now(datetime.UTC).
  "scraped_at":   datetime.utcnow().isoformat(),
03:59:54  INFO     [FR] 'artificial intelligence' → 100 entries, 43 kept so far
03:59:54  INFO     [DE] 'artificial intelligence' → 100 entries, 54 kept so far
03:59:54  INFO     [PL] 'artificial intelligence' → 100 entries, 23 kept so far
03:59:54  INFO     [IT] 'artificial intelligence' → 100 entries, 21 kept so far
03:59:54  INFO     [ES] 'artificial intelligence' → 100 entries, 67 kept so far
03:59:55  INFO     [FR] 'AI regulation' → 100 entries, 110 kept so far
03:59:55  INFO     [DE] 'AI regulation' → 100 entries, 109 kept so far
03:59:55  INFO     [PL] 'AI regulation' → 79 entries, 86 kept so far
03:59:56  INFO     [IT] 'AI regulation' → 100 entries, 77 kept so far
03:59:56  INFO     [ES] 'AI regulation' → 76 entries, 93 kept so far
03:59:57  INFO     [FR] 'machine learning' → 100 entries, 166 kept so far
03:59:57  INFO     [DE] 'machine learning' → 100 entries, 150 kept so far
03:59:57  INFO     [PL] 'machine learning' → 100 entries, 123 kept so far
03:59:57  INFO     [IT] 'machine learning' → 100 entries, 146 kept so far
03:59:57  INFO     [ES] 'machine learning' → 100 entries, 167 kept so far
03:59:58  INFO     [FR] 'EU AI Act' → 79 entries, 212 kept so far
03:59:59  INFO     [DE] 'EU AI Act' → 100 entries, 229 kept so far
03:59:59  INFO     [PL] 'EU AI Act' → 76 entries, 141 kept so far
03:59:59  INFO     [IT] 'EU AI Act' → 100 entries, 227 kept so far
03:59:59  INFO     [ES] 'EU AI Act' → 79 entries, 202 kept so far
04:00:00  INFO     [FR] 'generative AI' → 100 entries, 249 kept so far
04:00:00  INFO     [DE] 'generative AI' → 100 entries, 253 kept so far
04:00:00  INFO     [IT] 'generative AI' → 100 entries, 274 kept so far
04:00:01  INFO     [PL] 'generative AI' → 100 entries, 172 kept so far
04:00:01  INFO     [ES] 'generative AI' → 100 entries, 242 kept so far
04:00:01  INFO     [FR] +92 new articles saved
04:00:01  INFO     [DE] +142 new articles saved
04:00:01  INFO     [IT] +104 new articles saved
04:00:02  INFO     [PL] +76 new articles saved
04:00:02  INFO     [NL] 'artificial intelligence' → 100 entries, 8 kept so far
04:00:02  INFO     [ES] +86 new articles saved
04:00:02  INFO     [BE] 'artificial intelligence' → 100 entries, 47 kept so far
04:00:02  INFO     [SE] 'artificial intelligence' → 100 entries, 8 kept so far
04:00:02  INFO     [AT] 'artificial intelligence' → 100 entries, 47 kept so far
04:00:02  INFO     [DK] 'artificial intelligence' → 100 entries, 20 kept so far
04:00:03  INFO     [NL] 'AI regulation' → 78 entries, 55 kept so far
04:00:04  INFO     [BE] 'AI regulation' → 100 entries, 120 kept so far
04:00:04  INFO     [SE] 'AI regulation' → 61 entries, 21 kept so far
04:00:04  INFO     [AT] 'AI regulation' → 57 entries, 81 kept so far
04:00:04  INFO     [DK] 'AI regulation' → 31 entries, 20 kept so far
04:00:05  INFO     [NL] 'machine learning' → 100 entries, 116 kept so far
04:00:06  INFO     [SE] 'machine learning' → 75 entries, 41 kept so far
04:00:06  INFO     [BE] 'machine learning' → 100 entries, 179 kept so far
04:00:06  INFO     [DK] 'machine learning' → 77 entries, 40 kept so far
04:00:06  INFO     [AT] 'machine learning' → 100 entries, 121 kept so far
04:00:07  INFO     [NL] 'EU AI Act' → 100 entries, 135 kept so far
04:00:07  INFO     [SE] 'EU AI Act' → 60 entries, 46 kept so far
04:00:07  INFO     [BE] 'EU AI Act' → 81 entries, 227 kept so far
04:00:08  INFO     [DK] 'EU AI Act' → 75 entries, 58 kept so far
04:00:08  INFO     [AT] 'EU AI Act' → 100 entries, 204 kept so far
04:00:08  INFO     [NL] 'generative AI' → 100 entries, 165 kept so far
04:00:08  INFO     [SE] 'generative AI' → 53 entries, 55 kept so far
04:00:09  INFO     [BE] 'generative AI' → 100 entries, 265 kept so far
04:00:09  INFO     [DK] 'generative AI' → 100 entries, 91 kept so far
04:00:09  INFO     [NL] +51 new articles saved
04:00:09  INFO     [SE] +12 new articles saved
04:00:10  INFO     [AT] 'generative AI' → 100 entries, 227 kept so far
04:00:10  INFO     [FI] 'artificial intelligence' → 100 entries, 56 kept so far
04:00:10  INFO     [BE] +26 new articles saved
04:00:10  INFO     [DK] +19 new articles saved
04:00:10  INFO     [PT] 'artificial intelligence' → 100 entries, 58 kept so far
04:00:11  INFO     [CZ] 'artificial intelligence' → 100 entries, 18 kept so far
04:00:11  INFO     [AT] +13 new articles saved
04:00:11  INFO     [RO] 'artificial intelligence' → 100 entries, 43 kept so far
04:00:11  INFO     [HU] 'artificial intelligence' → 100 entries, 14 kept so far
04:00:12  INFO     [FI] 'AI regulation' → 46 entries, 69 kept so far
04:00:12  INFO     [PT] 'AI regulation' → 79 entries, 100 kept so far
04:00:12  INFO     [RO] 'AI regulation' → 19 entries, 47 kept so far
04:00:12  INFO     [CZ] 'AI regulation' → 72 entries, 42 kept so far
04:00:13  INFO     [HU] 'AI regulation' → 79 entries, 17 kept so far
04:00:13  INFO     [FI] 'machine learning' → 86 entries, 100 kept so far
04:00:14  INFO     [PT] 'machine learning' → 100 entries, 176 kept so far
04:00:14  INFO     [CZ] 'machine learning' → 80 entries, 60 kept so far
04:00:14  INFO     [RO] 'machine learning' → 100 entries, 94 kept so far
04:00:15  INFO     [HU] 'machine learning' → 71 entries, 42 kept so far
04:00:15  INFO     [FI] 'EU AI Act' → 62 entries, 134 kept so far
04:00:16  INFO     [PT] 'EU AI Act' → 55 entries, 185 kept so far
04:00:16  INFO     [CZ] 'EU AI Act' → 71 entries, 70 kept so far
04:00:16  INFO     [RO] 'EU AI Act' → 75 entries, 106 kept so far
04:00:16  INFO     [HU] 'EU AI Act' → 77 entries, 60 kept so far
04:00:17  INFO     [FI] 'generative AI' → 68 entries, 169 kept so far
04:00:17  INFO     [CZ] 'generative AI' → 83 entries, 88 kept so far
04:00:17  INFO     [PT] 'generative AI' → 100 entries, 219 kept so far
04:00:17  INFO     [RO] 'generative AI' → 84 entries, 128 kept so far
04:00:18  INFO     [FI] +53 new articles saved
04:00:18  INFO     [HU] 'generative AI' → 75 entries, 83 kept so far
04:00:18  INFO     [CZ] +34 new articles saved
04:00:18  INFO     [PT] +78 new articles saved
04:00:18  INFO     [GR] 'artificial intelligence' → 100 entries, 44 kept so far
04:00:18  INFO     [RO] +37 new articles saved
04:00:19  INFO     [SK] 'artificial intelligence' → 100 entries, 28 kept so far
04:00:19  INFO     [HU] +27 new articles saved
04:00:19  INFO     [HR] 'artificial intelligence' → 100 entries, 60 kept so far
04:00:19  INFO     [IE] 'artificial intelligence' → 100 entries, 59 kept so far
04:00:20  INFO     [BG] 'artificial intelligence' → 91 entries, 45 kept so far
04:00:20  INFO     [GR] 'AI regulation' → 40 entries, 71 kept so far
04:00:20  INFO     [SK] 'AI regulation' → 16 entries, 29 kept so far
04:00:21  INFO     [HR] 'AI regulation' → 100 entries, 96 kept so far
04:00:21  INFO     [IE] 'AI regulation' → 100 entries, 94 kept so far
04:00:21  INFO     [BG] 'AI regulation' → 6 entries, 46 kept so far
04:00:22  INFO     [GR] 'machine learning' → 95 entries, 114 kept so far
04:00:22  INFO     [SK] 'machine learning' → 57 entries, 41 kept so far
04:00:22  INFO     [HR] 'machine learning' → 100 entries, 171 kept so far
04:00:23  INFO     [BG] 'machine learning' → 59 entries, 59 kept so far
04:00:23  INFO     [IE] 'machine learning' → 100 entries, 167 kept so far
04:00:23  INFO     [SK] 'EU AI Act' → 59 entries, 55 kept so far
04:00:23  INFO     [GR] 'EU AI Act' → 68 entries, 134 kept so far
04:00:24  INFO     [BG] 'EU AI Act' → 9 entries, 62 kept so far
04:00:24  INFO     [HR] 'EU AI Act' → 100 entries, 249 kept so far
04:00:25  INFO     [IE] 'EU AI Act' → 100 entries, 242 kept so far
04:00:25  INFO     [SK] 'generative AI' → 43 entries, 65 kept so far
04:00:25  INFO     [GR] 'generative AI' → 100 entries, 173 kept so far
04:00:25  INFO     [BG] 'generative AI' → 34 entries, 64 kept so far
04:00:26  INFO     [HR] 'generative AI' → 100 entries, 296 kept so far
04:00:26  INFO     [SK] +23 new articles saved
04:00:26  INFO     [GR] +67 new articles saved
04:00:26  INFO     [LT] 'artificial intelligence' → 95 entries, 32 kept so far
04:00:26  INFO     [IE] 'generative AI' → 100 entries, 288 kept so far
04:00:26  INFO     [SI] 'artificial intelligence' → 100 entries, 45 kept so far
04:00:26  INFO     [BG] +30 new articles saved
04:00:27  INFO     [HR] +180 new articles saved
04:00:27  INFO     [LV] 'artificial intelligence' → 80 entries, 27 kept so far
04:00:27  INFO     [EE] 'artificial intelligence' → 100 entries, 43 kept so far
04:00:27  INFO     [IE] +52 new articles saved
04:00:28  INFO     [LT] 'AI regulation' → 17 entries, 34 kept so far
04:00:28  INFO     [SI] 'AI regulation' → 2 entries, 45 kept so far
04:00:28  INFO     [CY] 'artificial intelligence' → 100 entries, 44 kept so far
04:00:28  INFO     [LV] 'AI regulation' → 11 entries, 27 kept so far
04:00:29  INFO     [EE] 'AI regulation' → 18 entries, 45 kept so far
04:00:29  INFO     [SI] 'machine learning' → 23 entries, 49 kept so far
04:00:29  INFO     [LT] 'machine learning' → 32 entries, 39 kept so far
04:00:29  INFO     [CY] 'AI regulation' → 40 entries, 71 kept so far
04:00:30  INFO     [LV] 'machine learning' → 12 entries, 30 kept so far
04:00:30  INFO     [EE] 'machine learning' → 18 entries, 47 kept so far
04:00:30  INFO     [LT] 'EU AI Act' → 19 entries, 40 kept so far
04:00:30  INFO     [SI] 'EU AI Act' → 22 entries, 55 kept so far
04:00:31  INFO     [LV] 'EU AI Act' → 9 entries, 30 kept so far
04:00:31  INFO     [CY] 'machine learning' → 95 entries, 114 kept so far
04:00:32  INFO     [EE] 'EU AI Act' → 17 entries, 50 kept so far
04:00:32  INFO     [SI] 'generative AI' → 13 entries, 58 kept so far
04:00:32  INFO     [LT] 'generative AI' → 29 entries, 47 kept so far
04:00:32  INFO     [LV] 'generative AI' → 8 entries, 32 kept so far
04:00:33  INFO     [CY] 'EU AI Act' → 68 entries, 134 kept so far
04:00:33  INFO     [SI] +15 new articles saved
04:00:33  INFO     [LT] +12 new articles saved
04:00:33  INFO     [MT] 'artificial intelligence' → 100 entries, 60 kept so far
04:00:33  INFO     [EE] 'generative AI' → 12 entries, 52 kept so far
04:00:33  INFO     [LV] +11 new articles saved
04:00:33  INFO     [LU] 'artificial intelligence' → 100 entries, 43 kept so far
04:00:34  INFO     [EE] +11 new articles saved
04:00:34  INFO     [CY] 'generative AI' → 100 entries, 172 kept so far
04:00:34  INFO     [MT] 'AI regulation' → 100 entries, 96 kept so far
04:00:35  INFO     [LU] 'AI regulation' → 100 entries, 110 kept so far
04:00:35  INFO     [CY] +0 new articles saved
04:00:36  INFO     [MT] 'machine learning' → 100 entries, 171 kept so far
04:00:37  INFO     [LU] 'machine learning' → 100 entries, 166 kept so far
04:00:37  INFO     [MT] 'EU AI Act' → 100 entries, 249 kept so far
04:00:38  INFO     [MT] 'generative AI' → 100 entries, 296 kept so far
04:00:38  INFO     [LU] 'EU AI Act' → 79 entries, 213 kept so far
04:00:39  INFO     [MT] +0 new articles saved
04:00:40  INFO     [LU] 'generative AI' → 100 entries, 250 kept so far
04:00:41  INFO     [LU] +0 new articles saved
04:00:41  INFO     Scrape complete. 1251 new articles this run.
