15:18:59  INFO     Starting scrape: 27 countries, 5 queries each
15:19:00  INFO     [PL] 'artificial intelligence' → 100 entries, 13 kept so far
/home/runner/work/EU_AI_News/EU_AI_News/eu_ai_news_scraper.py:230: DeprecationWarning: datetime.datetime.utcnow() is deprecated and scheduled for removal in a future version. Use timezone-aware objects to represent datetimes in UTC: datetime.datetime.now(datetime.UTC).
  "scraped_at":   datetime.utcnow().isoformat(),
15:19:00  INFO     [FR] 'artificial intelligence' → 100 entries, 43 kept so far
15:19:00  INFO     [DE] 'artificial intelligence' → 100 entries, 42 kept so far
15:19:00  INFO     [ES] 'artificial intelligence' → 100 entries, 57 kept so far
15:19:00  INFO     [IT] 'artificial intelligence' → 100 entries, 30 kept so far
15:19:02  INFO     [PL] 'AI regulation' → 79 entries, 76 kept so far
15:19:02  INFO     [FR] 'AI regulation' → 100 entries, 133 kept so far
15:19:02  INFO     [DE] 'AI regulation' → 100 entries, 118 kept so far
15:19:02  INFO     [IT] 'AI regulation' → 100 entries, 120 kept so far
15:19:03  INFO     [FR] 'machine learning' → 100 entries, 192 kept so far
15:19:03  INFO     [PL] 'machine learning' → 100 entries, 116 kept so far
15:19:03  INFO     [IT] 'machine learning' → 100 entries, 194 kept so far
15:19:03  INFO     [DE] 'machine learning' → 100 entries, 158 kept so far
15:19:04  INFO     [ES] 'AI regulation' → 78 entries, 97 kept so far
15:19:05  INFO     [FR] 'EU AI Act' → 100 entries, 235 kept so far
15:19:05  INFO     [PL] 'EU AI Act' → 76 entries, 128 kept so far
15:19:05  INFO     [DE] 'EU AI Act' → 100 entries, 232 kept so far
15:19:05  INFO     [IT] 'EU AI Act' → 100 entries, 257 kept so far
15:19:06  INFO     [ES] 'machine learning' → 100 entries, 171 kept so far
15:19:07  INFO     [FR] 'generative AI' → 100 entries, 275 kept so far
15:19:07  INFO     [PL] 'generative AI' → 100 entries, 161 kept so far
15:19:07  INFO     [DE] 'generative AI' → 100 entries, 260 kept so far
15:19:07  INFO     [IT] 'generative AI' → 100 entries, 304 kept so far
15:19:07  INFO     [ES] 'EU AI Act' → 79 entries, 203 kept so far
15:19:08  INFO     [FR] +111 new articles saved
15:19:08  INFO     [PL] +78 new articles saved
15:19:08  INFO     [DE] +130 new articles saved
15:19:08  INFO     [IT] +123 new articles saved
15:19:08  INFO     [NL] 'artificial intelligence' → 100 entries, 8 kept so far
15:19:08  INFO     [BE] 'artificial intelligence' → 100 entries, 53 kept so far
15:19:08  INFO     [SE] 'artificial intelligence' → 100 entries, 6 kept so far
15:19:09  INFO     [AT] 'artificial intelligence' → 100 entries, 45 kept so far
15:19:09  INFO     [ES] 'generative AI' → 100 entries, 247 kept so far
15:19:10  INFO     [NL] 'AI regulation' → 77 entries, 49 kept so far
15:19:10  INFO     [SE] 'AI regulation' → 75 entries, 25 kept so far
15:19:10  INFO     [BE] 'AI regulation' → 100 entries, 141 kept so far
15:19:10  INFO     [ES] +110 new articles saved
15:19:11  INFO     [AT] 'AI regulation' → 100 entries, 123 kept so far
15:19:11  INFO     [DK] 'artificial intelligence' → 100 entries, 28 kept so far
15:19:12  INFO     [NL] 'machine learning' → 100 entries, 107 kept so far
15:19:12  INFO     [SE] 'machine learning' → 80 entries, 52 kept so far
15:19:12  INFO     [BE] 'machine learning' → 100 entries, 198 kept so far
15:19:12  INFO     [AT] 'machine learning' → 100 entries, 165 kept so far
15:19:13  INFO     [DK] 'AI regulation' → 66 entries, 40 kept so far
15:19:13  INFO     [NL] 'EU AI Act' → 100 entries, 129 kept so far
15:19:13  INFO     [SE] 'EU AI Act' → 68 entries, 55 kept so far
15:19:14  INFO     [BE] 'EU AI Act' → 87 entries, 230 kept so far
15:19:14  INFO     [AT] 'EU AI Act' → 100 entries, 249 kept so far
15:19:14  INFO     [DK] 'machine learning' → 80 entries, 60 kept so far
15:19:15  INFO     [NL] 'generative AI' → 100 entries, 163 kept so far
15:19:15  INFO     [SE] 'generative AI' → 85 entries, 70 kept so far
15:19:15  INFO     [BE] 'generative AI' → 100 entries, 273 kept so far
15:19:16  INFO     [AT] 'generative AI' → 100 entries, 276 kept so far
15:19:16  INFO     [NL] +56 new articles saved
15:19:16  INFO     [SE] +29 new articles saved
15:19:16  INFO     [DK] 'EU AI Act' → 76 entries, 74 kept so far
15:19:16  INFO     [BE] +24 new articles saved
15:19:17  INFO     [FI] 'artificial intelligence' → 100 entries, 58 kept so far
15:19:17  INFO     [PT] 'artificial intelligence' → 100 entries, 60 kept so far
15:19:17  INFO     [AT] +32 new articles saved
15:19:17  INFO     [CZ] 'artificial intelligence' → 100 entries, 21 kept so far
15:19:17  INFO     [RO] 'artificial intelligence' → 100 entries, 44 kept so far
15:19:18  INFO     [DK] 'generative AI' → 100 entries, 109 kept so far
15:19:18  INFO     [FI] 'AI regulation' → 53 entries, 67 kept so far
15:19:18  INFO     [PT] 'AI regulation' → 76 entries, 103 kept so far
15:19:19  INFO     [CZ] 'AI regulation' → 77 entries, 41 kept so far
15:19:19  INFO     [DK] +47 new articles saved
15:19:19  INFO     [RO] 'AI regulation' → 70 entries, 49 kept so far
15:19:19  INFO     [HU] 'artificial intelligence' → 100 entries, 15 kept so far
15:19:20  INFO     [FI] 'machine learning' → 83 entries, 99 kept so far
15:19:20  INFO     [CZ] 'machine learning' → 89 entries, 62 kept so far
15:19:20  INFO     [PT] 'machine learning' → 100 entries, 177 kept so far
15:19:21  INFO     [RO] 'machine learning' → 100 entries, 95 kept so far
15:19:21  INFO     [HU] 'AI regulation' → 79 entries, 20 kept so far
15:19:21  INFO     [FI] 'EU AI Act' → 64 entries, 130 kept so far
15:19:22  INFO     [CZ] 'EU AI Act' → 75 entries, 71 kept so far
15:19:22  INFO     [RO] 'EU AI Act' → 76 entries, 107 kept so far
15:19:22  INFO     [PT] 'EU AI Act' → 53 entries, 183 kept so far
15:19:23  INFO     [HU] 'machine learning' → 69 entries, 43 kept so far
15:19:23  INFO     [FI] 'generative AI' → 64 entries, 162 kept so far
15:19:23  INFO     [CZ] 'generative AI' → 84 entries, 83 kept so far
15:19:24  INFO     [RO] 'generative AI' → 77 entries, 123 kept so far
15:19:24  INFO     [PT] 'generative AI' → 100 entries, 220 kept so far
15:19:24  INFO     [HU] 'EU AI Act' → 77 entries, 63 kept so far
15:19:24  INFO     [FI] +54 new articles saved
15:19:24  INFO     [CZ] +39 new articles saved
15:19:25  INFO     [GR] 'artificial intelligence' → 100 entries, 43 kept so far
15:19:25  INFO     [RO] +45 new articles saved
15:19:25  INFO     [PT] +100 new articles saved
15:19:25  INFO     [SK] 'artificial intelligence' → 100 entries, 24 kept so far
15:19:26  INFO     [HR] 'artificial intelligence' → 100 entries, 52 kept so far
15:19:26  INFO     [IE] 'artificial intelligence' → 100 entries, 53 kept so far
15:19:26  INFO     [HU] 'generative AI' → 72 entries, 87 kept so far
15:19:26  INFO     [GR] 'AI regulation' → 63 entries, 88 kept so far
15:19:27  INFO     [SK] 'AI regulation' → 40 entries, 29 kept so far
15:19:27  INFO     [HU] +39 new articles saved
15:19:27  INFO     [HR] 'AI regulation' → 102 entries, 98 kept so far
15:19:27  INFO     [BG] 'artificial intelligence' → 72 entries, 26 kept so far
15:19:27  INFO     [IE] 'AI regulation' → 100 entries, 98 kept so far
15:19:28  INFO     [GR] 'machine learning' → 100 entries, 127 kept so far
15:19:28  INFO     [SK] 'machine learning' → 59 entries, 46 kept so far
15:19:29  INFO     [BG] 'AI regulation' → 9 entries, 28 kept so far
15:19:29  INFO     [IE] 'machine learning' → 100 entries, 163 kept so far
15:19:29  INFO     [HR] 'machine learning' → 100 entries, 159 kept so far
15:19:30  INFO     [GR] 'EU AI Act' → 38 entries, 138 kept so far
15:19:30  INFO     [SK] 'EU AI Act' → 52 entries, 59 kept so far
15:19:30  INFO     [BG] 'machine learning' → 54 entries, 37 kept so far
15:19:31  INFO     [HR] 'EU AI Act' → 100 entries, 232 kept so far
15:19:31  INFO     [IE] 'EU AI Act' → 100 entries, 231 kept so far
15:19:31  INFO     [GR] 'generative AI' → 100 entries, 175 kept so far
15:19:31  INFO     [SK] 'generative AI' → 45 entries, 68 kept so far
15:19:32  INFO     [BG] 'EU AI Act' → 32 entries, 42 kept so far
15:19:32  INFO     [GR] +86 new articles saved
15:19:32  INFO     [SK] +24 new articles saved
15:19:33  INFO     [HR] 'generative AI' → 100 entries, 298 kept so far
15:19:33  INFO     [SI] 'artificial intelligence' → 99 entries, 42 kept so far
15:19:33  INFO     [LT] 'artificial intelligence' → 92 entries, 34 kept so far
15:19:33  INFO     [IE] 'generative AI' → 100 entries, 296 kept so far
15:19:33  INFO     [BG] 'generative AI' → 30 entries, 46 kept so far
15:19:34  INFO     [HR] +223 new articles saved
15:19:34  INFO     [IE] +67 new articles saved
15:19:34  INFO     [SI] 'AI regulation' → 1 entries, 42 kept so far
15:19:34  INFO     [LT] 'AI regulation' → 20 entries, 37 kept so far
15:19:34  INFO     [LV] 'artificial intelligence' → 67 entries, 24 kept so far
15:19:34  INFO     [BG] +20 new articles saved
15:19:35  INFO     [EE] 'artificial intelligence' → 100 entries, 54 kept so far
15:19:35  INFO     [CY] 'artificial intelligence' → 100 entries, 45 kept so far
15:19:36  INFO     [SI] 'machine learning' → 25 entries, 45 kept so far
15:19:36  INFO     [LV] 'AI regulation' → 9 entries, 24 kept so far
15:19:36  INFO     [LT] 'machine learning' → 48 entries, 42 kept so far
15:19:36  INFO     [EE] 'AI regulation' → 10 entries, 54 kept so far
15:19:37  INFO     [CY] 'AI regulation' → 65 entries, 80 kept so far
15:19:37  INFO     [SI] 'EU AI Act' → 26 entries, 52 kept so far
15:19:37  INFO     [LV] 'machine learning' → 9 entries, 26 kept so far
15:19:37  INFO     [LT] 'EU AI Act' → 22 entries, 44 kept so far
15:19:38  INFO     [EE] 'machine learning' → 16 entries, 56 kept so far
15:19:38  INFO     [SI] 'generative AI' → 12 entries, 54 kept so far
15:19:38  INFO     [CY] 'machine learning' → 86 entries, 116 kept so far
15:19:39  INFO     [LV] 'EU AI Act' → 9 entries, 26 kept so far
15:19:39  INFO     [LT] 'generative AI' → 24 entries, 52 kept so far
15:19:39  INFO     [EE] 'EU AI Act' → 14 entries, 58 kept so far
15:19:39  INFO     [SI] +13 new articles saved
15:19:40  INFO     [LT] +21 new articles saved
15:19:40  INFO     [CY] 'EU AI Act' → 38 entries, 126 kept so far
15:19:40  INFO     [LV] 'generative AI' → 8 entries, 29 kept so far
15:19:40  INFO     [LU] 'artificial intelligence' → 100 entries, 43 kept so far
15:19:40  INFO     [MT] 'artificial intelligence' → 100 entries, 52 kept so far
15:19:41  INFO     [EE] 'generative AI' → 10 entries, 60 kept so far
15:19:41  INFO     [LV] +10 new articles saved
15:19:41  INFO     [MT] 'AI regulation' → 102 entries, 98 kept so far
15:19:42  INFO     [CY] 'generative AI' → 100 entries, 162 kept so far
15:19:42  INFO     [EE] +17 new articles saved
15:19:42  INFO     [LU] 'AI regulation' → 100 entries, 133 kept so far
15:19:43  INFO     [MT] 'machine learning' → 100 entries, 159 kept so far
15:19:43  INFO     [CY] +22 new articles saved
15:19:43  INFO     [LU] 'machine learning' → 100 entries, 197 kept so far
15:19:44  INFO     [MT] 'EU AI Act' → 100 entries, 232 kept so far
15:19:45  INFO     [LU] 'EU AI Act' → 83 entries, 234 kept so far
15:19:45  INFO     [MT] 'generative AI' → 100 entries, 298 kept so far
15:19:46  INFO     [MT] +0 new articles saved
15:19:47  INFO     [LU] 'generative AI' → 100 entries, 272 kept so far
15:19:48  INFO     [LU] +10 new articles saved
15:19:48  INFO     Scrape complete. 1530 new articles this run.
