19:35:32  INFO     Starting scrape: 27 countries, 5 queries each
/home/runner/work/EU_AI_News/EU_AI_News/eu_ai_news_scraper.py:230: DeprecationWarning: datetime.datetime.utcnow() is deprecated and scheduled for removal in a future version. Use timezone-aware objects to represent datetimes in UTC: datetime.datetime.now(datetime.UTC).
  "scraped_at":   datetime.utcnow().isoformat(),
19:35:32  INFO     [FR] 'artificial intelligence' → 100 entries, 45 kept so far
19:35:32  INFO     [PL] 'artificial intelligence' → 100 entries, 10 kept so far
19:35:32  INFO     [IT] 'artificial intelligence' → 100 entries, 28 kept so far
19:35:32  INFO     [DE] 'artificial intelligence' → 100 entries, 47 kept so far
19:35:33  INFO     [ES] 'artificial intelligence' → 100 entries, 63 kept so far
19:35:34  INFO     [FR] 'AI regulation' → 100 entries, 135 kept so far
19:35:34  INFO     [PL] 'AI regulation' → 79 entries, 68 kept so far
19:35:34  INFO     [DE] 'AI regulation' → 100 entries, 124 kept so far
19:35:34  INFO     [IT] 'AI regulation' → 100 entries, 113 kept so far
19:35:34  INFO     [ES] 'AI regulation' → 78 entries, 101 kept so far
19:35:35  INFO     [FR] 'machine learning' → 100 entries, 193 kept so far
19:35:36  INFO     [PL] 'machine learning' → 100 entries, 107 kept so far
19:35:36  INFO     [DE] 'machine learning' → 100 entries, 162 kept so far
19:35:36  INFO     [IT] 'machine learning' → 100 entries, 190 kept so far
19:35:36  INFO     [ES] 'machine learning' → 100 entries, 175 kept so far
19:35:37  INFO     [FR] 'EU AI Act' → 77 entries, 223 kept so far
19:35:37  INFO     [PL] 'EU AI Act' → 77 entries, 120 kept so far
19:35:37  INFO     [DE] 'EU AI Act' → 100 entries, 245 kept so far
19:35:37  INFO     [IT] 'EU AI Act' → 100 entries, 259 kept so far
19:35:37  INFO     [ES] 'EU AI Act' → 78 entries, 196 kept so far
19:35:38  INFO     [FR] 'generative AI' → 100 entries, 258 kept so far
19:35:39  INFO     [PL] 'generative AI' → 100 entries, 155 kept so far
19:35:39  INFO     [DE] 'generative AI' → 100 entries, 265 kept so far
19:35:39  INFO     [IT] 'generative AI' → 100 entries, 305 kept so far
19:35:39  INFO     [ES] 'generative AI' → 100 entries, 237 kept so far
19:35:39  INFO     [FR] +97 new articles saved
19:35:40  INFO     [PL] +51 new articles saved
19:35:40  INFO     [DE] +137 new articles saved
19:35:40  INFO     [NL] 'artificial intelligence' → 100 entries, 9 kept so far
19:35:40  INFO     [IT] +121 new articles saved
19:35:40  INFO     [ES] +87 new articles saved
19:35:40  INFO     [BE] 'artificial intelligence' → 100 entries, 49 kept so far
19:35:40  INFO     [SE] 'artificial intelligence' → 100 entries, 7 kept so far
19:35:41  INFO     [AT] 'artificial intelligence' → 100 entries, 47 kept so far
19:35:41  INFO     [DK] 'artificial intelligence' → 100 entries, 16 kept so far
19:35:41  INFO     [NL] 'AI regulation' → 78 entries, 45 kept so far
19:35:42  INFO     [BE] 'AI regulation' → 100 entries, 140 kept so far
19:35:42  INFO     [SE] 'AI regulation' → 78 entries, 20 kept so far
19:35:42  INFO     [DK] 'AI regulation' → 32 entries, 22 kept so far
19:35:42  INFO     [AT] 'AI regulation' → 100 entries, 124 kept so far
19:35:43  INFO     [NL] 'machine learning' → 100 entries, 103 kept so far
19:35:44  INFO     [SE] 'machine learning' → 72 entries, 38 kept so far
19:35:44  INFO     [BE] 'machine learning' → 100 entries, 198 kept so far
19:35:44  INFO     [DK] 'machine learning' → 79 entries, 42 kept so far
19:35:44  INFO     [AT] 'machine learning' → 100 entries, 163 kept so far
19:35:45  INFO     [NL] 'EU AI Act' → 94 entries, 125 kept so far
19:35:45  INFO     [SE] 'EU AI Act' → 63 entries, 48 kept so far
19:35:45  INFO     [BE] 'EU AI Act' → 79 entries, 227 kept so far
19:35:45  INFO     [DK] 'EU AI Act' → 78 entries, 56 kept so far
19:35:46  INFO     [AT] 'EU AI Act' → 100 entries, 247 kept so far
19:35:46  INFO     [NL] 'generative AI' → 100 entries, 154 kept so far
19:35:47  INFO     [SE] 'generative AI' → 74 entries, 62 kept so far
19:35:47  INFO     [DK] 'generative AI' → 100 entries, 94 kept so far
19:35:47  INFO     [BE] 'generative AI' → 100 entries, 263 kept so far
19:35:47  INFO     [NL] +40 new articles saved
19:35:47  INFO     [AT] 'generative AI' → 100 entries, 269 kept so far
19:35:48  INFO     [SE] +17 new articles saved
19:35:48  INFO     [FI] 'artificial intelligence' → 100 entries, 64 kept so far
19:35:48  INFO     [DK] +24 new articles saved
19:35:48  INFO     [BE] +14 new articles saved
19:35:48  INFO     [PT] 'artificial intelligence' → 100 entries, 59 kept so far
19:35:48  INFO     [AT] +12 new articles saved
19:35:48  INFO     [CZ] 'artificial intelligence' → 100 entries, 20 kept so far
19:35:49  INFO     [RO] 'artificial intelligence' → 100 entries, 39 kept so far
19:35:49  INFO     [HU] 'artificial intelligence' → 100 entries, 17 kept so far
19:35:49  INFO     [FI] 'AI regulation' → 50 entries, 74 kept so far
19:35:50  INFO     [PT] 'AI regulation' → 79 entries, 90 kept so far
19:35:50  INFO     [CZ] 'AI regulation' → 78 entries, 37 kept so far
19:35:50  INFO     [RO] 'AI regulation' → 76 entries, 46 kept so far
19:35:50  INFO     [HU] 'AI regulation' → 79 entries, 23 kept so far
19:35:51  INFO     [FI] 'machine learning' → 87 entries, 112 kept so far
19:35:51  INFO     [CZ] 'machine learning' → 80 entries, 56 kept so far
19:35:52  INFO     [PT] 'machine learning' → 100 entries, 160 kept so far
19:35:52  INFO     [RO] 'machine learning' → 100 entries, 95 kept so far
19:35:52  INFO     [HU] 'machine learning' → 66 entries, 46 kept so far
19:35:52  INFO     [FI] 'EU AI Act' → 64 entries, 143 kept so far
19:35:53  INFO     [CZ] 'EU AI Act' → 74 entries, 65 kept so far
19:35:53  INFO     [PT] 'EU AI Act' → 50 entries, 166 kept so far
19:35:53  INFO     [RO] 'EU AI Act' → 78 entries, 107 kept so far
19:35:53  INFO     [HU] 'EU AI Act' → 77 entries, 67 kept so far
19:35:54  INFO     [FI] 'generative AI' → 66 entries, 177 kept so far
19:35:54  INFO     [CZ] 'generative AI' → 81 entries, 80 kept so far
19:35:55  INFO     [RO] 'generative AI' → 77 entries, 127 kept so far
19:35:55  INFO     [PT] 'generative AI' → 100 entries, 204 kept so far
19:35:55  INFO     [FI] +63 new articles saved
19:35:55  INFO     [HU] 'generative AI' → 76 entries, 96 kept so far
19:35:55  INFO     [GR] 'artificial intelligence' → 100 entries, 50 kept so far
19:35:56  INFO     [CZ] +29 new articles saved
19:35:56  INFO     [RO] +41 new articles saved
19:35:56  INFO     [PT] +72 new articles saved
19:35:56  INFO     [SK] 'artificial intelligence' → 100 entries, 24 kept so far
19:35:56  INFO     [HU] +39 new articles saved
19:35:56  INFO     [HR] 'artificial intelligence' → 100 entries, 66 kept so far
19:35:56  INFO     [IE] 'artificial intelligence' → 100 entries, 66 kept so far
19:35:57  INFO     [BG] 'artificial intelligence' → 65 entries, 30 kept so far
19:35:57  INFO     [GR] 'AI regulation' → 72 entries, 87 kept so far
19:35:57  INFO     [SK] 'AI regulation' → 16 entries, 26 kept so far
19:35:58  INFO     [HR] 'AI regulation' → 100 entries, 109 kept so far
19:35:58  INFO     [BG] 'AI regulation' → 10 entries, 33 kept so far
19:35:58  INFO     [IE] 'AI regulation' → 100 entries, 108 kept so far
19:35:58  INFO     [GR] 'machine learning' → 86 entries, 122 kept so far
19:35:59  INFO     [SK] 'machine learning' → 57 entries, 42 kept so far
19:35:59  INFO     [HR] 'machine learning' → 100 entries, 176 kept so far
19:35:59  INFO     [BG] 'machine learning' → 51 entries, 41 kept so far
19:36:00  INFO     [IE] 'machine learning' → 100 entries, 171 kept so far
19:36:00  INFO     [GR] 'EU AI Act' → 62 entries, 141 kept so far
19:36:00  INFO     [SK] 'EU AI Act' → 57 entries, 56 kept so far
19:36:01  INFO     [BG] 'EU AI Act' → 11 entries, 44 kept so far
19:36:01  INFO     [HR] 'EU AI Act' → 100 entries, 258 kept so far
19:36:01  INFO     [IE] 'EU AI Act' → 100 entries, 250 kept so far
19:36:02  INFO     [GR] 'generative AI' → 100 entries, 179 kept so far
19:36:02  INFO     [SK] 'generative AI' → 47 entries, 67 kept so far
19:36:02  INFO     [BG] 'generative AI' → 37 entries, 48 kept so far
19:36:02  INFO     [HR] 'generative AI' → 100 entries, 324 kept so far
19:36:03  INFO     [GR] +79 new articles saved
19:36:03  INFO     [SK] +22 new articles saved
19:36:03  INFO     [LT] 'artificial intelligence' → 92 entries, 35 kept so far
19:36:03  INFO     [IE] 'generative AI' → 100 entries, 313 kept so far
19:36:03  INFO     [BG] +25 new articles saved
19:36:03  INFO     [SI] 'artificial intelligence' → 100 entries, 40 kept so far
19:36:03  INFO     [HR] +219 new articles saved
19:36:04  INFO     [LV] 'artificial intelligence' → 67 entries, 21 kept so far
19:36:04  INFO     [EE] 'artificial intelligence' → 100 entries, 45 kept so far
19:36:04  INFO     [IE] +74 new articles saved
19:36:04  INFO     [LT] 'AI regulation' → 8 entries, 36 kept so far
19:36:05  INFO     [SI] 'AI regulation' → 4 entries, 40 kept so far
19:36:05  INFO     [CY] 'artificial intelligence' → 100 entries, 49 kept so far
19:36:05  INFO     [LV] 'AI regulation' → 11 entries, 21 kept so far
19:36:05  INFO     [EE] 'AI regulation' → 14 entries, 45 kept so far
19:36:06  INFO     [LT] 'machine learning' → 54 entries, 42 kept so far
19:36:06  INFO     [SI] 'machine learning' → 22 entries, 43 kept so far
19:36:06  INFO     [LV] 'machine learning' → 10 entries, 23 kept so far
19:36:06  INFO     [CY] 'AI regulation' → 69 entries, 83 kept so far
19:36:07  INFO     [EE] 'machine learning' → 33 entries, 47 kept so far
19:36:07  INFO     [LT] 'EU AI Act' → 25 entries, 44 kept so far
19:36:07  INFO     [SI] 'EU AI Act' → 23 entries, 48 kept so far
19:36:08  INFO     [LV] 'EU AI Act' → 10 entries, 23 kept so far
19:36:08  INFO     [CY] 'machine learning' → 88 entries, 119 kept so far
19:36:08  INFO     [EE] 'EU AI Act' → 15 entries, 49 kept so far
19:36:09  INFO     [LT] 'generative AI' → 24 entries, 52 kept so far
19:36:09  INFO     [LV] 'generative AI' → 7 entries, 25 kept so far
19:36:09  INFO     [SI] 'generative AI' → 12 entries, 50 kept so far
19:36:09  INFO     [CY] 'EU AI Act' → 60 entries, 137 kept so far
19:36:09  INFO     [EE] 'generative AI' → 11 entries, 52 kept so far
19:36:10  INFO     [LT] +18 new articles saved
19:36:10  INFO     [LV] +7 new articles saved
19:36:10  INFO     [SI] +12 new articles saved
19:36:10  INFO     [MT] 'artificial intelligence' → 100 entries, 66 kept so far
19:36:10  INFO     [LU] 'artificial intelligence' → 100 entries, 45 kept so far
19:36:10  INFO     [EE] +13 new articles saved
19:36:11  INFO     [CY] 'generative AI' → 100 entries, 175 kept so far
19:36:11  INFO     [MT] 'AI regulation' → 100 entries, 109 kept so far
19:36:12  INFO     [LU] 'AI regulation' → 100 entries, 136 kept so far
19:36:12  INFO     [CY] +1 new articles saved
19:36:12  INFO     [MT] 'machine learning' → 100 entries, 176 kept so far
19:36:13  INFO     [MT] 'EU AI Act' → 100 entries, 258 kept so far
19:36:13  INFO     [LU] 'machine learning' → 100 entries, 194 kept so far
19:36:15  INFO     [MT] 'generative AI' → 100 entries, 324 kept so far
19:36:15  INFO     [LU] 'EU AI Act' → 78 entries, 224 kept so far
19:36:16  INFO     [MT] +0 new articles saved
19:36:17  INFO     [LU] 'generative AI' → 100 entries, 259 kept so far
19:36:18  INFO     [LU] +2 new articles saved
19:36:18  INFO     Scrape complete. 1316 new articles this run.
