09:35:32  INFO     Starting scrape: 27 countries, 5 queries each
/home/runner/work/EU_AI_News/EU_AI_News/eu_ai_news_scraper.py:230: DeprecationWarning: datetime.datetime.utcnow() is deprecated and scheduled for removal in a future version. Use timezone-aware objects to represent datetimes in UTC: datetime.datetime.now(datetime.UTC).
  "scraped_at":   datetime.utcnow().isoformat(),
09:35:32  INFO     [DE] 'artificial intelligence' → 100 entries, 46 kept so far
09:35:32  INFO     [PL] 'artificial intelligence' → 100 entries, 19 kept so far
09:35:32  INFO     [IT] 'artificial intelligence' → 100 entries, 46 kept so far
09:35:32  INFO     [ES] 'artificial intelligence' → 100 entries, 66 kept so far
09:35:32  INFO     [FR] 'artificial intelligence' → 100 entries, 64 kept so far
09:35:34  INFO     [DE] 'AI regulation' → 61 entries, 83 kept so far
09:35:34  INFO     [PL] 'AI regulation' → 78 entries, 74 kept so far
09:35:34  INFO     [IT] 'AI regulation' → 100 entries, 105 kept so far
09:35:34  INFO     [ES] 'AI regulation' → 78 entries, 91 kept so far
09:35:34  INFO     [FR] 'AI regulation' → 100 entries, 140 kept so far
09:35:35  INFO     [DE] 'machine learning' → 100 entries, 126 kept so far
09:35:35  INFO     [IT] 'machine learning' → 100 entries, 174 kept so far
09:35:35  INFO     [PL] 'machine learning' → 100 entries, 113 kept so far
09:35:36  INFO     [FR] 'machine learning' → 100 entries, 197 kept so far
09:35:36  INFO     [ES] 'machine learning' → 100 entries, 168 kept so far
09:35:37  INFO     [DE] 'EU AI Act' → 100 entries, 205 kept so far
09:35:37  INFO     [IT] 'EU AI Act' → 100 entries, 241 kept so far
09:35:37  INFO     [PL] 'EU AI Act' → 75 entries, 124 kept so far
09:35:37  INFO     [FR] 'EU AI Act' → 80 entries, 232 kept so far
09:35:37  INFO     [ES] 'EU AI Act' → 77 entries, 202 kept so far
09:35:38  INFO     [DE] 'generative AI' → 100 entries, 230 kept so far
09:35:38  INFO     [IT] 'generative AI' → 100 entries, 283 kept so far
09:35:39  INFO     [PL] 'generative AI' → 100 entries, 155 kept so far
09:35:39  INFO     [FR] 'generative AI' → 100 entries, 266 kept so far
09:35:39  INFO     [ES] 'generative AI' → 100 entries, 243 kept so far
09:35:39  INFO     [DE] +154 new articles saved
09:35:39  INFO     [IT] +121 new articles saved
09:35:40  INFO     [PL] +51 new articles saved
09:35:40  INFO     [FR] +106 new articles saved
09:35:40  INFO     [ES] +95 new articles saved
09:35:40  INFO     [NL] 'artificial intelligence' → 100 entries, 8 kept so far
09:35:40  INFO     [SE] 'artificial intelligence' → 100 entries, 5 kept so far
09:35:40  INFO     [BE] 'artificial intelligence' → 100 entries, 64 kept so far
09:35:40  INFO     [AT] 'artificial intelligence' → 100 entries, 44 kept so far
09:35:40  INFO     [DK] 'artificial intelligence' → 100 entries, 17 kept so far
09:35:41  INFO     [NL] 'AI regulation' → 78 entries, 43 kept so far
09:35:42  INFO     [SE] 'AI regulation' → 76 entries, 22 kept so far
09:35:42  INFO     [DK] 'AI regulation' → 29 entries, 20 kept so far
09:35:42  INFO     [BE] 'AI regulation' → 100 entries, 145 kept so far
09:35:42  INFO     [AT] 'AI regulation' → 67 entries, 87 kept so far
09:35:43  INFO     [NL] 'machine learning' → 100 entries, 102 kept so far
09:35:43  INFO     [SE] 'machine learning' → 72 entries, 45 kept so far
09:35:43  INFO     [DK] 'machine learning' → 76 entries, 39 kept so far
09:35:44  INFO     [BE] 'machine learning' → 100 entries, 201 kept so far
09:35:44  INFO     [AT] 'machine learning' → 100 entries, 131 kept so far
09:35:44  INFO     [NL] 'EU AI Act' → 89 entries, 126 kept so far
09:35:44  INFO     [SE] 'EU AI Act' → 66 entries, 50 kept so far
09:35:45  INFO     [DK] 'EU AI Act' → 77 entries, 58 kept so far
09:35:45  INFO     [BE] 'EU AI Act' → 85 entries, 235 kept so far
09:35:45  INFO     [AT] 'EU AI Act' → 100 entries, 214 kept so far
09:35:46  INFO     [NL] 'generative AI' → 100 entries, 159 kept so far
09:35:46  INFO     [SE] 'generative AI' → 77 entries, 60 kept so far
09:35:46  INFO     [DK] 'generative AI' → 100 entries, 95 kept so far
09:35:47  INFO     [NL] +53 new articles saved
09:35:47  INFO     [BE] 'generative AI' → 100 entries, 270 kept so far
09:35:47  INFO     [AT] 'generative AI' → 100 entries, 238 kept so far
09:35:47  INFO     [SE] +16 new articles saved
09:35:47  INFO     [FI] 'artificial intelligence' → 100 entries, 58 kept so far
09:35:47  INFO     [DK] +23 new articles saved
09:35:48  INFO     [PT] 'artificial intelligence' → 100 entries, 61 kept so far
09:35:48  INFO     [BE] +27 new articles saved
09:35:48  INFO     [CZ] 'artificial intelligence' → 100 entries, 19 kept so far
09:35:48  INFO     [AT] +19 new articles saved
09:35:49  INFO     [HU] 'artificial intelligence' → 100 entries, 14 kept so far
09:35:49  INFO     [RO] 'artificial intelligence' → 100 entries, 36 kept so far
09:35:49  INFO     [FI] 'AI regulation' → 44 entries, 69 kept so far
09:35:49  INFO     [PT] 'AI regulation' → 79 entries, 96 kept so far
09:35:50  INFO     [CZ] 'AI regulation' → 77 entries, 40 kept so far
09:35:50  INFO     [HU] 'AI regulation' → 79 entries, 15 kept so far
09:35:50  INFO     [RO] 'AI regulation' → 16 entries, 40 kept so far
09:35:51  INFO     [FI] 'machine learning' → 92 entries, 109 kept so far
09:35:51  INFO     [PT] 'machine learning' → 100 entries, 173 kept so far
09:35:51  INFO     [CZ] 'machine learning' → 84 entries, 61 kept so far
09:35:52  INFO     [HU] 'machine learning' → 70 entries, 39 kept so far
09:35:52  INFO     [RO] 'machine learning' → 100 entries, 87 kept so far
09:35:52  INFO     [FI] 'EU AI Act' → 65 entries, 140 kept so far
09:35:52  INFO     [PT] 'EU AI Act' → 48 entries, 178 kept so far
09:35:53  INFO     [CZ] 'EU AI Act' → 74 entries, 71 kept so far
09:35:53  INFO     [HU] 'EU AI Act' → 77 entries, 58 kept so far
09:35:53  INFO     [RO] 'EU AI Act' → 78 entries, 103 kept so far
09:35:54  INFO     [FI] 'generative AI' → 69 entries, 177 kept so far
09:35:54  INFO     [CZ] 'generative AI' → 84 entries, 87 kept so far
09:35:54  INFO     [PT] 'generative AI' → 100 entries, 211 kept so far
09:35:55  INFO     [HU] 'generative AI' → 73 entries, 85 kept so far
09:35:55  INFO     [RO] 'generative AI' → 74 entries, 120 kept so far
09:35:55  INFO     [FI] +63 new articles saved
09:35:55  INFO     [CZ] +40 new articles saved
09:35:55  INFO     [PT] +86 new articles saved
09:35:55  INFO     [GR] 'artificial intelligence' → 100 entries, 50 kept so far
09:35:56  INFO     [SK] 'artificial intelligence' → 100 entries, 27 kept so far
09:35:56  INFO     [HU] +37 new articles saved
09:35:56  INFO     [RO] +43 new articles saved
09:35:56  INFO     [IE] 'artificial intelligence' → 100 entries, 61 kept so far
09:35:56  INFO     [HR] 'artificial intelligence' → 100 entries, 57 kept so far
09:35:56  INFO     [BG] 'artificial intelligence' → 73 entries, 31 kept so far
09:35:57  INFO     [GR] 'AI regulation' → 38 entries, 80 kept so far
09:35:57  INFO     [SK] 'AI regulation' → 12 entries, 27 kept so far
09:35:57  INFO     [IE] 'AI regulation' → 100 entries, 121 kept so far
09:35:57  INFO     [BG] 'AI regulation' → 7 entries, 34 kept so far
09:35:58  INFO     [HR] 'AI regulation' → 100 entries, 115 kept so far
09:35:58  INFO     [GR] 'machine learning' → 94 entries, 125 kept so far
09:35:58  INFO     [SK] 'machine learning' → 60 entries, 43 kept so far
09:35:59  INFO     [BG] 'machine learning' → 54 entries, 43 kept so far
09:35:59  INFO     [IE] 'machine learning' → 100 entries, 203 kept so far
09:35:59  INFO     [HR] 'machine learning' → 100 entries, 194 kept so far
09:36:00  INFO     [GR] 'EU AI Act' → 48 entries, 138 kept so far
09:36:00  INFO     [SK] 'EU AI Act' → 56 entries, 58 kept so far
09:36:00  INFO     [BG] 'EU AI Act' → 9 entries, 45 kept so far
09:36:01  INFO     [HR] 'EU AI Act' → 100 entries, 273 kept so far
09:36:01  INFO     [IE] 'EU AI Act' → 100 entries, 275 kept so far
09:36:01  INFO     [SK] 'generative AI' → 48 entries, 68 kept so far
09:36:01  INFO     [GR] 'generative AI' → 100 entries, 177 kept so far
09:36:02  INFO     [BG] 'generative AI' → 29 entries, 49 kept so far
09:36:02  INFO     [HR] 'generative AI' → 100 entries, 340 kept so far
09:36:02  INFO     [SK] +24 new articles saved
09:36:02  INFO     [GR] +93 new articles saved
09:36:02  INFO     [IE] 'generative AI' → 100 entries, 340 kept so far
09:36:03  INFO     [BG] +24 new articles saved
09:36:03  INFO     [LT] 'artificial intelligence' → 90 entries, 36 kept so far
09:36:03  INFO     [SI] 'artificial intelligence' → 92 entries, 41 kept so far
09:36:03  INFO     [LV] 'artificial intelligence' → 65 entries, 24 kept so far
09:36:03  INFO     [HR] +250 new articles saved
09:36:03  INFO     [IE] +85 new articles saved
09:36:04  INFO     [EE] 'artificial intelligence' → 100 entries, 50 kept so far
09:36:04  INFO     [CY] 'artificial intelligence' → 100 entries, 50 kept so far
09:36:04  INFO     [SI] 'AI regulation' → 2 entries, 41 kept so far
09:36:04  INFO     [LT] 'AI regulation' → 11 entries, 38 kept so far
09:36:04  INFO     [LV] 'AI regulation' → 7 entries, 24 kept so far
09:36:05  INFO     [EE] 'AI regulation' → 6 entries, 50 kept so far
09:36:05  INFO     [SI] 'machine learning' → 23 entries, 44 kept so far
09:36:05  INFO     [CY] 'AI regulation' → 37 entries, 80 kept so far
09:36:05  INFO     [LT] 'machine learning' → 49 entries, 43 kept so far
09:36:06  INFO     [LV] 'machine learning' → 10 entries, 25 kept so far
09:36:06  INFO     [EE] 'machine learning' → 13 entries, 53 kept so far
09:36:07  INFO     [SI] 'EU AI Act' → 21 entries, 48 kept so far
09:36:07  INFO     [CY] 'machine learning' → 94 entries, 125 kept so far
09:36:07  INFO     [LT] 'EU AI Act' → 18 entries, 44 kept so far
09:36:07  INFO     [LV] 'EU AI Act' → 8 entries, 25 kept so far
09:36:08  INFO     [EE] 'EU AI Act' → 13 entries, 55 kept so far
09:36:08  INFO     [SI] 'generative AI' → 14 entries, 52 kept so far
09:36:08  INFO     [LT] 'generative AI' → 26 entries, 52 kept so far
09:36:08  INFO     [LV] 'generative AI' → 6 entries, 26 kept so far
09:36:08  INFO     [CY] 'EU AI Act' → 48 entries, 139 kept so far
09:36:09  INFO     [SI] +14 new articles saved
09:36:09  INFO     [EE] 'generative AI' → 10 entries, 57 kept so far
09:36:09  INFO     [LT] +21 new articles saved
09:36:09  INFO     [MT] 'artificial intelligence' → 100 entries, 57 kept so far
09:36:09  INFO     [LV] +10 new articles saved
09:36:10  INFO     [LU] 'artificial intelligence' → 100 entries, 64 kept so far
09:36:10  INFO     [CY] 'generative AI' → 100 entries, 179 kept so far
09:36:10  INFO     [EE] +16 new articles saved
09:36:10  INFO     [MT] 'AI regulation' → 100 entries, 115 kept so far
09:36:11  INFO     [CY] +4 new articles saved
09:36:11  INFO     [LU] 'AI regulation' → 100 entries, 141 kept so far
09:36:12  INFO     [MT] 'machine learning' → 100 entries, 194 kept so far
09:36:13  INFO     [LU] 'machine learning' → 100 entries, 198 kept so far
09:36:13  INFO     [MT] 'EU AI Act' → 100 entries, 273 kept so far
09:36:14  INFO     [MT] 'generative AI' → 100 entries, 340 kept so far
09:36:14  INFO     [LU] 'EU AI Act' → 80 entries, 233 kept so far
09:36:15  INFO     [MT] +0 new articles saved
09:36:16  INFO     [LU] 'generative AI' → 100 entries, 267 kept so far
09:36:17  INFO     [LU] +1 new articles saved
09:36:17  INFO     Scrape complete. 1476 new articles this run.
