14:12:59  INFO     Starting scrape: 27 countries, 5 queries each
/home/runner/work/EU_AI_News/EU_AI_News/eu_ai_news_scraper.py:230: DeprecationWarning: datetime.datetime.utcnow() is deprecated and scheduled for removal in a future version. Use timezone-aware objects to represent datetimes in UTC: datetime.datetime.now(datetime.UTC).
  "scraped_at":   datetime.utcnow().isoformat(),
14:12:59  INFO     [DE] 'artificial intelligence' → 100 entries, 50 kept so far
14:12:59  INFO     [FR] 'artificial intelligence' → 102 entries, 54 kept so far
14:13:00  INFO     [ES] 'artificial intelligence' → 100 entries, 67 kept so far
14:13:00  INFO     [IT] 'artificial intelligence' → 100 entries, 31 kept so far
14:13:00  INFO     [PL] 'artificial intelligence' → 100 entries, 18 kept so far
14:13:01  INFO     [DE] 'AI regulation' → 48 entries, 76 kept so far
14:13:01  INFO     [FR] 'AI regulation' → 100 entries, 134 kept so far
14:13:01  INFO     [IT] 'AI regulation' → 100 entries, 89 kept so far
14:13:01  INFO     [PL] 'AI regulation' → 79 entries, 75 kept so far
14:13:01  INFO     [ES] 'AI regulation' → 76 entries, 90 kept so far
14:13:02  INFO     [FR] 'machine learning' → 0 entries, 134 kept so far
14:13:03  INFO     [DE] 'machine learning' → 100 entries, 121 kept so far
14:13:03  INFO     [IT] 'machine learning' → 100 entries, 162 kept so far
14:13:03  INFO     [ES] 'machine learning' → 100 entries, 162 kept so far
14:13:03  INFO     [PL] 'machine learning' → 100 entries, 112 kept so far
14:13:04  INFO     [FR] 'EU AI Act' → 76 entries, 164 kept so far
14:13:04  INFO     [DE] 'EU AI Act' → 100 entries, 206 kept so far
14:13:05  INFO     [IT] 'EU AI Act' → 100 entries, 236 kept so far
14:13:05  INFO     [PL] 'EU AI Act' → 75 entries, 125 kept so far
14:13:05  INFO     [ES] 'EU AI Act' → 79 entries, 201 kept so far
14:13:05  INFO     [FR] 'generative AI' → 100 entries, 197 kept so far
14:13:06  INFO     [DE] 'generative AI' → 100 entries, 232 kept so far
14:13:06  INFO     [IT] 'generative AI' → 100 entries, 279 kept so far
14:13:06  INFO     [PL] 'generative AI' → 100 entries, 157 kept so far
14:13:06  INFO     [ES] 'generative AI' → 100 entries, 244 kept so far
14:13:06  INFO     [FR] +77 new articles saved
14:13:07  INFO     [DE] +85 new articles saved
14:13:07  INFO     [NL] 'artificial intelligence' → 100 entries, 12 kept so far
14:13:07  INFO     [IT] +91 new articles saved
14:13:07  INFO     [PL] +33 new articles saved
14:13:07  INFO     [BE] 'artificial intelligence' → 100 entries, 64 kept so far
14:13:07  INFO     [ES] +66 new articles saved
14:13:08  INFO     [SE] 'artificial intelligence' → 100 entries, 10 kept so far
14:13:08  INFO     [AT] 'artificial intelligence' → 100 entries, 43 kept so far
14:13:08  INFO     [DK] 'artificial intelligence' → 100 entries, 21 kept so far
14:13:09  INFO     [NL] 'AI regulation' → 78 entries, 49 kept so far
14:13:09  INFO     [BE] 'AI regulation' → 100 entries, 143 kept so far
14:13:09  INFO     [SE] 'AI regulation' → 66 entries, 27 kept so far
14:13:09  INFO     [AT] 'AI regulation' → 55 entries, 75 kept so far
14:13:10  INFO     [DK] 'AI regulation' → 28 entries, 23 kept so far
14:13:10  INFO     [NL] 'machine learning' → 100 entries, 111 kept so far
14:13:11  INFO     [BE] 'machine learning' → 100 entries, 203 kept so far
14:13:11  INFO     [SE] 'machine learning' → 78 entries, 49 kept so far
14:13:11  INFO     [AT] 'machine learning' → 100 entries, 120 kept so far
14:13:11  INFO     [DK] 'machine learning' → 78 entries, 46 kept so far
14:13:12  INFO     [NL] 'EU AI Act' → 89 entries, 137 kept so far
14:13:12  INFO     [SE] 'EU AI Act' → 59 entries, 53 kept so far
14:13:12  INFO     [BE] 'EU AI Act' → 78 entries, 233 kept so far
14:13:13  INFO     [AT] 'EU AI Act' → 100 entries, 206 kept so far
14:13:13  INFO     [DK] 'EU AI Act' → 75 entries, 64 kept so far
14:13:13  INFO     [NL] 'generative AI' → 100 entries, 164 kept so far
14:13:14  INFO     [SE] 'generative AI' → 70 entries, 64 kept so far
14:13:14  INFO     [BE] 'generative AI' → 100 entries, 265 kept so far
14:13:14  INFO     [AT] 'generative AI' → 100 entries, 232 kept so far
14:13:14  INFO     [NL] +29 new articles saved
14:13:14  INFO     [DK] 'generative AI' → 100 entries, 98 kept so far
14:13:15  INFO     [SE] +14 new articles saved
14:13:15  INFO     [FI] 'artificial intelligence' → 100 entries, 67 kept so far
14:13:15  INFO     [BE] +20 new articles saved
14:13:15  INFO     [AT] +11 new articles saved
14:13:15  INFO     [PT] 'artificial intelligence' → 100 entries, 55 kept so far
14:13:15  INFO     [DK] +17 new articles saved
14:13:16  INFO     [CZ] 'artificial intelligence' → 100 entries, 22 kept so far
14:13:16  INFO     [RO] 'artificial intelligence' → 100 entries, 42 kept so far
14:13:16  INFO     [HU] 'artificial intelligence' → 100 entries, 13 kept so far
14:13:16  INFO     [FI] 'AI regulation' → 33 entries, 72 kept so far
14:13:17  INFO     [PT] 'AI regulation' → 78 entries, 93 kept so far
14:13:17  INFO     [CZ] 'AI regulation' → 68 entries, 34 kept so far
14:13:17  INFO     [RO] 'AI regulation' → 10 entries, 45 kept so far
14:13:18  INFO     [HU] 'AI regulation' → 79 entries, 15 kept so far
14:13:18  INFO     [FI] 'machine learning' → 93 entries, 106 kept so far
14:13:19  INFO     [PT] 'machine learning' → 100 entries, 168 kept so far
14:13:19  INFO     [CZ] 'machine learning' → 86 entries, 54 kept so far
14:13:19  INFO     [RO] 'machine learning' → 100 entries, 90 kept so far
14:13:19  INFO     [HU] 'machine learning' → 62 entries, 32 kept so far
14:13:19  INFO     [FI] 'EU AI Act' → 66 entries, 144 kept so far
14:13:20  INFO     [CZ] 'EU AI Act' → 71 entries, 67 kept so far
14:13:20  INFO     [PT] 'EU AI Act' → 64 entries, 177 kept so far
14:13:20  INFO     [RO] 'EU AI Act' → 73 entries, 103 kept so far
14:13:21  INFO     [HU] 'EU AI Act' → 78 entries, 49 kept so far
14:13:21  INFO     [FI] 'generative AI' → 69 entries, 180 kept so far
14:13:22  INFO     [CZ] 'generative AI' → 81 entries, 85 kept so far
14:13:22  INFO     [PT] 'generative AI' → 100 entries, 211 kept so far
14:13:22  INFO     [RO] 'generative AI' → 76 entries, 128 kept so far
14:13:22  INFO     [FI] +51 new articles saved
14:13:22  INFO     [HU] 'generative AI' → 74 entries, 72 kept so far
14:13:23  INFO     [GR] 'artificial intelligence' → 100 entries, 47 kept so far
14:13:23  INFO     [CZ] +18 new articles saved
14:13:23  INFO     [PT] +61 new articles saved
14:13:23  INFO     [RO] +32 new articles saved
14:13:23  INFO     [HU] +16 new articles saved
14:13:23  INFO     [SK] 'artificial intelligence' → 100 entries, 30 kept so far
14:13:24  INFO     [HR] 'artificial intelligence' → 100 entries, 57 kept so far
14:13:24  INFO     [BG] 'artificial intelligence' → 76 entries, 36 kept so far
14:13:24  INFO     [IE] 'artificial intelligence' → 100 entries, 63 kept so far
14:13:24  INFO     [GR] 'AI regulation' → 79 entries, 80 kept so far
14:13:25  INFO     [SK] 'AI regulation' → 10 entries, 31 kept so far
14:13:25  INFO     [BG] 'AI regulation' → 4 entries, 37 kept so far
14:13:25  INFO     [HR] 'AI regulation' → 100 entries, 92 kept so far
14:13:25  INFO     [IE] 'AI regulation' → 100 entries, 104 kept so far
14:13:26  INFO     [GR] 'machine learning' → 98 entries, 118 kept so far
14:13:26  INFO     [SK] 'machine learning' → 53 entries, 41 kept so far
14:13:26  INFO     [BG] 'machine learning' → 58 entries, 50 kept so far
14:13:27  INFO     [HR] 'machine learning' → 100 entries, 172 kept so far
14:13:27  INFO     [IE] 'machine learning' → 100 entries, 188 kept so far
14:13:27  INFO     [GR] 'EU AI Act' → 69 entries, 137 kept so far
14:13:28  INFO     [SK] 'EU AI Act' → 51 entries, 53 kept so far
14:13:28  INFO     [BG] 'EU AI Act' → 6 entries, 52 kept so far
14:13:28  INFO     [HR] 'EU AI Act' → 100 entries, 249 kept so far
14:13:29  INFO     [IE] 'EU AI Act' → 100 entries, 260 kept so far
14:13:29  INFO     [GR] 'generative AI' → 100 entries, 176 kept so far
14:13:29  INFO     [SK] 'generative AI' → 39 entries, 62 kept so far
14:13:29  INFO     [BG] 'generative AI' → 27 entries, 55 kept so far
14:13:30  INFO     [HR] 'generative AI' → 100 entries, 304 kept so far
14:13:30  INFO     [GR] +44 new articles saved
14:13:30  INFO     [SK] +17 new articles saved
14:13:30  INFO     [BG] +16 new articles saved
14:13:30  INFO     [LT] 'artificial intelligence' → 97 entries, 29 kept so far
14:13:31  INFO     [IE] 'generative AI' → 100 entries, 322 kept so far
14:13:31  INFO     [LV] 'artificial intelligence' → 74 entries, 26 kept so far
14:13:31  INFO     [SI] 'artificial intelligence' → 100 entries, 44 kept so far
14:13:31  INFO     [HR] +172 new articles saved
14:13:31  INFO     [EE] 'artificial intelligence' → 100 entries, 47 kept so far
14:13:32  INFO     [IE] +63 new articles saved
14:13:32  INFO     [LT] 'AI regulation' → 12 entries, 32 kept so far
14:13:32  INFO     [LV] 'AI regulation' → 8 entries, 26 kept so far
14:13:32  INFO     [SI] 'AI regulation' → 3 entries, 44 kept so far
14:13:32  INFO     [CY] 'artificial intelligence' → 100 entries, 48 kept so far
14:13:33  INFO     [EE] 'AI regulation' → 21 entries, 48 kept so far
14:13:33  INFO     [LV] 'machine learning' → 10 entries, 28 kept so far
14:13:33  INFO     [LT] 'machine learning' → 35 entries, 39 kept so far
14:13:33  INFO     [SI] 'machine learning' → 23 entries, 48 kept so far
14:13:34  INFO     [CY] 'AI regulation' → 79 entries, 81 kept so far
14:13:34  INFO     [EE] 'machine learning' → 21 entries, 49 kept so far
14:13:34  INFO     [LV] 'EU AI Act' → 7 entries, 28 kept so far
14:13:35  INFO     [LT] 'EU AI Act' → 13 entries, 41 kept so far
14:13:35  INFO     [SI] 'EU AI Act' → 23 entries, 53 kept so far
14:13:35  INFO     [CY] 'machine learning' → 98 entries, 119 kept so far
14:13:36  INFO     [EE] 'EU AI Act' → 22 entries, 54 kept so far
14:13:36  INFO     [LV] 'generative AI' → 10 entries, 30 kept so far
14:13:36  INFO     [LT] 'generative AI' → 29 entries, 49 kept so far
14:13:36  INFO     [SI] 'generative AI' → 13 entries, 56 kept so far
14:13:37  INFO     [CY] 'EU AI Act' → 69 entries, 137 kept so far
14:13:37  INFO     [LV] +6 new articles saved
14:13:37  INFO     [LT] +9 new articles saved
14:13:37  INFO     [MT] 'artificial intelligence' → 100 entries, 57 kept so far
14:13:37  INFO     [EE] 'generative AI' → 15 entries, 59 kept so far
14:13:37  INFO     [SI] +12 new articles saved
14:13:37  INFO     [LU] 'artificial intelligence' → 102 entries, 54 kept so far
14:13:38  INFO     [CY] 'generative AI' → 100 entries, 179 kept so far
14:13:38  INFO     [EE] +10 new articles saved
14:13:38  INFO     [MT] 'AI regulation' → 100 entries, 92 kept so far
14:13:39  INFO     [LU] 'AI regulation' → 100 entries, 135 kept so far
14:13:39  INFO     [CY] +5 new articles saved
14:13:39  INFO     [MT] 'machine learning' → 100 entries, 172 kept so far
14:13:40  INFO     [MT] 'EU AI Act' → 100 entries, 249 kept so far
14:13:41  INFO     [LU] 'machine learning' → 100 entries, 194 kept so far
14:13:42  INFO     [MT] 'generative AI' → 100 entries, 304 kept so far
14:13:42  INFO     [LU] 'EU AI Act' → 76 entries, 224 kept so far
14:13:43  INFO     [MT] +0 new articles saved
14:13:44  INFO     [LU] 'generative AI' → 100 entries, 257 kept so far
14:13:45  INFO     [LU] +3 new articles saved
14:13:45  INFO     Scrape complete. 978 new articles this run.
