03:40:51  INFO     Starting scrape: 27 countries, 5 queries each
/home/runner/work/EU_AI_News/EU_AI_News/eu_ai_news_scraper.py:230: DeprecationWarning: datetime.datetime.utcnow() is deprecated and scheduled for removal in a future version. Use timezone-aware objects to represent datetimes in UTC: datetime.datetime.now(datetime.UTC).
  "scraped_at":   datetime.utcnow().isoformat(),
03:40:52  INFO     [PL] 'artificial intelligence' → 100 entries, 14 kept so far
03:40:52  INFO     [DE] 'artificial intelligence' → 100 entries, 48 kept so far
03:40:52  INFO     [IT] 'artificial intelligence' → 100 entries, 32 kept so far
03:40:52  INFO     [ES] 'artificial intelligence' → 100 entries, 63 kept so far
03:40:52  INFO     [FR] 'artificial intelligence' → 102 entries, 51 kept so far
03:40:54  INFO     [DE] 'AI regulation' → 100 entries, 124 kept so far
03:40:54  INFO     [PL] 'AI regulation' → 78 entries, 71 kept so far
03:40:54  INFO     [IT] 'AI regulation' → 100 entries, 122 kept so far
03:40:54  INFO     [ES] 'AI regulation' → 79 entries, 101 kept so far
03:40:54  INFO     [FR] 'AI regulation' → 100 entries, 140 kept so far
03:40:55  INFO     [DE] 'machine learning' → 100 entries, 187 kept so far
03:40:56  INFO     [PL] 'machine learning' → 100 entries, 111 kept so far
03:40:56  INFO     [IT] 'machine learning' → 100 entries, 197 kept so far
03:40:56  INFO     [FR] 'machine learning' → 100 entries, 213 kept so far
03:40:56  INFO     [ES] 'machine learning' → 100 entries, 173 kept so far
03:40:57  INFO     [DE] 'EU AI Act' → 100 entries, 271 kept so far
03:40:57  INFO     [PL] 'EU AI Act' → 77 entries, 122 kept so far
03:40:57  INFO     [IT] 'EU AI Act' → 100 entries, 270 kept so far
03:40:57  INFO     [FR] 'EU AI Act' → 78 entries, 243 kept so far
03:40:58  INFO     [ES] 'EU AI Act' → 76 entries, 204 kept so far
03:40:59  INFO     [DE] 'generative AI' → 100 entries, 291 kept so far
03:40:59  INFO     [PL] 'generative AI' → 100 entries, 158 kept so far
03:40:59  INFO     [FR] 'generative AI' → 100 entries, 280 kept so far
03:40:59  INFO     [IT] 'generative AI' → 100 entries, 315 kept so far
03:40:59  INFO     [ES] 'generative AI' → 100 entries, 246 kept so far
03:41:00  INFO     [DE] +153 new articles saved
03:41:00  INFO     [PL] +50 new articles saved
03:41:00  INFO     [FR] +113 new articles saved
03:41:00  INFO     [IT] +137 new articles saved
03:41:00  INFO     [ES] +100 new articles saved
03:41:00  INFO     [NL] 'artificial intelligence' → 100 entries, 11 kept so far
03:41:01  INFO     [BE] 'artificial intelligence' → 100 entries, 57 kept so far
03:41:01  INFO     [SE] 'artificial intelligence' → 100 entries, 10 kept so far
03:41:01  INFO     [AT] 'artificial intelligence' → 100 entries, 61 kept so far
03:41:01  INFO     [DK] 'artificial intelligence' → 100 entries, 17 kept so far
03:41:02  INFO     [NL] 'AI regulation' → 78 entries, 47 kept so far
03:41:02  INFO     [SE] 'AI regulation' → 77 entries, 27 kept so far
03:41:02  INFO     [BE] 'AI regulation' → 100 entries, 141 kept so far
03:41:03  INFO     [AT] 'AI regulation' → 100 entries, 135 kept so far
03:41:03  INFO     [DK] 'AI regulation' → 32 entries, 22 kept so far
03:41:04  INFO     [NL] 'machine learning' → 100 entries, 104 kept so far
03:41:04  INFO     [SE] 'machine learning' → 70 entries, 47 kept so far
03:41:04  INFO     [BE] 'machine learning' → 100 entries, 196 kept so far
03:41:04  INFO     [AT] 'machine learning' → 100 entries, 176 kept so far
03:41:04  INFO     [DK] 'machine learning' → 99 entries, 53 kept so far
03:41:05  INFO     [SE] 'EU AI Act' → 60 entries, 52 kept so far
03:41:05  INFO     [NL] 'EU AI Act' → 91 entries, 126 kept so far
03:41:06  INFO     [BE] 'EU AI Act' → 79 entries, 233 kept so far
03:41:06  INFO     [AT] 'EU AI Act' → 100 entries, 255 kept so far
03:41:06  INFO     [DK] 'EU AI Act' → 69 entries, 75 kept so far
03:41:07  INFO     [SE] 'generative AI' → 75 entries, 67 kept so far
03:41:07  INFO     [NL] 'generative AI' → 100 entries, 155 kept so far
03:41:07  INFO     [BE] 'generative AI' → 100 entries, 269 kept so far
03:41:07  INFO     [AT] 'generative AI' → 100 entries, 280 kept so far
03:41:08  INFO     [SE] +22 new articles saved
03:41:08  INFO     [DK] 'generative AI' → 100 entries, 109 kept so far
03:41:08  INFO     [NL] +42 new articles saved
03:41:08  INFO     [BE] +29 new articles saved
03:41:08  INFO     [AT] +40 new articles saved
03:41:09  INFO     [FI] 'artificial intelligence' → 100 entries, 67 kept so far
03:41:09  INFO     [PT] 'artificial intelligence' → 100 entries, 66 kept so far
03:41:09  INFO     [CZ] 'artificial intelligence' → 100 entries, 19 kept so far
03:41:09  INFO     [DK] +55 new articles saved
03:41:09  INFO     [RO] 'artificial intelligence' → 100 entries, 37 kept so far
03:41:10  INFO     [HU] 'artificial intelligence' → 100 entries, 17 kept so far
03:41:10  INFO     [FI] 'AI regulation' → 48 entries, 77 kept so far
03:41:11  INFO     [CZ] 'AI regulation' → 77 entries, 47 kept so far
03:41:11  INFO     [PT] 'AI regulation' → 79 entries, 99 kept so far
03:41:11  INFO     [RO] 'AI regulation' → 74 entries, 44 kept so far
03:41:11  INFO     [HU] 'AI regulation' → 79 entries, 23 kept so far
03:41:12  INFO     [FI] 'machine learning' → 99 entries, 123 kept so far
03:41:12  INFO     [CZ] 'machine learning' → 77 entries, 66 kept so far
03:41:13  INFO     [PT] 'machine learning' → 100 entries, 169 kept so far
03:41:13  INFO     [RO] 'machine learning' → 100 entries, 92 kept so far
03:41:13  INFO     [HU] 'machine learning' → 78 entries, 49 kept so far
03:41:14  INFO     [FI] 'EU AI Act' → 69 entries, 156 kept so far
03:41:14  INFO     [CZ] 'EU AI Act' → 75 entries, 68 kept so far
03:41:14  INFO     [PT] 'EU AI Act' → 55 entries, 182 kept so far
03:41:14  INFO     [RO] 'EU AI Act' → 77 entries, 105 kept so far
03:41:15  INFO     [HU] 'EU AI Act' → 77 entries, 69 kept so far
03:41:15  INFO     [FI] 'generative AI' → 67 entries, 193 kept so far
03:41:16  INFO     [CZ] 'generative AI' → 81 entries, 86 kept so far
03:41:16  INFO     [RO] 'generative AI' → 76 entries, 125 kept so far
03:41:16  INFO     [PT] 'generative AI' → 100 entries, 219 kept so far
03:41:16  INFO     [HU] 'generative AI' → 76 entries, 96 kept so far
03:41:16  INFO     [FI] +81 new articles saved
03:41:17  INFO     [CZ] +38 new articles saved
03:41:17  INFO     [RO] +37 new articles saved
03:41:17  INFO     [GR] 'artificial intelligence' → 100 entries, 47 kept so far
03:41:17  INFO     [PT] +100 new articles saved
03:41:17  INFO     [SK] 'artificial intelligence' → 100 entries, 29 kept so far
03:41:17  INFO     [HU] +42 new articles saved
03:41:18  INFO     [HR] 'artificial intelligence' → 100 entries, 60 kept so far
03:41:18  INFO     [BG] 'artificial intelligence' → 100 entries, 37 kept so far
03:41:18  INFO     [IE] 'artificial intelligence' → 100 entries, 62 kept so far
03:41:19  INFO     [SK] 'AI regulation' → 16 entries, 31 kept so far
03:41:19  INFO     [GR] 'AI regulation' → 71 entries, 84 kept so far
03:41:19  INFO     [HR] 'AI regulation' → 100 entries, 102 kept so far
03:41:19  INFO     [BG] 'AI regulation' → 20 entries, 39 kept so far
03:41:20  INFO     [IE] 'AI regulation' → 100 entries, 102 kept so far
03:41:20  INFO     [SK] 'machine learning' → 59 entries, 48 kept so far
03:41:21  INFO     [GR] 'machine learning' → 100 entries, 125 kept so far
03:41:21  INFO     [BG] 'machine learning' → 50 entries, 46 kept so far
03:41:21  INFO     [HR] 'machine learning' → 100 entries, 170 kept so far
03:41:22  INFO     [SK] 'EU AI Act' → 56 entries, 61 kept so far
03:41:22  INFO     [IE] 'machine learning' → 100 entries, 168 kept so far
03:41:22  INFO     [GR] 'EU AI Act' → 64 entries, 143 kept so far
03:41:22  INFO     [BG] 'EU AI Act' → 12 entries, 48 kept so far
03:41:23  INFO     [HR] 'EU AI Act' → 100 entries, 248 kept so far
03:41:24  INFO     [SK] 'generative AI' → 46 entries, 72 kept so far
03:41:24  INFO     [IE] 'EU AI Act' → 100 entries, 243 kept so far
03:41:24  INFO     [GR] 'generative AI' → 100 entries, 185 kept so far
03:41:24  INFO     [BG] 'generative AI' → 37 entries, 52 kept so far
03:41:25  INFO     [SK] +31 new articles saved
03:41:25  INFO     [HR] 'generative AI' → 100 entries, 313 kept so far
03:41:25  INFO     [LT] 'artificial intelligence' → 90 entries, 32 kept so far
03:41:25  INFO     [GR] +79 new articles saved
03:41:25  INFO     [BG] +26 new articles saved
03:41:26  INFO     [LV] 'artificial intelligence' → 68 entries, 21 kept so far
03:41:26  INFO     [SI] 'artificial intelligence' → 100 entries, 40 kept so far
03:41:26  INFO     [IE] 'generative AI' → 100 entries, 307 kept so far
03:41:26  INFO     [HR] +219 new articles saved
03:41:26  INFO     [LT] 'AI regulation' → 16 entries, 34 kept so far
03:41:27  INFO     [EE] 'artificial intelligence' → 100 entries, 46 kept so far
03:41:27  INFO     [IE] +80 new articles saved
03:41:27  INFO     [LV] 'AI regulation' → 11 entries, 21 kept so far
03:41:27  INFO     [SI] 'AI regulation' → 3 entries, 40 kept so far
03:41:28  INFO     [CY] 'artificial intelligence' → 100 entries, 47 kept so far
03:41:28  INFO     [LT] 'machine learning' → 53 entries, 40 kept so far
03:41:28  INFO     [EE] 'AI regulation' → 11 entries, 46 kept so far
03:41:28  INFO     [SI] 'machine learning' → 23 entries, 43 kept so far
03:41:28  INFO     [LV] 'machine learning' → 10 entries, 23 kept so far
03:41:29  INFO     [LT] 'EU AI Act' → 21 entries, 42 kept so far
03:41:29  INFO     [CY] 'AI regulation' → 70 entries, 83 kept so far
03:41:30  INFO     [EE] 'machine learning' → 34 entries, 48 kept so far
03:41:30  INFO     [LV] 'EU AI Act' → 10 entries, 23 kept so far
03:41:30  INFO     [SI] 'EU AI Act' → 37 entries, 54 kept so far
03:41:31  INFO     [LT] 'generative AI' → 24 entries, 51 kept so far
03:41:31  INFO     [CY] 'machine learning' → 100 entries, 124 kept so far
03:41:31  INFO     [EE] 'EU AI Act' → 15 entries, 50 kept so far
03:41:31  INFO     [LV] 'generative AI' → 9 entries, 25 kept so far
03:41:31  INFO     [SI] 'generative AI' → 13 entries, 56 kept so far
03:41:32  INFO     [LT] +19 new articles saved
03:41:32  INFO     [LV] +7 new articles saved
03:41:32  INFO     [SI] +16 new articles saved
03:41:32  INFO     [MT] 'artificial intelligence' → 100 entries, 60 kept so far
03:41:33  INFO     [CY] 'EU AI Act' → 64 entries, 142 kept so far
03:41:33  INFO     [EE] 'generative AI' → 11 entries, 54 kept so far
03:41:33  INFO     [LU] 'artificial intelligence' → 102 entries, 48 kept so far
03:41:34  INFO     [EE] +15 new articles saved
03:41:34  INFO     [MT] 'AI regulation' → 100 entries, 102 kept so far
03:41:35  INFO     [CY] 'generative AI' → 100 entries, 186 kept so far
03:41:35  INFO     [LU] 'AI regulation' → 100 entries, 139 kept so far
03:41:35  INFO     [MT] 'machine learning' → 100 entries, 170 kept so far
03:41:36  INFO     [CY] +8 new articles saved
03:41:36  INFO     [MT] 'EU AI Act' → 100 entries, 248 kept so far
03:41:36  INFO     [LU] 'machine learning' → 100 entries, 194 kept so far
03:41:37  INFO     [MT] 'generative AI' → 100 entries, 313 kept so far
03:41:38  INFO     [LU] 'EU AI Act' → 78 entries, 224 kept so far
03:41:38  INFO     [MT] +0 new articles saved
03:41:39  INFO     [LU] 'generative AI' → 100 entries, 261 kept so far
03:41:40  INFO     [LU] +7 new articles saved
03:41:40  INFO     Scrape complete. 1546 new articles this run.
