14:11:42  INFO     Starting scrape: 27 countries, 5 queries each
/home/runner/work/EU_AI_News/EU_AI_News/eu_ai_news_scraper.py:230: DeprecationWarning: datetime.datetime.utcnow() is deprecated and scheduled for removal in a future version. Use timezone-aware objects to represent datetimes in UTC: datetime.datetime.now(datetime.UTC).
  "scraped_at":   datetime.utcnow().isoformat(),
14:11:43  INFO     [FR] 'artificial intelligence' → 100 entries, 49 kept so far
14:11:43  INFO     [PL] 'artificial intelligence' → 100 entries, 13 kept so far
14:11:43  INFO     [DE] 'artificial intelligence' → 100 entries, 47 kept so far
14:11:43  INFO     [IT] 'artificial intelligence' → 100 entries, 30 kept so far
14:11:43  INFO     [ES] 'artificial intelligence' → 100 entries, 60 kept so far
14:11:44  INFO     [FR] 'AI regulation' → 100 entries, 140 kept so far
14:11:44  INFO     [PL] 'AI regulation' → 78 entries, 69 kept so far
14:11:45  INFO     [DE] 'AI regulation' → 100 entries, 123 kept so far
14:11:45  INFO     [IT] 'AI regulation' → 100 entries, 117 kept so far
14:11:45  INFO     [ES] 'AI regulation' → 78 entries, 97 kept so far
14:11:46  INFO     [FR] 'machine learning' → 100 entries, 198 kept so far
14:11:46  INFO     [PL] 'machine learning' → 100 entries, 107 kept so far
14:11:46  INFO     [DE] 'machine learning' → 100 entries, 162 kept so far
14:11:46  INFO     [IT] 'machine learning' → 100 entries, 192 kept so far
14:11:47  INFO     [ES] 'machine learning' → 100 entries, 169 kept so far
14:11:48  INFO     [FR] 'EU AI Act' → 80 entries, 231 kept so far
14:11:48  INFO     [PL] 'EU AI Act' → 76 entries, 117 kept so far
14:11:48  INFO     [DE] 'EU AI Act' → 100 entries, 241 kept so far
14:11:48  INFO     [IT] 'EU AI Act' → 100 entries, 259 kept so far
14:11:48  INFO     [ES] 'EU AI Act' → 76 entries, 192 kept so far
14:11:49  INFO     [FR] 'generative AI' → 100 entries, 268 kept so far
14:11:49  INFO     [PL] 'generative AI' → 100 entries, 153 kept so far
14:11:49  INFO     [DE] 'generative AI' → 100 entries, 263 kept so far
14:11:50  INFO     [IT] 'generative AI' → 100 entries, 306 kept so far
14:11:50  INFO     [ES] 'generative AI' → 100 entries, 232 kept so far
14:11:50  INFO     [FR] +103 new articles saved
14:11:50  INFO     [PL] +49 new articles saved
14:11:50  INFO     [DE] +129 new articles saved
14:11:51  INFO     [IT] +123 new articles saved
14:11:51  INFO     [NL] 'artificial intelligence' → 100 entries, 11 kept so far
14:11:51  INFO     [BE] 'artificial intelligence' → 100 entries, 53 kept so far
14:11:51  INFO     [SE] 'artificial intelligence' → 100 entries, 8 kept so far
14:11:51  INFO     [ES] +81 new articles saved
14:11:51  INFO     [AT] 'artificial intelligence' → 100 entries, 50 kept so far
14:11:52  INFO     [DK] 'artificial intelligence' → 100 entries, 18 kept so far
14:11:52  INFO     [NL] 'AI regulation' → 78 entries, 47 kept so far
14:11:53  INFO     [BE] 'AI regulation' → 100 entries, 145 kept so far
14:11:53  INFO     [SE] 'AI regulation' → 77 entries, 21 kept so far
14:11:53  INFO     [AT] 'AI regulation' → 100 entries, 123 kept so far
14:11:54  INFO     [DK] 'AI regulation' → 35 entries, 23 kept so far
14:11:54  INFO     [NL] 'machine learning' → 100 entries, 103 kept so far
14:11:54  INFO     [BE] 'machine learning' → 100 entries, 204 kept so far
14:11:54  INFO     [SE] 'machine learning' → 69 entries, 41 kept so far
14:11:55  INFO     [AT] 'machine learning' → 100 entries, 164 kept so far
14:11:55  INFO     [DK] 'machine learning' → 75 entries, 43 kept so far
14:11:56  INFO     [NL] 'EU AI Act' → 91 entries, 127 kept so far
14:11:56  INFO     [SE] 'EU AI Act' → 62 entries, 49 kept so far
14:11:56  INFO     [BE] 'EU AI Act' → 80 entries, 231 kept so far
14:11:57  INFO     [AT] 'EU AI Act' → 100 entries, 245 kept so far
14:11:57  INFO     [DK] 'EU AI Act' → 77 entries, 58 kept so far
14:11:57  INFO     [NL] 'generative AI' → 100 entries, 158 kept so far
14:11:57  INFO     [SE] 'generative AI' → 74 entries, 63 kept so far
14:11:58  INFO     [BE] 'generative AI' → 100 entries, 269 kept so far
14:11:58  INFO     [NL] +42 new articles saved
14:11:58  INFO     [AT] 'generative AI' → 100 entries, 267 kept so far
14:11:58  INFO     [SE] +18 new articles saved
14:11:59  INFO     [DK] 'generative AI' → 100 entries, 96 kept so far
14:11:59  INFO     [BE] +12 new articles saved
14:11:59  INFO     [FI] 'artificial intelligence' → 100 entries, 67 kept so far
14:11:59  INFO     [PT] 'artificial intelligence' → 100 entries, 58 kept so far
14:11:59  INFO     [AT] +20 new articles saved
14:12:00  INFO     [CZ] 'artificial intelligence' → 100 entries, 17 kept so far
14:12:00  INFO     [DK] +24 new articles saved
14:12:00  INFO     [RO] 'artificial intelligence' → 100 entries, 43 kept so far
14:12:00  INFO     [HU] 'artificial intelligence' → 100 entries, 18 kept so far
14:12:00  INFO     [FI] 'AI regulation' → 47 entries, 76 kept so far
14:12:01  INFO     [PT] 'AI regulation' → 79 entries, 90 kept so far
14:12:01  INFO     [CZ] 'AI regulation' → 79 entries, 35 kept so far
14:12:02  INFO     [RO] 'AI regulation' → 74 entries, 50 kept so far
14:12:02  INFO     [HU] 'AI regulation' → 79 entries, 24 kept so far
14:12:02  INFO     [FI] 'machine learning' → 87 entries, 114 kept so far
14:12:03  INFO     [PT] 'machine learning' → 100 entries, 162 kept so far
14:12:03  INFO     [CZ] 'machine learning' → 77 entries, 53 kept so far
14:12:03  INFO     [HU] 'machine learning' → 69 entries, 48 kept so far
14:12:04  INFO     [RO] 'machine learning' → 100 entries, 96 kept so far
14:12:04  INFO     [FI] 'EU AI Act' → 61 entries, 143 kept so far
14:12:04  INFO     [CZ] 'EU AI Act' → 74 entries, 63 kept so far
14:12:04  INFO     [PT] 'EU AI Act' → 47 entries, 168 kept so far
14:12:05  INFO     [HU] 'EU AI Act' → 77 entries, 69 kept so far
14:12:05  INFO     [RO] 'EU AI Act' → 76 entries, 109 kept so far
14:12:05  INFO     [FI] 'generative AI' → 65 entries, 175 kept so far
14:12:06  INFO     [CZ] 'generative AI' → 81 entries, 79 kept so far
14:12:06  INFO     [PT] 'generative AI' → 100 entries, 206 kept so far
14:12:06  INFO     [FI] +63 new articles saved
14:12:07  INFO     [RO] 'generative AI' → 81 entries, 127 kept so far
14:12:07  INFO     [HU] 'generative AI' → 77 entries, 96 kept so far
14:12:07  INFO     [GR] 'artificial intelligence' → 100 entries, 50 kept so far
14:12:07  INFO     [CZ] +30 new articles saved
14:12:07  INFO     [PT] +73 new articles saved
14:12:08  INFO     [SK] 'artificial intelligence' → 100 entries, 25 kept so far
14:12:08  INFO     [RO] +39 new articles saved
14:12:08  INFO     [HU] +42 new articles saved
14:12:08  INFO     [HR] 'artificial intelligence' → 104 entries, 52 kept so far
14:12:08  INFO     [IE] 'artificial intelligence' → 100 entries, 53 kept so far
14:12:08  INFO     [BG] 'artificial intelligence' → 68 entries, 32 kept so far
14:12:09  INFO     [GR] 'AI regulation' → 70 entries, 88 kept so far
14:12:09  INFO     [SK] 'AI regulation' → 15 entries, 28 kept so far
14:12:10  INFO     [BG] 'AI regulation' → 8 entries, 35 kept so far
14:12:10  INFO     [HR] 'AI regulation' → 100 entries, 95 kept so far
14:12:10  INFO     [IE] 'AI regulation' → 100 entries, 95 kept so far
14:12:10  INFO     [GR] 'machine learning' → 96 entries, 129 kept so far
14:12:11  INFO     [SK] 'machine learning' → 59 entries, 45 kept so far
14:12:11  INFO     [BG] 'machine learning' → 50 entries, 43 kept so far
14:12:12  INFO     [HR] 'machine learning' → 100 entries, 169 kept so far
14:12:12  INFO     [GR] 'EU AI Act' → 65 entries, 145 kept so far
14:12:12  INFO     [SK] 'EU AI Act' → 55 entries, 59 kept so far
14:12:12  INFO     [IE] 'machine learning' → 100 entries, 164 kept so far
14:12:13  INFO     [BG] 'EU AI Act' → 11 entries, 46 kept so far
14:12:13  INFO     [HR] 'EU AI Act' → 100 entries, 248 kept so far
14:12:13  INFO     [SK] 'generative AI' → 46 entries, 69 kept so far
14:12:14  INFO     [GR] 'generative AI' → 100 entries, 187 kept so far
14:12:14  INFO     [BG] 'generative AI' → 34 entries, 52 kept so far
14:12:14  INFO     [IE] 'EU AI Act' → 100 entries, 245 kept so far
14:12:14  INFO     [SK] +26 new articles saved
14:12:15  INFO     [GR] +83 new articles saved
14:12:15  INFO     [HR] 'generative AI' → 100 entries, 319 kept so far
14:12:15  INFO     [LT] 'artificial intelligence' → 88 entries, 34 kept so far
14:12:15  INFO     [SI] 'artificial intelligence' → 100 entries, 40 kept so far
14:12:15  INFO     [BG] +26 new articles saved
14:12:16  INFO     [LV] 'artificial intelligence' → 69 entries, 20 kept so far
14:12:16  INFO     [IE] 'generative AI' → 100 entries, 315 kept so far
14:12:16  INFO     [HR] +224 new articles saved
14:12:16  INFO     [LT] 'AI regulation' → 10 entries, 36 kept so far
14:12:16  INFO     [SI] 'AI regulation' → 3 entries, 40 kept so far
14:12:17  INFO     [EE] 'artificial intelligence' → 100 entries, 47 kept so far
14:12:17  INFO     [IE] +71 new articles saved
14:12:17  INFO     [LV] 'AI regulation' → 11 entries, 20 kept so far
14:12:17  INFO     [CY] 'artificial intelligence' → 100 entries, 50 kept so far
14:12:18  INFO     [LT] 'machine learning' → 50 entries, 42 kept so far
14:12:18  INFO     [SI] 'machine learning' → 23 entries, 43 kept so far
14:12:18  INFO     [EE] 'AI regulation' → 12 entries, 47 kept so far
14:12:18  INFO     [LV] 'machine learning' → 10 entries, 22 kept so far
14:12:19  INFO     [CY] 'AI regulation' → 70 entries, 88 kept so far
14:12:19  INFO     [LT] 'EU AI Act' → 23 entries, 44 kept so far
14:12:19  INFO     [EE] 'machine learning' → 33 entries, 49 kept so far
14:12:19  INFO     [SI] 'EU AI Act' → 21 entries, 49 kept so far
14:12:20  INFO     [LV] 'EU AI Act' → 10 entries, 22 kept so far
14:12:20  INFO     [CY] 'machine learning' → 96 entries, 129 kept so far
14:12:21  INFO     [LT] 'generative AI' → 26 entries, 52 kept so far
14:12:21  INFO     [SI] 'generative AI' → 13 entries, 51 kept so far
14:12:21  INFO     [LV] 'generative AI' → 10 entries, 25 kept so far
14:12:21  INFO     [EE] 'EU AI Act' → 17 entries, 52 kept so far
14:12:22  INFO     [LT] +18 new articles saved
14:12:22  INFO     [SI] +12 new articles saved
14:12:22  INFO     [LV] +8 new articles saved
14:12:22  INFO     [CY] 'EU AI Act' → 65 entries, 145 kept so far
14:12:22  INFO     [MT] 'artificial intelligence' → 104 entries, 52 kept so far
14:12:22  INFO     [LU] 'artificial intelligence' → 100 entries, 49 kept so far
14:12:23  INFO     [EE] 'generative AI' → 13 entries, 56 kept so far
14:12:23  INFO     [MT] 'AI regulation' → 100 entries, 95 kept so far
14:12:23  INFO     [CY] 'generative AI' → 100 entries, 187 kept so far
14:12:24  INFO     [EE] +15 new articles saved
14:12:24  INFO     [LU] 'AI regulation' → 100 entries, 140 kept so far
14:12:25  INFO     [MT] 'machine learning' → 100 entries, 169 kept so far
14:12:25  INFO     [CY] +0 new articles saved
14:12:26  INFO     [LU] 'machine learning' → 100 entries, 199 kept so far
14:12:26  INFO     [MT] 'EU AI Act' → 100 entries, 248 kept so far
14:12:27  INFO     [MT] 'generative AI' → 100 entries, 319 kept so far
14:12:27  INFO     [LU] 'EU AI Act' → 80 entries, 232 kept so far
14:12:28  INFO     [MT] +0 new articles saved
14:12:29  INFO     [LU] 'generative AI' → 100 entries, 269 kept so far
14:12:30  INFO     [LU] +1 new articles saved
14:12:30  INFO     Scrape complete. 1332 new articles this run.
