02:47:44  INFO     Starting scrape: 27 countries, 5 queries each
/home/runner/work/EU_AI_News/EU_AI_News/eu_ai_news_scraper.py:230: DeprecationWarning: datetime.datetime.utcnow() is deprecated and scheduled for removal in a future version. Use timezone-aware objects to represent datetimes in UTC: datetime.datetime.now(datetime.UTC).
  "scraped_at":   datetime.utcnow().isoformat(),
02:47:45  INFO     [DE] 'artificial intelligence' → 100 entries, 48 kept so far
02:47:45  INFO     [IT] 'artificial intelligence' → 100 entries, 40 kept so far
02:47:45  INFO     [PL] 'artificial intelligence' → 100 entries, 17 kept so far
02:47:45  INFO     [ES] 'artificial intelligence' → 100 entries, 62 kept so far
02:47:45  INFO     [FR] 'artificial intelligence' → 100 entries, 59 kept so far
02:47:46  INFO     [DE] 'AI regulation' → 100 entries, 126 kept so far
02:47:47  INFO     [PL] 'AI regulation' → 79 entries, 74 kept so far
02:47:47  INFO     [IT] 'AI regulation' → 100 entries, 126 kept so far
02:47:47  INFO     [ES] 'AI regulation' → 77 entries, 102 kept so far
02:47:47  INFO     [FR] 'AI regulation' → 100 entries, 144 kept so far
02:47:48  INFO     [DE] 'machine learning' → 100 entries, 167 kept so far
02:47:48  INFO     [PL] 'machine learning' → 100 entries, 113 kept so far
02:47:48  INFO     [IT] 'machine learning' → 100 entries, 200 kept so far
02:47:48  INFO     [FR] 'machine learning' → 100 entries, 201 kept so far
02:47:49  INFO     [ES] 'machine learning' → 100 entries, 176 kept so far
02:47:50  INFO     [DE] 'EU AI Act' → 100 entries, 249 kept so far
02:47:50  INFO     [PL] 'EU AI Act' → 77 entries, 125 kept so far
02:47:50  INFO     [IT] 'EU AI Act' → 100 entries, 265 kept so far
02:47:50  INFO     [FR] 'EU AI Act' → 77 entries, 231 kept so far
02:47:50  INFO     [ES] 'EU AI Act' → 77 entries, 197 kept so far
02:47:51  INFO     [DE] 'generative AI' → 100 entries, 276 kept so far
02:47:51  INFO     [PL] 'generative AI' → 100 entries, 158 kept so far
02:47:52  INFO     [FR] 'generative AI' → 100 entries, 265 kept so far
02:47:52  INFO     [IT] 'generative AI' → 100 entries, 308 kept so far
02:47:52  INFO     [ES] 'generative AI' → 100 entries, 233 kept so far
02:47:52  INFO     [DE] +161 new articles saved
02:47:52  INFO     [PL] +54 new articles saved
02:47:53  INFO     [NL] 'artificial intelligence' → 100 entries, 9 kept so far
02:47:53  INFO     [FR] +101 new articles saved
02:47:53  INFO     [IT] +144 new articles saved
02:47:53  INFO     [ES] +92 new articles saved
02:47:53  INFO     [BE] 'artificial intelligence' → 100 entries, 56 kept so far
02:47:53  INFO     [SE] 'artificial intelligence' → 100 entries, 4 kept so far
02:47:53  INFO     [AT] 'artificial intelligence' → 100 entries, 49 kept so far
02:47:53  INFO     [DK] 'artificial intelligence' → 100 entries, 17 kept so far
02:47:54  INFO     [NL] 'AI regulation' → 78 entries, 44 kept so far
02:47:55  INFO     [BE] 'AI regulation' → 100 entries, 139 kept so far
02:47:55  INFO     [SE] 'AI regulation' → 78 entries, 19 kept so far
02:47:55  INFO     [DK] 'AI regulation' → 30 entries, 21 kept so far
02:47:55  INFO     [AT] 'AI regulation' → 100 entries, 127 kept so far
02:47:56  INFO     [NL] 'machine learning' → 100 entries, 101 kept so far
02:47:56  INFO     [SE] 'machine learning' → 73 entries, 44 kept so far
02:47:56  INFO     [DK] 'machine learning' → 75 entries, 41 kept so far
02:47:57  INFO     [BE] 'machine learning' → 100 entries, 195 kept so far
02:47:57  INFO     [AT] 'machine learning' → 100 entries, 170 kept so far
02:47:57  INFO     [NL] 'EU AI Act' → 92 entries, 125 kept so far
02:47:58  INFO     [SE] 'EU AI Act' → 67 entries, 51 kept so far
02:47:58  INFO     [DK] 'EU AI Act' → 77 entries, 59 kept so far
02:47:58  INFO     [BE] 'EU AI Act' → 77 entries, 223 kept so far
02:47:58  INFO     [AT] 'EU AI Act' → 100 entries, 253 kept so far
02:47:59  INFO     [NL] 'generative AI' → 100 entries, 155 kept so far
02:48:00  INFO     [DK] 'generative AI' → 100 entries, 92 kept so far
02:48:00  INFO     [AT] 'generative AI' → 100 entries, 277 kept so far
02:48:00  INFO     [BE] 'generative AI' → 100 entries, 256 kept so far
02:48:00  INFO     [SE] 'generative AI' → 74 entries, 61 kept so far
02:48:00  INFO     [NL] +49 new articles saved
02:48:01  INFO     [FI] 'artificial intelligence' → 100 entries, 52 kept so far
02:48:01  INFO     [DK] +19 new articles saved
02:48:01  INFO     [AT] +21 new articles saved
02:48:01  INFO     [BE] +16 new articles saved
02:48:01  INFO     [SE] +17 new articles saved
02:48:01  INFO     [PT] 'artificial intelligence' → 100 entries, 62 kept so far
02:48:02  INFO     [CZ] 'artificial intelligence' → 100 entries, 19 kept so far
02:48:02  INFO     [HU] 'artificial intelligence' → 100 entries, 18 kept so far
02:48:02  INFO     [RO] 'artificial intelligence' → 100 entries, 38 kept so far
02:48:02  INFO     [FI] 'AI regulation' → 49 entries, 64 kept so far
02:48:03  INFO     [HU] 'AI regulation' → 79 entries, 21 kept so far
02:48:03  INFO     [PT] 'AI regulation' → 79 entries, 92 kept so far
02:48:03  INFO     [CZ] 'AI regulation' → 79 entries, 38 kept so far
02:48:03  INFO     [RO] 'AI regulation' → 78 entries, 46 kept so far
02:48:04  INFO     [FI] 'machine learning' → 91 entries, 102 kept so far
02:48:05  INFO     [HU] 'machine learning' → 69 entries, 43 kept so far
02:48:05  INFO     [RO] 'machine learning' → 100 entries, 93 kept so far
02:48:05  INFO     [CZ] 'machine learning' → 86 entries, 59 kept so far
02:48:05  INFO     [PT] 'machine learning' → 100 entries, 170 kept so far
02:48:05  INFO     [FI] 'EU AI Act' → 74 entries, 138 kept so far
02:48:06  INFO     [HU] 'EU AI Act' → 77 entries, 62 kept so far
02:48:06  INFO     [RO] 'EU AI Act' → 78 entries, 108 kept so far
02:48:06  INFO     [CZ] 'EU AI Act' → 77 entries, 69 kept so far
02:48:07  INFO     [PT] 'EU AI Act' → 49 entries, 178 kept so far
02:48:07  INFO     [FI] 'generative AI' → 68 entries, 174 kept so far
02:48:08  INFO     [HU] 'generative AI' → 67 entries, 85 kept so far
02:48:08  INFO     [RO] 'generative AI' → 77 entries, 125 kept so far
02:48:08  INFO     [CZ] 'generative AI' → 85 entries, 84 kept so far
02:48:08  INFO     [FI] +61 new articles saved
02:48:08  INFO     [PT] 'generative AI' → 100 entries, 207 kept so far
02:48:09  INFO     [GR] 'artificial intelligence' → 100 entries, 47 kept so far
02:48:09  INFO     [HU] +39 new articles saved
02:48:09  INFO     [RO] +45 new articles saved
02:48:09  INFO     [CZ] +41 new articles saved
02:48:09  INFO     [SK] 'artificial intelligence' → 100 entries, 25 kept so far
02:48:09  INFO     [PT] +85 new articles saved
02:48:09  INFO     [HR] 'artificial intelligence' → 100 entries, 55 kept so far
02:48:10  INFO     [IE] 'artificial intelligence' → 100 entries, 60 kept so far
02:48:10  INFO     [BG] 'artificial intelligence' → 69 entries, 29 kept so far
02:48:10  INFO     [GR] 'AI regulation' → 45 entries, 86 kept so far
02:48:11  INFO     [SK] 'AI regulation' → 18 entries, 27 kept so far
02:48:11  INFO     [HR] 'AI regulation' → 102 entries, 100 kept so far
02:48:11  INFO     [BG] 'AI regulation' → 12 entries, 31 kept so far
02:48:11  INFO     [IE] 'AI regulation' → 100 entries, 94 kept so far
02:48:12  INFO     [GR] 'machine learning' → 92 entries, 121 kept so far
02:48:12  INFO     [SK] 'machine learning' → 58 entries, 41 kept so far
02:48:13  INFO     [HR] 'machine learning' → 100 entries, 152 kept so far
02:48:13  INFO     [BG] 'machine learning' → 55 entries, 39 kept so far
02:48:13  INFO     [IE] 'machine learning' → 100 entries, 140 kept so far
02:48:13  INFO     [GR] 'EU AI Act' → 47 entries, 135 kept so far
02:48:14  INFO     [SK] 'EU AI Act' → 57 entries, 55 kept so far
02:48:14  INFO     [BG] 'EU AI Act' → 10 entries, 42 kept so far
02:48:14  INFO     [HR] 'EU AI Act' → 100 entries, 236 kept so far
02:48:15  INFO     [GR] 'generative AI' → 100 entries, 180 kept so far
02:48:15  INFO     [IE] 'EU AI Act' → 100 entries, 219 kept so far
02:48:15  INFO     [SK] 'generative AI' → 47 entries, 63 kept so far
02:48:15  INFO     [BG] 'generative AI' → 30 entries, 46 kept so far
02:48:16  INFO     [HR] 'generative AI' → 100 entries, 283 kept so far
02:48:16  INFO     [GR] +94 new articles saved
02:48:16  INFO     [SK] +20 new articles saved
02:48:16  INFO     [LT] 'artificial intelligence' → 88 entries, 38 kept so far
02:48:16  INFO     [BG] +21 new articles saved
02:48:17  INFO     [SI] 'artificial intelligence' → 95 entries, 44 kept so far
02:48:17  INFO     [IE] 'generative AI' → 100 entries, 271 kept so far
02:48:17  INFO     [LV] 'artificial intelligence' → 63 entries, 18 kept so far
02:48:17  INFO     [HR] +227 new articles saved
02:48:17  INFO     [EE] 'artificial intelligence' → 100 entries, 47 kept so far
02:48:18  INFO     [IE] +59 new articles saved
02:48:18  INFO     [LT] 'AI regulation' → 9 entries, 39 kept so far
02:48:18  INFO     [SI] 'AI regulation' → 2 entries, 44 kept so far
02:48:18  INFO     [LV] 'AI regulation' → 5 entries, 18 kept so far
02:48:18  INFO     [CY] 'artificial intelligence' → 100 entries, 48 kept so far
02:48:19  INFO     [EE] 'AI regulation' → 10 entries, 47 kept so far
02:48:19  INFO     [LT] 'machine learning' → 48 entries, 45 kept so far
02:48:19  INFO     [SI] 'machine learning' → 25 entries, 48 kept so far
02:48:19  INFO     [LV] 'machine learning' → 11 entries, 19 kept so far
02:48:20  INFO     [CY] 'AI regulation' → 45 entries, 87 kept so far
02:48:20  INFO     [EE] 'machine learning' → 12 entries, 50 kept so far
02:48:21  INFO     [SI] 'EU AI Act' → 18 entries, 52 kept so far
02:48:21  INFO     [LT] 'EU AI Act' → 17 entries, 46 kept so far
02:48:21  INFO     [LV] 'EU AI Act' → 9 entries, 19 kept so far
02:48:21  INFO     [CY] 'machine learning' → 93 entries, 123 kept so far
02:48:21  INFO     [EE] 'EU AI Act' → 16 entries, 52 kept so far
02:48:22  INFO     [LT] 'generative AI' → 27 entries, 53 kept so far
02:48:22  INFO     [SI] 'generative AI' → 26 entries, 55 kept so far
02:48:22  INFO     [LV] 'generative AI' → 7 entries, 21 kept so far
02:48:23  INFO     [CY] 'EU AI Act' → 46 entries, 136 kept so far
02:48:23  INFO     [EE] 'generative AI' → 9 entries, 55 kept so far
02:48:23  INFO     [LT] +20 new articles saved
02:48:23  INFO     [SI] +16 new articles saved
02:48:23  INFO     [LV] +9 new articles saved
02:48:23  INFO     [MT] 'artificial intelligence' → 100 entries, 55 kept so far
02:48:23  INFO     [LU] 'artificial intelligence' → 100 entries, 59 kept so far
02:48:24  INFO     [EE] +18 new articles saved
02:48:24  INFO     [CY] 'generative AI' → 100 entries, 180 kept so far
02:48:24  INFO     [MT] 'AI regulation' → 102 entries, 100 kept so far
02:48:25  INFO     [LU] 'AI regulation' → 100 entries, 144 kept so far
02:48:25  INFO     [CY] +3 new articles saved
02:48:25  INFO     [MT] 'machine learning' → 100 entries, 152 kept so far
02:48:27  INFO     [MT] 'EU AI Act' → 100 entries, 236 kept so far
02:48:27  INFO     [LU] 'machine learning' → 100 entries, 200 kept so far
02:48:28  INFO     [MT] 'generative AI' → 100 entries, 283 kept so far
02:48:28  INFO     [LU] 'EU AI Act' → 77 entries, 230 kept so far
02:48:29  INFO     [MT] +0 new articles saved
02:48:30  INFO     [LU] 'generative AI' → 100 entries, 264 kept so far
02:48:31  INFO     [LU] +0 new articles saved
02:48:31  INFO     Scrape complete. 1432 new articles this run.
