08:32:51  INFO     Starting scrape: 27 countries, 5 queries each
/home/runner/work/EU_AI_News/EU_AI_News/eu_ai_news_scraper.py:230: DeprecationWarning: datetime.datetime.utcnow() is deprecated and scheduled for removal in a future version. Use timezone-aware objects to represent datetimes in UTC: datetime.datetime.now(datetime.UTC).
  "scraped_at":   datetime.utcnow().isoformat(),
08:32:52  INFO     [PL] 'artificial intelligence' → 100 entries, 14 kept so far
08:32:52  INFO     [DE] 'artificial intelligence' → 100 entries, 48 kept so far
08:32:52  INFO     [FR] 'artificial intelligence' → 100 entries, 46 kept so far
08:32:52  INFO     [IT] 'artificial intelligence' → 100 entries, 37 kept so far
08:32:52  INFO     [ES] 'artificial intelligence' → 100 entries, 59 kept so far
08:32:53  INFO     [PL] 'AI regulation' → 100 entries, 80 kept so far
08:32:53  INFO     [DE] 'AI regulation' → 91 entries, 122 kept so far
08:32:54  INFO     [FR] 'AI regulation' → 100 entries, 122 kept so far
08:32:54  INFO     [IT] 'AI regulation' → 100 entries, 119 kept so far
08:32:54  INFO     [ES] 'AI regulation' → 77 entries, 93 kept so far
08:32:55  INFO     [PL] 'machine learning' → 100 entries, 119 kept so far
08:32:55  INFO     [DE] 'machine learning' → 100 entries, 164 kept so far
08:32:55  INFO     [FR] 'machine learning' → 100 entries, 178 kept so far
08:32:55  INFO     [IT] 'machine learning' → 100 entries, 191 kept so far
08:32:56  INFO     [ES] 'machine learning' → 100 entries, 164 kept so far
08:32:56  INFO     [PL] 'EU AI Act' → 78 entries, 133 kept so far
08:32:57  INFO     [DE] 'EU AI Act' → 100 entries, 247 kept so far
08:32:57  INFO     [FR] 'EU AI Act' → 77 entries, 220 kept so far
08:32:57  INFO     [IT] 'EU AI Act' → 100 entries, 259 kept so far
08:32:57  INFO     [ES] 'EU AI Act' → 78 entries, 188 kept so far
08:32:58  INFO     [PL] 'generative AI' → 100 entries, 170 kept so far
08:32:58  INFO     [DE] 'generative AI' → 100 entries, 268 kept so far
08:32:58  INFO     [IT] 'generative AI' → 100 entries, 298 kept so far
08:32:58  INFO     [FR] 'generative AI' → 100 entries, 249 kept so far
08:32:59  INFO     [PL] +79 new articles saved
08:32:59  INFO     [ES] 'generative AI' → 100 entries, 226 kept so far
08:32:59  INFO     [DE] +161 new articles saved
08:32:59  INFO     [IT] +147 new articles saved
08:32:59  INFO     [FR] +116 new articles saved
08:32:59  INFO     [NL] 'artificial intelligence' → 100 entries, 10 kept so far
08:33:00  INFO     [BE] 'artificial intelligence' → 100 entries, 58 kept so far
08:33:00  INFO     [SE] 'artificial intelligence' → 100 entries, 9 kept so far
08:33:00  INFO     [AT] 'artificial intelligence' → 100 entries, 42 kept so far
08:33:00  INFO     [ES] +98 new articles saved
08:33:01  INFO     [DK] 'artificial intelligence' → 100 entries, 12 kept so far
08:33:01  INFO     [NL] 'AI regulation' → 79 entries, 47 kept so far
08:33:01  INFO     [BE] 'AI regulation' → 100 entries, 145 kept so far
08:33:01  INFO     [SE] 'AI regulation' → 78 entries, 25 kept so far
08:33:02  INFO     [AT] 'AI regulation' → 93 entries, 114 kept so far
08:33:02  INFO     [DK] 'AI regulation' → 30 entries, 17 kept so far
08:33:02  INFO     [NL] 'machine learning' → 100 entries, 101 kept so far
08:33:03  INFO     [SE] 'machine learning' → 70 entries, 47 kept so far
08:33:03  INFO     [BE] 'machine learning' → 100 entries, 198 kept so far
08:33:03  INFO     [AT] 'machine learning' → 100 entries, 160 kept so far
08:33:04  INFO     [DK] 'machine learning' → 82 entries, 43 kept so far
08:33:04  INFO     [NL] 'EU AI Act' → 100 entries, 130 kept so far
08:33:04  INFO     [SE] 'EU AI Act' → 77 entries, 56 kept so far
08:33:04  INFO     [BE] 'EU AI Act' → 77 entries, 225 kept so far
08:33:05  INFO     [AT] 'EU AI Act' → 100 entries, 247 kept so far
08:33:05  INFO     [DK] 'EU AI Act' → 76 entries, 60 kept so far
08:33:05  INFO     [NL] 'generative AI' → 100 entries, 156 kept so far
08:33:06  INFO     [SE] 'generative AI' → 79 entries, 68 kept so far
08:33:06  INFO     [BE] 'generative AI' → 100 entries, 250 kept so far
08:33:06  INFO     [AT] 'generative AI' → 100 entries, 265 kept so far
08:33:06  INFO     [NL] +52 new articles saved
08:33:07  INFO     [DK] 'generative AI' → 100 entries, 91 kept so far
08:33:07  INFO     [SE] +27 new articles saved
08:33:07  INFO     [BE] +24 new articles saved
08:33:07  INFO     [FI] 'artificial intelligence' → 100 entries, 52 kept so far
08:33:07  INFO     [AT] +34 new articles saved
08:33:07  INFO     [PT] 'artificial intelligence' → 100 entries, 62 kept so far
08:33:07  INFO     [CZ] 'artificial intelligence' → 100 entries, 22 kept so far
08:33:08  INFO     [DK] +24 new articles saved
08:33:08  INFO     [RO] 'artificial intelligence' → 100 entries, 40 kept so far
08:33:08  INFO     [HU] 'artificial intelligence' → 100 entries, 18 kept so far
08:33:09  INFO     [FI] 'AI regulation' → 51 entries, 66 kept so far
08:33:09  INFO     [CZ] 'AI regulation' → 78 entries, 38 kept so far
08:33:09  INFO     [PT] 'AI regulation' → 79 entries, 91 kept so far
08:33:09  INFO     [RO] 'AI regulation' → 74 entries, 51 kept so far
08:33:10  INFO     [HU] 'AI regulation' → 79 entries, 22 kept so far
08:33:10  INFO     [FI] 'machine learning' → 87 entries, 103 kept so far
08:33:11  INFO     [CZ] 'machine learning' → 83 entries, 57 kept so far
08:33:11  INFO     [PT] 'machine learning' → 100 entries, 169 kept so far
08:33:11  INFO     [RO] 'machine learning' → 100 entries, 99 kept so far
08:33:11  INFO     [HU] 'machine learning' → 70 entries, 47 kept so far
08:33:12  INFO     [FI] 'EU AI Act' → 75 entries, 144 kept so far
08:33:12  INFO     [CZ] 'EU AI Act' → 77 entries, 70 kept so far
08:33:12  INFO     [PT] 'EU AI Act' → 46 entries, 176 kept so far
08:33:12  INFO     [RO] 'EU AI Act' → 77 entries, 110 kept so far
08:33:12  INFO     [HU] 'EU AI Act' → 77 entries, 65 kept so far
08:33:13  INFO     [FI] 'generative AI' → 60 entries, 180 kept so far
08:33:14  INFO     [CZ] 'generative AI' → 85 entries, 86 kept so far
08:33:14  INFO     [RO] 'generative AI' → 78 entries, 131 kept so far
08:33:14  INFO     [HU] 'generative AI' → 74 entries, 88 kept so far
08:33:14  INFO     [PT] 'generative AI' → 100 entries, 206 kept so far
08:33:14  INFO     [FI] +81 new articles saved
08:33:15  INFO     [CZ] +48 new articles saved
08:33:15  INFO     [GR] 'artificial intelligence' → 100 entries, 47 kept so far
08:33:15  INFO     [RO] +52 new articles saved
08:33:15  INFO     [HU] +40 new articles saved
08:33:15  INFO     [PT] +90 new articles saved
08:33:15  INFO     [SK] 'artificial intelligence' → 100 entries, 20 kept so far
08:33:15  INFO     [HR] 'artificial intelligence' → 104 entries, 55 kept so far
08:33:15  INFO     [BG] 'artificial intelligence' → 68 entries, 32 kept so far
08:33:16  INFO     [IE] 'artificial intelligence' → 100 entries, 56 kept so far
08:33:16  INFO     [GR] 'AI regulation' → 56 entries, 96 kept so far
08:33:17  INFO     [SK] 'AI regulation' → 19 entries, 22 kept so far
08:33:17  INFO     [BG] 'AI regulation' → 8 entries, 32 kept so far
08:33:17  INFO     [HR] 'AI regulation' → 100 entries, 100 kept so far
08:33:17  INFO     [IE] 'AI regulation' → 100 entries, 101 kept so far
08:33:18  INFO     [GR] 'machine learning' → 85 entries, 132 kept so far
08:33:18  INFO     [BG] 'machine learning' → 55 entries, 43 kept so far
08:33:18  INFO     [SK] 'machine learning' → 72 entries, 40 kept so far
08:33:18  INFO     [HR] 'machine learning' → 100 entries, 164 kept so far
08:33:19  INFO     [IE] 'machine learning' → 100 entries, 162 kept so far
08:33:19  INFO     [GR] 'EU AI Act' → 53 entries, 148 kept so far
08:33:19  INFO     [BG] 'EU AI Act' → 8 entries, 45 kept so far
08:33:20  INFO     [SK] 'EU AI Act' → 67 entries, 58 kept so far
08:33:20  INFO     [HR] 'EU AI Act' → 100 entries, 247 kept so far
08:33:21  INFO     [GR] 'generative AI' → 100 entries, 187 kept so far
08:33:21  INFO     [BG] 'generative AI' → 28 entries, 52 kept so far
08:33:21  INFO     [IE] 'EU AI Act' → 100 entries, 238 kept so far
08:33:21  INFO     [SK] 'generative AI' → 49 entries, 68 kept so far
08:33:21  INFO     [HR] 'generative AI' → 100 entries, 310 kept so far
08:33:22  INFO     [GR] +108 new articles saved
08:33:22  INFO     [BG] +27 new articles saved
08:33:22  INFO     [SK] +27 new articles saved
08:33:22  INFO     [LT] 'artificial intelligence' → 87 entries, 32 kept so far
08:33:22  INFO     [SI] 'artificial intelligence' → 100 entries, 47 kept so far
08:33:22  INFO     [LV] 'artificial intelligence' → 71 entries, 27 kept so far
08:33:22  INFO     [HR] +239 new articles saved
08:33:23  INFO     [IE] 'generative AI' → 100 entries, 297 kept so far
08:33:23  INFO     [EE] 'artificial intelligence' → 100 entries, 47 kept so far
08:33:23  INFO     [LT] 'AI regulation' → 9 entries, 32 kept so far
08:33:24  INFO     [SI] 'AI regulation' → 4 entries, 47 kept so far
08:33:24  INFO     [IE] +75 new articles saved
08:33:24  INFO     [LV] 'AI regulation' → 7 entries, 27 kept so far
08:33:24  INFO     [CY] 'artificial intelligence' → 100 entries, 47 kept so far
08:33:24  INFO     [EE] 'AI regulation' → 9 entries, 49 kept so far
08:33:25  INFO     [LT] 'machine learning' → 36 entries, 36 kept so far
08:33:25  INFO     [SI] 'machine learning' → 23 entries, 50 kept so far
08:33:25  INFO     [LV] 'machine learning' → 11 entries, 29 kept so far
08:33:26  INFO     [EE] 'machine learning' → 13 entries, 52 kept so far
08:33:26  INFO     [CY] 'AI regulation' → 55 entries, 93 kept so far
08:33:26  INFO     [SI] 'EU AI Act' → 34 entries, 56 kept so far
08:33:26  INFO     [LT] 'EU AI Act' → 16 entries, 37 kept so far
08:33:26  INFO     [LV] 'EU AI Act' → 9 entries, 29 kept so far
08:33:27  INFO     [EE] 'EU AI Act' → 16 entries, 54 kept so far
08:33:27  INFO     [SI] 'generative AI' → 14 entries, 60 kept so far
08:33:27  INFO     [LT] 'generative AI' → 24 entries, 45 kept so far
08:33:27  INFO     [CY] 'machine learning' → 86 entries, 128 kept so far
08:33:27  INFO     [LV] 'generative AI' → 9 entries, 31 kept so far
08:33:28  INFO     [EE] 'generative AI' → 10 entries, 56 kept so far
08:33:28  INFO     [SI] +21 new articles saved
08:33:28  INFO     [LT] +14 new articles saved
08:33:28  INFO     [LV] +13 new articles saved
08:33:29  INFO     [MT] 'artificial intelligence' → 104 entries, 55 kept so far
08:33:29  INFO     [LU] 'artificial intelligence' → 100 entries, 46 kept so far
08:33:29  INFO     [CY] 'EU AI Act' → 53 entries, 144 kept so far
08:33:29  INFO     [EE] +20 new articles saved
08:33:30  INFO     [MT] 'AI regulation' → 100 entries, 100 kept so far
08:33:31  INFO     [CY] 'generative AI' → 100 entries, 184 kept so far
08:33:31  INFO     [MT] 'machine learning' → 100 entries, 164 kept so far
08:33:31  INFO     [LU] 'AI regulation' → 100 entries, 122 kept so far
08:33:32  INFO     [CY] +4 new articles saved
08:33:32  INFO     [MT] 'EU AI Act' → 100 entries, 247 kept so far
08:33:32  INFO     [LU] 'machine learning' → 100 entries, 177 kept so far
08:33:33  INFO     [MT] 'generative AI' → 100 entries, 310 kept so far
08:33:34  INFO     [LU] 'EU AI Act' → 77 entries, 219 kept so far
08:33:34  INFO     [MT] +0 new articles saved
08:33:35  INFO     [LU] 'generative AI' → 100 entries, 248 kept so far
08:33:36  INFO     [LU] +0 new articles saved
08:33:36  INFO     Scrape complete. 1621 new articles this run.
