03:23:08  INFO     Starting scrape: 27 countries, 5 queries each
/home/runner/work/EU_AI_News/EU_AI_News/eu_ai_news_scraper.py:230: DeprecationWarning: datetime.datetime.utcnow() is deprecated and scheduled for removal in a future version. Use timezone-aware objects to represent datetimes in UTC: datetime.datetime.now(datetime.UTC).
  "scraped_at":   datetime.utcnow().isoformat(),
03:23:09  INFO     [IT] 'artificial intelligence' → 100 entries, 34 kept so far
03:23:09  INFO     [FR] 'artificial intelligence' → 100 entries, 59 kept so far
03:23:09  INFO     [PL] 'artificial intelligence' → 100 entries, 12 kept so far
03:23:09  INFO     [ES] 'artificial intelligence' → 100 entries, 66 kept so far
03:23:09  INFO     [DE] 'artificial intelligence' → 100 entries, 48 kept so far
03:23:11  INFO     [IT] 'AI regulation' → 100 entries, 93 kept so far
03:23:11  INFO     [DE] 'AI regulation' → 60 entries, 83 kept so far
03:23:11  INFO     [PL] 'AI regulation' → 78 entries, 68 kept so far
03:23:11  INFO     [ES] 'AI regulation' → 76 entries, 90 kept so far
03:23:11  INFO     [FR] 'AI regulation' → 100 entries, 125 kept so far
03:23:13  INFO     [DE] 'machine learning' → 100 entries, 141 kept so far
03:23:13  INFO     [IT] 'machine learning' → 100 entries, 171 kept so far
03:23:13  INFO     [ES] 'machine learning' → 100 entries, 179 kept so far
03:23:13  INFO     [PL] 'machine learning' → 100 entries, 108 kept so far
03:23:13  INFO     [FR] 'machine learning' → 100 entries, 206 kept so far
03:23:14  INFO     [DE] 'EU AI Act' → 100 entries, 227 kept so far
03:23:14  INFO     [PL] 'EU AI Act' → 77 entries, 138 kept so far
03:23:15  INFO     [IT] 'EU AI Act' → 100 entries, 238 kept so far
03:23:15  INFO     [FR] 'EU AI Act' → 100 entries, 258 kept so far
03:23:15  INFO     [ES] 'EU AI Act' → 78 entries, 213 kept so far
03:23:16  INFO     [DE] 'generative AI' → 100 entries, 253 kept so far
03:23:16  INFO     [PL] 'generative AI' → 100 entries, 168 kept so far
03:23:16  INFO     [IT] 'generative AI' → 100 entries, 285 kept so far
03:23:16  INFO     [ES] 'generative AI' → 100 entries, 254 kept so far
03:23:16  INFO     [FR] 'generative AI' → 100 entries, 295 kept so far
03:23:17  INFO     [DE] +165 new articles saved
03:23:17  INFO     [PL] +72 new articles saved
03:23:17  INFO     [IT] +138 new articles saved
03:23:17  INFO     [ES] +111 new articles saved
03:23:17  INFO     [FR] +144 new articles saved
03:23:18  INFO     [NL] 'artificial intelligence' → 100 entries, 8 kept so far
03:23:18  INFO     [BE] 'artificial intelligence' → 100 entries, 58 kept so far
03:23:18  INFO     [SE] 'artificial intelligence' → 100 entries, 5 kept so far
03:23:18  INFO     [AT] 'artificial intelligence' → 100 entries, 59 kept so far
03:23:18  INFO     [DK] 'artificial intelligence' → 100 entries, 29 kept so far
03:23:19  INFO     [NL] 'AI regulation' → 78 entries, 42 kept so far
03:23:19  INFO     [BE] 'AI regulation' → 100 entries, 142 kept so far
03:23:20  INFO     [SE] 'AI regulation' → 77 entries, 23 kept so far
03:23:20  INFO     [AT] 'AI regulation' → 64 entries, 99 kept so far
03:23:20  INFO     [DK] 'AI regulation' → 31 entries, 32 kept so far
03:23:21  INFO     [NL] 'machine learning' → 100 entries, 101 kept so far
03:23:21  INFO     [BE] 'machine learning' → 100 entries, 211 kept so far
03:23:21  INFO     [SE] 'machine learning' → 73 entries, 47 kept so far
03:23:22  INFO     [AT] 'machine learning' → 100 entries, 143 kept so far
03:23:22  INFO     [DK] 'machine learning' → 77 entries, 53 kept so far
03:23:23  INFO     [NL] 'EU AI Act' → 90 entries, 125 kept so far
03:23:23  INFO     [BE] 'EU AI Act' → 85 entries, 246 kept so far
03:23:23  INFO     [SE] 'EU AI Act' → 68 entries, 52 kept so far
03:23:23  INFO     [AT] 'EU AI Act' → 100 entries, 228 kept so far
03:23:24  INFO     [DK] 'EU AI Act' → 76 entries, 70 kept so far
03:23:24  INFO     [NL] 'generative AI' → 100 entries, 157 kept so far
03:23:24  INFO     [SE] 'generative AI' → 75 entries, 62 kept so far
03:23:25  INFO     [BE] 'generative AI' → 100 entries, 282 kept so far
03:23:25  INFO     [AT] 'generative AI' → 100 entries, 254 kept so far
03:23:25  INFO     [NL] +51 new articles saved
03:23:25  INFO     [DK] 'generative AI' → 100 entries, 107 kept so far
03:23:25  INFO     [SE] +18 new articles saved
03:23:26  INFO     [BE] +40 new articles saved
03:23:26  INFO     [FI] 'artificial intelligence' → 100 entries, 61 kept so far
03:23:26  INFO     [AT] +32 new articles saved
03:23:26  INFO     [PT] 'artificial intelligence' → 100 entries, 64 kept so far
03:23:27  INFO     [CZ] 'artificial intelligence' → 100 entries, 19 kept so far
03:23:27  INFO     [DK] +37 new articles saved
03:23:27  INFO     [RO] 'artificial intelligence' → 100 entries, 39 kept so far
03:23:27  INFO     [HU] 'artificial intelligence' → 100 entries, 14 kept so far
03:23:28  INFO     [FI] 'AI regulation' → 42 entries, 72 kept so far
03:23:28  INFO     [RO] 'AI regulation' → 17 entries, 43 kept so far
03:23:28  INFO     [CZ] 'AI regulation' → 75 entries, 45 kept so far
03:23:28  INFO     [PT] 'AI regulation' → 78 entries, 111 kept so far
03:23:29  INFO     [HU] 'AI regulation' → 79 entries, 16 kept so far
03:23:30  INFO     [FI] 'machine learning' → 90 entries, 110 kept so far
03:23:30  INFO     [RO] 'machine learning' → 100 entries, 91 kept so far
03:23:30  INFO     [CZ] 'machine learning' → 90 entries, 64 kept so far
03:23:30  INFO     [PT] 'machine learning' → 100 entries, 191 kept so far
03:23:31  INFO     [HU] 'machine learning' → 70 entries, 39 kept so far
03:23:31  INFO     [RO] 'EU AI Act' → 77 entries, 105 kept so far
03:23:31  INFO     [CZ] 'EU AI Act' → 76 entries, 71 kept so far
03:23:31  INFO     [FI] 'EU AI Act' → 68 entries, 143 kept so far
03:23:32  INFO     [PT] 'EU AI Act' → 51 entries, 200 kept so far
03:23:32  INFO     [HU] 'EU AI Act' → 78 entries, 60 kept so far
03:23:33  INFO     [RO] 'generative AI' → 77 entries, 120 kept so far
03:23:33  INFO     [CZ] 'generative AI' → 77 entries, 84 kept so far
03:23:33  INFO     [FI] 'generative AI' → 67 entries, 180 kept so far
03:23:34  INFO     [HU] 'generative AI' → 75 entries, 85 kept so far
03:23:34  INFO     [RO] +45 new articles saved
03:23:34  INFO     [CZ] +41 new articles saved
03:23:34  INFO     [PT] 'generative AI' → 100 entries, 235 kept so far
03:23:34  INFO     [FI] +64 new articles saved
03:23:34  INFO     [SK] 'artificial intelligence' → 100 entries, 27 kept so far
03:23:35  INFO     [GR] 'artificial intelligence' → 100 entries, 45 kept so far
03:23:35  INFO     [HU] +37 new articles saved
03:23:35  INFO     [PT] +122 new articles saved
03:23:35  INFO     [IE] 'artificial intelligence' → 100 entries, 67 kept so far
03:23:36  INFO     [HR] 'artificial intelligence' → 100 entries, 63 kept so far
03:23:36  INFO     [BG] 'artificial intelligence' → 100 entries, 37 kept so far
03:23:36  INFO     [SK] 'AI regulation' → 13 entries, 28 kept so far
03:23:36  INFO     [GR] 'AI regulation' → 39 entries, 76 kept so far
03:23:37  INFO     [HR] 'AI regulation' → 100 entries, 119 kept so far
03:23:37  INFO     [BG] 'AI regulation' → 7 entries, 40 kept so far
03:23:37  INFO     [IE] 'AI regulation' → 100 entries, 119 kept so far
03:23:38  INFO     [SK] 'machine learning' → 66 entries, 45 kept so far
03:23:38  INFO     [GR] 'machine learning' → 97 entries, 119 kept so far
03:23:39  INFO     [BG] 'machine learning' → 55 entries, 48 kept so far
03:23:39  INFO     [SK] 'EU AI Act' → 48 entries, 54 kept so far
03:23:39  INFO     [HR] 'machine learning' → 100 entries, 201 kept so far
03:23:39  INFO     [IE] 'machine learning' → 100 entries, 188 kept so far
03:23:39  INFO     [GR] 'EU AI Act' → 47 entries, 131 kept so far
03:23:40  INFO     [BG] 'EU AI Act' → 9 entries, 50 kept so far
03:23:40  INFO     [SK] 'generative AI' → 40 entries, 63 kept so far
03:23:41  INFO     [GR] 'generative AI' → 100 entries, 167 kept so far
03:23:41  INFO     [HR] 'EU AI Act' → 100 entries, 279 kept so far
03:23:41  INFO     [IE] 'EU AI Act' → 100 entries, 259 kept so far
03:23:41  INFO     [SK] +25 new articles saved
03:23:42  INFO     [BG] 'generative AI' → 29 entries, 53 kept so far
03:23:42  INFO     [LT] 'artificial intelligence' → 94 entries, 38 kept so far
03:23:42  INFO     [GR] +82 new articles saved
03:23:43  INFO     [SI] 'artificial intelligence' → 93 entries, 41 kept so far
03:23:43  INFO     [BG] +26 new articles saved
03:23:43  INFO     [HR] 'generative AI' → 100 entries, 341 kept so far
03:23:43  INFO     [IE] 'generative AI' → 100 entries, 323 kept so far
03:23:43  INFO     [LV] 'artificial intelligence' → 67 entries, 25 kept so far
03:23:44  INFO     [LT] 'AI regulation' → 14 entries, 40 kept so far
03:23:44  INFO     [HR] +260 new articles saved
03:23:44  INFO     [SI] 'AI regulation' → 2 entries, 41 kept so far
03:23:44  INFO     [IE] +83 new articles saved
03:23:45  INFO     [LV] 'AI regulation' → 8 entries, 25 kept so far
03:23:45  INFO     [CY] 'artificial intelligence' → 100 entries, 45 kept so far
03:23:45  INFO     [EE] 'artificial intelligence' → 100 entries, 48 kept so far
03:23:45  INFO     [LT] 'machine learning' → 50 entries, 46 kept so far
03:23:46  INFO     [SI] 'machine learning' → 25 entries, 44 kept so far
03:23:46  INFO     [LV] 'machine learning' → 11 entries, 26 kept so far
03:23:47  INFO     [EE] 'AI regulation' → 8 entries, 48 kept so far
03:23:47  INFO     [CY] 'AI regulation' → 39 entries, 76 kept so far
03:23:47  INFO     [LT] 'EU AI Act' → 22 entries, 47 kept so far
03:23:47  INFO     [SI] 'EU AI Act' → 20 entries, 48 kept so far
03:23:47  INFO     [LV] 'EU AI Act' → 10 entries, 26 kept so far
03:23:48  INFO     [EE] 'machine learning' → 15 entries, 50 kept so far
03:23:48  INFO     [LT] 'generative AI' → 29 entries, 54 kept so far
03:23:48  INFO     [CY] 'machine learning' → 100 entries, 123 kept so far
03:23:48  INFO     [SI] 'generative AI' → 13 entries, 51 kept so far
03:23:49  INFO     [LV] 'generative AI' → 7 entries, 28 kept so far
03:23:49  INFO     [LT] +22 new articles saved
03:23:49  INFO     [SI] +13 new articles saved
03:23:50  INFO     [LV] +10 new articles saved
03:23:50  INFO     [EE] 'EU AI Act' → 14 entries, 51 kept so far
03:23:50  INFO     [MT] 'artificial intelligence' → 100 entries, 63 kept so far
03:23:50  INFO     [LU] 'artificial intelligence' → 100 entries, 58 kept so far
03:23:50  INFO     [CY] 'EU AI Act' → 49 entries, 137 kept so far
03:23:51  INFO     [MT] 'AI regulation' → 100 entries, 119 kept so far
03:23:51  INFO     [EE] 'generative AI' → 11 entries, 53 kept so far
03:23:52  INFO     [LU] 'AI regulation' → 100 entries, 135 kept so far
03:23:52  INFO     [CY] 'generative AI' → 100 entries, 174 kept so far
03:23:52  INFO     [EE] +14 new articles saved
03:23:52  INFO     [MT] 'machine learning' → 100 entries, 201 kept so far
03:23:53  INFO     [CY] +25 new articles saved
03:23:54  INFO     [LU] 'machine learning' → 100 entries, 216 kept so far
03:23:54  INFO     [MT] 'EU AI Act' → 100 entries, 279 kept so far
03:23:55  INFO     [MT] 'generative AI' → 100 entries, 341 kept so far
03:23:55  INFO     [LU] 'EU AI Act' → 81 entries, 252 kept so far
03:23:56  INFO     [MT] +0 new articles saved
03:23:57  INFO     [LU] 'generative AI' → 100 entries, 289 kept so far
03:23:58  INFO     [LU] +7 new articles saved
03:23:58  INFO     Scrape complete. 1684 new articles this run.
