09:47:52  INFO     Starting scrape: 27 countries, 5 queries each
09:47:57  WARNING  [PL] Feed parse issue for 'artificial intelligence'
09:47:58  WARNING  [FR] Feed parse issue for 'artificial intelligence'
09:47:58  WARNING  [ES] Feed parse issue for 'artificial intelligence'
09:47:58  WARNING  [DE] Feed parse issue for 'artificial intelligence'
09:48:00  WARNING  [IT] Feed parse issue for 'artificial intelligence'
09:48:05  WARNING  [FR] Feed parse issue for 'AI regulation'
09:48:06  WARNING  [DE] Feed parse issue for 'AI regulation'
09:48:06  WARNING  [IT] Feed parse issue for 'AI regulation'
09:48:07  WARNING  [PL] Feed parse issue for 'AI regulation'
09:48:07  WARNING  [ES] Feed parse issue for 'AI regulation'
09:48:13  WARNING  [ES] Feed parse issue for 'machine learning'
09:48:13  WARNING  [DE] Feed parse issue for 'machine learning'
09:48:13  WARNING  [IT] Feed parse issue for 'machine learning'
09:48:13  WARNING  [PL] Feed parse issue for 'machine learning'
09:48:14  WARNING  [FR] Feed parse issue for 'machine learning'
09:48:19  WARNING  [DE] Feed parse issue for 'EU AI Act'
09:48:19  WARNING  [ES] Feed parse issue for 'EU AI Act'
09:48:22  WARNING  [PL] Feed parse issue for 'EU AI Act'
09:48:23  WARNING  [IT] Feed parse issue for 'EU AI Act'
09:48:24  WARNING  [FR] Feed parse issue for 'EU AI Act'
09:48:25  WARNING  [DE] Feed parse issue for 'generative AI'
09:48:25  INFO     [DE] +0 new articles saved
09:48:27  WARNING  [ES] Feed parse issue for 'generative AI'
09:48:27  INFO     [ES] +0 new articles saved
09:48:28  WARNING  [PL] Feed parse issue for 'generative AI'
09:48:28  INFO     [PL] +0 new articles saved
09:48:29  WARNING  [IT] Feed parse issue for 'generative AI'
09:48:29  INFO     [IT] +0 new articles saved
09:48:30  WARNING  [NL] Feed parse issue for 'artificial intelligence'
09:48:31  WARNING  [FR] Feed parse issue for 'generative AI'
09:48:31  INFO     [FR] +0 new articles saved
09:48:32  WARNING  [BE] Feed parse issue for 'artificial intelligence'
09:48:35  WARNING  [SE] Feed parse issue for 'artificial intelligence'
09:48:37  WARNING  [DK] Feed parse issue for 'artificial intelligence'
09:48:37  WARNING  [AT] Feed parse issue for 'artificial intelligence'
09:48:38  WARNING  [NL] Feed parse issue for 'AI regulation'
09:48:42  WARNING  [BE] Feed parse issue for 'AI regulation'
09:48:44  WARNING  [SE] Feed parse issue for 'AI regulation'
09:48:45  WARNING  [DK] Feed parse issue for 'AI regulation'
09:48:47  WARNING  [NL] Feed parse issue for 'machine learning'
09:48:47  WARNING  [AT] Feed parse issue for 'AI regulation'
09:48:50  WARNING  [DK] Feed parse issue for 'machine learning'
09:48:52  WARNING  [BE] Feed parse issue for 'machine learning'
09:48:54  WARNING  [SE] Feed parse issue for 'machine learning'
09:48:54  WARNING  [AT] Feed parse issue for 'machine learning'
09:48:55  WARNING  [NL] Feed parse issue for 'EU AI Act'
09:49:00  WARNING  [DK] Feed parse issue for 'EU AI Act'
09:49:00  WARNING  [BE] Feed parse issue for 'EU AI Act'
09:49:01  WARNING  [SE] Feed parse issue for 'EU AI Act'
09:49:02  WARNING  [AT] Feed parse issue for 'EU AI Act'
09:49:03  WARNING  [NL] Feed parse issue for 'generative AI'
09:49:03  INFO     [NL] +0 new articles saved
09:49:09  WARNING  [BE] Feed parse issue for 'generative AI'
09:49:09  INFO     [BE] +0 new articles saved
09:49:09  WARNING  [DK] Feed parse issue for 'generative AI'
09:49:09  INFO     [DK] +0 new articles saved
09:49:09  WARNING  [SE] Feed parse issue for 'generative AI'
09:49:09  INFO     [SE] +0 new articles saved
09:49:11  WARNING  [AT] Feed parse issue for 'generative AI'
09:49:11  INFO     [AT] +0 new articles saved
09:49:13  WARNING  [FI] Feed parse issue for 'artificial intelligence'
09:49:15  WARNING  [PT] Feed parse issue for 'artificial intelligence'
09:49:15  WARNING  [CZ] Feed parse issue for 'artificial intelligence'
09:49:16  WARNING  [RO] Feed parse issue for 'artificial intelligence'
09:49:17  WARNING  [HU] Feed parse issue for 'artificial intelligence'
09:49:20  WARNING  [FI] Feed parse issue for 'AI regulation'
09:49:24  WARNING  [RO] Feed parse issue for 'AI regulation'
09:49:24  WARNING  [CZ] Feed parse issue for 'AI regulation'
09:49:25  WARNING  [PT] Feed parse issue for 'AI regulation'
09:49:25  WARNING  [FI] Feed parse issue for 'machine learning'
09:49:26  WARNING  [HU] Feed parse issue for 'AI regulation'
09:49:33  WARNING  [RO] Feed parse issue for 'machine learning'
09:49:33  WARNING  [PT] Feed parse issue for 'machine learning'
09:49:34  WARNING  [HU] Feed parse issue for 'machine learning'
09:49:34  WARNING  [FI] Feed parse issue for 'EU AI Act'
09:49:34  WARNING  [CZ] Feed parse issue for 'machine learning'
09:49:40  WARNING  [HU] Feed parse issue for 'EU AI Act'
09:49:42  WARNING  [RO] Feed parse issue for 'EU AI Act'
09:49:42  WARNING  [PT] Feed parse issue for 'EU AI Act'
09:49:43  WARNING  [FI] Feed parse issue for 'generative AI'
09:49:43  INFO     [FI] +0 new articles saved
09:49:44  WARNING  [CZ] Feed parse issue for 'EU AI Act'
09:49:48  WARNING  [PT] Feed parse issue for 'generative AI'
09:49:48  INFO     [PT] +0 new articles saved
09:49:48  WARNING  [HU] Feed parse issue for 'generative AI'
09:49:48  INFO     [HU] +0 new articles saved
09:49:49  WARNING  [RO] Feed parse issue for 'generative AI'
09:49:49  INFO     [RO] +0 new articles saved
09:49:52  WARNING  [CZ] Feed parse issue for 'generative AI'
09:49:52  INFO     [CZ] +0 new articles saved
09:49:53  WARNING  [GR] Feed parse issue for 'artificial intelligence'
09:49:53  WARNING  [SK] Feed parse issue for 'artificial intelligence'
09:49:55  WARNING  [HR] Feed parse issue for 'artificial intelligence'
09:49:56  WARNING  [IE] Feed parse issue for 'artificial intelligence'
09:49:58  WARNING  [BG] Feed parse issue for 'artificial intelligence'
09:50:00  WARNING  [GR] Feed parse issue for 'AI regulation'
09:50:01  WARNING  [SK] Feed parse issue for 'AI regulation'
09:50:03  WARNING  [HR] Feed parse issue for 'AI regulation'
09:50:04  WARNING  [BG] Feed parse issue for 'AI regulation'
09:50:04  WARNING  [IE] Feed parse issue for 'AI regulation'
09:50:05  WARNING  [GR] Feed parse issue for 'machine learning'
09:50:09  WARNING  [SK] Feed parse issue for 'machine learning'
09:50:10  WARNING  [BG] Feed parse issue for 'machine learning'
09:50:12  WARNING  [HR] Feed parse issue for 'machine learning'
09:50:13  WARNING  [IE] Feed parse issue for 'machine learning'
09:50:14  WARNING  [GR] Feed parse issue for 'EU AI Act'
09:50:15  WARNING  [SK] Feed parse issue for 'EU AI Act'
09:50:15  WARNING  [BG] Feed parse issue for 'EU AI Act'
09:50:18  WARNING  [HR] Feed parse issue for 'EU AI Act'
09:50:20  WARNING  [IE] Feed parse issue for 'EU AI Act'
09:50:20  WARNING  [GR] Feed parse issue for 'generative AI'
09:50:20  INFO     [GR] +0 new articles saved
09:50:22  WARNING  [BG] Feed parse issue for 'generative AI'
09:50:22  INFO     [BG] +0 new articles saved
09:50:23  WARNING  [HR] Feed parse issue for 'generative AI'
09:50:23  INFO     [HR] +0 new articles saved
09:50:24  WARNING  [SK] Feed parse issue for 'generative AI'
09:50:24  INFO     [SK] +0 new articles saved
09:50:25  WARNING  [IE] Feed parse issue for 'generative AI'
09:50:25  INFO     [IE] +0 new articles saved
09:50:28  WARNING  [LT] Feed parse issue for 'artificial intelligence'
09:50:30  WARNING  [SI] Feed parse issue for 'artificial intelligence'
09:50:31  WARNING  [EE] Feed parse issue for 'artificial intelligence'
09:50:32  WARNING  [LV] Feed parse issue for 'artificial intelligence'
09:50:33  WARNING  [CY] Feed parse issue for 'artificial intelligence'
09:50:35  WARNING  [LT] Feed parse issue for 'AI regulation'
09:50:36  WARNING  [SI] Feed parse issue for 'AI regulation'
09:50:40  WARNING  [EE] Feed parse issue for 'AI regulation'
09:50:41  WARNING  [CY] Feed parse issue for 'AI regulation'
09:50:42  WARNING  [LV] Feed parse issue for 'AI regulation'
09:50:43  WARNING  [SI] Feed parse issue for 'machine learning'
09:50:44  WARNING  [LT] Feed parse issue for 'machine learning'
09:50:48  WARNING  [LV] Feed parse issue for 'machine learning'
09:50:48  WARNING  [CY] Feed parse issue for 'machine learning'
09:50:49  WARNING  [EE] Feed parse issue for 'machine learning'
09:50:49  WARNING  [SI] Feed parse issue for 'EU AI Act'
09:50:50  WARNING  [LT] Feed parse issue for 'EU AI Act'
09:50:55  WARNING  [LV] Feed parse issue for 'EU AI Act'
09:50:56  WARNING  [EE] Feed parse issue for 'EU AI Act'
09:50:57  WARNING  [CY] Feed parse issue for 'EU AI Act'
09:50:57  WARNING  [LT] Feed parse issue for 'generative AI'
09:50:57  INFO     [LT] +0 new articles saved
09:50:59  WARNING  [SI] Feed parse issue for 'generative AI'
09:50:59  INFO     [SI] +0 new articles saved
09:51:02  WARNING  [LV] Feed parse issue for 'generative AI'
09:51:02  INFO     [LV] +0 new articles saved
09:51:03  WARNING  [EE] Feed parse issue for 'generative AI'
09:51:03  INFO     [EE] +0 new articles saved
09:51:05  WARNING  [MT] Feed parse issue for 'artificial intelligence'
09:51:05  WARNING  [CY] Feed parse issue for 'generative AI'
09:51:05  INFO     [CY] +0 new articles saved
09:51:07  WARNING  [LU] Feed parse issue for 'artificial intelligence'
09:51:12  WARNING  [MT] Feed parse issue for 'AI regulation'
09:51:13  WARNING  [LU] Feed parse issue for 'AI regulation'
09:51:17  WARNING  [MT] Feed parse issue for 'machine learning'
09:51:20  WARNING  [LU] Feed parse issue for 'machine learning'
09:51:23  WARNING  [MT] Feed parse issue for 'EU AI Act'
09:51:26  WARNING  [LU] Feed parse issue for 'EU AI Act'
09:51:29  WARNING  [MT] Feed parse issue for 'generative AI'
09:51:29  INFO     [MT] +0 new articles saved
09:51:32  WARNING  [LU] Feed parse issue for 'generative AI'
09:51:32  INFO     [LU] +0 new articles saved
09:51:32  INFO     Scrape complete. 0 new articles this run.
