03:53:02  INFO     Starting scrape: 27 countries, 5 queries each
/home/runner/work/EU_AI_News/EU_AI_News/eu_ai_news_scraper.py:230: DeprecationWarning: datetime.datetime.utcnow() is deprecated and scheduled for removal in a future version. Use timezone-aware objects to represent datetimes in UTC: datetime.datetime.now(datetime.UTC).
  "scraped_at":   datetime.utcnow().isoformat(),
03:53:03  INFO     [FR] 'artificial intelligence' → 100 entries, 40 kept so far
03:53:03  INFO     [DE] 'artificial intelligence' → 100 entries, 51 kept so far
03:53:03  INFO     [PL] 'artificial intelligence' → 100 entries, 14 kept so far
03:53:03  INFO     [IT] 'artificial intelligence' → 100 entries, 29 kept so far
03:53:03  INFO     [ES] 'artificial intelligence' → 100 entries, 61 kept so far
03:53:04  INFO     [FR] 'AI regulation' → 100 entries, 120 kept so far
03:53:04  INFO     [PL] 'AI regulation' → 78 entries, 76 kept so far
03:53:04  INFO     [DE] 'AI regulation' → 100 entries, 127 kept so far
03:53:05  INFO     [ES] 'AI regulation' → 81 entries, 110 kept so far
03:53:05  INFO     [IT] 'AI regulation' → 100 entries, 117 kept so far
03:53:06  INFO     [PL] 'machine learning' → 100 entries, 111 kept so far
03:53:06  INFO     [DE] 'machine learning' → 100 entries, 167 kept so far
03:53:06  INFO     [FR] 'machine learning' → 100 entries, 174 kept so far
03:53:06  INFO     [IT] 'machine learning' → 100 entries, 191 kept so far
03:53:06  INFO     [ES] 'machine learning' → 100 entries, 187 kept so far
03:53:07  INFO     [PL] 'EU AI Act' → 77 entries, 130 kept so far
03:53:08  INFO     [DE] 'EU AI Act' → 100 entries, 246 kept so far
03:53:08  INFO     [FR] 'EU AI Act' → 79 entries, 218 kept so far
03:53:08  INFO     [IT] 'EU AI Act' → 100 entries, 271 kept so far
03:53:08  INFO     [ES] 'EU AI Act' → 79 entries, 212 kept so far
03:53:09  INFO     [PL] 'generative AI' → 100 entries, 163 kept so far
03:53:09  INFO     [DE] 'generative AI' → 100 entries, 267 kept so far
03:53:09  INFO     [FR] 'generative AI' → 100 entries, 254 kept so far
03:53:09  INFO     [IT] 'generative AI' → 100 entries, 316 kept so far
03:53:10  INFO     [ES] 'generative AI' → 100 entries, 254 kept so far
03:53:10  INFO     [PL] +68 new articles saved
03:53:10  INFO     [DE] +164 new articles saved
03:53:10  INFO     [FR] +101 new articles saved
03:53:10  INFO     [IT] +121 new articles saved
03:53:11  INFO     [NL] 'artificial intelligence' → 100 entries, 12 kept so far
03:53:11  INFO     [BE] 'artificial intelligence' → 100 entries, 34 kept so far
03:53:11  INFO     [ES] +105 new articles saved
03:53:11  INFO     [SE] 'artificial intelligence' → 100 entries, 10 kept so far
03:53:11  INFO     [AT] 'artificial intelligence' → 100 entries, 49 kept so far
03:53:11  INFO     [DK] 'artificial intelligence' → 100 entries, 15 kept so far
03:53:12  INFO     [NL] 'AI regulation' → 79 entries, 61 kept so far
03:53:12  INFO     [BE] 'AI regulation' → 100 entries, 115 kept so far
03:53:12  INFO     [SE] 'AI regulation' → 78 entries, 23 kept so far
03:53:13  INFO     [AT] 'AI regulation' → 100 entries, 123 kept so far
03:53:13  INFO     [DK] 'AI regulation' → 31 entries, 18 kept so far
03:53:14  INFO     [NL] 'machine learning' → 100 entries, 119 kept so far
03:53:14  INFO     [SE] 'machine learning' → 74 entries, 42 kept so far
03:53:14  INFO     [BE] 'machine learning' → 100 entries, 171 kept so far
03:53:14  INFO     [DK] 'machine learning' → 74 entries, 37 kept so far
03:53:14  INFO     [AT] 'machine learning' → 100 entries, 164 kept so far
03:53:15  INFO     [NL] 'EU AI Act' → 100 entries, 135 kept so far
03:53:15  INFO     [SE] 'EU AI Act' → 61 entries, 49 kept so far
03:53:15  INFO     [BE] 'EU AI Act' → 80 entries, 214 kept so far
03:53:16  INFO     [DK] 'EU AI Act' → 76 entries, 52 kept so far
03:53:16  INFO     [AT] 'EU AI Act' → 100 entries, 246 kept so far
03:53:17  INFO     [NL] 'generative AI' → 100 entries, 165 kept so far
03:53:17  INFO     [SE] 'generative AI' → 74 entries, 60 kept so far
03:53:17  INFO     [BE] 'generative AI' → 100 entries, 250 kept so far
03:53:17  INFO     [DK] 'generative AI' → 100 entries, 89 kept so far
03:53:17  INFO     [AT] 'generative AI' → 100 entries, 266 kept so far
03:53:18  INFO     [NL] +53 new articles saved
03:53:18  INFO     [SE] +16 new articles saved
03:53:18  INFO     [BE] +15 new articles saved
03:53:18  INFO     [FI] 'artificial intelligence' → 100 entries, 60 kept so far
03:53:18  INFO     [PT] 'artificial intelligence' → 100 entries, 57 kept so far
03:53:18  INFO     [DK] +28 new articles saved
03:53:18  INFO     [AT] +21 new articles saved
03:53:19  INFO     [CZ] 'artificial intelligence' → 100 entries, 23 kept so far
03:53:19  INFO     [RO] 'artificial intelligence' → 100 entries, 44 kept so far
03:53:19  INFO     [HU] 'artificial intelligence' → 100 entries, 17 kept so far
03:53:20  INFO     [FI] 'AI regulation' → 48 entries, 73 kept so far
03:53:20  INFO     [PT] 'AI regulation' → 79 entries, 92 kept so far
03:53:20  INFO     [CZ] 'AI regulation' → 72 entries, 49 kept so far
03:53:20  INFO     [RO] 'AI regulation' → 75 entries, 51 kept so far
03:53:21  INFO     [HU] 'AI regulation' → 80 entries, 21 kept so far
03:53:21  INFO     [FI] 'machine learning' → 89 entries, 110 kept so far
03:53:22  INFO     [PT] 'machine learning' → 100 entries, 165 kept so far
03:53:22  INFO     [CZ] 'machine learning' → 80 entries, 69 kept so far
03:53:22  INFO     [RO] 'machine learning' → 100 entries, 96 kept so far
03:53:22  INFO     [HU] 'machine learning' → 69 entries, 44 kept so far
03:53:23  INFO     [FI] 'EU AI Act' → 21 entries, 125 kept so far
03:53:23  INFO     [PT] 'EU AI Act' → 44 entries, 171 kept so far
03:53:23  INFO     [CZ] 'EU AI Act' → 72 entries, 79 kept so far
03:53:24  INFO     [HU] 'EU AI Act' → 78 entries, 63 kept so far
03:53:24  INFO     [RO] 'EU AI Act' → 74 entries, 105 kept so far
03:53:24  INFO     [FI] 'generative AI' → 65 entries, 160 kept so far
03:53:25  INFO     [CZ] 'generative AI' → 81 entries, 94 kept so far
03:53:25  INFO     [PT] 'generative AI' → 100 entries, 207 kept so far
03:53:25  INFO     [HU] 'generative AI' → 79 entries, 89 kept so far
03:53:25  INFO     [RO] 'generative AI' → 84 entries, 128 kept so far
03:53:25  INFO     [FI] +66 new articles saved
03:53:26  INFO     [CZ] +39 new articles saved
03:53:26  INFO     [GR] 'artificial intelligence' → 100 entries, 47 kept so far
03:53:26  INFO     [PT] +71 new articles saved
03:53:26  INFO     [HU] +32 new articles saved
03:53:26  INFO     [SK] 'artificial intelligence' → 100 entries, 27 kept so far
03:53:26  INFO     [RO] +35 new articles saved
03:53:27  INFO     [IE] 'artificial intelligence' → 100 entries, 66 kept so far
03:53:27  INFO     [BG] 'artificial intelligence' → 78 entries, 33 kept so far
03:53:27  INFO     [HR] 'artificial intelligence' → 100 entries, 63 kept so far
03:53:27  INFO     [GR] 'AI regulation' → 51 entries, 80 kept so far
03:53:28  INFO     [SK] 'AI regulation' → 17 entries, 29 kept so far
03:53:28  INFO     [BG] 'AI regulation' → 9 entries, 37 kept so far
03:53:28  INFO     [IE] 'AI regulation' → 100 entries, 102 kept so far
03:53:28  INFO     [HR] 'AI regulation' → 100 entries, 93 kept so far
03:53:29  INFO     [GR] 'machine learning' → 94 entries, 121 kept so far
03:53:29  INFO     [SK] 'machine learning' → 55 entries, 41 kept so far
03:53:29  INFO     [BG] 'machine learning' → 17 entries, 42 kept so far
03:53:30  INFO     [HR] 'machine learning' → 100 entries, 154 kept so far
03:53:30  INFO     [IE] 'machine learning' → 100 entries, 158 kept so far
03:53:30  INFO     [SK] 'EU AI Act' → 20 entries, 44 kept so far
03:53:31  INFO     [GR] 'EU AI Act' → 69 entries, 142 kept so far
03:53:31  INFO     [BG] 'EU AI Act' → 7 entries, 44 kept so far
03:53:32  INFO     [IE] 'EU AI Act' → 100 entries, 236 kept so far
03:53:32  INFO     [HR] 'EU AI Act' → 100 entries, 236 kept so far
03:53:32  INFO     [SK] 'generative AI' → 40 entries, 52 kept so far
03:53:32  INFO     [GR] 'generative AI' → 100 entries, 183 kept so far
03:53:32  INFO     [BG] 'generative AI' → 31 entries, 47 kept so far
03:53:33  INFO     [SK] +13 new articles saved
03:53:33  INFO     [GR] +77 new articles saved
03:53:33  INFO     [BG] +21 new articles saved
03:53:33  INFO     [HR] 'generative AI' → 100 entries, 294 kept so far
03:53:33  INFO     [LT] 'artificial intelligence' → 95 entries, 30 kept so far
03:53:34  INFO     [IE] 'generative AI' → 100 entries, 289 kept so far
03:53:34  INFO     [LV] 'artificial intelligence' → 68 entries, 23 kept so far
03:53:34  INFO     [SI] 'artificial intelligence' → 100 entries, 49 kept so far
03:53:34  INFO     [HR] +195 new articles saved
03:53:35  INFO     [IE] +52 new articles saved
03:53:35  INFO     [LT] 'AI regulation' → 21 entries, 33 kept so far
03:53:35  INFO     [LV] 'AI regulation' → 11 entries, 23 kept so far
03:53:35  INFO     [EE] 'artificial intelligence' → 100 entries, 46 kept so far
03:53:35  INFO     [SI] 'AI regulation' → 3 entries, 49 kept so far
03:53:35  INFO     [CY] 'artificial intelligence' → 100 entries, 47 kept so far
03:53:36  INFO     [LV] 'machine learning' → 11 entries, 26 kept so far
03:53:36  INFO     [LT] 'machine learning' → 31 entries, 38 kept so far
03:53:36  INFO     [EE] 'AI regulation' → 18 entries, 48 kept so far
03:53:36  INFO     [SI] 'machine learning' → 23 entries, 52 kept so far
03:53:36  INFO     [CY] 'AI regulation' → 51 entries, 80 kept so far
03:53:37  INFO     [LV] 'EU AI Act' → 9 entries, 26 kept so far
03:53:38  INFO     [LT] 'EU AI Act' → 19 entries, 39 kept so far
03:53:38  INFO     [EE] 'machine learning' → 18 entries, 50 kept so far
03:53:38  INFO     [SI] 'EU AI Act' → 20 entries, 56 kept so far
03:53:38  INFO     [CY] 'machine learning' → 94 entries, 121 kept so far
03:53:39  INFO     [LV] 'generative AI' → 8 entries, 28 kept so far
03:53:39  INFO     [LT] 'generative AI' → 28 entries, 46 kept so far
03:53:39  INFO     [EE] 'EU AI Act' → 13 entries, 53 kept so far
03:53:39  INFO     [SI] 'generative AI' → 12 entries, 59 kept so far
03:53:39  INFO     [CY] 'EU AI Act' → 69 entries, 142 kept so far
03:53:40  INFO     [LV] +11 new articles saved
03:53:40  INFO     [LT] +11 new articles saved
03:53:40  INFO     [MT] 'artificial intelligence' → 100 entries, 63 kept so far
03:53:40  INFO     [LU] 'artificial intelligence' → 100 entries, 40 kept so far
03:53:40  INFO     [SI] +15 new articles saved
03:53:40  INFO     [EE] 'generative AI' → 13 entries, 57 kept so far
03:53:41  INFO     [CY] 'generative AI' → 100 entries, 183 kept so far
03:53:41  INFO     [MT] 'AI regulation' → 100 entries, 93 kept so far
03:53:41  INFO     [EE] +11 new articles saved
03:53:42  INFO     [LU] 'AI regulation' → 100 entries, 120 kept so far
03:53:42  INFO     [CY] +0 new articles saved
03:53:42  INFO     [MT] 'machine learning' → 100 entries, 154 kept so far
03:53:43  INFO     [LU] 'machine learning' → 100 entries, 174 kept so far
03:53:44  INFO     [MT] 'EU AI Act' → 100 entries, 236 kept so far
03:53:45  INFO     [LU] 'EU AI Act' → 79 entries, 218 kept so far
03:53:45  INFO     [MT] 'generative AI' → 100 entries, 294 kept so far
03:53:46  INFO     [MT] +0 new articles saved
03:53:46  INFO     [LU] 'generative AI' → 100 entries, 254 kept so far
03:53:47  INFO     [LU] +0 new articles saved
03:53:47  INFO     Scrape complete. 1341 new articles this run.
