14:20:47  INFO     Starting scrape: 27 countries, 5 queries each
/home/runner/work/EU_AI_News/EU_AI_News/eu_ai_news_scraper.py:230: DeprecationWarning: datetime.datetime.utcnow() is deprecated and scheduled for removal in a future version. Use timezone-aware objects to represent datetimes in UTC: datetime.datetime.now(datetime.UTC).
  "scraped_at":   datetime.utcnow().isoformat(),
14:20:47  INFO     [FR] 'artificial intelligence' → 100 entries, 55 kept so far
14:20:48  INFO     [DE] 'artificial intelligence' → 100 entries, 54 kept so far
14:20:48  INFO     [IT] 'artificial intelligence' → 100 entries, 38 kept so far
14:20:48  INFO     [ES] 'artificial intelligence' → 100 entries, 70 kept so far
14:20:48  INFO     [PL] 'artificial intelligence' → 100 entries, 19 kept so far
14:20:49  INFO     [DE] 'AI regulation' → 51 entries, 83 kept so far
14:20:49  INFO     [FR] 'AI regulation' → 100 entries, 135 kept so far
14:20:49  INFO     [IT] 'AI regulation' → 100 entries, 98 kept so far
14:20:49  INFO     [PL] 'AI regulation' → 79 entries, 76 kept so far
14:20:49  INFO     [ES] 'AI regulation' → 71 entries, 92 kept so far
14:20:50  INFO     [FR] 'machine learning' → 100 entries, 193 kept so far
14:20:51  INFO     [DE] 'machine learning' → 100 entries, 124 kept so far
14:20:51  INFO     [IT] 'machine learning' → 100 entries, 172 kept so far
14:20:51  INFO     [PL] 'machine learning' → 100 entries, 113 kept so far
14:20:51  INFO     [ES] 'machine learning' → 100 entries, 161 kept so far
14:20:52  INFO     [FR] 'EU AI Act' → 77 entries, 222 kept so far
14:20:52  INFO     [DE] 'EU AI Act' → 100 entries, 206 kept so far
14:20:52  INFO     [IT] 'EU AI Act' → 100 entries, 243 kept so far
14:20:52  INFO     [PL] 'EU AI Act' → 76 entries, 126 kept so far
14:20:53  INFO     [ES] 'EU AI Act' → 79 entries, 198 kept so far
14:20:54  INFO     [FR] 'generative AI' → 100 entries, 256 kept so far
14:20:54  INFO     [DE] 'generative AI' → 100 entries, 231 kept so far
14:20:54  INFO     [IT] 'generative AI' → 100 entries, 289 kept so far
14:20:54  INFO     [PL] 'generative AI' → 100 entries, 156 kept so far
14:20:55  INFO     [ES] 'generative AI' → 100 entries, 238 kept so far
14:20:55  INFO     [FR] +78 new articles saved
14:20:55  INFO     [DE] +95 new articles saved
14:20:55  INFO     [IT] +102 new articles saved
14:20:55  INFO     [NL] 'artificial intelligence' → 100 entries, 11 kept so far
14:20:55  INFO     [PL] +36 new articles saved
14:20:55  INFO     [BE] 'artificial intelligence' → 100 entries, 68 kept so far
14:20:56  INFO     [SE] 'artificial intelligence' → 100 entries, 8 kept so far
14:20:56  INFO     [ES] +73 new articles saved
14:20:56  INFO     [AT] 'artificial intelligence' → 100 entries, 45 kept so far
14:20:56  INFO     [DK] 'artificial intelligence' → 100 entries, 19 kept so far
14:20:57  INFO     [NL] 'AI regulation' → 78 entries, 46 kept so far
14:20:57  INFO     [BE] 'AI regulation' → 100 entries, 144 kept so far
14:20:57  INFO     [SE] 'AI regulation' → 72 entries, 25 kept so far
14:20:57  INFO     [AT] 'AI regulation' → 57 entries, 78 kept so far
14:20:58  INFO     [DK] 'AI regulation' → 31 entries, 21 kept so far
14:20:58  INFO     [NL] 'machine learning' → 100 entries, 106 kept so far
14:20:59  INFO     [SE] 'machine learning' → 79 entries, 48 kept so far
14:20:59  INFO     [BE] 'machine learning' → 100 entries, 201 kept so far
14:20:59  INFO     [AT] 'machine learning' → 100 entries, 120 kept so far
14:20:59  INFO     [DK] 'machine learning' → 80 entries, 42 kept so far
14:21:00  INFO     [NL] 'EU AI Act' → 91 entries, 132 kept so far
14:21:00  INFO     [SE] 'EU AI Act' → 65 entries, 53 kept so far
14:21:00  INFO     [BE] 'EU AI Act' → 78 entries, 231 kept so far
14:21:01  INFO     [AT] 'EU AI Act' → 100 entries, 204 kept so far
14:21:01  INFO     [DK] 'EU AI Act' → 76 entries, 61 kept so far
14:21:02  INFO     [NL] 'generative AI' → 100 entries, 163 kept so far
14:21:02  INFO     [SE] 'generative AI' → 71 entries, 63 kept so far
14:21:02  INFO     [AT] 'generative AI' → 100 entries, 228 kept so far
14:21:02  INFO     [BE] 'generative AI' → 100 entries, 266 kept so far
14:21:02  INFO     [DK] 'generative AI' → 98 entries, 95 kept so far
14:21:03  INFO     [NL] +32 new articles saved
14:21:03  INFO     [SE] +17 new articles saved
14:21:03  INFO     [FI] 'artificial intelligence' → 100 entries, 62 kept so far
14:21:03  INFO     [AT] +13 new articles saved
14:21:03  INFO     [PT] 'artificial intelligence' → 100 entries, 58 kept so far
14:21:03  INFO     [BE] +17 new articles saved
14:21:03  INFO     [DK] +18 new articles saved
14:21:04  INFO     [CZ] 'artificial intelligence' → 100 entries, 20 kept so far
14:21:04  INFO     [RO] 'artificial intelligence' → 100 entries, 42 kept so far
14:21:04  INFO     [HU] 'artificial intelligence' → 100 entries, 15 kept so far
14:21:04  INFO     [FI] 'AI regulation' → 35 entries, 69 kept so far
14:21:05  INFO     [PT] 'AI regulation' → 79 entries, 98 kept so far
14:21:05  INFO     [CZ] 'AI regulation' → 66 entries, 33 kept so far
14:21:05  INFO     [RO] 'AI regulation' → 10 entries, 45 kept so far
14:21:06  INFO     [HU] 'AI regulation' → 78 entries, 17 kept so far
14:21:06  INFO     [FI] 'machine learning' → 87 entries, 100 kept so far
14:21:07  INFO     [PT] 'machine learning' → 100 entries, 174 kept so far
14:21:07  INFO     [CZ] 'machine learning' → 85 entries, 53 kept so far
14:21:07  INFO     [RO] 'machine learning' → 100 entries, 92 kept so far
14:21:07  INFO     [HU] 'machine learning' → 63 entries, 34 kept so far
14:21:08  INFO     [FI] 'EU AI Act' → 58 entries, 133 kept so far
14:21:08  INFO     [PT] 'EU AI Act' → 65 entries, 185 kept so far
14:21:08  INFO     [CZ] 'EU AI Act' → 71 entries, 67 kept so far
14:21:09  INFO     [RO] 'EU AI Act' → 72 entries, 107 kept so far
14:21:09  INFO     [HU] 'EU AI Act' → 77 entries, 52 kept so far
14:21:09  INFO     [FI] 'generative AI' → 68 entries, 170 kept so far
14:21:10  INFO     [PT] 'generative AI' → 100 entries, 219 kept so far
14:21:10  INFO     [CZ] 'generative AI' → 81 entries, 85 kept so far
14:21:10  INFO     [RO] 'generative AI' → 76 entries, 129 kept so far
14:21:10  INFO     [HU] 'generative AI' → 75 entries, 75 kept so far
14:21:10  INFO     [FI] +45 new articles saved
14:21:11  INFO     [PT] +58 new articles saved
14:21:11  INFO     [GR] 'artificial intelligence' → 100 entries, 46 kept so far
14:21:11  INFO     [CZ] +18 new articles saved
14:21:11  INFO     [RO] +36 new articles saved
14:21:11  INFO     [HR] 'artificial intelligence' → 100 entries, 61 kept so far
14:21:11  INFO     [SK] 'artificial intelligence' → 100 entries, 30 kept so far
14:21:11  INFO     [HU] +19 new articles saved
14:21:12  INFO     [BG] 'artificial intelligence' → 79 entries, 37 kept so far
14:21:12  INFO     [IE] 'artificial intelligence' → 100 entries, 64 kept so far
14:21:13  INFO     [GR] 'AI regulation' → 79 entries, 76 kept so far
14:21:13  INFO     [SK] 'AI regulation' → 12 entries, 32 kept so far
14:21:13  INFO     [HR] 'AI regulation' → 100 entries, 100 kept so far
14:21:13  INFO     [BG] 'AI regulation' → 4 entries, 38 kept so far
14:21:14  INFO     [IE] 'AI regulation' → 100 entries, 104 kept so far
14:21:14  INFO     [SK] 'machine learning' → 55 entries, 44 kept so far
14:21:14  INFO     [GR] 'machine learning' → 94 entries, 113 kept so far
14:21:14  INFO     [HR] 'machine learning' → 100 entries, 190 kept so far
14:21:15  INFO     [BG] 'machine learning' → 59 entries, 51 kept so far
14:21:15  INFO     [IE] 'machine learning' → 100 entries, 191 kept so far
14:21:15  INFO     [SK] 'EU AI Act' → 0 entries, 44 kept so far
14:21:16  INFO     [GR] 'EU AI Act' → 22 entries, 121 kept so far
14:21:16  INFO     [HR] 'EU AI Act' → 100 entries, 265 kept so far
14:21:16  INFO     [BG] 'EU AI Act' → 8 entries, 53 kept so far
14:21:17  INFO     [SK] 'generative AI' → 40 entries, 53 kept so far
14:21:17  INFO     [IE] 'EU AI Act' → 100 entries, 264 kept so far
14:21:17  INFO     [GR] 'generative AI' → 100 entries, 160 kept so far
14:21:17  INFO     [BG] 'generative AI' → 30 entries, 55 kept so far
14:21:17  INFO     [HR] 'generative AI' → 100 entries, 325 kept so far
14:21:18  INFO     [SK] +18 new articles saved
14:21:18  INFO     [GR] +46 new articles saved
14:21:18  INFO     [LT] 'artificial intelligence' → 96 entries, 29 kept so far
14:21:18  INFO     [BG] +22 new articles saved
14:21:18  INFO     [HR] +164 new articles saved
14:21:19  INFO     [LV] 'artificial intelligence' → 75 entries, 28 kept so far
14:21:19  INFO     [SI] 'artificial intelligence' → 100 entries, 46 kept so far
14:21:19  INFO     [IE] 'generative AI' → 100 entries, 326 kept so far
14:21:19  INFO     [EE] 'artificial intelligence' → 100 entries, 48 kept so far
14:21:19  INFO     [LT] 'AI regulation' → 12 entries, 29 kept so far
14:21:20  INFO     [IE] +67 new articles saved
14:21:20  INFO     [LV] 'AI regulation' → 9 entries, 28 kept so far
14:21:20  INFO     [SI] 'AI regulation' → 2 entries, 46 kept so far
14:21:20  INFO     [EE] 'AI regulation' → 16 entries, 49 kept so far
14:21:20  INFO     [CY] 'artificial intelligence' → 100 entries, 46 kept so far
14:21:21  INFO     [LT] 'machine learning' → 32 entries, 34 kept so far
14:21:21  INFO     [LV] 'machine learning' → 11 entries, 30 kept so far
14:21:21  INFO     [SI] 'machine learning' → 24 entries, 50 kept so far
14:21:22  INFO     [EE] 'machine learning' → 19 entries, 51 kept so far
14:21:22  INFO     [CY] 'AI regulation' → 79 entries, 76 kept so far
14:21:22  INFO     [LT] 'EU AI Act' → 14 entries, 35 kept so far
14:21:22  INFO     [LV] 'EU AI Act' → 8 entries, 30 kept so far
14:21:23  INFO     [SI] 'EU AI Act' → 26 entries, 56 kept so far
14:21:23  INFO     [EE] 'EU AI Act' → 0 entries, 51 kept so far
14:21:23  INFO     [CY] 'machine learning' → 94 entries, 113 kept so far
14:21:23  INFO     [LT] 'generative AI' → 27 entries, 42 kept so far
14:21:24  INFO     [LV] 'generative AI' → 10 entries, 31 kept so far
14:21:24  INFO     [SI] 'generative AI' → 13 entries, 59 kept so far
14:21:24  INFO     [EE] 'generative AI' → 14 entries, 56 kept so far
14:21:24  INFO     [LT] +7 new articles saved
14:21:25  INFO     [LV] +8 new articles saved
14:21:25  INFO     [CY] 'EU AI Act' → 73 entries, 133 kept so far
14:21:25  INFO     [MT] 'artificial intelligence' → 100 entries, 61 kept so far
14:21:25  INFO     [LU] 'artificial intelligence' → 100 entries, 55 kept so far
14:21:25  INFO     [SI] +14 new articles saved
14:21:25  INFO     [EE] +11 new articles saved
14:21:26  INFO     [MT] 'AI regulation' → 100 entries, 100 kept so far
14:21:26  INFO     [CY] 'generative AI' → 100 entries, 172 kept so far
14:21:27  INFO     [LU] 'AI regulation' → 100 entries, 135 kept so far
14:21:27  INFO     [MT] 'machine learning' → 100 entries, 190 kept so far
14:21:27  INFO     [CY] +7 new articles saved
14:21:28  INFO     [LU] 'machine learning' → 100 entries, 193 kept so far
14:21:28  INFO     [MT] 'EU AI Act' → 100 entries, 265 kept so far
14:21:29  INFO     [LU] 'EU AI Act' → 77 entries, 222 kept so far
14:21:30  INFO     [MT] 'generative AI' → 100 entries, 325 kept so far
14:21:31  INFO     [MT] +0 new articles saved
14:21:31  INFO     [LU] 'generative AI' → 100 entries, 256 kept so far
14:21:32  INFO     [LU] +0 new articles saved
14:21:32  INFO     Scrape complete. 1021 new articles this run.
