02:49:02  INFO     Starting scrape: 27 countries, 5 queries each
/home/runner/work/EU_AI_News/EU_AI_News/eu_ai_news_scraper.py:230: DeprecationWarning: datetime.datetime.utcnow() is deprecated and scheduled for removal in a future version. Use timezone-aware objects to represent datetimes in UTC: datetime.datetime.now(datetime.UTC).
  "scraped_at":   datetime.utcnow().isoformat(),
02:49:03  INFO     [IT] 'artificial intelligence' → 100 entries, 41 kept so far
02:49:03  INFO     [PL] 'artificial intelligence' → 100 entries, 20 kept so far
02:49:03  INFO     [DE] 'artificial intelligence' → 100 entries, 47 kept so far
02:49:03  INFO     [FR] 'artificial intelligence' → 100 entries, 62 kept so far
02:49:03  INFO     [ES] 'artificial intelligence' → 100 entries, 66 kept so far
02:49:04  INFO     [IT] 'AI regulation' → 100 entries, 128 kept so far
02:49:04  INFO     [PL] 'AI regulation' → 79 entries, 79 kept so far
02:49:05  INFO     [FR] 'AI regulation' → 100 entries, 149 kept so far
02:49:05  INFO     [DE] 'AI regulation' → 100 entries, 123 kept so far
02:49:05  INFO     [ES] 'AI regulation' → 78 entries, 106 kept so far
02:49:06  INFO     [IT] 'machine learning' → 100 entries, 195 kept so far
02:49:06  INFO     [PL] 'machine learning' → 100 entries, 117 kept so far
02:49:06  INFO     [FR] 'machine learning' → 100 entries, 207 kept so far
02:49:06  INFO     [DE] 'machine learning' → 100 entries, 164 kept so far
02:49:06  INFO     [ES] 'machine learning' → 100 entries, 181 kept so far
02:49:08  INFO     [IT] 'EU AI Act' → 100 entries, 252 kept so far
02:49:08  INFO     [FR] 'EU AI Act' → 79 entries, 239 kept so far
02:49:08  INFO     [PL] 'EU AI Act' → 76 entries, 129 kept so far
02:49:08  INFO     [DE] 'EU AI Act' → 100 entries, 245 kept so far
02:49:08  INFO     [ES] 'EU AI Act' → 77 entries, 203 kept so far
02:49:09  INFO     [IT] 'generative AI' → 100 entries, 296 kept so far
02:49:09  INFO     [FR] 'generative AI' → 100 entries, 272 kept so far
02:49:09  INFO     [PL] 'generative AI' → 100 entries, 162 kept so far
02:49:09  INFO     [DE] 'generative AI' → 100 entries, 270 kept so far
02:49:10  INFO     [ES] 'generative AI' → 100 entries, 243 kept so far
02:49:10  INFO     [IT] +126 new articles saved
02:49:10  INFO     [FR] +104 new articles saved
02:49:10  INFO     [PL] +56 new articles saved
02:49:10  INFO     [DE] +161 new articles saved
02:49:11  INFO     [NL] 'artificial intelligence' → 100 entries, 10 kept so far
02:49:11  INFO     [ES] +90 new articles saved
02:49:11  INFO     [SE] 'artificial intelligence' → 100 entries, 6 kept so far
02:49:11  INFO     [BE] 'artificial intelligence' → 100 entries, 58 kept so far
02:49:11  INFO     [AT] 'artificial intelligence' → 100 entries, 42 kept so far
02:49:11  INFO     [DK] 'artificial intelligence' → 100 entries, 17 kept so far
02:49:12  INFO     [NL] 'AI regulation' → 78 entries, 45 kept so far
02:49:13  INFO     [SE] 'AI regulation' → 78 entries, 21 kept so far
02:49:13  INFO     [BE] 'AI regulation' → 100 entries, 144 kept so far
02:49:13  INFO     [AT] 'AI regulation' → 100 entries, 119 kept so far
02:49:13  INFO     [DK] 'AI regulation' → 34 entries, 21 kept so far
02:49:14  INFO     [NL] 'machine learning' → 100 entries, 104 kept so far
02:49:14  INFO     [SE] 'machine learning' → 73 entries, 44 kept so far
02:49:14  INFO     [AT] 'machine learning' → 100 entries, 163 kept so far
02:49:14  INFO     [BE] 'machine learning' → 100 entries, 198 kept so far
02:49:14  INFO     [DK] 'machine learning' → 75 entries, 39 kept so far
02:49:15  INFO     [NL] 'EU AI Act' → 90 entries, 128 kept so far
02:49:15  INFO     [SE] 'EU AI Act' → 67 entries, 51 kept so far
02:49:16  INFO     [AT] 'EU AI Act' → 100 entries, 246 kept so far
02:49:16  INFO     [BE] 'EU AI Act' → 83 entries, 227 kept so far
02:49:16  INFO     [DK] 'EU AI Act' → 78 entries, 57 kept so far
02:49:17  INFO     [NL] 'generative AI' → 100 entries, 160 kept so far
02:49:17  INFO     [SE] 'generative AI' → 73 entries, 62 kept so far
02:49:18  INFO     [AT] 'generative AI' → 100 entries, 269 kept so far
02:49:18  INFO     [DK] 'generative AI' → 100 entries, 91 kept so far
02:49:18  INFO     [BE] 'generative AI' → 100 entries, 261 kept so far
02:49:18  INFO     [NL] +52 new articles saved
02:49:18  INFO     [SE] +16 new articles saved
02:49:18  INFO     [FI] 'artificial intelligence' → 100 entries, 54 kept so far
02:49:19  INFO     [PT] 'artificial intelligence' → 100 entries, 63 kept so far
02:49:19  INFO     [AT] +20 new articles saved
02:49:19  INFO     [DK] +20 new articles saved
02:49:19  INFO     [BE] +18 new articles saved
02:49:19  INFO     [CZ] 'artificial intelligence' → 100 entries, 20 kept so far
02:49:19  INFO     [RO] 'artificial intelligence' → 100 entries, 41 kept so far
02:49:19  INFO     [HU] 'artificial intelligence' → 100 entries, 14 kept so far
02:49:20  INFO     [FI] 'AI regulation' → 53 entries, 66 kept so far
02:49:20  INFO     [PT] 'AI regulation' → 79 entries, 92 kept so far
02:49:21  INFO     [CZ] 'AI regulation' → 77 entries, 38 kept so far
02:49:21  INFO     [RO] 'AI regulation' → 78 entries, 49 kept so far
02:49:21  INFO     [HU] 'AI regulation' → 79 entries, 17 kept so far
02:49:22  INFO     [FI] 'machine learning' → 91 entries, 104 kept so far
02:49:22  INFO     [PT] 'machine learning' → 100 entries, 165 kept so far
02:49:22  INFO     [CZ] 'machine learning' → 84 entries, 60 kept so far
02:49:22  INFO     [RO] 'machine learning' → 100 entries, 98 kept so far
02:49:23  INFO     [HU] 'machine learning' → 70 entries, 39 kept so far
02:49:23  INFO     [FI] 'EU AI Act' → 64 entries, 135 kept so far
02:49:24  INFO     [PT] 'EU AI Act' → 50 entries, 172 kept so far
02:49:24  INFO     [CZ] 'EU AI Act' → 74 entries, 70 kept so far
02:49:24  INFO     [RO] 'EU AI Act' → 78 entries, 115 kept so far
02:49:24  INFO     [HU] 'EU AI Act' → 77 entries, 59 kept so far
02:49:25  INFO     [FI] 'generative AI' → 69 entries, 172 kept so far
02:49:25  INFO     [PT] 'generative AI' → 100 entries, 204 kept so far
02:49:25  INFO     [CZ] 'generative AI' → 86 entries, 87 kept so far
02:49:25  INFO     [RO] 'generative AI' → 76 entries, 132 kept so far
02:49:26  INFO     [HU] 'generative AI' → 69 entries, 84 kept so far
02:49:26  INFO     [FI] +61 new articles saved
02:49:26  INFO     [GR] 'artificial intelligence' → 100 entries, 48 kept so far
02:49:26  INFO     [PT] +81 new articles saved
02:49:26  INFO     [CZ] +42 new articles saved
02:49:26  INFO     [RO] +50 new articles saved
02:49:27  INFO     [HU] +37 new articles saved
02:49:27  INFO     [SK] 'artificial intelligence' → 100 entries, 24 kept so far
02:49:27  INFO     [HR] 'artificial intelligence' → 102 entries, 54 kept so far
02:49:27  INFO     [BG] 'artificial intelligence' → 73 entries, 31 kept so far
02:49:27  INFO     [IE] 'artificial intelligence' → 100 entries, 66 kept so far
02:49:28  INFO     [GR] 'AI regulation' → 41 entries, 81 kept so far
02:49:28  INFO     [SK] 'AI regulation' → 16 entries, 26 kept so far
02:49:28  INFO     [BG] 'AI regulation' → 13 entries, 34 kept so far
02:49:29  INFO     [HR] 'AI regulation' → 100 entries, 105 kept so far
02:49:29  INFO     [IE] 'AI regulation' → 100 entries, 116 kept so far
02:49:29  INFO     [GR] 'machine learning' → 92 entries, 118 kept so far
02:49:30  INFO     [SK] 'machine learning' → 59 entries, 40 kept so far
02:49:30  INFO     [BG] 'machine learning' → 56 entries, 42 kept so far
02:49:30  INFO     [HR] 'machine learning' → 100 entries, 182 kept so far
02:49:31  INFO     [IE] 'machine learning' → 100 entries, 192 kept so far
02:49:31  INFO     [GR] 'EU AI Act' → 47 entries, 132 kept so far
02:49:31  INFO     [SK] 'EU AI Act' → 56 entries, 53 kept so far
02:49:31  INFO     [BG] 'EU AI Act' → 10 entries, 45 kept so far
02:49:32  INFO     [HR] 'EU AI Act' → 100 entries, 264 kept so far
02:49:32  INFO     [IE] 'EU AI Act' → 100 entries, 266 kept so far
02:49:32  INFO     [GR] 'generative AI' → 100 entries, 173 kept so far
02:49:33  INFO     [BG] 'generative AI' → 29 entries, 48 kept so far
02:49:33  INFO     [SK] 'generative AI' → 48 entries, 63 kept so far
02:49:33  INFO     [HR] 'generative AI' → 100 entries, 322 kept so far
02:49:33  INFO     [GR] +88 new articles saved
02:49:34  INFO     [BG] +22 new articles saved
02:49:34  INFO     [SK] +21 new articles saved
02:49:34  INFO     [LT] 'artificial intelligence' → 89 entries, 37 kept so far
02:49:34  INFO     [IE] 'generative AI' → 100 entries, 322 kept so far
02:49:34  INFO     [SI] 'artificial intelligence' → 94 entries, 44 kept so far
02:49:34  INFO     [LV] 'artificial intelligence' → 64 entries, 18 kept so far
02:49:34  INFO     [HR] +229 new articles saved
02:49:35  INFO     [EE] 'artificial intelligence' → 100 entries, 49 kept so far
02:49:35  INFO     [IE] +81 new articles saved
02:49:35  INFO     [LT] 'AI regulation' → 9 entries, 38 kept so far
02:49:36  INFO     [CY] 'artificial intelligence' → 100 entries, 48 kept so far
02:49:36  INFO     [LV] 'AI regulation' → 5 entries, 18 kept so far
02:49:36  INFO     [SI] 'AI regulation' → 3 entries, 44 kept so far
02:49:36  INFO     [EE] 'AI regulation' → 9 entries, 49 kept so far
02:49:37  INFO     [LT] 'machine learning' → 49 entries, 44 kept so far
02:49:37  INFO     [LV] 'machine learning' → 11 entries, 19 kept so far
02:49:37  INFO     [SI] 'machine learning' → 22 entries, 47 kept so far
02:49:37  INFO     [CY] 'AI regulation' → 41 entries, 81 kept so far
02:49:38  INFO     [EE] 'machine learning' → 12 entries, 52 kept so far
02:49:38  INFO     [LT] 'EU AI Act' → 18 entries, 45 kept so far
02:49:38  INFO     [LV] 'EU AI Act' → 9 entries, 20 kept so far
02:49:38  INFO     [SI] 'EU AI Act' → 21 entries, 51 kept so far
02:49:39  INFO     [CY] 'machine learning' → 94 entries, 120 kept so far
02:49:39  INFO     [EE] 'EU AI Act' → 15 entries, 54 kept so far
02:49:39  INFO     [LT] 'generative AI' → 27 entries, 53 kept so far
02:49:40  INFO     [LV] 'generative AI' → 7 entries, 22 kept so far
02:49:40  INFO     [SI] 'generative AI' → 20 entries, 55 kept so far
02:49:40  INFO     [CY] 'EU AI Act' → 47 entries, 134 kept so far
02:49:40  INFO     [LT] +20 new articles saved
02:49:41  INFO     [LV] +9 new articles saved
02:49:41  INFO     [EE] 'generative AI' → 10 entries, 57 kept so far
02:49:41  INFO     [MT] 'artificial intelligence' → 102 entries, 54 kept so far
02:49:41  INFO     [SI] +15 new articles saved
02:49:41  INFO     [LU] 'artificial intelligence' → 100 entries, 62 kept so far
02:49:42  INFO     [CY] 'generative AI' → 100 entries, 175 kept so far
02:49:42  INFO     [EE] +19 new articles saved
02:49:42  INFO     [MT] 'AI regulation' → 100 entries, 105 kept so far
02:49:43  INFO     [LU] 'AI regulation' → 100 entries, 149 kept so far
02:49:43  INFO     [CY] +1 new articles saved
02:49:43  INFO     [MT] 'machine learning' → 100 entries, 182 kept so far
02:49:44  INFO     [LU] 'machine learning' → 100 entries, 207 kept so far
02:49:44  INFO     [MT] 'EU AI Act' → 100 entries, 264 kept so far
02:49:45  INFO     [MT] 'generative AI' → 100 entries, 322 kept so far
02:49:46  INFO     [LU] 'EU AI Act' → 79 entries, 239 kept so far
02:49:46  INFO     [MT] +0 new articles saved
02:49:47  INFO     [LU] 'generative AI' → 100 entries, 272 kept so far
02:49:48  INFO     [LU] +1 new articles saved
02:49:48  INFO     Scrape complete. 1440 new articles this run.
