09:22:43  INFO     Starting scrape: 27 countries, 5 queries each
09:22:50  WARNING  [ES] Feed parse issue for 'artificial intelligence'
09:22:51  WARNING  [PL] Feed parse issue for 'artificial intelligence'
09:22:52  WARNING  [IT] Feed parse issue for 'artificial intelligence'
09:22:52  WARNING  [FR] Feed parse issue for 'artificial intelligence'
09:22:52  WARNING  [DE] Feed parse issue for 'artificial intelligence'
09:22:57  WARNING  [FR] Feed parse issue for 'AI regulation'
09:22:58  WARNING  [PL] Feed parse issue for 'AI regulation'
09:22:59  WARNING  [IT] Feed parse issue for 'AI regulation'
09:22:59  WARNING  [ES] Feed parse issue for 'AI regulation'
09:23:00  WARNING  [DE] Feed parse issue for 'AI regulation'
09:23:04  WARNING  [FR] Feed parse issue for 'machine learning'
09:23:05  WARNING  [IT] Feed parse issue for 'machine learning'
09:23:06  WARNING  [PL] Feed parse issue for 'machine learning'
09:23:07  WARNING  [ES] Feed parse issue for 'machine learning'
09:23:10  WARNING  [DE] Feed parse issue for 'machine learning'
09:23:11  WARNING  [IT] Feed parse issue for 'EU AI Act'
09:23:12  WARNING  [PL] Feed parse issue for 'EU AI Act'
09:23:13  WARNING  [FR] Feed parse issue for 'EU AI Act'
09:23:13  WARNING  [ES] Feed parse issue for 'EU AI Act'
09:23:17  WARNING  [IT] Feed parse issue for 'generative AI'
09:23:17  INFO     [IT] +0 new articles saved
09:23:19  WARNING  [DE] Feed parse issue for 'EU AI Act'
09:23:21  WARNING  [FR] Feed parse issue for 'generative AI'
09:23:21  INFO     [FR] +0 new articles saved
09:23:21  WARNING  [PL] Feed parse issue for 'generative AI'
09:23:21  INFO     [PL] +0 new articles saved
09:23:22  WARNING  [ES] Feed parse issue for 'generative AI'
09:23:22  INFO     [ES] +0 new articles saved
09:23:23  WARNING  [NL] Feed parse issue for 'artificial intelligence'
09:23:28  WARNING  [BE] Feed parse issue for 'artificial intelligence'
09:23:28  WARNING  [DE] Feed parse issue for 'generative AI'
09:23:28  INFO     [DE] +0 new articles saved
09:23:29  WARNING  [SE] Feed parse issue for 'artificial intelligence'
09:23:32  WARNING  [AT] Feed parse issue for 'artificial intelligence'
09:23:32  WARNING  [NL] Feed parse issue for 'AI regulation'
09:23:35  WARNING  [DK] Feed parse issue for 'artificial intelligence'
09:23:35  WARNING  [BE] Feed parse issue for 'AI regulation'
09:23:35  WARNING  [SE] Feed parse issue for 'AI regulation'
09:23:40  WARNING  [AT] Feed parse issue for 'AI regulation'
09:23:41  WARNING  [NL] Feed parse issue for 'machine learning'
09:23:41  WARNING  [BE] Feed parse issue for 'machine learning'
09:23:43  WARNING  [DK] Feed parse issue for 'AI regulation'
09:23:44  WARNING  [SE] Feed parse issue for 'machine learning'
09:23:47  WARNING  [NL] Feed parse issue for 'EU AI Act'
09:23:49  WARNING  [SE] Feed parse issue for 'EU AI Act'
09:23:49  WARNING  [AT] Feed parse issue for 'machine learning'
09:23:50  WARNING  [BE] Feed parse issue for 'EU AI Act'
09:23:53  WARNING  [DK] Feed parse issue for 'machine learning'
09:23:56  WARNING  [NL] Feed parse issue for 'generative AI'
09:23:56  INFO     [NL] +0 new articles saved
09:23:58  WARNING  [AT] Feed parse issue for 'EU AI Act'
09:23:58  WARNING  [SE] Feed parse issue for 'generative AI'
09:23:58  INFO     [SE] +0 new articles saved
09:23:58  WARNING  [BE] Feed parse issue for 'generative AI'
09:23:58  INFO     [BE] +0 new articles saved
09:24:02  WARNING  [DK] Feed parse issue for 'EU AI Act'
09:24:02  WARNING  [FI] Feed parse issue for 'artificial intelligence'
09:24:04  WARNING  [CZ] Feed parse issue for 'artificial intelligence'
09:24:04  WARNING  [AT] Feed parse issue for 'generative AI'
09:24:04  INFO     [AT] +0 new articles saved
09:24:08  WARNING  [PT] Feed parse issue for 'artificial intelligence'
09:24:10  WARNING  [DK] Feed parse issue for 'generative AI'
09:24:10  INFO     [DK] +0 new articles saved
09:24:11  WARNING  [RO] Feed parse issue for 'artificial intelligence'
09:24:11  WARNING  [CZ] Feed parse issue for 'AI regulation'
09:24:11  WARNING  [FI] Feed parse issue for 'AI regulation'
09:24:15  WARNING  [PT] Feed parse issue for 'AI regulation'
09:24:16  WARNING  [CZ] Feed parse issue for 'machine learning'
09:24:17  WARNING  [HU] Feed parse issue for 'artificial intelligence'
09:24:20  WARNING  [FI] Feed parse issue for 'machine learning'
09:24:20  WARNING  [RO] Feed parse issue for 'AI regulation'
09:24:22  WARNING  [HU] Feed parse issue for 'AI regulation'
09:24:24  WARNING  [PT] Feed parse issue for 'machine learning'
09:24:26  WARNING  [CZ] Feed parse issue for 'EU AI Act'
09:24:28  WARNING  [HU] Feed parse issue for 'machine learning'
09:24:29  WARNING  [RO] Feed parse issue for 'machine learning'
09:24:29  WARNING  [FI] Feed parse issue for 'EU AI Act'
09:24:31  WARNING  [PT] Feed parse issue for 'EU AI Act'
09:24:34  WARNING  [CZ] Feed parse issue for 'generative AI'
09:24:34  INFO     [CZ] +0 new articles saved
09:24:35  WARNING  [HU] Feed parse issue for 'EU AI Act'
09:24:35  WARNING  [RO] Feed parse issue for 'EU AI Act'
09:24:35  WARNING  [FI] Feed parse issue for 'generative AI'
09:24:35  INFO     [FI] +0 new articles saved
09:24:39  WARNING  [GR] Feed parse issue for 'artificial intelligence'
09:24:41  WARNING  [HU] Feed parse issue for 'generative AI'
09:24:41  INFO     [HU] +0 new articles saved
09:24:41  WARNING  [PT] Feed parse issue for 'generative AI'
09:24:41  INFO     [PT] +0 new articles saved
09:24:42  WARNING  [SK] Feed parse issue for 'artificial intelligence'
09:24:45  WARNING  [RO] Feed parse issue for 'generative AI'
09:24:45  INFO     [RO] +0 new articles saved
09:24:46  WARNING  [GR] Feed parse issue for 'AI regulation'
09:24:48  WARNING  [SK] Feed parse issue for 'AI regulation'
09:24:49  WARNING  [HR] Feed parse issue for 'artificial intelligence'
09:24:50  WARNING  [IE] Feed parse issue for 'artificial intelligence'
09:24:52  WARNING  [GR] Feed parse issue for 'machine learning'
09:24:54  WARNING  [BG] Feed parse issue for 'artificial intelligence'
09:24:57  WARNING  [HR] Feed parse issue for 'AI regulation'
09:24:57  WARNING  [SK] Feed parse issue for 'machine learning'
09:24:57  WARNING  [IE] Feed parse issue for 'AI regulation'
09:24:58  WARNING  [GR] Feed parse issue for 'EU AI Act'
09:25:02  WARNING  [BG] Feed parse issue for 'AI regulation'
09:25:04  WARNING  [HR] Feed parse issue for 'machine learning'
09:25:04  WARNING  [SK] Feed parse issue for 'EU AI Act'
09:25:05  WARNING  [IE] Feed parse issue for 'machine learning'
09:25:07  WARNING  [GR] Feed parse issue for 'generative AI'
09:25:07  INFO     [GR] +0 new articles saved
09:25:10  WARNING  [BG] Feed parse issue for 'machine learning'
09:25:12  WARNING  [HR] Feed parse issue for 'EU AI Act'
09:25:13  WARNING  [IE] Feed parse issue for 'EU AI Act'
09:25:13  WARNING  [SK] Feed parse issue for 'generative AI'
09:25:13  INFO     [SK] +0 new articles saved
09:25:16  WARNING  [BG] Feed parse issue for 'EU AI Act'
09:25:16  WARNING  [LT] Feed parse issue for 'artificial intelligence'
09:25:20  WARNING  [SI] Feed parse issue for 'artificial intelligence'
09:25:21  WARNING  [HR] Feed parse issue for 'generative AI'
09:25:21  INFO     [HR] +0 new articles saved
09:25:22  WARNING  [IE] Feed parse issue for 'generative AI'
09:25:22  INFO     [IE] +0 new articles saved
09:25:24  WARNING  [BG] Feed parse issue for 'generative AI'
09:25:24  INFO     [BG] +0 new articles saved
09:25:25  WARNING  [LT] Feed parse issue for 'AI regulation'
09:25:27  WARNING  [LV] Feed parse issue for 'artificial intelligence'
09:25:29  WARNING  [SI] Feed parse issue for 'AI regulation'
09:25:30  WARNING  [EE] Feed parse issue for 'artificial intelligence'
09:25:32  WARNING  [CY] Feed parse issue for 'artificial intelligence'
09:25:33  WARNING  [LT] Feed parse issue for 'machine learning'
09:25:36  WARNING  [SI] Feed parse issue for 'machine learning'
09:25:36  WARNING  [LV] Feed parse issue for 'AI regulation'
09:25:37  WARNING  [EE] Feed parse issue for 'AI regulation'
09:25:40  WARNING  [LT] Feed parse issue for 'EU AI Act'
09:25:40  WARNING  [CY] Feed parse issue for 'AI regulation'
09:25:45  WARNING  [SI] Feed parse issue for 'EU AI Act'
09:25:46  WARNING  [EE] Feed parse issue for 'machine learning'
09:25:46  WARNING  [LV] Feed parse issue for 'machine learning'
09:25:49  WARNING  [LT] Feed parse issue for 'generative AI'
09:25:49  INFO     [LT] +0 new articles saved
09:25:49  WARNING  [CY] Feed parse issue for 'machine learning'
09:25:50  WARNING  [SI] Feed parse issue for 'generative AI'
09:25:50  INFO     [SI] +0 new articles saved
09:25:52  WARNING  [LV] Feed parse issue for 'EU AI Act'
09:25:54  WARNING  [EE] Feed parse issue for 'EU AI Act'
09:25:58  WARNING  [LV] Feed parse issue for 'generative AI'
09:25:58  INFO     [LV] +0 new articles saved
09:25:59  WARNING  [LU] Feed parse issue for 'artificial intelligence'
09:25:59  WARNING  [CY] Feed parse issue for 'EU AI Act'
09:25:59  WARNING  [MT] Feed parse issue for 'artificial intelligence'
09:26:03  WARNING  [EE] Feed parse issue for 'generative AI'
09:26:03  INFO     [EE] +0 new articles saved
09:26:06  WARNING  [LU] Feed parse issue for 'AI regulation'
09:26:07  WARNING  [CY] Feed parse issue for 'generative AI'
09:26:07  INFO     [CY] +0 new articles saved
09:26:07  WARNING  [MT] Feed parse issue for 'AI regulation'
09:26:13  WARNING  [LU] Feed parse issue for 'machine learning'
09:26:13  WARNING  [MT] Feed parse issue for 'machine learning'
09:26:18  WARNING  [MT] Feed parse issue for 'EU AI Act'
09:26:22  WARNING  [LU] Feed parse issue for 'EU AI Act'
09:26:27  WARNING  [MT] Feed parse issue for 'generative AI'
09:26:27  INFO     [MT] +0 new articles saved
09:26:31  WARNING  [LU] Feed parse issue for 'generative AI'
09:26:31  INFO     [LU] +0 new articles saved
09:26:31  INFO     Scrape complete. 0 new articles this run.
