03:33:49  INFO     Starting scrape: 27 countries, 5 queries each
/home/runner/work/EU_AI_News/EU_AI_News/eu_ai_news_scraper.py:230: DeprecationWarning: datetime.datetime.utcnow() is deprecated and scheduled for removal in a future version. Use timezone-aware objects to represent datetimes in UTC: datetime.datetime.now(datetime.UTC).
  "scraped_at":   datetime.utcnow().isoformat(),
03:33:49  INFO     [DE] 'artificial intelligence' → 100 entries, 45 kept so far
03:33:49  INFO     [FR] 'artificial intelligence' → 100 entries, 55 kept so far
03:33:49  INFO     [IT] 'artificial intelligence' → 100 entries, 25 kept so far
03:33:50  INFO     [PL] 'artificial intelligence' → 100 entries, 8 kept so far
03:33:50  INFO     [ES] 'artificial intelligence' → 100 entries, 64 kept so far
03:33:51  INFO     [FR] 'AI regulation' → 100 entries, 132 kept so far
03:33:51  INFO     [IT] 'AI regulation' → 100 entries, 85 kept so far
03:33:51  INFO     [DE] 'AI regulation' → 55 entries, 78 kept so far
03:33:51  INFO     [PL] 'AI regulation' → 79 entries, 66 kept so far
03:33:52  INFO     [ES] 'AI regulation' → 73 entries, 82 kept so far
03:33:52  INFO     [FR] 'machine learning' → 100 entries, 189 kept so far
03:33:53  INFO     [IT] 'machine learning' → 100 entries, 161 kept so far
03:33:53  INFO     [DE] 'machine learning' → 100 entries, 116 kept so far
03:33:53  INFO     [PL] 'machine learning' → 100 entries, 105 kept so far
03:33:53  INFO     [ES] 'machine learning' → 100 entries, 152 kept so far
03:33:54  INFO     [FR] 'EU AI Act' → 77 entries, 221 kept so far
03:33:54  INFO     [IT] 'EU AI Act' → 100 entries, 231 kept so far
03:33:54  INFO     [DE] 'EU AI Act' → 100 entries, 205 kept so far
03:33:54  INFO     [PL] 'EU AI Act' → 76 entries, 118 kept so far
03:33:55  INFO     [ES] 'EU AI Act' → 79 entries, 187 kept so far
03:33:56  INFO     [IT] 'generative AI' → 100 entries, 278 kept so far
03:33:56  INFO     [FR] 'generative AI' → 100 entries, 256 kept so far
03:33:56  INFO     [DE] 'generative AI' → 100 entries, 225 kept so far
03:33:56  INFO     [PL] 'generative AI' → 100 entries, 153 kept so far
03:33:57  INFO     [IT] +117 new articles saved
03:33:57  INFO     [ES] 'generative AI' → 100 entries, 231 kept so far
03:33:57  INFO     [FR] +97 new articles saved
03:33:57  INFO     [DE] +134 new articles saved
03:33:57  INFO     [PL] +49 new articles saved
03:33:57  INFO     [NL] 'artificial intelligence' → 100 entries, 9 kept so far
03:33:58  INFO     [BE] 'artificial intelligence' → 100 entries, 52 kept so far
03:33:58  INFO     [SE] 'artificial intelligence' → 100 entries, 8 kept so far
03:33:58  INFO     [AT] 'artificial intelligence' → 100 entries, 46 kept so far
03:33:58  INFO     [ES] +92 new articles saved
03:33:59  INFO     [DK] 'artificial intelligence' → 100 entries, 16 kept so far
03:33:59  INFO     [NL] 'AI regulation' → 78 entries, 43 kept so far
03:33:59  INFO     [BE] 'AI regulation' → 100 entries, 138 kept so far
03:33:59  INFO     [AT] 'AI regulation' → 61 entries, 84 kept so far
03:33:59  INFO     [SE] 'AI regulation' → 66 entries, 23 kept so far
03:34:00  INFO     [DK] 'AI regulation' → 27 entries, 19 kept so far
03:34:01  INFO     [NL] 'machine learning' → 100 entries, 100 kept so far
03:34:01  INFO     [AT] 'machine learning' → 100 entries, 124 kept so far
03:34:01  INFO     [SE] 'machine learning' → 72 entries, 41 kept so far
03:34:01  INFO     [BE] 'machine learning' → 100 entries, 196 kept so far
03:34:02  INFO     [DK] 'machine learning' → 78 entries, 39 kept so far
03:34:02  INFO     [NL] 'EU AI Act' → 91 entries, 122 kept so far
03:34:03  INFO     [AT] 'EU AI Act' → 100 entries, 210 kept so far
03:34:03  INFO     [SE] 'EU AI Act' → 64 entries, 48 kept so far
03:34:03  INFO     [BE] 'EU AI Act' → 78 entries, 225 kept so far
03:34:03  INFO     [DK] 'EU AI Act' → 76 entries, 56 kept so far
03:34:04  INFO     [NL] 'generative AI' → 100 entries, 151 kept so far
03:34:04  INFO     [SE] 'generative AI' → 74 entries, 62 kept so far
03:34:04  INFO     [AT] 'generative AI' → 100 entries, 232 kept so far
03:34:04  INFO     [BE] 'generative AI' → 100 entries, 262 kept so far
03:34:05  INFO     [DK] 'generative AI' → 100 entries, 93 kept so far
03:34:05  INFO     [NL] +43 new articles saved
03:34:05  INFO     [SE] +18 new articles saved
03:34:05  INFO     [AT] +10 new articles saved
03:34:05  INFO     [BE] +20 new articles saved
03:34:06  INFO     [FI] 'artificial intelligence' → 100 entries, 64 kept so far
03:34:06  INFO     [PT] 'artificial intelligence' → 100 entries, 56 kept so far
03:34:06  INFO     [CZ] 'artificial intelligence' → 100 entries, 18 kept so far
03:34:06  INFO     [DK] +23 new articles saved
03:34:06  INFO     [RO] 'artificial intelligence' → 100 entries, 37 kept so far
03:34:06  INFO     [HU] 'artificial intelligence' → 100 entries, 19 kept so far
03:34:07  INFO     [FI] 'AI regulation' → 44 entries, 73 kept so far
03:34:07  INFO     [CZ] 'AI regulation' → 78 entries, 38 kept so far
03:34:07  INFO     [RO] 'AI regulation' → 16 entries, 41 kept so far
03:34:08  INFO     [PT] 'AI regulation' → 79 entries, 91 kept so far
03:34:08  INFO     [HU] 'AI regulation' → 78 entries, 20 kept so far
03:34:09  INFO     [CZ] 'machine learning' → 80 entries, 57 kept so far
03:34:09  INFO     [FI] 'machine learning' → 85 entries, 109 kept so far
03:34:09  INFO     [RO] 'machine learning' → 100 entries, 91 kept so far
03:34:09  INFO     [PT] 'machine learning' → 100 entries, 162 kept so far
03:34:10  INFO     [HU] 'machine learning' → 65 entries, 43 kept so far
03:34:11  INFO     [CZ] 'EU AI Act' → 74 entries, 64 kept so far
03:34:11  INFO     [RO] 'EU AI Act' → 78 entries, 101 kept so far
03:34:11  INFO     [FI] 'EU AI Act' → 63 entries, 139 kept so far
03:34:11  INFO     [PT] 'EU AI Act' → 48 entries, 168 kept so far
03:34:11  INFO     [HU] 'EU AI Act' → 77 entries, 65 kept so far
03:34:12  INFO     [CZ] 'generative AI' → 83 entries, 79 kept so far
03:34:12  INFO     [RO] 'generative AI' → 77 entries, 121 kept so far
03:34:12  INFO     [FI] 'generative AI' → 66 entries, 173 kept so far
03:34:12  INFO     [PT] 'generative AI' → 100 entries, 206 kept so far
03:34:13  INFO     [HU] 'generative AI' → 76 entries, 94 kept so far
03:34:13  INFO     [CZ] +29 new articles saved
03:34:13  INFO     [RO] +41 new articles saved
03:34:13  INFO     [FI] +58 new articles saved
03:34:13  INFO     [PT] +82 new articles saved
03:34:14  INFO     [HU] +37 new articles saved
03:34:14  INFO     [SK] 'artificial intelligence' → 100 entries, 24 kept so far
03:34:14  INFO     [GR] 'artificial intelligence' → 100 entries, 49 kept so far
03:34:14  INFO     [HR] 'artificial intelligence' → 100 entries, 69 kept so far
03:34:14  INFO     [IE] 'artificial intelligence' → 100 entries, 72 kept so far
03:34:14  INFO     [BG] 'artificial intelligence' → 65 entries, 29 kept so far
03:34:15  INFO     [SK] 'AI regulation' → 14 entries, 25 kept so far
03:34:15  INFO     [GR] 'AI regulation' → 70 entries, 87 kept so far
03:34:16  INFO     [HR] 'AI regulation' → 100 entries, 115 kept so far
03:34:16  INFO     [BG] 'AI regulation' → 7 entries, 31 kept so far
03:34:16  INFO     [IE] 'AI regulation' → 100 entries, 116 kept so far
03:34:17  INFO     [SK] 'machine learning' → 58 entries, 42 kept so far
03:34:17  INFO     [GR] 'machine learning' → 82 entries, 122 kept so far
03:34:17  INFO     [BG] 'machine learning' → 51 entries, 39 kept so far
03:34:17  INFO     [HR] 'machine learning' → 100 entries, 187 kept so far
03:34:18  INFO     [IE] 'machine learning' → 100 entries, 184 kept so far
03:34:18  INFO     [SK] 'EU AI Act' → 59 entries, 57 kept so far
03:34:18  INFO     [GR] 'EU AI Act' → 61 entries, 140 kept so far
03:34:19  INFO     [BG] 'EU AI Act' → 11 entries, 42 kept so far
03:34:19  INFO     [HR] 'EU AI Act' → 100 entries, 268 kept so far
03:34:20  INFO     [SK] 'generative AI' → 45 entries, 68 kept so far
03:34:20  INFO     [IE] 'EU AI Act' → 100 entries, 262 kept so far
03:34:20  INFO     [BG] 'generative AI' → 35 entries, 46 kept so far
03:34:20  INFO     [GR] 'generative AI' → 100 entries, 177 kept so far
03:34:21  INFO     [HR] 'generative AI' → 100 entries, 335 kept so far
03:34:21  INFO     [SK] +22 new articles saved
03:34:21  INFO     [BG] +23 new articles saved
03:34:21  INFO     [GR] +77 new articles saved
03:34:21  INFO     [LT] 'artificial intelligence' → 94 entries, 34 kept so far
03:34:21  INFO     [IE] 'generative AI' → 100 entries, 325 kept so far
03:34:21  INFO     [SI] 'artificial intelligence' → 100 entries, 40 kept so far
03:34:22  INFO     [LV] 'artificial intelligence' → 67 entries, 22 kept so far
03:34:22  INFO     [HR] +225 new articles saved
03:34:22  INFO     [EE] 'artificial intelligence' → 100 entries, 43 kept so far
03:34:22  INFO     [IE] +73 new articles saved
03:34:22  INFO     [LT] 'AI regulation' → 13 entries, 36 kept so far
03:34:23  INFO     [LV] 'AI regulation' → 10 entries, 22 kept so far
03:34:23  INFO     [SI] 'AI regulation' → 4 entries, 40 kept so far
03:34:23  INFO     [CY] 'artificial intelligence' → 100 entries, 49 kept so far
03:34:24  INFO     [EE] 'AI regulation' → 15 entries, 43 kept so far
03:34:24  INFO     [LT] 'machine learning' → 55 entries, 42 kept so far
03:34:24  INFO     [LV] 'machine learning' → 10 entries, 24 kept so far
03:34:24  INFO     [SI] 'machine learning' → 23 entries, 43 kept so far
03:34:24  INFO     [CY] 'AI regulation' → 70 entries, 87 kept so far
03:34:25  INFO     [LT] 'EU AI Act' → 25 entries, 44 kept so far
03:34:25  INFO     [EE] 'machine learning' → 35 entries, 45 kept so far
03:34:25  INFO     [LV] 'EU AI Act' → 9 entries, 24 kept so far
03:34:26  INFO     [SI] 'EU AI Act' → 24 entries, 47 kept so far
03:34:26  INFO     [CY] 'machine learning' → 82 entries, 122 kept so far
03:34:27  INFO     [LT] 'generative AI' → 24 entries, 52 kept so far
03:34:27  INFO     [LV] 'generative AI' → 7 entries, 26 kept so far
03:34:27  INFO     [EE] 'EU AI Act' → 16 entries, 48 kept so far
03:34:27  INFO     [SI] 'generative AI' → 13 entries, 49 kept so far
03:34:27  INFO     [CY] 'EU AI Act' → 61 entries, 140 kept so far
03:34:28  INFO     [LT] +19 new articles saved
03:34:28  INFO     [LV] +7 new articles saved
03:34:28  INFO     [MT] 'artificial intelligence' → 100 entries, 69 kept so far
03:34:28  INFO     [EE] 'generative AI' → 10 entries, 51 kept so far
03:34:28  INFO     [LU] 'artificial intelligence' → 100 entries, 55 kept so far
03:34:28  INFO     [SI] +12 new articles saved
03:34:29  INFO     [CY] 'generative AI' → 100 entries, 177 kept so far
03:34:29  INFO     [MT] 'AI regulation' → 100 entries, 115 kept so far
03:34:29  INFO     [EE] +13 new articles saved
03:34:30  INFO     [LU] 'AI regulation' → 100 entries, 132 kept so far
03:34:30  INFO     [CY] +0 new articles saved
03:34:30  INFO     [MT] 'machine learning' → 100 entries, 187 kept so far
03:34:31  INFO     [LU] 'machine learning' → 100 entries, 191 kept so far
03:34:32  INFO     [MT] 'EU AI Act' → 100 entries, 268 kept so far
03:34:33  INFO     [LU] 'EU AI Act' → 77 entries, 223 kept so far
03:34:33  INFO     [MT] 'generative AI' → 100 entries, 335 kept so far
03:34:34  INFO     [MT] +0 new articles saved
03:34:34  INFO     [LU] 'generative AI' → 100 entries, 258 kept so far
03:34:35  INFO     [LU] +0 new articles saved
03:34:35  INFO     Scrape complete. 1321 new articles this run.
