03:57:33  INFO     Starting scrape: 27 countries, 5 queries each
/home/runner/work/EU_AI_News/EU_AI_News/eu_ai_news_scraper.py:230: DeprecationWarning: datetime.datetime.utcnow() is deprecated and scheduled for removal in a future version. Use timezone-aware objects to represent datetimes in UTC: datetime.datetime.now(datetime.UTC).
  "scraped_at":   datetime.utcnow().isoformat(),
03:57:34  INFO     [IT] 'artificial intelligence' → 100 entries, 39 kept so far
03:57:34  INFO     [FR] 'artificial intelligence' → 100 entries, 48 kept so far
03:57:34  INFO     [PL] 'artificial intelligence' → 100 entries, 19 kept so far
03:57:34  INFO     [DE] 'artificial intelligence' → 100 entries, 56 kept so far
03:57:34  INFO     [ES] 'artificial intelligence' → 100 entries, 76 kept so far
03:57:35  INFO     [FR] 'AI regulation' → 100 entries, 133 kept so far
03:57:35  INFO     [IT] 'AI regulation' → 100 entries, 128 kept so far
03:57:35  INFO     [DE] 'AI regulation' → 100 entries, 131 kept so far
03:57:36  INFO     [PL] 'AI regulation' → 79 entries, 77 kept so far
03:57:36  INFO     [ES] 'AI regulation' → 79 entries, 126 kept so far
03:57:37  INFO     [DE] 'machine learning' → 100 entries, 184 kept so far
03:57:37  INFO     [IT] 'machine learning' → 100 entries, 199 kept so far
03:57:37  INFO     [FR] 'machine learning' → 100 entries, 190 kept so far
03:57:37  INFO     [PL] 'machine learning' → 100 entries, 112 kept so far
03:57:37  INFO     [ES] 'machine learning' → 100 entries, 199 kept so far
03:57:39  INFO     [DE] 'EU AI Act' → 100 entries, 246 kept so far
03:57:39  INFO     [PL] 'EU AI Act' → 76 entries, 129 kept so far
03:57:39  INFO     [FR] 'EU AI Act' → 77 entries, 231 kept so far
03:57:39  INFO     [IT] 'EU AI Act' → 100 entries, 275 kept so far
03:57:39  INFO     [ES] 'EU AI Act' → 78 entries, 220 kept so far
03:57:40  INFO     [DE] 'generative AI' → 100 entries, 268 kept so far
03:57:40  INFO     [IT] 'generative AI' → 100 entries, 320 kept so far
03:57:41  INFO     [FR] 'generative AI' → 100 entries, 264 kept so far
03:57:41  INFO     [ES] 'generative AI' → 100 entries, 263 kept so far
03:57:41  INFO     [PL] 'generative AI' → 100 entries, 158 kept so far
03:57:41  INFO     [DE] +147 new articles saved
03:57:41  INFO     [IT] +116 new articles saved
03:57:42  INFO     [FR] +103 new articles saved
03:57:42  INFO     [ES] +102 new articles saved
03:57:42  INFO     [PL] +61 new articles saved
03:57:42  INFO     [NL] 'artificial intelligence' → 100 entries, 12 kept so far
03:57:42  INFO     [BE] 'artificial intelligence' → 100 entries, 57 kept so far
03:57:42  INFO     [SE] 'artificial intelligence' → 100 entries, 9 kept so far
03:57:42  INFO     [AT] 'artificial intelligence' → 100 entries, 48 kept so far
03:57:42  INFO     [DK] 'artificial intelligence' → 100 entries, 20 kept so far
03:57:43  INFO     [NL] 'AI regulation' → 78 entries, 60 kept so far
03:57:44  INFO     [BE] 'AI regulation' → 100 entries, 138 kept so far
03:57:44  INFO     [SE] 'AI regulation' → 78 entries, 24 kept so far
03:57:44  INFO     [AT] 'AI regulation' → 100 entries, 125 kept so far
03:57:44  INFO     [DK] 'AI regulation' → 35 entries, 23 kept so far
03:57:45  INFO     [NL] 'machine learning' → 100 entries, 119 kept so far
03:57:45  INFO     [BE] 'machine learning' → 100 entries, 198 kept so far
03:57:45  INFO     [SE] 'machine learning' → 77 entries, 48 kept so far
03:57:46  INFO     [DK] 'machine learning' → 76 entries, 43 kept so far
03:57:46  INFO     [AT] 'machine learning' → 100 entries, 166 kept so far
03:57:47  INFO     [SE] 'EU AI Act' → 0 entries, 48 kept so far
03:57:47  INFO     [NL] 'EU AI Act' → 100 entries, 135 kept so far
03:57:47  INFO     [BE] 'EU AI Act' → 78 entries, 240 kept so far
03:57:47  INFO     [DK] 'EU AI Act' → 75 entries, 60 kept so far
03:57:47  INFO     [AT] 'EU AI Act' → 100 entries, 244 kept so far
03:57:48  INFO     [SE] 'generative AI' → 71 entries, 58 kept so far
03:57:48  INFO     [NL] 'generative AI' → 100 entries, 171 kept so far
03:57:48  INFO     [BE] 'generative AI' → 100 entries, 271 kept so far
03:57:49  INFO     [DK] 'generative AI' → 93 entries, 92 kept so far
03:57:49  INFO     [AT] 'generative AI' → 100 entries, 269 kept so far
03:57:49  INFO     [SE] +18 new articles saved
03:57:49  INFO     [NL] +54 new articles saved
03:57:49  INFO     [BE] +24 new articles saved
03:57:50  INFO     [FI] 'artificial intelligence' → 100 entries, 62 kept so far
03:57:50  INFO     [PT] 'artificial intelligence' → 100 entries, 54 kept so far
03:57:50  INFO     [CZ] 'artificial intelligence' → 100 entries, 20 kept so far
03:57:50  INFO     [DK] +17 new articles saved
03:57:50  INFO     [AT] +29 new articles saved
03:57:51  INFO     [RO] 'artificial intelligence' → 100 entries, 43 kept so far
03:57:51  INFO     [HU] 'artificial intelligence' → 100 entries, 13 kept so far
03:57:51  INFO     [FI] 'AI regulation' → 52 entries, 74 kept so far
03:57:51  INFO     [CZ] 'AI regulation' → 71 entries, 45 kept so far
03:57:52  INFO     [PT] 'AI regulation' → 79 entries, 90 kept so far
03:57:52  INFO     [RO] 'AI regulation' → 66 entries, 49 kept so far
03:57:52  INFO     [HU] 'AI regulation' → 76 entries, 18 kept so far
03:57:53  INFO     [FI] 'machine learning' → 85 entries, 103 kept so far
03:57:53  INFO     [CZ] 'machine learning' → 81 entries, 63 kept so far
03:57:53  INFO     [PT] 'machine learning' → 100 entries, 168 kept so far
03:57:54  INFO     [HU] 'machine learning' → 63 entries, 38 kept so far
03:57:54  INFO     [RO] 'machine learning' → 100 entries, 93 kept so far
03:57:54  INFO     [FI] 'EU AI Act' → 57 entries, 134 kept so far
03:57:55  INFO     [CZ] 'EU AI Act' → 70 entries, 73 kept so far
03:57:55  INFO     [PT] 'EU AI Act' → 65 entries, 182 kept so far
03:57:55  INFO     [HU] 'EU AI Act' → 66 entries, 59 kept so far
03:57:55  INFO     [RO] 'EU AI Act' → 67 entries, 107 kept so far
03:57:56  INFO     [FI] 'generative AI' → 67 entries, 170 kept so far
03:57:56  INFO     [CZ] 'generative AI' → 85 entries, 92 kept so far
03:57:56  INFO     [PT] 'generative AI' → 100 entries, 219 kept so far
03:57:57  INFO     [HU] 'generative AI' → 77 entries, 82 kept so far
03:57:57  INFO     [RO] 'generative AI' → 82 entries, 136 kept so far
03:57:57  INFO     [FI] +49 new articles saved
03:57:57  INFO     [CZ] +31 new articles saved
03:57:57  INFO     [PT] +76 new articles saved
03:57:58  INFO     [GR] 'artificial intelligence' → 100 entries, 50 kept so far
03:57:58  INFO     [SK] 'artificial intelligence' → 100 entries, 30 kept so far
03:57:58  INFO     [HU] +25 new articles saved
03:57:58  INFO     [RO] +42 new articles saved
03:57:58  INFO     [IE] 'artificial intelligence' → 100 entries, 51 kept so far
03:57:58  INFO     [HR] 'artificial intelligence' → 102 entries, 50 kept so far
03:57:58  INFO     [BG] 'artificial intelligence' → 84 entries, 40 kept so far
03:57:59  INFO     [GR] 'AI regulation' → 78 entries, 84 kept so far
03:57:59  INFO     [SK] 'AI regulation' → 19 entries, 32 kept so far
03:58:00  INFO     [IE] 'AI regulation' → 100 entries, 94 kept so far
03:58:00  INFO     [BG] 'AI regulation' → 19 entries, 42 kept so far
03:58:00  INFO     [HR] 'AI regulation' → 100 entries, 100 kept so far
03:58:01  INFO     [GR] 'machine learning' → 100 entries, 127 kept so far
03:58:01  INFO     [SK] 'machine learning' → 57 entries, 45 kept so far
03:58:01  INFO     [BG] 'machine learning' → 61 entries, 56 kept so far
03:58:01  INFO     [IE] 'machine learning' → 100 entries, 162 kept so far
03:58:02  INFO     [HR] 'machine learning' → 100 entries, 170 kept so far
03:58:02  INFO     [SK] 'EU AI Act' → 49 entries, 55 kept so far
03:58:02  INFO     [GR] 'EU AI Act' → 68 entries, 144 kept so far
03:58:03  INFO     [BG] 'EU AI Act' → 13 entries, 59 kept so far
03:58:03  INFO     [IE] 'EU AI Act' → 100 entries, 239 kept so far
03:58:03  INFO     [HR] 'EU AI Act' → 100 entries, 247 kept so far
03:58:04  INFO     [SK] 'generative AI' → 41 entries, 64 kept so far
03:58:04  INFO     [GR] 'generative AI' → 100 entries, 181 kept so far
03:58:04  INFO     [BG] 'generative AI' → 30 entries, 61 kept so far
03:58:05  INFO     [SK] +21 new articles saved
03:58:05  INFO     [HR] 'generative AI' → 100 entries, 296 kept so far
03:58:05  INFO     [IE] 'generative AI' → 100 entries, 285 kept so far
03:58:05  INFO     [GR] +60 new articles saved
03:58:05  INFO     [BG] +27 new articles saved
03:58:05  INFO     [LT] 'artificial intelligence' → 99 entries, 26 kept so far
03:58:05  INFO     [SI] 'artificial intelligence' → 100 entries, 48 kept so far
03:58:05  INFO     [LV] 'artificial intelligence' → 75 entries, 26 kept so far
03:58:06  INFO     [HR] +174 new articles saved
03:58:06  INFO     [IE] +66 new articles saved
03:58:06  INFO     [CY] 'artificial intelligence' → 100 entries, 50 kept so far
03:58:06  INFO     [EE] 'artificial intelligence' → 100 entries, 44 kept so far
03:58:06  INFO     [LT] 'AI regulation' → 28 entries, 29 kept so far
03:58:07  INFO     [SI] 'AI regulation' → 1 entries, 48 kept so far
03:58:07  INFO     [LV] 'AI regulation' → 13 entries, 26 kept so far
03:58:08  INFO     [CY] 'AI regulation' → 78 entries, 84 kept so far
03:58:08  INFO     [EE] 'AI regulation' → 19 entries, 45 kept so far
03:58:08  INFO     [LT] 'machine learning' → 31 entries, 34 kept so far
03:58:08  INFO     [LV] 'machine learning' → 12 entries, 29 kept so far
03:58:08  INFO     [SI] 'machine learning' → 23 entries, 52 kept so far
03:58:09  INFO     [LT] 'EU AI Act' → 18 entries, 35 kept so far
03:58:09  INFO     [CY] 'machine learning' → 100 entries, 127 kept so far
03:58:09  INFO     [EE] 'machine learning' → 15 entries, 47 kept so far
03:58:09  INFO     [LV] 'EU AI Act' → 10 entries, 29 kept so far
03:58:09  INFO     [SI] 'EU AI Act' → 24 entries, 57 kept so far
03:58:10  INFO     [LT] 'generative AI' → 29 entries, 44 kept so far
03:58:11  INFO     [LV] 'generative AI' → 10 entries, 30 kept so far
03:58:11  INFO     [EE] 'EU AI Act' → 19 entries, 51 kept so far
03:58:11  INFO     [CY] 'EU AI Act' → 68 entries, 144 kept so far
03:58:11  INFO     [SI] 'generative AI' → 13 entries, 60 kept so far
03:58:11  INFO     [LT] +9 new articles saved
03:58:12  INFO     [LV] +10 new articles saved
03:58:12  INFO     [SI] +15 new articles saved
03:58:12  INFO     [MT] 'artificial intelligence' → 102 entries, 50 kept so far
03:58:12  INFO     [EE] 'generative AI' → 15 entries, 55 kept so far
03:58:12  INFO     [LU] 'artificial intelligence' → 100 entries, 48 kept so far
03:58:12  INFO     [CY] 'generative AI' → 100 entries, 179 kept so far
03:58:13  INFO     [MT] 'AI regulation' → 100 entries, 100 kept so far
03:58:13  INFO     [EE] +10 new articles saved
03:58:13  INFO     [CY] +8 new articles saved
03:58:14  INFO     [LU] 'AI regulation' → 100 entries, 128 kept so far
03:58:14  INFO     [MT] 'machine learning' → 100 entries, 170 kept so far
03:58:15  INFO     [MT] 'EU AI Act' → 100 entries, 247 kept so far
03:58:15  INFO     [LU] 'machine learning' → 100 entries, 193 kept so far
03:58:16  INFO     [MT] 'generative AI' → 100 entries, 296 kept so far
03:58:17  INFO     [LU] 'EU AI Act' → 100 entries, 243 kept so far
03:58:17  INFO     [MT] +0 new articles saved
03:58:18  INFO     [LU] 'generative AI' → 100 entries, 276 kept so far
03:58:19  INFO     [LU] +14 new articles saved
03:58:19  INFO     Scrape complete. 1308 new articles this run.
