04:51:24  INFO     Starting scrape: 27 countries, 5 queries each
04:51:25  INFO     [IT] 'artificial intelligence' → 100 entries, 36 kept so far
/home/runner/work/EU_AI_News/EU_AI_News/eu_ai_news_scraper.py:230: DeprecationWarning: datetime.datetime.utcnow() is deprecated and scheduled for removal in a future version. Use timezone-aware objects to represent datetimes in UTC: datetime.datetime.now(datetime.UTC).
  "scraped_at":   datetime.utcnow().isoformat(),
04:51:25  INFO     [DE] 'artificial intelligence' → 100 entries, 45 kept so far
04:51:25  INFO     [PL] 'artificial intelligence' → 100 entries, 27 kept so far
04:51:25  INFO     [FR] 'artificial intelligence' → 100 entries, 52 kept so far
04:51:25  INFO     [ES] 'artificial intelligence' → 100 entries, 72 kept so far
04:51:27  INFO     [DE] 'AI regulation' → 53 entries, 84 kept so far
04:51:27  INFO     [IT] 'AI regulation' → 100 entries, 119 kept so far
04:51:27  INFO     [PL] 'AI regulation' → 76 entries, 85 kept so far
04:51:27  INFO     [FR] 'AI regulation' → 100 entries, 136 kept so far
04:51:27  INFO     [ES] 'AI regulation' → 80 entries, 121 kept so far
04:51:28  INFO     [DE] 'machine learning' → 100 entries, 130 kept so far
04:51:28  INFO     [PL] 'machine learning' → 100 entries, 128 kept so far
04:51:28  INFO     [IT] 'machine learning' → 100 entries, 193 kept so far
04:51:28  INFO     [FR] 'machine learning' → 100 entries, 200 kept so far
04:51:29  INFO     [ES] 'machine learning' → 100 entries, 192 kept so far
04:51:30  INFO     [DE] 'EU AI Act' → 100 entries, 212 kept so far
04:51:30  INFO     [PL] 'EU AI Act' → 77 entries, 147 kept so far
04:51:30  INFO     [IT] 'EU AI Act' → 100 entries, 272 kept so far
04:51:30  INFO     [FR] 'EU AI Act' → 75 entries, 238 kept so far
04:51:30  INFO     [ES] 'EU AI Act' → 78 entries, 211 kept so far
04:51:31  INFO     [DE] 'generative AI' → 100 entries, 238 kept so far
04:51:32  INFO     [IT] 'generative AI' → 100 entries, 316 kept so far
04:51:32  INFO     [PL] 'generative AI' → 100 entries, 179 kept so far
04:51:32  INFO     [FR] 'generative AI' → 100 entries, 269 kept so far
04:51:32  INFO     [DE] +29 new articles saved
04:51:32  INFO     [ES] 'generative AI' → 100 entries, 252 kept so far
04:51:33  INFO     [IT] +47 new articles saved
04:51:33  INFO     [PL] +40 new articles saved
04:51:33  INFO     [NL] 'artificial intelligence' → 100 entries, 17 kept so far
04:51:33  INFO     [FR] +60 new articles saved
04:51:33  INFO     [SE] 'artificial intelligence' → 100 entries, 8 kept so far
04:51:33  INFO     [AT] 'artificial intelligence' → 100 entries, 49 kept so far
04:51:33  INFO     [BE] 'artificial intelligence' → 100 entries, 52 kept so far
04:51:33  INFO     [ES] +42 new articles saved
04:51:34  INFO     [NL] 'AI regulation' → 77 entries, 65 kept so far
04:51:35  INFO     [SE] 'AI regulation' → 51 entries, 23 kept so far
04:51:35  INFO     [DK] 'artificial intelligence' → 100 entries, 21 kept so far
04:51:35  INFO     [BE] 'AI regulation' → 100 entries, 142 kept so far
04:51:36  INFO     [NL] 'machine learning' → 100 entries, 132 kept so far
04:51:36  INFO     [SE] 'machine learning' → 82 entries, 49 kept so far
04:51:37  INFO     [DK] 'AI regulation' → 44 entries, 33 kept so far
04:51:37  INFO     [BE] 'machine learning' → 100 entries, 206 kept so far
04:51:37  INFO     [NL] 'EU AI Act' → 100 entries, 157 kept so far
04:51:38  INFO     [SE] 'EU AI Act' → 58 entries, 55 kept so far
04:51:38  INFO     [DK] 'machine learning' → 77 entries, 55 kept so far
04:51:38  INFO     [BE] 'EU AI Act' → 78 entries, 233 kept so far
04:51:39  INFO     [NL] 'generative AI' → 100 entries, 189 kept so far
04:51:39  INFO     [SE] 'generative AI' → 77 entries, 69 kept so far
04:51:40  INFO     [DK] 'EU AI Act' → 73 entries, 64 kept so far
04:51:40  INFO     [BE] 'generative AI' → 100 entries, 263 kept so far
04:51:40  INFO     [NL] +35 new articles saved
04:51:40  INFO     [SE] +13 new articles saved
04:51:40  INFO     [AT] 'AI regulation' → 100 entries, 124 kept so far
04:51:41  INFO     [FI] 'artificial intelligence' → 100 entries, 61 kept so far
04:51:41  INFO     [PT] 'artificial intelligence' → 100 entries, 59 kept so far
04:51:41  INFO     [BE] +13 new articles saved
04:51:41  INFO     [DK] 'generative AI' → 100 entries, 98 kept so far
04:51:42  INFO     [CZ] 'artificial intelligence' → 100 entries, 24 kept so far
04:51:42  INFO     [FI] 'AI regulation' → 57 entries, 77 kept so far
04:51:42  INFO     [AT] 'machine learning' → 100 entries, 171 kept so far
04:51:42  INFO     [DK] +9 new articles saved
04:51:43  INFO     [PT] 'AI regulation' → 74 entries, 91 kept so far
04:51:43  INFO     [RO] 'artificial intelligence' → 100 entries, 41 kept so far
04:51:44  INFO     [CZ] 'AI regulation' → 78 entries, 37 kept so far
04:51:44  INFO     [FI] 'machine learning' → 98 entries, 114 kept so far
04:51:44  INFO     [AT] 'EU AI Act' → 100 entries, 249 kept so far
04:51:44  INFO     [PT] 'machine learning' → 100 entries, 174 kept so far
04:51:44  INFO     [RO] 'AI regulation' → 79 entries, 48 kept so far
04:51:45  INFO     [CZ] 'machine learning' → 84 entries, 58 kept so far
04:51:45  INFO     [FI] 'EU AI Act' → 62 entries, 149 kept so far
04:51:45  INFO     [AT] 'generative AI' → 100 entries, 277 kept so far
04:51:46  INFO     [RO] 'machine learning' → 100 entries, 88 kept so far
04:51:46  INFO     [PT] 'EU AI Act' → 71 entries, 188 kept so far
04:51:46  INFO     [AT] +7 new articles saved
04:51:47  INFO     [CZ] 'EU AI Act' → 72 entries, 69 kept so far
04:51:47  INFO     [FI] 'generative AI' → 67 entries, 183 kept so far
04:51:47  INFO     [HU] 'artificial intelligence' → 100 entries, 21 kept so far
04:51:47  INFO     [RO] 'EU AI Act' → 73 entries, 102 kept so far
04:51:48  INFO     [PT] 'generative AI' → 100 entries, 221 kept so far
04:51:48  INFO     [FI] +29 new articles saved
04:51:48  INFO     [CZ] 'generative AI' → 80 entries, 87 kept so far
04:51:48  INFO     [GR] 'artificial intelligence' → 100 entries, 52 kept so far
04:51:48  INFO     [HU] 'AI regulation' → 79 entries, 23 kept so far
04:51:49  INFO     [PT] +23 new articles saved
04:51:49  INFO     [RO] 'generative AI' → 77 entries, 125 kept so far
04:51:49  INFO     [CZ] +7 new articles saved
04:51:49  INFO     [SK] 'artificial intelligence' → 100 entries, 25 kept so far
04:51:50  INFO     [IE] 'artificial intelligence' → 100 entries, 54 kept so far
04:51:50  INFO     [GR] 'AI regulation' → 77 entries, 103 kept so far
04:51:50  INFO     [RO] +9 new articles saved
04:51:50  INFO     [HU] 'machine learning' → 71 entries, 43 kept so far
04:51:50  INFO     [HR] 'artificial intelligence' → 102 entries, 57 kept so far
04:51:51  INFO     [SK] 'AI regulation' → 16 entries, 26 kept so far
04:51:51  INFO     [GR] 'machine learning' → 99 entries, 143 kept so far
04:51:52  INFO     [IE] 'AI regulation' → 100 entries, 102 kept so far
04:51:52  INFO     [HU] 'EU AI Act' → 77 entries, 64 kept so far
04:51:52  INFO     [SK] 'machine learning' → 60 entries, 38 kept so far
04:51:52  INFO     [HR] 'AI regulation' → 100 entries, 109 kept so far
04:51:53  INFO     [HU] 'generative AI' → 76 entries, 89 kept so far
04:51:53  INFO     [GR] 'EU AI Act' → 68 entries, 158 kept so far
04:51:53  INFO     [IE] 'machine learning' → 100 entries, 177 kept so far
04:51:53  INFO     [SK] 'EU AI Act' → 50 entries, 49 kept so far
04:51:54  INFO     [HR] 'machine learning' → 100 entries, 182 kept so far
04:51:54  INFO     [HU] +6 new articles saved
04:51:55  INFO     [BG] 'artificial intelligence' → 85 entries, 40 kept so far
04:51:55  INFO     [GR] 'generative AI' → 100 entries, 197 kept so far
04:51:55  INFO     [IE] 'EU AI Act' → 100 entries, 255 kept so far
04:51:55  INFO     [SK] 'generative AI' → 42 entries, 58 kept so far
04:51:55  INFO     [HR] 'EU AI Act' → 100 entries, 261 kept so far
04:51:56  INFO     [GR] +37 new articles saved
04:51:56  INFO     [BG] 'AI regulation' → 7 entries, 41 kept so far
04:51:56  INFO     [SK] +4 new articles saved
04:51:56  INFO     [LT] 'artificial intelligence' → 100 entries, 30 kept so far
04:51:56  INFO     [SI] 'artificial intelligence' → 100 entries, 41 kept so far
04:51:56  INFO     [IE] 'generative AI' → 100 entries, 307 kept so far
04:51:57  INFO     [HR] 'generative AI' → 100 entries, 316 kept so far
04:51:57  INFO     [BG] 'machine learning' → 58 entries, 51 kept so far
04:51:57  INFO     [IE] +88 new articles saved
04:51:58  INFO     [LT] 'AI regulation' → 18 entries, 33 kept so far
04:51:58  INFO     [HR] +32 new articles saved
04:51:58  INFO     [SI] 'AI regulation' → 5 entries, 42 kept so far
04:51:58  INFO     [LV] 'artificial intelligence' → 69 entries, 27 kept so far
04:51:58  INFO     [EE] 'artificial intelligence' → 100 entries, 48 kept so far
04:51:59  INFO     [BG] 'EU AI Act' → 6 entries, 52 kept so far
04:51:59  INFO     [LT] 'machine learning' → 35 entries, 40 kept so far
04:51:59  INFO     [SI] 'machine learning' → 22 entries, 45 kept so far
04:51:59  INFO     [LV] 'AI regulation' → 10 entries, 27 kept so far
04:52:00  INFO     [EE] 'AI regulation' → 11 entries, 48 kept so far
04:52:00  INFO     [BG] 'generative AI' → 30 entries, 55 kept so far
04:52:00  INFO     [LT] 'EU AI Act' → 17 entries, 41 kept so far
04:52:00  INFO     [SI] 'EU AI Act' → 25 entries, 49 kept so far
04:52:00  INFO     [LV] 'machine learning' → 11 entries, 28 kept so far
04:52:01  INFO     [EE] 'machine learning' → 13 entries, 48 kept so far
04:52:01  INFO     [BG] +3 new articles saved
04:52:01  INFO     [CY] 'artificial intelligence' → 100 entries, 52 kept so far
04:52:02  INFO     [LT] 'generative AI' → 29 entries, 50 kept so far
04:52:02  INFO     [SI] 'generative AI' → 12 entries, 52 kept so far
04:52:02  INFO     [LV] 'EU AI Act' → 8 entries, 28 kept so far
04:52:02  INFO     [EE] 'EU AI Act' → 22 entries, 52 kept so far
04:52:03  INFO     [LT] +2 new articles saved
04:52:03  INFO     [SI] +3 new articles saved
04:52:03  INFO     [MT] 'artificial intelligence' → 102 entries, 57 kept so far
04:52:03  INFO     [CY] 'AI regulation' → 77 entries, 103 kept so far
04:52:03  INFO     [LV] 'generative AI' → 10 entries, 29 kept so far
04:52:03  INFO     [LU] 'artificial intelligence' → 100 entries, 52 kept so far
04:52:04  INFO     [EE] 'generative AI' → 16 entries, 57 kept so far
04:52:04  INFO     [MT] 'AI regulation' → 100 entries, 109 kept so far
04:52:04  INFO     [LV] +3 new articles saved
04:52:04  INFO     [CY] 'machine learning' → 99 entries, 143 kept so far
04:52:05  INFO     [EE] +5 new articles saved
04:52:05  INFO     [LU] 'AI regulation' → 100 entries, 143 kept so far
04:52:05  INFO     [MT] 'machine learning' → 100 entries, 182 kept so far
04:52:06  INFO     [CY] 'EU AI Act' → 68 entries, 158 kept so far
04:52:06  INFO     [MT] 'EU AI Act' → 100 entries, 261 kept so far
04:52:06  INFO     [LU] 'machine learning' → 100 entries, 207 kept so far
04:52:07  INFO     [MT] 'generative AI' → 100 entries, 316 kept so far
04:52:07  INFO     [CY] 'generative AI' → 100 entries, 196 kept so far
04:52:08  INFO     [LU] 'EU AI Act' → 76 entries, 235 kept so far
04:52:08  INFO     [MT] +0 new articles saved
04:52:08  INFO     [CY] +0 new articles saved
04:52:09  INFO     [LU] 'generative AI' → 100 entries, 266 kept so far
04:52:10  INFO     [LU] +1 new articles saved
04:52:10  INFO     Scrape complete. 547 new articles this run.
