13:24:50  INFO     Starting scrape: 27 countries, 5 queries each
/home/runner/work/EU_AI_News/EU_AI_News/eu_ai_news_scraper.py:230: DeprecationWarning: datetime.datetime.utcnow() is deprecated and scheduled for removal in a future version. Use timezone-aware objects to represent datetimes in UTC: datetime.datetime.now(datetime.UTC).
  "scraped_at":   datetime.utcnow().isoformat(),
13:24:51  INFO     [FR] 'artificial intelligence' → 101 entries, 41 kept so far
13:24:51  INFO     [DE] 'artificial intelligence' → 100 entries, 51 kept so far
13:24:51  INFO     [IT] 'artificial intelligence' → 100 entries, 39 kept so far
13:24:51  INFO     [PL] 'artificial intelligence' → 100 entries, 12 kept so far
13:24:51  INFO     [ES] 'artificial intelligence' → 100 entries, 65 kept so far
13:24:52  INFO     [DE] 'AI regulation' → 100 entries, 100 kept so far
13:24:52  INFO     [FR] 'AI regulation' → 100 entries, 103 kept so far
13:24:53  INFO     [PL] 'AI regulation' → 100 entries, 78 kept so far
13:24:53  INFO     [IT] 'AI regulation' → 100 entries, 95 kept so far
13:24:53  INFO     [ES] 'AI regulation' → 79 entries, 90 kept so far
13:24:54  INFO     [FR] 'machine learning' → 100 entries, 158 kept so far
13:24:54  INFO     [DE] 'machine learning' → 100 entries, 147 kept so far
13:24:54  INFO     [IT] 'machine learning' → 100 entries, 168 kept so far
13:24:54  INFO     [PL] 'machine learning' → 100 entries, 113 kept so far
13:24:54  INFO     [ES] 'machine learning' → 100 entries, 164 kept so far
13:24:55  INFO     [FR] 'EU AI Act' → 76 entries, 206 kept so far
13:24:56  INFO     [DE] 'EU AI Act' → 100 entries, 231 kept so far
13:24:56  INFO     [PL] 'EU AI Act' → 77 entries, 127 kept so far
13:24:56  INFO     [IT] 'EU AI Act' → 100 entries, 240 kept so far
13:24:56  INFO     [ES] 'EU AI Act' → 77 entries, 201 kept so far
13:24:57  INFO     [FR] 'generative AI' → 100 entries, 237 kept so far
13:24:57  INFO     [DE] 'generative AI' → 100 entries, 251 kept so far
13:24:57  INFO     [PL] 'generative AI' → 100 entries, 160 kept so far
13:24:57  INFO     [IT] 'generative AI' → 100 entries, 281 kept so far
13:24:58  INFO     [ES] 'generative AI' → 100 entries, 239 kept so far
13:24:58  INFO     [FR] +101 new articles saved
13:24:58  INFO     [DE] +171 new articles saved
13:24:58  INFO     [PL] +68 new articles saved
13:24:58  INFO     [IT] +134 new articles saved
13:24:58  INFO     [NL] 'artificial intelligence' → 100 entries, 6 kept so far
13:24:59  INFO     [ES] +110 new articles saved
13:24:59  INFO     [BE] 'artificial intelligence' → 100 entries, 53 kept so far
13:24:59  INFO     [SE] 'artificial intelligence' → 100 entries, 10 kept so far
13:24:59  INFO     [AT] 'artificial intelligence' → 100 entries, 45 kept so far
13:24:59  INFO     [DK] 'artificial intelligence' → 100 entries, 15 kept so far
13:25:00  INFO     [NL] 'AI regulation' → 78 entries, 41 kept so far
13:25:00  INFO     [SE] 'AI regulation' → 77 entries, 25 kept so far
13:25:00  INFO     [BE] 'AI regulation' → 100 entries, 113 kept so far
13:25:00  INFO     [AT] 'AI regulation' → 66 entries, 85 kept so far
13:25:01  INFO     [DK] 'AI regulation' → 29 entries, 17 kept so far
13:25:01  INFO     [NL] 'machine learning' → 100 entries, 95 kept so far
13:25:02  INFO     [SE] 'machine learning' → 73 entries, 48 kept so far
13:25:02  INFO     [BE] 'machine learning' → 100 entries, 166 kept so far
13:25:02  INFO     [AT] 'machine learning' → 100 entries, 131 kept so far
13:25:02  INFO     [DK] 'machine learning' → 79 entries, 40 kept so far
13:25:03  INFO     [NL] 'EU AI Act' → 98 entries, 122 kept so far
13:25:03  INFO     [SE] 'EU AI Act' → 76 entries, 55 kept so far
13:25:04  INFO     [BE] 'EU AI Act' → 80 entries, 215 kept so far
13:25:04  INFO     [AT] 'EU AI Act' → 100 entries, 219 kept so far
13:25:04  INFO     [DK] 'EU AI Act' → 76 entries, 59 kept so far
13:25:04  INFO     [NL] 'generative AI' → 100 entries, 150 kept so far
13:25:05  INFO     [SE] 'generative AI' → 76 entries, 68 kept so far
13:25:05  INFO     [BE] 'generative AI' → 100 entries, 243 kept so far
13:25:05  INFO     [AT] 'generative AI' → 100 entries, 240 kept so far
13:25:05  INFO     [DK] 'generative AI' → 100 entries, 93 kept so far
13:25:06  INFO     [NL] +45 new articles saved
13:25:06  INFO     [SE] +25 new articles saved
13:25:06  INFO     [FI] 'artificial intelligence' → 100 entries, 55 kept so far
13:25:06  INFO     [BE] +23 new articles saved
13:25:06  INFO     [AT] +43 new articles saved
13:25:06  INFO     [PT] 'artificial intelligence' → 100 entries, 60 kept so far
13:25:06  INFO     [DK] +22 new articles saved
13:25:07  INFO     [CZ] 'artificial intelligence' → 100 entries, 19 kept so far
13:25:07  INFO     [RO] 'artificial intelligence' → 100 entries, 42 kept so far
13:25:07  INFO     [HU] 'artificial intelligence' → 100 entries, 20 kept so far
13:25:08  INFO     [FI] 'AI regulation' → 43 entries, 68 kept so far
13:25:08  INFO     [PT] 'AI regulation' → 78 entries, 90 kept so far
13:25:08  INFO     [RO] 'AI regulation' → 15 entries, 44 kept so far
13:25:08  INFO     [CZ] 'AI regulation' → 73 entries, 43 kept so far
13:25:08  INFO     [HU] 'AI regulation' → 78 entries, 23 kept so far
13:25:09  INFO     [FI] 'machine learning' → 94 entries, 105 kept so far
13:25:09  INFO     [PT] 'machine learning' → 100 entries, 167 kept so far
13:25:10  INFO     [RO] 'machine learning' → 100 entries, 95 kept so far
13:25:10  INFO     [CZ] 'machine learning' → 83 entries, 64 kept so far
13:25:10  INFO     [HU] 'machine learning' → 68 entries, 47 kept so far
13:25:11  INFO     [FI] 'EU AI Act' → 71 entries, 140 kept so far
13:25:11  INFO     [PT] 'EU AI Act' → 43 entries, 174 kept so far
13:25:11  INFO     [RO] 'EU AI Act' → 77 entries, 107 kept so far
13:25:11  INFO     [CZ] 'EU AI Act' → 76 entries, 78 kept so far
13:25:11  INFO     [HU] 'EU AI Act' → 77 entries, 67 kept so far
13:25:12  INFO     [FI] 'generative AI' → 63 entries, 176 kept so far
13:25:12  INFO     [PT] 'generative AI' → 100 entries, 204 kept so far
13:25:13  INFO     [RO] 'generative AI' → 83 entries, 129 kept so far
13:25:13  INFO     [CZ] 'generative AI' → 83 entries, 94 kept so far
13:25:13  INFO     [HU] 'generative AI' → 74 entries, 90 kept so far
13:25:13  INFO     [FI] +69 new articles saved
13:25:13  INFO     [PT] +95 new articles saved
13:25:14  INFO     [RO] +47 new articles saved
13:25:14  INFO     [CZ] +52 new articles saved
13:25:14  INFO     [GR] 'artificial intelligence' → 100 entries, 47 kept so far
13:25:14  INFO     [HU] +40 new articles saved
13:25:14  INFO     [SK] 'artificial intelligence' → 100 entries, 19 kept so far
13:25:14  INFO     [HR] 'artificial intelligence' → 102 entries, 67 kept so far
13:25:14  INFO     [BG] 'artificial intelligence' → 68 entries, 32 kept so far
13:25:14  INFO     [IE] 'artificial intelligence' → 100 entries, 68 kept so far
13:25:15  INFO     [GR] 'AI regulation' → 49 entries, 90 kept so far
13:25:15  INFO     [SK] 'AI regulation' → 23 entries, 21 kept so far
13:25:16  INFO     [BG] 'AI regulation' → 6 entries, 35 kept so far
13:25:16  INFO     [HR] 'AI regulation' → 100 entries, 101 kept so far
13:25:16  INFO     [IE] 'AI regulation' → 100 entries, 103 kept so far
13:25:17  INFO     [GR] 'machine learning' → 90 entries, 128 kept so far
13:25:17  INFO     [SK] 'machine learning' → 56 entries, 33 kept so far
13:25:17  INFO     [BG] 'machine learning' → 53 entries, 44 kept so far
13:25:17  INFO     [HR] 'machine learning' → 100 entries, 172 kept so far
13:25:18  INFO     [IE] 'machine learning' → 100 entries, 167 kept so far
13:25:18  INFO     [GR] 'EU AI Act' → 62 entries, 148 kept so far
13:25:18  INFO     [BG] 'EU AI Act' → 10 entries, 47 kept so far
13:25:18  INFO     [SK] 'EU AI Act' → 62 entries, 47 kept so far
13:25:19  INFO     [HR] 'EU AI Act' → 100 entries, 252 kept so far
13:25:19  INFO     [IE] 'EU AI Act' → 100 entries, 245 kept so far
13:25:20  INFO     [GR] 'generative AI' → 100 entries, 191 kept so far
13:25:20  INFO     [BG] 'generative AI' → 31 entries, 54 kept so far
13:25:20  INFO     [SK] 'generative AI' → 50 entries, 54 kept so far
13:25:20  INFO     [HR] 'generative AI' → 102 entries, 318 kept so far
13:25:21  INFO     [GR] +109 new articles saved
13:25:21  INFO     [BG] +26 new articles saved
13:25:21  INFO     [SK] +18 new articles saved
13:25:21  INFO     [IE] 'generative AI' → 100 entries, 314 kept so far
13:25:21  INFO     [LV] 'artificial intelligence' → 69 entries, 21 kept so far
13:25:21  INFO     [LT] 'artificial intelligence' → 91 entries, 36 kept so far
13:25:21  INFO     [SI] 'artificial intelligence' → 100 entries, 49 kept so far
13:25:21  INFO     [HR] +250 new articles saved
13:25:22  INFO     [IE] +79 new articles saved
13:25:22  INFO     [EE] 'artificial intelligence' → 100 entries, 46 kept so far
13:25:22  INFO     [LV] 'AI regulation' → 4 entries, 21 kept so far
13:25:22  INFO     [CY] 'artificial intelligence' → 100 entries, 47 kept so far
13:25:22  INFO     [LT] 'AI regulation' → 11 entries, 37 kept so far
13:25:22  INFO     [SI] 'AI regulation' → 1 entries, 49 kept so far
13:25:23  INFO     [EE] 'AI regulation' → 7 entries, 46 kept so far
13:25:24  INFO     [LV] 'machine learning' → 10 entries, 23 kept so far
13:25:24  INFO     [SI] 'machine learning' → 24 entries, 52 kept so far
13:25:24  INFO     [CY] 'AI regulation' → 49 entries, 90 kept so far
13:25:24  INFO     [LT] 'machine learning' → 45 entries, 43 kept so far
13:25:25  INFO     [EE] 'machine learning' → 28 entries, 49 kept so far
13:25:25  INFO     [LV] 'EU AI Act' → 8 entries, 23 kept so far
13:25:25  INFO     [SI] 'EU AI Act' → 22 entries, 56 kept so far
13:25:25  INFO     [LT] 'EU AI Act' → 20 entries, 44 kept so far
13:25:25  INFO     [CY] 'machine learning' → 90 entries, 128 kept so far
13:25:26  INFO     [LV] 'generative AI' → 6 entries, 25 kept so far
13:25:26  INFO     [EE] 'EU AI Act' → 17 entries, 51 kept so far
13:25:26  INFO     [SI] 'generative AI' → 16 entries, 59 kept so far
13:25:27  INFO     [LT] 'generative AI' → 26 entries, 50 kept so far
13:25:27  INFO     [CY] 'EU AI Act' → 62 entries, 148 kept so far
13:25:27  INFO     [LV] +10 new articles saved
13:25:27  INFO     [EE] 'generative AI' → 10 entries, 54 kept so far
13:25:27  INFO     [SI] +18 new articles saved
13:25:28  INFO     [LU] 'artificial intelligence' → 101 entries, 41 kept so far
13:25:28  INFO     [LT] +19 new articles saved
13:25:28  INFO     [MT] 'artificial intelligence' → 102 entries, 67 kept so far
13:25:28  INFO     [CY] 'generative AI' → 100 entries, 191 kept so far
13:25:28  INFO     [EE] +16 new articles saved
13:25:29  INFO     [MT] 'AI regulation' → 100 entries, 101 kept so far
13:25:29  INFO     [LU] 'AI regulation' → 100 entries, 103 kept so far
13:25:29  INFO     [CY] +0 new articles saved
13:25:30  INFO     [MT] 'machine learning' → 100 entries, 172 kept so far
13:25:31  INFO     [LU] 'machine learning' → 100 entries, 156 kept so far
13:25:31  INFO     [MT] 'EU AI Act' → 100 entries, 252 kept so far
13:25:32  INFO     [LU] 'EU AI Act' → 76 entries, 204 kept so far
13:25:32  INFO     [MT] 'generative AI' → 102 entries, 318 kept so far
13:25:33  INFO     [LU] 'generative AI' → 100 entries, 235 kept so far
13:25:33  INFO     [MT] +0 new articles saved
13:25:34  INFO     [LU] +0 new articles saved
13:25:34  INFO     Scrape complete. 1590 new articles this run.
