03:17:19  INFO     Starting scrape: 27 countries, 5 queries each
/home/runner/work/EU_AI_News/EU_AI_News/eu_ai_news_scraper.py:230: DeprecationWarning: datetime.datetime.utcnow() is deprecated and scheduled for removal in a future version. Use timezone-aware objects to represent datetimes in UTC: datetime.datetime.now(datetime.UTC).
  "scraped_at":   datetime.utcnow().isoformat(),
03:17:19  INFO     [PL] 'artificial intelligence' → 100 entries, 19 kept so far
03:17:19  INFO     [IT] 'artificial intelligence' → 100 entries, 43 kept so far
03:17:19  INFO     [DE] 'artificial intelligence' → 100 entries, 61 kept so far
03:17:20  INFO     [ES] 'artificial intelligence' → 100 entries, 65 kept so far
03:17:20  INFO     [FR] 'artificial intelligence' → 100 entries, 47 kept so far
03:17:21  INFO     [PL] 'AI regulation' → 78 entries, 73 kept so far
03:17:21  INFO     [IT] 'AI regulation' → 100 entries, 131 kept so far
03:17:21  INFO     [DE] 'AI regulation' → 100 entries, 135 kept so far
03:17:21  INFO     [ES] 'AI regulation' → 78 entries, 102 kept so far
03:17:21  INFO     [FR] 'AI regulation' → 100 entries, 137 kept so far
03:17:23  INFO     [PL] 'machine learning' → 100 entries, 114 kept so far
03:17:23  INFO     [IT] 'machine learning' → 100 entries, 215 kept so far
03:17:23  INFO     [DE] 'machine learning' → 100 entries, 177 kept so far
03:17:23  INFO     [ES] 'machine learning' → 100 entries, 185 kept so far
03:17:23  INFO     [FR] 'machine learning' → 100 entries, 196 kept so far
03:17:24  INFO     [PL] 'EU AI Act' → 69 entries, 139 kept so far
03:17:24  INFO     [IT] 'EU AI Act' → 100 entries, 285 kept so far
03:17:24  INFO     [DE] 'EU AI Act' → 100 entries, 249 kept so far
03:17:25  INFO     [ES] 'EU AI Act' → 76 entries, 213 kept so far
03:17:25  INFO     [FR] 'EU AI Act' → 84 entries, 233 kept so far
03:17:26  INFO     [PL] 'generative AI' → 100 entries, 171 kept so far
03:17:26  INFO     [IT] 'generative AI' → 100 entries, 332 kept so far
03:17:26  INFO     [DE] 'generative AI' → 100 entries, 276 kept so far
03:17:26  INFO     [FR] 'generative AI' → 100 entries, 270 kept so far
03:17:26  INFO     [ES] 'generative AI' → 100 entries, 257 kept so far
03:17:27  INFO     [PL] +75 new articles saved
03:17:27  INFO     [IT] +146 new articles saved
03:17:27  INFO     [DE] +138 new articles saved
03:17:27  INFO     [NL] 'artificial intelligence' → 100 entries, 10 kept so far
03:17:27  INFO     [FR] +102 new articles saved
03:17:27  INFO     [ES] +112 new articles saved
03:17:28  INFO     [SE] 'artificial intelligence' → 100 entries, 7 kept so far
03:17:28  INFO     [BE] 'artificial intelligence' → 100 entries, 52 kept so far
03:17:28  INFO     [DK] 'artificial intelligence' → 100 entries, 31 kept so far
03:17:28  INFO     [AT] 'artificial intelligence' → 100 entries, 47 kept so far
03:17:29  INFO     [NL] 'AI regulation' → 78 entries, 43 kept so far
03:17:29  INFO     [SE] 'AI regulation' → 78 entries, 24 kept so far
03:17:29  INFO     [BE] 'AI regulation' → 100 entries, 133 kept so far
03:17:29  INFO     [DK] 'AI regulation' → 35 entries, 36 kept so far
03:17:30  INFO     [AT] 'AI regulation' → 100 entries, 125 kept so far
03:17:30  INFO     [NL] 'machine learning' → 100 entries, 99 kept so far
03:17:31  INFO     [SE] 'machine learning' → 73 entries, 45 kept so far
03:17:31  INFO     [BE] 'machine learning' → 100 entries, 203 kept so far
03:17:31  INFO     [DK] 'machine learning' → 76 entries, 53 kept so far
03:17:31  INFO     [AT] 'machine learning' → 100 entries, 167 kept so far
03:17:32  INFO     [NL] 'EU AI Act' → 88 entries, 121 kept so far
03:17:32  INFO     [SE] 'EU AI Act' → 60 entries, 53 kept so far
03:17:33  INFO     [BE] 'EU AI Act' → 87 entries, 244 kept so far
03:17:33  INFO     [DK] 'EU AI Act' → 78 entries, 81 kept so far
03:17:33  INFO     [AT] 'EU AI Act' → 100 entries, 249 kept so far
03:17:33  INFO     [NL] 'generative AI' → 100 entries, 151 kept so far
03:17:34  INFO     [SE] 'generative AI' → 75 entries, 68 kept so far
03:17:34  INFO     [BE] 'generative AI' → 100 entries, 280 kept so far
03:17:34  INFO     [DK] 'generative AI' → 100 entries, 117 kept so far
03:17:34  INFO     [AT] 'generative AI' → 100 entries, 274 kept so far
03:17:34  INFO     [NL] +42 new articles saved
03:17:35  INFO     [SE] +22 new articles saved
03:17:35  INFO     [FI] 'artificial intelligence' → 100 entries, 62 kept so far
03:17:35  INFO     [BE] +54 new articles saved
03:17:35  INFO     [DK] +59 new articles saved
03:17:35  INFO     [PT] 'artificial intelligence' → 100 entries, 56 kept so far
03:17:35  INFO     [AT] +32 new articles saved
03:17:36  INFO     [CZ] 'artificial intelligence' → 100 entries, 24 kept so far
03:17:36  INFO     [RO] 'artificial intelligence' → 100 entries, 41 kept so far
03:17:36  INFO     [HU] 'artificial intelligence' → 100 entries, 16 kept so far
03:17:37  INFO     [FI] 'AI regulation' → 51 entries, 71 kept so far
03:17:37  INFO     [PT] 'AI regulation' → 57 entries, 91 kept so far
03:17:37  INFO     [CZ] 'AI regulation' → 78 entries, 42 kept so far
03:17:37  INFO     [RO] 'AI regulation' → 76 entries, 50 kept so far
03:17:37  INFO     [HU] 'AI regulation' → 79 entries, 21 kept so far
03:17:38  INFO     [FI] 'machine learning' → 85 entries, 104 kept so far
03:17:39  INFO     [PT] 'machine learning' → 100 entries, 166 kept so far
03:17:39  INFO     [CZ] 'machine learning' → 80 entries, 61 kept so far
03:17:39  INFO     [RO] 'machine learning' → 100 entries, 94 kept so far
03:17:39  INFO     [HU] 'machine learning' → 65 entries, 43 kept so far
03:17:40  INFO     [FI] 'EU AI Act' → 58 entries, 140 kept so far
03:17:40  INFO     [PT] 'EU AI Act' → 51 entries, 174 kept so far
03:17:40  INFO     [CZ] 'EU AI Act' → 73 entries, 69 kept so far
03:17:41  INFO     [RO] 'EU AI Act' → 75 entries, 107 kept so far
03:17:41  INFO     [HU] 'EU AI Act' → 78 entries, 61 kept so far
03:17:41  INFO     [FI] 'generative AI' → 65 entries, 172 kept so far
03:17:42  INFO     [PT] 'generative AI' → 100 entries, 212 kept so far
03:17:42  INFO     [CZ] 'generative AI' → 85 entries, 82 kept so far
03:17:42  INFO     [HU] 'generative AI' → 72 entries, 86 kept so far
03:17:42  INFO     [RO] 'generative AI' → 78 entries, 123 kept so far
03:17:42  INFO     [FI] +72 new articles saved
03:17:43  INFO     [GR] 'artificial intelligence' → 100 entries, 44 kept so far
03:17:43  INFO     [PT] +99 new articles saved
03:17:43  INFO     [CZ] +38 new articles saved
03:17:43  INFO     [HU] +37 new articles saved
03:17:43  INFO     [RO] +38 new articles saved
03:17:43  INFO     [SK] 'artificial intelligence' → 100 entries, 29 kept so far
03:17:44  INFO     [HR] 'artificial intelligence' → 100 entries, 48 kept so far
03:17:44  INFO     [IE] 'artificial intelligence' → 100 entries, 55 kept so far
03:17:44  INFO     [BG] 'artificial intelligence' → 68 entries, 27 kept so far
03:17:44  INFO     [GR] 'AI regulation' → 73 entries, 91 kept so far
03:17:45  INFO     [SK] 'AI regulation' → 16 entries, 31 kept so far
03:17:45  INFO     [BG] 'AI regulation' → 7 entries, 29 kept so far
03:17:45  INFO     [HR] 'AI regulation' → 100 entries, 94 kept so far
03:17:45  INFO     [IE] 'AI regulation' → 100 entries, 102 kept so far
03:17:46  INFO     [GR] 'machine learning' → 100 entries, 138 kept so far
03:17:46  INFO     [SK] 'machine learning' → 59 entries, 48 kept so far
03:17:46  INFO     [BG] 'machine learning' → 51 entries, 38 kept so far
03:17:47  INFO     [HR] 'machine learning' → 100 entries, 155 kept so far
03:17:47  INFO     [IE] 'machine learning' → 100 entries, 168 kept so far
03:17:47  INFO     [GR] 'EU AI Act' → 36 entries, 143 kept so far
03:17:48  INFO     [SK] 'EU AI Act' → 51 entries, 61 kept so far
03:17:48  INFO     [BG] 'EU AI Act' → 31 entries, 43 kept so far
03:17:48  INFO     [HR] 'EU AI Act' → 100 entries, 234 kept so far
03:17:49  INFO     [GR] 'generative AI' → 100 entries, 184 kept so far
03:17:49  INFO     [IE] 'EU AI Act' → 100 entries, 242 kept so far
03:17:49  INFO     [SK] 'generative AI' → 43 entries, 70 kept so far
03:17:49  INFO     [BG] 'generative AI' → 28 entries, 46 kept so far
03:17:50  INFO     [HR] 'generative AI' → 100 entries, 301 kept so far
03:17:50  INFO     [GR] +101 new articles saved
03:17:50  INFO     [SK] +26 new articles saved
03:17:50  INFO     [BG] +22 new articles saved
03:17:51  INFO     [LT] 'artificial intelligence' → 100 entries, 28 kept so far
03:17:51  INFO     [IE] 'generative AI' → 100 entries, 309 kept so far
03:17:51  INFO     [SI] 'artificial intelligence' → 100 entries, 36 kept so far
03:17:51  INFO     [LV] 'artificial intelligence' → 57 entries, 22 kept so far
03:17:51  INFO     [HR] +220 new articles saved
03:17:52  INFO     [EE] 'artificial intelligence' → 100 entries, 49 kept so far
03:17:52  INFO     [IE] +67 new articles saved
03:17:52  INFO     [LT] 'AI regulation' → 15 entries, 31 kept so far
03:17:52  INFO     [LV] 'AI regulation' → 8 entries, 22 kept so far
03:17:52  INFO     [SI] 'AI regulation' → 3 entries, 37 kept so far
03:17:52  INFO     [CY] 'artificial intelligence' → 100 entries, 44 kept so far
03:17:53  INFO     [EE] 'AI regulation' → 10 entries, 49 kept so far
03:17:53  INFO     [LV] 'machine learning' → 9 entries, 24 kept so far
03:17:53  INFO     [LT] 'machine learning' → 58 entries, 35 kept so far
03:17:53  INFO     [SI] 'machine learning' → 25 entries, 41 kept so far
03:17:54  INFO     [CY] 'AI regulation' → 68 entries, 76 kept so far
03:17:54  INFO     [EE] 'machine learning' → 18 entries, 51 kept so far
03:17:54  INFO     [LV] 'EU AI Act' → 10 entries, 24 kept so far
03:17:55  INFO     [LT] 'EU AI Act' → 21 entries, 36 kept so far
03:17:55  INFO     [SI] 'EU AI Act' → 24 entries, 46 kept so far
03:17:55  INFO     [CY] 'machine learning' → 100 entries, 122 kept so far
03:17:56  INFO     [EE] 'EU AI Act' → 11 entries, 54 kept so far
03:17:56  INFO     [LV] 'generative AI' → 9 entries, 27 kept so far
03:17:56  INFO     [LT] 'generative AI' → 24 entries, 44 kept so far
03:17:56  INFO     [SI] 'generative AI' → 12 entries, 48 kept so far
03:17:57  INFO     [CY] 'EU AI Act' → 32 entries, 130 kept so far
03:17:57  INFO     [LV] +8 new articles saved
03:17:57  INFO     [EE] 'generative AI' → 10 entries, 57 kept so far
03:17:57  INFO     [LT] +18 new articles saved
03:17:57  INFO     [SI] +9 new articles saved
03:17:57  INFO     [MT] 'artificial intelligence' → 100 entries, 48 kept so far
03:17:57  INFO     [LU] 'artificial intelligence' → 100 entries, 50 kept so far
03:17:58  INFO     [EE] +15 new articles saved
03:17:58  INFO     [CY] 'generative AI' → 100 entries, 171 kept so far
03:17:58  INFO     [MT] 'AI regulation' → 100 entries, 94 kept so far
03:17:59  INFO     [LU] 'AI regulation' → 100 entries, 139 kept so far
03:17:59  INFO     [CY] +4 new articles saved
03:17:59  INFO     [MT] 'machine learning' → 100 entries, 155 kept so far
03:18:00  INFO     [LU] 'machine learning' → 100 entries, 198 kept so far
03:18:01  INFO     [MT] 'EU AI Act' → 100 entries, 234 kept so far
03:18:02  INFO     [MT] 'generative AI' → 100 entries, 301 kept so far
03:18:02  INFO     [LU] 'EU AI Act' → 83 entries, 233 kept so far
03:18:03  INFO     [MT] +0 new articles saved
03:18:04  INFO     [LU] 'generative AI' → 100 entries, 270 kept so far
03:18:05  INFO     [LU] +2 new articles saved
03:18:05  INFO     Scrape complete. 1558 new articles this run.
