02:56:45  INFO     Starting scrape: 27 countries, 5 queries each
/home/runner/work/EU_AI_News/EU_AI_News/eu_ai_news_scraper.py:230: DeprecationWarning: datetime.datetime.utcnow() is deprecated and scheduled for removal in a future version. Use timezone-aware objects to represent datetimes in UTC: datetime.datetime.now(datetime.UTC).
  "scraped_at":   datetime.utcnow().isoformat(),
02:56:46  INFO     [IT] 'artificial intelligence' → 100 entries, 35 kept so far
02:56:46  INFO     [DE] 'artificial intelligence' → 100 entries, 49 kept so far
02:56:46  INFO     [FR] 'artificial intelligence' → 100 entries, 48 kept so far
02:56:46  INFO     [PL] 'artificial intelligence' → 100 entries, 14 kept so far
02:56:46  INFO     [ES] 'artificial intelligence' → 100 entries, 58 kept so far
02:56:48  INFO     [IT] 'AI regulation' → 100 entries, 121 kept so far
02:56:48  INFO     [DE] 'AI regulation' → 98 entries, 125 kept so far
02:56:48  INFO     [FR] 'AI regulation' → 100 entries, 123 kept so far
02:56:48  INFO     [PL] 'AI regulation' → 100 entries, 79 kept so far
02:56:48  INFO     [ES] 'AI regulation' → 79 entries, 104 kept so far
02:56:49  INFO     [DE] 'machine learning' → 100 entries, 169 kept so far
02:56:49  INFO     [IT] 'machine learning' → 100 entries, 196 kept so far
02:56:49  INFO     [FR] 'machine learning' → 100 entries, 177 kept so far
02:56:50  INFO     [PL] 'machine learning' → 100 entries, 115 kept so far
02:56:50  INFO     [ES] 'machine learning' → 100 entries, 178 kept so far
02:56:51  INFO     [DE] 'EU AI Act' → 100 entries, 248 kept so far
02:56:51  INFO     [IT] 'EU AI Act' → 100 entries, 260 kept so far
02:56:51  INFO     [FR] 'EU AI Act' → 78 entries, 218 kept so far
02:56:51  INFO     [PL] 'EU AI Act' → 77 entries, 130 kept so far
02:56:51  INFO     [ES] 'EU AI Act' → 77 entries, 204 kept so far
02:56:52  INFO     [DE] 'generative AI' → 100 entries, 269 kept so far
02:56:53  INFO     [IT] 'generative AI' → 100 entries, 302 kept so far
02:56:53  INFO     [FR] 'generative AI' → 100 entries, 247 kept so far
02:56:53  INFO     [PL] 'generative AI' → 100 entries, 163 kept so far
02:56:53  INFO     [ES] 'generative AI' → 100 entries, 243 kept so far
02:56:53  INFO     [DE] +181 new articles saved
02:56:54  INFO     [IT] +143 new articles saved
02:56:54  INFO     [FR] +103 new articles saved
02:56:54  INFO     [NL] 'artificial intelligence' → 100 entries, 10 kept so far
02:56:54  INFO     [PL] +71 new articles saved
02:56:54  INFO     [ES] +114 new articles saved
02:56:54  INFO     [BE] 'artificial intelligence' → 100 entries, 63 kept so far
02:56:54  INFO     [SE] 'artificial intelligence' → 100 entries, 5 kept so far
02:56:54  INFO     [AT] 'artificial intelligence' → 100 entries, 50 kept so far
02:56:54  INFO     [DK] 'artificial intelligence' → 100 entries, 17 kept so far
02:56:55  INFO     [NL] 'AI regulation' → 78 entries, 47 kept so far
02:56:56  INFO     [SE] 'AI regulation' → 78 entries, 21 kept so far
02:56:56  INFO     [BE] 'AI regulation' → 100 entries, 141 kept so far
02:56:56  INFO     [DK] 'AI regulation' → 32 entries, 21 kept so far
02:56:56  INFO     [AT] 'AI regulation' → 100 entries, 129 kept so far
02:56:57  INFO     [NL] 'machine learning' → 100 entries, 103 kept so far
02:56:57  INFO     [SE] 'machine learning' → 74 entries, 45 kept so far
02:56:57  INFO     [DK] 'machine learning' → 78 entries, 44 kept so far
02:56:58  INFO     [BE] 'machine learning' → 100 entries, 193 kept so far
02:56:58  INFO     [AT] 'machine learning' → 100 entries, 172 kept so far
02:56:58  INFO     [NL] 'EU AI Act' → 97 entries, 131 kept so far
02:56:59  INFO     [SE] 'EU AI Act' → 76 entries, 51 kept so far
02:56:59  INFO     [DK] 'EU AI Act' → 74 entries, 61 kept so far
02:56:59  INFO     [BE] 'EU AI Act' → 81 entries, 234 kept so far
02:56:59  INFO     [AT] 'EU AI Act' → 100 entries, 255 kept so far
02:57:00  INFO     [NL] 'generative AI' → 100 entries, 161 kept so far
02:57:00  INFO     [SE] 'generative AI' → 71 entries, 62 kept so far
02:57:01  INFO     [DK] 'generative AI' → 100 entries, 94 kept so far
02:57:01  INFO     [BE] 'generative AI' → 100 entries, 260 kept so far
02:57:01  INFO     [AT] 'generative AI' → 100 entries, 276 kept so far
02:57:01  INFO     [NL] +48 new articles saved
02:57:01  INFO     [SE] +18 new articles saved
02:57:01  INFO     [FI] 'artificial intelligence' → 100 entries, 52 kept so far
02:57:02  INFO     [DK] +21 new articles saved
02:57:02  INFO     [BE] +29 new articles saved
02:57:02  INFO     [AT] +38 new articles saved
02:57:02  INFO     [PT] 'artificial intelligence' → 100 entries, 63 kept so far
02:57:02  INFO     [CZ] 'artificial intelligence' → 100 entries, 18 kept so far
02:57:02  INFO     [RO] 'artificial intelligence' → 100 entries, 44 kept so far
02:57:03  INFO     [HU] 'artificial intelligence' → 100 entries, 17 kept so far
02:57:03  INFO     [FI] 'AI regulation' → 51 entries, 66 kept so far
02:57:04  INFO     [PT] 'AI regulation' → 78 entries, 93 kept so far
02:57:04  INFO     [CZ] 'AI regulation' → 73 entries, 41 kept so far
02:57:04  INFO     [RO] 'AI regulation' → 78 entries, 54 kept so far
02:57:04  INFO     [HU] 'AI regulation' → 79 entries, 21 kept so far
02:57:05  INFO     [FI] 'machine learning' → 94 entries, 105 kept so far
02:57:05  INFO     [CZ] 'machine learning' → 83 entries, 60 kept so far
02:57:05  INFO     [PT] 'machine learning' → 100 entries, 170 kept so far
02:57:05  INFO     [RO] 'machine learning' → 100 entries, 102 kept so far
02:57:06  INFO     [HU] 'machine learning' → 68 entries, 44 kept so far
02:57:06  INFO     [FI] 'EU AI Act' → 75 entries, 140 kept so far
02:57:07  INFO     [CZ] 'EU AI Act' → 75 entries, 74 kept so far
02:57:07  INFO     [PT] 'EU AI Act' → 45 entries, 177 kept so far
02:57:07  INFO     [RO] 'EU AI Act' → 78 entries, 116 kept so far
02:57:07  INFO     [HU] 'EU AI Act' → 77 entries, 64 kept so far
02:57:08  INFO     [FI] 'generative AI' → 68 entries, 179 kept so far
02:57:08  INFO     [CZ] 'generative AI' → 87 entries, 92 kept so far
02:57:08  INFO     [RO] 'generative AI' → 81 entries, 137 kept so far
02:57:09  INFO     [PT] 'generative AI' → 100 entries, 205 kept so far
02:57:09  INFO     [HU] 'generative AI' → 71 entries, 88 kept so far
02:57:09  INFO     [FI] +70 new articles saved
02:57:09  INFO     [GR] 'artificial intelligence' → 100 entries, 43 kept so far
02:57:09  INFO     [CZ] +50 new articles saved
02:57:09  INFO     [RO] +51 new articles saved
02:57:10  INFO     [PT] +87 new articles saved
02:57:10  INFO     [HU] +39 new articles saved
02:57:10  INFO     [SK] 'artificial intelligence' → 100 entries, 23 kept so far
02:57:10  INFO     [HR] 'artificial intelligence' → 102 entries, 60 kept so far
02:57:10  INFO     [BG] 'artificial intelligence' → 73 entries, 34 kept so far
02:57:10  INFO     [IE] 'artificial intelligence' → 100 entries, 57 kept so far
02:57:11  INFO     [GR] 'AI regulation' → 42 entries, 78 kept so far
02:57:11  INFO     [SK] 'AI regulation' → 22 entries, 26 kept so far
02:57:12  INFO     [BG] 'AI regulation' → 11 entries, 36 kept so far
02:57:12  INFO     [HR] 'AI regulation' → 102 entries, 103 kept so far
02:57:12  INFO     [IE] 'AI regulation' → 100 entries, 94 kept so far
02:57:13  INFO     [GR] 'machine learning' → 92 entries, 114 kept so far
02:57:13  INFO     [SK] 'machine learning' → 56 entries, 40 kept so far
02:57:13  INFO     [HR] 'machine learning' → 100 entries, 169 kept so far
02:57:13  INFO     [BG] 'machine learning' → 55 entries, 44 kept so far
02:57:14  INFO     [IE] 'machine learning' → 100 entries, 157 kept so far
02:57:14  INFO     [GR] 'EU AI Act' → 52 entries, 130 kept so far
02:57:14  INFO     [SK] 'EU AI Act' → 58 entries, 55 kept so far
02:57:14  INFO     [BG] 'EU AI Act' → 10 entries, 47 kept so far
02:57:15  INFO     [HR] 'EU AI Act' → 100 entries, 248 kept so far
02:57:15  INFO     [IE] 'EU AI Act' → 100 entries, 233 kept so far
02:57:16  INFO     [GR] 'generative AI' → 100 entries, 170 kept so far
02:57:16  INFO     [BG] 'generative AI' → 31 entries, 53 kept so far
02:57:16  INFO     [SK] 'generative AI' → 50 entries, 64 kept so far
02:57:16  INFO     [HR] 'generative AI' → 100 entries, 309 kept so far
02:57:17  INFO     [GR] +86 new articles saved
02:57:17  INFO     [BG] +26 new articles saved
02:57:17  INFO     [SK] +23 new articles saved
02:57:17  INFO     [HR] +240 new articles saved
02:57:17  INFO     [IE] 'generative AI' → 100 entries, 292 kept so far
02:57:17  INFO     [LV] 'artificial intelligence' → 70 entries, 21 kept so far
02:57:17  INFO     [LT] 'artificial intelligence' → 83 entries, 35 kept so far
02:57:17  INFO     [SI] 'artificial intelligence' → 100 entries, 46 kept so far
02:57:18  INFO     [EE] 'artificial intelligence' → 100 entries, 51 kept so far
02:57:18  INFO     [IE] +64 new articles saved
02:57:19  INFO     [LV] 'AI regulation' → 6 entries, 21 kept so far
02:57:19  INFO     [CY] 'artificial intelligence' → 100 entries, 43 kept so far
02:57:19  INFO     [LT] 'AI regulation' → 7 entries, 35 kept so far
02:57:19  INFO     [SI] 'AI regulation' → 3 entries, 46 kept so far
02:57:19  INFO     [EE] 'AI regulation' → 8 entries, 51 kept so far
02:57:20  INFO     [LV] 'machine learning' → 11 entries, 23 kept so far
02:57:20  INFO     [CY] 'AI regulation' → 42 entries, 78 kept so far
02:57:20  INFO     [SI] 'machine learning' → 25 entries, 49 kept so far
02:57:20  INFO     [LT] 'machine learning' → 42 entries, 41 kept so far
02:57:20  INFO     [EE] 'machine learning' → 30 entries, 56 kept so far
02:57:21  INFO     [LV] 'EU AI Act' → 8 entries, 23 kept so far
02:57:21  INFO     [SI] 'EU AI Act' → 19 entries, 53 kept so far
02:57:21  INFO     [LT] 'EU AI Act' → 16 entries, 42 kept so far
02:57:21  INFO     [CY] 'machine learning' → 92 entries, 114 kept so far
02:57:22  INFO     [EE] 'EU AI Act' → 16 entries, 58 kept so far
02:57:22  INFO     [LV] 'generative AI' → 6 entries, 24 kept so far
02:57:23  INFO     [SI] 'generative AI' → 18 entries, 55 kept so far
02:57:23  INFO     [LT] 'generative AI' → 25 entries, 49 kept so far
02:57:23  INFO     [CY] 'EU AI Act' → 52 entries, 130 kept so far
02:57:23  INFO     [EE] 'generative AI' → 11 entries, 63 kept so far
02:57:23  INFO     [LV] +8 new articles saved
02:57:24  INFO     [SI] +15 new articles saved
02:57:24  INFO     [LU] 'artificial intelligence' → 100 entries, 48 kept so far
02:57:24  INFO     [LT] +17 new articles saved
02:57:24  INFO     [MT] 'artificial intelligence' → 102 entries, 60 kept so far
02:57:24  INFO     [EE] +25 new articles saved
02:57:24  INFO     [CY] 'generative AI' → 100 entries, 170 kept so far
02:57:25  INFO     [MT] 'AI regulation' → 102 entries, 103 kept so far
02:57:25  INFO     [LU] 'AI regulation' → 100 entries, 123 kept so far
02:57:25  INFO     [CY] +0 new articles saved
02:57:26  INFO     [MT] 'machine learning' → 100 entries, 169 kept so far
02:57:27  INFO     [LU] 'machine learning' → 100 entries, 177 kept so far
02:57:27  INFO     [MT] 'EU AI Act' → 100 entries, 248 kept so far
02:57:28  INFO     [LU] 'EU AI Act' → 78 entries, 218 kept so far
02:57:28  INFO     [MT] 'generative AI' → 100 entries, 309 kept so far
02:57:29  INFO     [MT] +0 new articles saved
02:57:30  INFO     [LU] 'generative AI' → 100 entries, 247 kept so far
02:57:31  INFO     [LU] +0 new articles saved
02:57:31  INFO     Scrape complete. 1567 new articles this run.
