14:02:37  INFO     Starting scrape: 27 countries, 5 queries each
14:02:37  INFO     [FR] 'artificial intelligence' → 101 entries, 35 kept so far
/home/runner/work/EU_AI_News/EU_AI_News/eu_ai_news_scraper.py:230: DeprecationWarning: datetime.datetime.utcnow() is deprecated and scheduled for removal in a future version. Use timezone-aware objects to represent datetimes in UTC: datetime.datetime.now(datetime.UTC).
  "scraped_at":   datetime.utcnow().isoformat(),
14:02:37  INFO     [DE] 'artificial intelligence' → 102 entries, 48 kept so far
14:02:37  INFO     [PL] 'artificial intelligence' → 100 entries, 9 kept so far
14:02:37  INFO     [IT] 'artificial intelligence' → 100 entries, 29 kept so far
14:02:38  INFO     [ES] 'artificial intelligence' → 100 entries, 62 kept so far
14:02:39  INFO     [FR] 'AI regulation' → 100 entries, 126 kept so far
14:02:39  INFO     [DE] 'AI regulation' → 96 entries, 121 kept so far
14:02:39  INFO     [PL] 'AI regulation' → 100 entries, 74 kept so far
14:02:39  INFO     [ES] 'AI regulation' → 76 entries, 99 kept so far
14:02:39  INFO     [IT] 'AI regulation' → 100 entries, 116 kept so far
14:02:40  INFO     [FR] 'machine learning' → 100 entries, 184 kept so far
14:02:40  INFO     [DE] 'machine learning' → 100 entries, 170 kept so far
14:02:41  INFO     [IT] 'machine learning' → 100 entries, 185 kept so far
14:02:41  INFO     [PL] 'machine learning' → 100 entries, 111 kept so far
14:02:41  INFO     [ES] 'machine learning' → 100 entries, 175 kept so far
14:02:42  INFO     [FR] 'EU AI Act' → 77 entries, 214 kept so far
14:02:42  INFO     [DE] 'EU AI Act' → 100 entries, 249 kept so far
14:02:42  INFO     [PL] 'EU AI Act' → 75 entries, 126 kept so far
14:02:43  INFO     [ES] 'EU AI Act' → 78 entries, 200 kept so far
14:02:43  INFO     [IT] 'EU AI Act' → 100 entries, 250 kept so far
14:02:43  INFO     [FR] 'generative AI' → 100 entries, 244 kept so far
14:02:43  INFO     [DE] 'generative AI' → 100 entries, 277 kept so far
14:02:44  INFO     [PL] 'generative AI' → 100 entries, 161 kept so far
14:02:44  INFO     [ES] 'generative AI' → 100 entries, 239 kept so far
14:02:44  INFO     [IT] 'generative AI' → 100 entries, 289 kept so far
14:02:44  INFO     [FR] +93 new articles saved
14:02:44  INFO     [DE] +159 new articles saved
14:02:45  INFO     [PL] +66 new articles saved
14:02:45  INFO     [NL] 'artificial intelligence' → 100 entries, 9 kept so far
14:02:45  INFO     [BE] 'artificial intelligence' → 100 entries, 51 kept so far
14:02:45  INFO     [ES] +107 new articles saved
14:02:45  INFO     [IT] +132 new articles saved
14:02:45  INFO     [SE] 'artificial intelligence' → 100 entries, 8 kept so far
14:02:46  INFO     [AT] 'artificial intelligence' → 100 entries, 46 kept so far
14:02:46  INFO     [DK] 'artificial intelligence' → 100 entries, 14 kept so far
14:02:46  INFO     [NL] 'AI regulation' → 78 entries, 46 kept so far
14:02:47  INFO     [BE] 'AI regulation' → 100 entries, 140 kept so far
14:02:47  INFO     [SE] 'AI regulation' → 76 entries, 23 kept so far
14:02:47  INFO     [DK] 'AI regulation' → 31 entries, 19 kept so far
14:02:47  INFO     [AT] 'AI regulation' → 98 entries, 118 kept so far
14:02:48  INFO     [NL] 'machine learning' → 100 entries, 102 kept so far
14:02:48  INFO     [BE] 'machine learning' → 100 entries, 196 kept so far
14:02:49  INFO     [SE] 'machine learning' → 70 entries, 46 kept so far
14:02:49  INFO     [DK] 'machine learning' → 81 entries, 44 kept so far
14:02:49  INFO     [AT] 'machine learning' → 100 entries, 165 kept so far
14:02:49  INFO     [NL] 'EU AI Act' → 100 entries, 131 kept so far
14:02:50  INFO     [BE] 'EU AI Act' → 77 entries, 223 kept so far
14:02:50  INFO     [SE] 'EU AI Act' → 77 entries, 54 kept so far
14:02:50  INFO     [DK] 'EU AI Act' → 75 entries, 61 kept so far
14:02:51  INFO     [AT] 'EU AI Act' → 100 entries, 250 kept so far
14:02:51  INFO     [NL] 'generative AI' → 100 entries, 160 kept so far
14:02:51  INFO     [BE] 'generative AI' → 100 entries, 249 kept so far
14:02:52  INFO     [SE] 'generative AI' → 78 entries, 68 kept so far
14:02:52  INFO     [DK] 'generative AI' → 100 entries, 94 kept so far
14:02:52  INFO     [NL] +57 new articles saved
14:02:52  INFO     [AT] 'generative AI' → 100 entries, 276 kept so far
14:02:52  INFO     [BE] +21 new articles saved
14:02:53  INFO     [FI] 'artificial intelligence' → 100 entries, 60 kept so far
14:02:53  INFO     [SE] +28 new articles saved
14:02:53  INFO     [DK] +25 new articles saved
14:02:53  INFO     [CZ] 'artificial intelligence' → 100 entries, 18 kept so far
14:02:53  INFO     [PT] 'artificial intelligence' → 100 entries, 62 kept so far
14:02:53  INFO     [RO] 'artificial intelligence' → 100 entries, 40 kept so far
14:02:54  INFO     [AT] +45 new articles saved
14:02:54  INFO     [HU] 'artificial intelligence' → 100 entries, 19 kept so far
14:02:54  INFO     [FI] 'AI regulation' → 49 entries, 72 kept so far
14:02:55  INFO     [CZ] 'AI regulation' → 77 entries, 35 kept so far
14:02:55  INFO     [PT] 'AI regulation' → 78 entries, 94 kept so far
14:02:55  INFO     [RO] 'AI regulation' → 77 entries, 49 kept so far
14:02:55  INFO     [HU] 'AI regulation' → 77 entries, 23 kept so far
14:02:56  INFO     [FI] 'machine learning' → 93 entries, 111 kept so far
14:02:56  INFO     [CZ] 'machine learning' → 87 entries, 55 kept so far
14:02:56  INFO     [RO] 'machine learning' → 100 entries, 93 kept so far
14:02:56  INFO     [PT] 'machine learning' → 100 entries, 170 kept so far
14:02:57  INFO     [HU] 'machine learning' → 68 entries, 46 kept so far
14:02:57  INFO     [FI] 'EU AI Act' → 65 entries, 148 kept so far
14:02:58  INFO     [CZ] 'EU AI Act' → 77 entries, 65 kept so far
14:02:58  INFO     [RO] 'EU AI Act' → 74 entries, 102 kept so far
14:02:58  INFO     [PT] 'EU AI Act' → 43 entries, 176 kept so far
14:02:58  INFO     [HU] 'EU AI Act' → 78 entries, 64 kept so far
14:02:59  INFO     [FI] 'generative AI' → 64 entries, 188 kept so far
14:02:59  INFO     [CZ] 'generative AI' → 84 entries, 81 kept so far
14:02:59  INFO     [RO] 'generative AI' → 83 entries, 123 kept so far
14:02:59  INFO     [PT] 'generative AI' → 100 entries, 206 kept so far
14:03:00  INFO     [HU] 'generative AI' → 74 entries, 86 kept so far
14:03:00  INFO     [FI] +81 new articles saved
14:03:00  INFO     [CZ] +41 new articles saved
14:03:00  INFO     [GR] 'artificial intelligence' → 100 entries, 47 kept so far
14:03:00  INFO     [RO] +45 new articles saved
14:03:00  INFO     [SK] 'artificial intelligence' → 100 entries, 21 kept so far
14:03:01  INFO     [PT] +91 new articles saved
14:03:01  INFO     [HU] +39 new articles saved
14:03:01  INFO     [BG] 'artificial intelligence' → 72 entries, 35 kept so far
14:03:01  INFO     [HR] 'artificial intelligence' → 100 entries, 45 kept so far
14:03:01  INFO     [IE] 'artificial intelligence' → 100 entries, 56 kept so far
14:03:02  INFO     [GR] 'AI regulation' → 43 entries, 86 kept so far
14:03:02  INFO     [SK] 'AI regulation' → 21 entries, 23 kept so far
14:03:02  INFO     [BG] 'AI regulation' → 10 entries, 37 kept so far
14:03:03  INFO     [HR] 'AI regulation' → 100 entries, 91 kept so far
14:03:03  INFO     [IE] 'AI regulation' → 100 entries, 96 kept so far
14:03:03  INFO     [GR] 'machine learning' → 83 entries, 118 kept so far
14:03:03  INFO     [SK] 'machine learning' → 57 entries, 37 kept so far
14:03:04  INFO     [BG] 'machine learning' → 55 entries, 45 kept so far
14:03:04  INFO     [HR] 'machine learning' → 100 entries, 158 kept so far
14:03:04  INFO     [IE] 'machine learning' → 100 entries, 166 kept so far
14:03:05  INFO     [GR] 'EU AI Act' → 52 entries, 132 kept so far
14:03:05  INFO     [SK] 'EU AI Act' → 59 entries, 52 kept so far
14:03:05  INFO     [BG] 'EU AI Act' → 7 entries, 47 kept so far
14:03:06  INFO     [HR] 'EU AI Act' → 100 entries, 241 kept so far
14:03:06  INFO     [IE] 'EU AI Act' → 100 entries, 243 kept so far
14:03:06  INFO     [GR] 'generative AI' → 100 entries, 171 kept so far
14:03:06  INFO     [SK] 'generative AI' → 51 entries, 60 kept so far
14:03:07  INFO     [BG] 'generative AI' → 27 entries, 54 kept so far
14:03:07  INFO     [GR] +89 new articles saved
14:03:07  INFO     [SK] +21 new articles saved
14:03:07  INFO     [HR] 'generative AI' → 100 entries, 312 kept so far
14:03:08  INFO     [BG] +29 new articles saved
14:03:08  INFO     [LT] 'artificial intelligence' → 89 entries, 32 kept so far
14:03:08  INFO     [IE] 'generative AI' → 100 entries, 312 kept so far
14:03:08  INFO     [SI] 'artificial intelligence' → 97 entries, 45 kept so far
14:03:08  INFO     [LV] 'artificial intelligence' → 70 entries, 24 kept so far
14:03:08  INFO     [HR] +223 new articles saved
14:03:09  INFO     [IE] +85 new articles saved
14:03:09  INFO     [EE] 'artificial intelligence' → 100 entries, 46 kept so far
14:03:09  INFO     [LT] 'AI regulation' → 9 entries, 32 kept so far
14:03:09  INFO     [CY] 'artificial intelligence' → 100 entries, 47 kept so far
14:03:09  INFO     [SI] 'AI regulation' → 3 entries, 45 kept so far
14:03:09  INFO     [LV] 'AI regulation' → 8 entries, 24 kept so far
14:03:10  INFO     [LT] 'machine learning' → 36 entries, 37 kept so far
14:03:10  INFO     [EE] 'AI regulation' → 5 entries, 47 kept so far
14:03:10  INFO     [SI] 'machine learning' → 24 entries, 47 kept so far
14:03:10  INFO     [LV] 'machine learning' → 9 entries, 26 kept so far
14:03:11  INFO     [CY] 'AI regulation' → 43 entries, 86 kept so far
14:03:12  INFO     [LT] 'EU AI Act' → 19 entries, 38 kept so far
14:03:12  INFO     [EE] 'machine learning' → 16 entries, 51 kept so far
14:03:12  INFO     [LV] 'EU AI Act' → 9 entries, 26 kept so far
14:03:12  INFO     [SI] 'EU AI Act' → 27 entries, 52 kept so far
14:03:12  INFO     [CY] 'machine learning' → 83 entries, 118 kept so far
14:03:13  INFO     [LT] 'generative AI' → 25 entries, 44 kept so far
14:03:13  INFO     [LV] 'generative AI' → 9 entries, 28 kept so far
14:03:13  INFO     [SI] 'generative AI' → 13 entries, 55 kept so far
14:03:13  INFO     [EE] 'EU AI Act' → 16 entries, 53 kept so far
14:03:13  INFO     [CY] 'EU AI Act' → 52 entries, 132 kept so far
14:03:14  INFO     [LT] +14 new articles saved
14:03:14  INFO     [LV] +10 new articles saved
14:03:14  INFO     [SI] +17 new articles saved
14:03:14  INFO     [MT] 'artificial intelligence' → 100 entries, 45 kept so far
14:03:14  INFO     [EE] 'generative AI' → 10 entries, 55 kept so far
14:03:14  INFO     [LU] 'artificial intelligence' → 102 entries, 36 kept so far
14:03:15  INFO     [CY] 'generative AI' → 100 entries, 171 kept so far
14:03:15  INFO     [MT] 'AI regulation' → 100 entries, 91 kept so far
14:03:15  INFO     [EE] +18 new articles saved
14:03:16  INFO     [LU] 'AI regulation' → 100 entries, 127 kept so far
14:03:16  INFO     [CY] +0 new articles saved
14:03:16  INFO     [MT] 'machine learning' → 100 entries, 158 kept so far
14:03:17  INFO     [LU] 'machine learning' → 100 entries, 185 kept so far
14:03:17  INFO     [MT] 'EU AI Act' → 100 entries, 241 kept so far
14:03:19  INFO     [MT] 'generative AI' → 100 entries, 312 kept so far
14:03:19  INFO     [LU] 'EU AI Act' → 77 entries, 215 kept so far
14:03:20  INFO     [MT] +0 new articles saved
14:03:20  INFO     [LU] 'generative AI' → 100 entries, 245 kept so far
14:03:21  INFO     [LU] +1 new articles saved
14:03:21  INFO     Scrape complete. 1537 new articles this run.
