19:20:42  INFO     Starting scrape: 27 countries, 5 queries each
/home/runner/work/EU_AI_News/EU_AI_News/eu_ai_news_scraper.py:230: DeprecationWarning: datetime.datetime.utcnow() is deprecated and scheduled for removal in a future version. Use timezone-aware objects to represent datetimes in UTC: datetime.datetime.now(datetime.UTC).
  "scraped_at":   datetime.utcnow().isoformat(),
19:20:43  INFO     [DE] 'artificial intelligence' → 100 entries, 64 kept so far
19:20:43  INFO     [PL] 'artificial intelligence' → 100 entries, 13 kept so far
19:20:43  INFO     [IT] 'artificial intelligence' → 100 entries, 41 kept so far
19:20:43  INFO     [FR] 'artificial intelligence' → 100 entries, 56 kept so far
19:20:43  INFO     [ES] 'artificial intelligence' → 100 entries, 59 kept so far
19:20:44  INFO     [DE] 'AI regulation' → 53 entries, 94 kept so far
19:20:44  INFO     [PL] 'AI regulation' → 79 entries, 70 kept so far
19:20:45  INFO     [FR] 'AI regulation' → 100 entries, 135 kept so far
19:20:45  INFO     [IT] 'AI regulation' → 100 entries, 101 kept so far
19:20:45  INFO     [ES] 'AI regulation' → 69 entries, 77 kept so far
19:20:46  INFO     [DE] 'machine learning' → 100 entries, 132 kept so far
19:20:46  INFO     [PL] 'machine learning' → 100 entries, 110 kept so far
19:20:46  INFO     [FR] 'machine learning' → 100 entries, 205 kept so far
19:20:46  INFO     [IT] 'machine learning' → 100 entries, 184 kept so far
19:20:47  INFO     [ES] 'machine learning' → 100 entries, 147 kept so far
19:20:48  INFO     [DE] 'EU AI Act' → 100 entries, 222 kept so far
19:20:48  INFO     [PL] 'EU AI Act' → 77 entries, 123 kept so far
19:20:48  INFO     [FR] 'EU AI Act' → 98 entries, 243 kept so far
19:20:48  INFO     [IT] 'EU AI Act' → 100 entries, 254 kept so far
19:20:48  INFO     [ES] 'EU AI Act' → 79 entries, 187 kept so far
19:20:49  INFO     [PL] 'generative AI' → 100 entries, 158 kept so far
19:20:49  INFO     [DE] 'generative AI' → 100 entries, 245 kept so far
19:20:50  INFO     [FR] 'generative AI' → 100 entries, 278 kept so far
19:20:50  INFO     [IT] 'generative AI' → 100 entries, 302 kept so far
19:20:50  INFO     [ES] 'generative AI' → 100 entries, 231 kept so far
19:20:50  INFO     [PL] +55 new articles saved
19:20:50  INFO     [DE] +151 new articles saved
19:20:51  INFO     [FR] +119 new articles saved
19:20:51  INFO     [NL] 'artificial intelligence' → 100 entries, 8 kept so far
19:20:51  INFO     [IT] +127 new articles saved
19:20:51  INFO     [BE] 'artificial intelligence' → 100 entries, 59 kept so far
19:20:51  INFO     [SE] 'artificial intelligence' → 100 entries, 8 kept so far
19:20:51  INFO     [ES] +99 new articles saved
19:20:52  INFO     [AT] 'artificial intelligence' → 100 entries, 48 kept so far
19:20:52  INFO     [DK] 'artificial intelligence' → 100 entries, 16 kept so far
19:20:52  INFO     [NL] 'AI regulation' → 76 entries, 58 kept so far
19:20:53  INFO     [BE] 'AI regulation' → 100 entries, 144 kept so far
19:20:53  INFO     [SE] 'AI regulation' → 69 entries, 28 kept so far
19:20:53  INFO     [AT] 'AI regulation' → 59 entries, 85 kept so far
19:20:54  INFO     [DK] 'AI regulation' → 35 entries, 21 kept so far
19:20:54  INFO     [NL] 'machine learning' → 100 entries, 116 kept so far
19:20:54  INFO     [BE] 'machine learning' → 100 entries, 207 kept so far
19:20:55  INFO     [SE] 'machine learning' → 72 entries, 45 kept so far
19:20:55  INFO     [AT] 'machine learning' → 100 entries, 137 kept so far
19:20:55  INFO     [DK] 'machine learning' → 76 entries, 40 kept so far
19:20:56  INFO     [NL] 'EU AI Act' → 87 entries, 126 kept so far
19:20:56  INFO     [SE] 'EU AI Act' → 63 entries, 51 kept so far
19:20:56  INFO     [BE] 'EU AI Act' → 100 entries, 248 kept so far
19:20:56  INFO     [AT] 'EU AI Act' → 100 entries, 226 kept so far
19:20:57  INFO     [DK] 'EU AI Act' → 76 entries, 57 kept so far
19:20:57  INFO     [NL] 'generative AI' → 100 entries, 156 kept so far
19:20:58  INFO     [SE] 'generative AI' → 75 entries, 67 kept so far
19:20:58  INFO     [BE] 'generative AI' → 100 entries, 286 kept so far
19:20:58  INFO     [AT] 'generative AI' → 100 entries, 249 kept so far
19:20:58  INFO     [NL] +50 new articles saved
19:20:59  INFO     [SE] +22 new articles saved
19:20:59  INFO     [DK] 'generative AI' → 100 entries, 96 kept so far
19:20:59  INFO     [BE] +32 new articles saved
19:20:59  INFO     [FI] 'artificial intelligence' → 100 entries, 63 kept so far
19:20:59  INFO     [AT] +29 new articles saved
19:21:00  INFO     [PT] 'artificial intelligence' → 100 entries, 54 kept so far
19:21:00  INFO     [RO] 'artificial intelligence' → 100 entries, 42 kept so far
19:21:00  INFO     [CZ] 'artificial intelligence' → 100 entries, 21 kept so far
19:21:00  INFO     [DK] +30 new articles saved
19:21:01  INFO     [HU] 'artificial intelligence' → 100 entries, 20 kept so far
19:21:01  INFO     [FI] 'AI regulation' → 41 entries, 72 kept so far
19:21:01  INFO     [RO] 'AI regulation' → 23 entries, 45 kept so far
19:21:01  INFO     [PT] 'AI regulation' → 67 entries, 95 kept so far
19:21:02  INFO     [CZ] 'AI regulation' → 78 entries, 41 kept so far
19:21:02  INFO     [HU] 'AI regulation' → 78 entries, 21 kept so far
19:21:02  INFO     [FI] 'machine learning' → 85 entries, 107 kept so far
19:21:03  INFO     [RO] 'machine learning' → 100 entries, 95 kept so far
19:21:03  INFO     [PT] 'machine learning' → 100 entries, 165 kept so far
19:21:03  INFO     [CZ] 'machine learning' → 79 entries, 60 kept so far
19:21:04  INFO     [HU] 'machine learning' → 79 entries, 46 kept so far
19:21:04  INFO     [FI] 'EU AI Act' → 63 entries, 146 kept so far
19:21:05  INFO     [RO] 'EU AI Act' → 73 entries, 115 kept so far
19:21:05  INFO     [PT] 'EU AI Act' → 47 entries, 175 kept so far
19:21:05  INFO     [CZ] 'EU AI Act' → 75 entries, 67 kept so far
19:21:06  INFO     [HU] 'EU AI Act' → 77 entries, 67 kept so far
19:21:06  INFO     [FI] 'generative AI' → 66 entries, 180 kept so far
19:21:06  INFO     [RO] 'generative AI' → 76 entries, 135 kept so far
19:21:07  INFO     [CZ] 'generative AI' → 79 entries, 81 kept so far
19:21:07  INFO     [PT] 'generative AI' → 100 entries, 213 kept so far
19:21:07  INFO     [FI] +72 new articles saved
19:21:07  INFO     [HU] 'generative AI' → 73 entries, 93 kept so far
19:21:07  INFO     [RO] +51 new articles saved
19:21:08  INFO     [GR] 'artificial intelligence' → 100 entries, 48 kept so far
19:21:08  INFO     [CZ] +30 new articles saved
19:21:08  INFO     [PT] +99 new articles saved
19:21:08  INFO     [SK] 'artificial intelligence' → 100 entries, 30 kept so far
19:21:08  INFO     [HR] 'artificial intelligence' → 100 entries, 62 kept so far
19:21:08  INFO     [HU] +41 new articles saved
19:21:08  INFO     [IE] 'artificial intelligence' → 100 entries, 68 kept so far
19:21:09  INFO     [BG] 'artificial intelligence' → 66 entries, 29 kept so far
19:21:09  INFO     [GR] 'AI regulation' → 68 entries, 94 kept so far
19:21:09  INFO     [SK] 'AI regulation' → 13 entries, 31 kept so far
19:21:10  INFO     [HR] 'AI regulation' → 100 entries, 109 kept so far
19:21:10  INFO     [BG] 'AI regulation' → 18 entries, 32 kept so far
19:21:10  INFO     [IE] 'AI regulation' → 100 entries, 106 kept so far
19:21:11  INFO     [GR] 'machine learning' → 82 entries, 127 kept so far
19:21:11  INFO     [SK] 'machine learning' → 56 entries, 48 kept so far
19:21:11  INFO     [HR] 'machine learning' → 100 entries, 193 kept so far
19:21:12  INFO     [BG] 'machine learning' → 51 entries, 40 kept so far
19:21:12  INFO     [IE] 'machine learning' → 100 entries, 190 kept so far
19:21:12  INFO     [GR] 'EU AI Act' → 64 entries, 148 kept so far
19:21:13  INFO     [SK] 'EU AI Act' → 55 entries, 62 kept so far
19:21:13  INFO     [BG] 'EU AI Act' → 31 entries, 44 kept so far
19:21:13  INFO     [HR] 'EU AI Act' → 100 entries, 275 kept so far
19:21:14  INFO     [IE] 'EU AI Act' → 100 entries, 269 kept so far
19:21:14  INFO     [GR] 'generative AI' → 100 entries, 188 kept so far
19:21:14  INFO     [SK] 'generative AI' → 44 entries, 73 kept so far
19:21:14  INFO     [BG] 'generative AI' → 36 entries, 48 kept so far
19:21:15  INFO     [HR] 'generative AI' → 100 entries, 340 kept so far
19:21:15  INFO     [GR] +96 new articles saved
19:21:15  INFO     [SK] +25 new articles saved
19:21:15  INFO     [BG] +25 new articles saved
19:21:16  INFO     [SI] 'artificial intelligence' → 100 entries, 35 kept so far
19:21:16  INFO     [LT] 'artificial intelligence' → 79 entries, 31 kept so far
19:21:16  INFO     [IE] 'generative AI' → 100 entries, 338 kept so far
19:21:16  INFO     [LV] 'artificial intelligence' → 68 entries, 23 kept so far
19:21:16  INFO     [HR] +227 new articles saved
19:21:17  INFO     [EE] 'artificial intelligence' → 100 entries, 47 kept so far
19:21:17  INFO     [IE] +84 new articles saved
19:21:17  INFO     [SI] 'AI regulation' → 3 entries, 35 kept so far
19:21:17  INFO     [LT] 'AI regulation' → 15 entries, 34 kept so far
19:21:18  INFO     [LV] 'AI regulation' → 10 entries, 23 kept so far
19:21:18  INFO     [CY] 'artificial intelligence' → 100 entries, 48 kept so far
19:21:18  INFO     [EE] 'AI regulation' → 12 entries, 48 kept so far
19:21:19  INFO     [SI] 'machine learning' → 24 entries, 38 kept so far
19:21:19  INFO     [LV] 'machine learning' → 10 entries, 25 kept so far
19:21:19  INFO     [LT] 'machine learning' → 43 entries, 39 kept so far
19:21:20  INFO     [CY] 'AI regulation' → 69 entries, 85 kept so far
19:21:20  INFO     [SI] 'EU AI Act' → 27 entries, 43 kept so far
19:21:20  INFO     [EE] 'machine learning' → 32 entries, 50 kept so far
19:21:20  INFO     [LV] 'EU AI Act' → 10 entries, 25 kept so far
19:21:20  INFO     [LT] 'EU AI Act' → 23 entries, 39 kept so far
19:21:21  INFO     [CY] 'machine learning' → 93 entries, 119 kept so far
19:21:21  INFO     [SI] 'generative AI' → 13 entries, 45 kept so far
19:21:22  INFO     [EE] 'EU AI Act' → 16 entries, 53 kept so far
19:21:22  INFO     [LV] 'generative AI' → 8 entries, 27 kept so far
19:21:22  INFO     [LT] 'generative AI' → 24 entries, 48 kept so far
19:21:22  INFO     [SI] +7 new articles saved
19:21:23  INFO     [LV] +8 new articles saved
19:21:23  INFO     [LT] +19 new articles saved
19:21:23  INFO     [CY] 'EU AI Act' → 64 entries, 139 kept so far
19:21:23  INFO     [EE] 'generative AI' → 10 entries, 56 kept so far
19:21:23  INFO     [MT] 'artificial intelligence' → 100 entries, 62 kept so far
19:21:23  INFO     [LU] 'artificial intelligence' → 100 entries, 56 kept so far
19:21:24  INFO     [EE] +16 new articles saved
19:21:24  INFO     [MT] 'AI regulation' → 100 entries, 109 kept so far
19:21:25  INFO     [CY] 'generative AI' → 100 entries, 179 kept so far
19:21:25  INFO     [LU] 'AI regulation' → 100 entries, 135 kept so far
19:21:26  INFO     [MT] 'machine learning' → 100 entries, 193 kept so far
19:21:26  INFO     [CY] +7 new articles saved
19:21:27  INFO     [LU] 'machine learning' → 100 entries, 205 kept so far
19:21:27  INFO     [MT] 'EU AI Act' → 100 entries, 275 kept so far
19:21:28  INFO     [MT] 'generative AI' → 100 entries, 340 kept so far
19:21:28  INFO     [LU] 'EU AI Act' → 77 entries, 236 kept so far
19:21:29  INFO     [MT] +0 new articles saved
19:21:30  INFO     [LU] 'generative AI' → 100 entries, 273 kept so far
19:21:31  INFO     [LU] +3 new articles saved
19:21:31  INFO     Scrape complete. 1524 new articles this run.
