19:51:56  INFO     Starting scrape: 27 countries, 5 queries each
/home/runner/work/EU_AI_News/EU_AI_News/eu_ai_news_scraper.py:230: DeprecationWarning: datetime.datetime.utcnow() is deprecated and scheduled for removal in a future version. Use timezone-aware objects to represent datetimes in UTC: datetime.datetime.now(datetime.UTC).
  "scraped_at":   datetime.utcnow().isoformat(),
19:51:56  INFO     [FR] 'artificial intelligence' → 100 entries, 44 kept so far
19:51:57  INFO     [DE] 'artificial intelligence' → 100 entries, 44 kept so far
19:51:57  INFO     [IT] 'artificial intelligence' → 100 entries, 31 kept so far
19:51:57  INFO     [PL] 'artificial intelligence' → 100 entries, 12 kept so far
19:51:57  INFO     [ES] 'artificial intelligence' → 100 entries, 60 kept so far
19:51:58  INFO     [FR] 'AI regulation' → 100 entries, 122 kept so far
19:51:58  INFO     [DE] 'AI regulation' → 57 entries, 76 kept so far
19:51:59  INFO     [PL] 'AI regulation' → 79 entries, 67 kept so far
19:51:59  INFO     [IT] 'AI regulation' → 100 entries, 96 kept so far
19:51:59  INFO     [ES] 'AI regulation' → 75 entries, 82 kept so far
19:52:00  INFO     [FR] 'machine learning' → 100 entries, 180 kept so far
19:52:00  INFO     [DE] 'machine learning' → 100 entries, 117 kept so far
19:52:00  INFO     [IT] 'machine learning' → 100 entries, 171 kept so far
19:52:00  INFO     [PL] 'machine learning' → 100 entries, 108 kept so far
19:52:00  INFO     [ES] 'machine learning' → 100 entries, 155 kept so far
19:52:02  INFO     [FR] 'EU AI Act' → 82 entries, 218 kept so far
19:52:02  INFO     [DE] 'EU AI Act' → 100 entries, 200 kept so far
19:52:02  INFO     [IT] 'EU AI Act' → 100 entries, 241 kept so far
19:52:02  INFO     [PL] 'EU AI Act' → 76 entries, 121 kept so far
19:52:02  INFO     [ES] 'EU AI Act' → 75 entries, 189 kept so far
19:52:03  INFO     [FR] 'generative AI' → 100 entries, 259 kept so far
19:52:04  INFO     [DE] 'generative AI' → 100 entries, 227 kept so far
19:52:04  INFO     [IT] 'generative AI' → 100 entries, 288 kept so far
19:52:04  INFO     [PL] 'generative AI' → 100 entries, 151 kept so far
19:52:04  INFO     [ES] 'generative AI' → 100 entries, 235 kept so far
19:52:04  INFO     [FR] +107 new articles saved
19:52:05  INFO     [DE] +129 new articles saved
19:52:05  INFO     [IT] +132 new articles saved
19:52:05  INFO     [PL] +52 new articles saved
19:52:05  INFO     [NL] 'artificial intelligence' → 100 entries, 8 kept so far
19:52:05  INFO     [ES] +95 new articles saved
19:52:05  INFO     [SE] 'artificial intelligence' → 100 entries, 7 kept so far
19:52:05  INFO     [BE] 'artificial intelligence' → 100 entries, 53 kept so far
19:52:06  INFO     [DK] 'artificial intelligence' → 100 entries, 16 kept so far
19:52:06  INFO     [AT] 'artificial intelligence' → 100 entries, 40 kept so far
19:52:07  INFO     [SE] 'AI regulation' → 77 entries, 26 kept so far
19:52:07  INFO     [NL] 'AI regulation' → 78 entries, 43 kept so far
19:52:07  INFO     [BE] 'AI regulation' → 100 entries, 135 kept so far
19:52:07  INFO     [DK] 'AI regulation' → 31 entries, 19 kept so far
19:52:08  INFO     [AT] 'AI regulation' → 60 entries, 75 kept so far
19:52:08  INFO     [NL] 'machine learning' → 100 entries, 96 kept so far
19:52:08  INFO     [SE] 'machine learning' → 71 entries, 48 kept so far
19:52:09  INFO     [BE] 'machine learning' → 100 entries, 191 kept so far
19:52:09  INFO     [DK] 'machine learning' → 80 entries, 40 kept so far
19:52:09  INFO     [AT] 'machine learning' → 100 entries, 116 kept so far
19:52:10  INFO     [SE] 'EU AI Act' → 67 entries, 53 kept so far
19:52:10  INFO     [NL] 'EU AI Act' → 89 entries, 119 kept so far
19:52:11  INFO     [BE] 'EU AI Act' → 86 entries, 229 kept so far
19:52:11  INFO     [DK] 'EU AI Act' → 76 entries, 59 kept so far
19:52:11  INFO     [AT] 'EU AI Act' → 100 entries, 203 kept so far
19:52:12  INFO     [SE] 'generative AI' → 75 entries, 65 kept so far
19:52:12  INFO     [NL] 'generative AI' → 100 entries, 150 kept so far
19:52:13  INFO     [BE] 'generative AI' → 100 entries, 271 kept so far
19:52:13  INFO     [SE] +19 new articles saved
19:52:13  INFO     [AT] 'generative AI' → 100 entries, 228 kept so far
19:52:13  INFO     [NL] +48 new articles saved
19:52:13  INFO     [DK] 'generative AI' → 100 entries, 98 kept so far
19:52:13  INFO     [FI] 'artificial intelligence' → 100 entries, 64 kept so far
19:52:14  INFO     [BE] +21 new articles saved
19:52:14  INFO     [PT] 'artificial intelligence' → 100 entries, 58 kept so far
19:52:14  INFO     [AT] +25 new articles saved
19:52:14  INFO     [DK] +23 new articles saved
19:52:14  INFO     [CZ] 'artificial intelligence' → 100 entries, 23 kept so far
19:52:14  INFO     [RO] 'artificial intelligence' → 100 entries, 37 kept so far
19:52:15  INFO     [HU] 'artificial intelligence' → 100 entries, 16 kept so far
19:52:15  INFO     [FI] 'AI regulation' → 43 entries, 73 kept so far
19:52:16  INFO     [PT] 'AI regulation' → 78 entries, 96 kept so far
19:52:16  INFO     [RO] 'AI regulation' → 19 entries, 41 kept so far
19:52:16  INFO     [CZ] 'AI regulation' → 77 entries, 43 kept so far
19:52:16  INFO     [HU] 'AI regulation' → 79 entries, 18 kept so far
19:52:17  INFO     [FI] 'machine learning' → 84 entries, 105 kept so far
19:52:18  INFO     [RO] 'machine learning' → 100 entries, 91 kept so far
19:52:18  INFO     [HU] 'machine learning' → 70 entries, 40 kept so far
19:52:18  INFO     [CZ] 'machine learning' → 81 entries, 62 kept so far
19:52:18  INFO     [PT] 'machine learning' → 100 entries, 170 kept so far
19:52:19  INFO     [FI] 'EU AI Act' → 65 entries, 139 kept so far
19:52:19  INFO     [RO] 'EU AI Act' → 77 entries, 103 kept so far
19:52:19  INFO     [HU] 'EU AI Act' → 78 entries, 59 kept so far
19:52:19  INFO     [PT] 'EU AI Act' → 53 entries, 177 kept so far
19:52:20  INFO     [CZ] 'EU AI Act' → 76 entries, 70 kept so far
19:52:20  INFO     [FI] 'generative AI' → 63 entries, 169 kept so far
19:52:21  INFO     [HU] 'generative AI' → 73 entries, 84 kept so far
19:52:21  INFO     [RO] 'generative AI' → 77 entries, 117 kept so far
19:52:21  INFO     [PT] 'generative AI' → 100 entries, 213 kept so far
19:52:21  INFO     [CZ] 'generative AI' → 81 entries, 84 kept so far
19:52:21  INFO     [FI] +57 new articles saved
19:52:22  INFO     [GR] 'artificial intelligence' → 100 entries, 43 kept so far
19:52:22  INFO     [HU] +37 new articles saved
19:52:22  INFO     [RO] +43 new articles saved
19:52:22  INFO     [PT] +86 new articles saved
19:52:22  INFO     [CZ] +40 new articles saved
19:52:23  INFO     [SK] 'artificial intelligence' → 100 entries, 25 kept so far
19:52:23  INFO     [IE] 'artificial intelligence' → 100 entries, 63 kept so far
19:52:23  INFO     [BG] 'artificial intelligence' → 72 entries, 27 kept so far
19:52:23  INFO     [HR] 'artificial intelligence' → 100 entries, 53 kept so far
19:52:23  INFO     [GR] 'AI regulation' → 61 entries, 78 kept so far
19:52:24  INFO     [SK] 'AI regulation' → 15 entries, 27 kept so far
19:52:24  INFO     [BG] 'AI regulation' → 6 entries, 29 kept so far
19:52:25  INFO     [HR] 'AI regulation' → 100 entries, 102 kept so far
19:52:25  INFO     [IE] 'AI regulation' → 100 entries, 111 kept so far
19:52:25  INFO     [GR] 'machine learning' → 87 entries, 115 kept so far
19:52:26  INFO     [SK] 'machine learning' → 59 entries, 43 kept so far
19:52:26  INFO     [BG] 'machine learning' → 54 entries, 38 kept so far
19:52:26  INFO     [GR] 'EU AI Act' → 38 entries, 123 kept so far
19:52:26  INFO     [HR] 'machine learning' → 100 entries, 162 kept so far
19:52:27  INFO     [IE] 'machine learning' → 100 entries, 173 kept so far
19:52:27  INFO     [SK] 'EU AI Act' → 54 entries, 58 kept so far
19:52:27  INFO     [BG] 'EU AI Act' → 11 entries, 41 kept so far
19:52:28  INFO     [GR] 'generative AI' → 100 entries, 158 kept so far
19:52:28  INFO     [HR] 'EU AI Act' → 100 entries, 236 kept so far
19:52:29  INFO     [IE] 'EU AI Act' → 100 entries, 242 kept so far
19:52:29  INFO     [BG] 'generative AI' → 30 entries, 45 kept so far
19:52:29  INFO     [SK] 'generative AI' → 45 entries, 67 kept so far
19:52:29  INFO     [GR] +74 new articles saved
19:52:30  INFO     [LT] 'artificial intelligence' → 94 entries, 36 kept so far
19:52:30  INFO     [HR] 'generative AI' → 100 entries, 294 kept so far
19:52:30  INFO     [BG] +19 new articles saved
19:52:30  INFO     [SK] +24 new articles saved
19:52:30  INFO     [IE] 'generative AI' → 100 entries, 299 kept so far
19:52:30  INFO     [LV] 'artificial intelligence' → 65 entries, 23 kept so far
19:52:31  INFO     [SI] 'artificial intelligence' → 99 entries, 43 kept so far
19:52:31  INFO     [HR] +227 new articles saved
19:52:31  INFO     [LT] 'AI regulation' → 13 entries, 39 kept so far
19:52:31  INFO     [IE] +62 new articles saved
19:52:31  INFO     [EE] 'artificial intelligence' → 100 entries, 54 kept so far
19:52:32  INFO     [LV] 'AI regulation' → 8 entries, 23 kept so far
19:52:32  INFO     [SI] 'AI regulation' → 1 entries, 43 kept so far
19:52:32  INFO     [CY] 'artificial intelligence' → 100 entries, 44 kept so far
19:52:33  INFO     [LT] 'machine learning' → 47 entries, 44 kept so far
19:52:33  INFO     [EE] 'AI regulation' → 10 entries, 54 kept so far
19:52:33  INFO     [LV] 'machine learning' → 10 entries, 25 kept so far
19:52:33  INFO     [SI] 'machine learning' → 25 entries, 46 kept so far
19:52:34  INFO     [CY] 'AI regulation' → 61 entries, 79 kept so far
19:52:34  INFO     [LT] 'EU AI Act' → 21 entries, 46 kept so far
19:52:34  INFO     [EE] 'machine learning' → 16 entries, 56 kept so far
19:52:35  INFO     [LV] 'EU AI Act' → 9 entries, 25 kept so far
19:52:35  INFO     [SI] 'EU AI Act' → 26 entries, 53 kept so far
19:52:35  INFO     [CY] 'machine learning' → 87 entries, 116 kept so far
19:52:36  INFO     [LT] 'generative AI' → 24 entries, 54 kept so far
19:52:36  INFO     [EE] 'EU AI Act' → 12 entries, 58 kept so far
19:52:36  INFO     [LV] 'generative AI' → 8 entries, 28 kept so far
19:52:36  INFO     [SI] 'generative AI' → 12 entries, 55 kept so far
19:52:37  INFO     [CY] 'EU AI Act' → 41 entries, 125 kept so far
19:52:37  INFO     [LT] +23 new articles saved
19:52:37  INFO     [LV] +9 new articles saved
19:52:37  INFO     [SI] +14 new articles saved
19:52:38  INFO     [LU] 'artificial intelligence' → 100 entries, 44 kept so far
19:52:38  INFO     [EE] 'generative AI' → 10 entries, 60 kept so far
19:52:38  INFO     [MT] 'artificial intelligence' → 100 entries, 53 kept so far
19:52:39  INFO     [CY] 'generative AI' → 100 entries, 160 kept so far
19:52:39  INFO     [EE] +18 new articles saved
19:52:39  INFO     [LU] 'AI regulation' → 100 entries, 122 kept so far
19:52:39  INFO     [MT] 'AI regulation' → 100 entries, 102 kept so far
19:52:40  INFO     [CY] +2 new articles saved
19:52:41  INFO     [MT] 'machine learning' → 100 entries, 162 kept so far
19:52:41  INFO     [LU] 'machine learning' → 100 entries, 180 kept so far
19:52:43  INFO     [MT] 'EU AI Act' → 100 entries, 236 kept so far
19:52:43  INFO     [LU] 'EU AI Act' → 83 entries, 220 kept so far
19:52:44  INFO     [MT] 'generative AI' → 100 entries, 294 kept so far
19:52:45  INFO     [LU] 'generative AI' → 100 entries, 260 kept so far
19:52:45  INFO     [MT] +1 new articles saved
19:52:46  INFO     [LU] +2 new articles saved
19:52:46  INFO     Scrape complete. 1389 new articles this run.
