19:24:18  INFO     Starting scrape: 27 countries, 5 queries each
19:24:18  INFO     [FR] 'artificial intelligence' → 100 entries, 48 kept so far
/home/runner/work/EU_AI_News/EU_AI_News/eu_ai_news_scraper.py:230: DeprecationWarning: datetime.datetime.utcnow() is deprecated and scheduled for removal in a future version. Use timezone-aware objects to represent datetimes in UTC: datetime.datetime.now(datetime.UTC).
  "scraped_at":   datetime.utcnow().isoformat(),
19:24:18  INFO     [DE] 'artificial intelligence' → 100 entries, 48 kept so far
19:24:18  INFO     [ES] 'artificial intelligence' → 100 entries, 58 kept so far
19:24:18  INFO     [IT] 'artificial intelligence' → 100 entries, 42 kept so far
19:24:18  INFO     [PL] 'artificial intelligence' → 100 entries, 15 kept so far
19:24:20  INFO     [DE] 'AI regulation' → 55 entries, 80 kept so far
19:24:20  INFO     [ES] 'AI regulation' → 67 entries, 75 kept so far
19:24:20  INFO     [FR] 'AI regulation' → 100 entries, 125 kept so far
19:24:20  INFO     [IT] 'AI regulation' → 100 entries, 101 kept so far
19:24:20  INFO     [PL] 'AI regulation' → 79 entries, 71 kept so far
19:24:21  INFO     [DE] 'machine learning' → 100 entries, 121 kept so far
19:24:21  INFO     [FR] 'machine learning' → 100 entries, 183 kept so far
19:24:21  INFO     [IT] 'machine learning' → 100 entries, 177 kept so far
19:24:22  INFO     [ES] 'machine learning' → 100 entries, 150 kept so far
19:24:22  INFO     [PL] 'machine learning' → 100 entries, 108 kept so far
19:24:23  INFO     [DE] 'EU AI Act' → 100 entries, 202 kept so far
19:24:23  INFO     [FR] 'EU AI Act' → 79 entries, 217 kept so far
19:24:23  INFO     [IT] 'EU AI Act' → 100 entries, 249 kept so far
19:24:23  INFO     [PL] 'EU AI Act' → 77 entries, 121 kept so far
19:24:23  INFO     [ES] 'EU AI Act' → 79 entries, 185 kept so far
19:24:24  INFO     [DE] 'generative AI' → 100 entries, 225 kept so far
19:24:24  INFO     [FR] 'generative AI' → 100 entries, 256 kept so far
19:24:25  INFO     [IT] 'generative AI' → 100 entries, 296 kept so far
19:24:25  INFO     [PL] 'generative AI' → 100 entries, 155 kept so far
19:24:25  INFO     [ES] 'generative AI' → 100 entries, 227 kept so far
19:24:25  INFO     [DE] +121 new articles saved
19:24:25  INFO     [FR] +107 new articles saved
19:24:26  INFO     [IT] +124 new articles saved
19:24:26  INFO     [NL] 'artificial intelligence' → 100 entries, 10 kept so far
19:24:26  INFO     [PL] +52 new articles saved
19:24:26  INFO     [ES] +82 new articles saved
19:24:26  INFO     [SE] 'artificial intelligence' → 100 entries, 8 kept so far
19:24:26  INFO     [BE] 'artificial intelligence' → 100 entries, 50 kept so far
19:24:26  INFO     [AT] 'artificial intelligence' → 100 entries, 48 kept so far
19:24:26  INFO     [DK] 'artificial intelligence' → 100 entries, 17 kept so far
19:24:27  INFO     [NL] 'AI regulation' → 78 entries, 43 kept so far
19:24:28  INFO     [SE] 'AI regulation' → 74 entries, 25 kept so far
19:24:28  INFO     [AT] 'AI regulation' → 61 entries, 86 kept so far
19:24:28  INFO     [BE] 'AI regulation' → 100 entries, 134 kept so far
19:24:28  INFO     [DK] 'AI regulation' → 28 entries, 20 kept so far
19:24:29  INFO     [NL] 'machine learning' → 100 entries, 101 kept so far
19:24:29  INFO     [SE] 'machine learning' → 71 entries, 43 kept so far
19:24:29  INFO     [AT] 'machine learning' → 100 entries, 125 kept so far
19:24:30  INFO     [BE] 'machine learning' → 100 entries, 190 kept so far
19:24:30  INFO     [DK] 'machine learning' → 76 entries, 38 kept so far
19:24:30  INFO     [NL] 'EU AI Act' → 85 entries, 123 kept so far
19:24:31  INFO     [SE] 'EU AI Act' → 67 entries, 51 kept so far
19:24:31  INFO     [AT] 'EU AI Act' → 100 entries, 213 kept so far
19:24:31  INFO     [BE] 'EU AI Act' → 80 entries, 220 kept so far
19:24:31  INFO     [DK] 'EU AI Act' → 71 entries, 54 kept so far
19:24:32  INFO     [NL] 'generative AI' → 100 entries, 153 kept so far
19:24:32  INFO     [SE] 'generative AI' → 73 entries, 65 kept so far
19:24:33  INFO     [DK] 'generative AI' → 100 entries, 90 kept so far
19:24:33  INFO     [AT] 'generative AI' → 100 entries, 237 kept so far
19:24:33  INFO     [BE] 'generative AI' → 100 entries, 257 kept so far
19:24:33  INFO     [NL] +43 new articles saved
19:24:33  INFO     [SE] +19 new articles saved
19:24:33  INFO     [FI] 'artificial intelligence' → 100 entries, 63 kept so far
19:24:34  INFO     [DK] +20 new articles saved
19:24:34  INFO     [PT] 'artificial intelligence' → 100 entries, 61 kept so far
19:24:34  INFO     [AT] +23 new articles saved
19:24:34  INFO     [BE] +14 new articles saved
19:24:34  INFO     [CZ] 'artificial intelligence' → 100 entries, 24 kept so far
19:24:34  INFO     [RO] 'artificial intelligence' → 100 entries, 40 kept so far
19:24:34  INFO     [HU] 'artificial intelligence' → 100 entries, 17 kept so far
19:24:35  INFO     [FI] 'AI regulation' → 42 entries, 72 kept so far
19:24:35  INFO     [PT] 'AI regulation' → 79 entries, 96 kept so far
19:24:36  INFO     [CZ] 'AI regulation' → 77 entries, 43 kept so far
19:24:36  INFO     [RO] 'AI regulation' → 24 entries, 42 kept so far
19:24:36  INFO     [HU] 'AI regulation' → 78 entries, 19 kept so far
19:24:37  INFO     [FI] 'machine learning' → 88 entries, 109 kept so far
19:24:37  INFO     [PT] 'machine learning' → 100 entries, 167 kept so far
19:24:37  INFO     [CZ] 'machine learning' → 76 entries, 61 kept so far
19:24:37  INFO     [HU] 'machine learning' → 67 entries, 43 kept so far
19:24:37  INFO     [RO] 'machine learning' → 100 entries, 88 kept so far
19:24:38  INFO     [FI] 'EU AI Act' → 58 entries, 137 kept so far
19:24:39  INFO     [PT] 'EU AI Act' → 49 entries, 172 kept so far
19:24:39  INFO     [CZ] 'EU AI Act' → 75 entries, 69 kept so far
19:24:39  INFO     [HU] 'EU AI Act' → 77 entries, 64 kept so far
19:24:39  INFO     [RO] 'EU AI Act' → 77 entries, 100 kept so far
19:24:40  INFO     [FI] 'generative AI' → 63 entries, 167 kept so far
19:24:40  INFO     [PT] 'generative AI' → 100 entries, 209 kept so far
19:24:40  INFO     [CZ] 'generative AI' → 79 entries, 85 kept so far
19:24:40  INFO     [HU] 'generative AI' → 73 entries, 90 kept so far
19:24:41  INFO     [RO] 'generative AI' → 75 entries, 120 kept so far
19:24:41  INFO     [FI] +55 new articles saved
19:24:41  INFO     [PT] +84 new articles saved
19:24:41  INFO     [CZ] +34 new articles saved
19:24:41  INFO     [GR] 'artificial intelligence' → 100 entries, 46 kept so far
19:24:41  INFO     [HU] +38 new articles saved
19:24:41  INFO     [HR] 'artificial intelligence' → 100 entries, 68 kept so far
19:24:42  INFO     [RO] +40 new articles saved
19:24:42  INFO     [SK] 'artificial intelligence' → 100 entries, 27 kept so far
19:24:42  INFO     [IE] 'artificial intelligence' → 100 entries, 68 kept so far
19:24:42  INFO     [BG] 'artificial intelligence' → 66 entries, 28 kept so far
19:24:43  INFO     [GR] 'AI regulation' → 69 entries, 84 kept so far
19:24:43  INFO     [SK] 'AI regulation' → 11 entries, 29 kept so far
19:24:43  INFO     [HR] 'AI regulation' → 100 entries, 120 kept so far
19:24:43  INFO     [BG] 'AI regulation' → 7 entries, 30 kept so far
19:24:44  INFO     [IE] 'AI regulation' → 100 entries, 112 kept so far
19:24:44  INFO     [GR] 'machine learning' → 85 entries, 119 kept so far
19:24:44  INFO     [SK] 'machine learning' → 58 entries, 47 kept so far
19:24:45  INFO     [HR] 'machine learning' → 100 entries, 203 kept so far
19:24:45  INFO     [BG] 'machine learning' → 51 entries, 40 kept so far
19:24:45  INFO     [IE] 'machine learning' → 100 entries, 196 kept so far
19:24:46  INFO     [SK] 'EU AI Act' → 54 entries, 60 kept so far
19:24:46  INFO     [GR] 'EU AI Act' → 61 entries, 137 kept so far
19:24:46  INFO     [BG] 'EU AI Act' → 11 entries, 43 kept so far
19:24:46  INFO     [HR] 'EU AI Act' → 100 entries, 282 kept so far
19:24:47  INFO     [IE] 'EU AI Act' → 100 entries, 275 kept so far
19:24:47  INFO     [BG] 'generative AI' → 36 entries, 47 kept so far
19:24:47  INFO     [SK] 'generative AI' → 42 entries, 69 kept so far
19:24:47  INFO     [GR] 'generative AI' → 100 entries, 178 kept so far
19:24:48  INFO     [HR] 'generative AI' → 100 entries, 354 kept so far
19:24:48  INFO     [BG] +24 new articles saved
19:24:48  INFO     [SK] +24 new articles saved
19:24:48  INFO     [GR] +81 new articles saved
19:24:49  INFO     [HR] +235 new articles saved
19:24:49  INFO     [IE] 'generative AI' → 100 entries, 343 kept so far
19:24:49  INFO     [LT] 'artificial intelligence' → 90 entries, 34 kept so far
19:24:49  INFO     [LV] 'artificial intelligence' → 63 entries, 21 kept so far
19:24:49  INFO     [SI] 'artificial intelligence' → 100 entries, 40 kept so far
19:24:49  INFO     [EE] 'artificial intelligence' → 100 entries, 51 kept so far
19:24:50  INFO     [IE] +86 new articles saved
19:24:50  INFO     [LV] 'AI regulation' → 8 entries, 21 kept so far
19:24:50  INFO     [CY] 'artificial intelligence' → 100 entries, 46 kept so far
19:24:50  INFO     [SI] 'AI regulation' → 3 entries, 40 kept so far
19:24:50  INFO     [LT] 'AI regulation' → 16 entries, 37 kept so far
19:24:51  INFO     [EE] 'AI regulation' → 11 entries, 51 kept so far
19:24:51  INFO     [LV] 'machine learning' → 10 entries, 23 kept so far
19:24:52  INFO     [SI] 'machine learning' → 24 entries, 43 kept so far
19:24:52  INFO     [LT] 'machine learning' → 51 entries, 43 kept so far
19:24:52  INFO     [CY] 'AI regulation' → 69 entries, 83 kept so far
19:24:52  INFO     [EE] 'machine learning' → 35 entries, 53 kept so far
19:24:53  INFO     [LV] 'EU AI Act' → 10 entries, 23 kept so far
19:24:53  INFO     [SI] 'EU AI Act' → 27 entries, 48 kept so far
19:24:53  INFO     [LT] 'EU AI Act' → 23 entries, 45 kept so far
19:24:53  INFO     [CY] 'machine learning' → 85 entries, 118 kept so far
19:24:54  INFO     [EE] 'EU AI Act' → 13 entries, 56 kept so far
19:24:54  INFO     [LV] 'generative AI' → 9 entries, 26 kept so far
19:24:54  INFO     [SI] 'generative AI' → 13 entries, 50 kept so far
19:24:55  INFO     [LT] 'generative AI' → 23 entries, 53 kept so far
19:24:55  INFO     [CY] 'EU AI Act' → 61 entries, 136 kept so far
19:24:55  INFO     [EE] 'generative AI' → 10 entries, 59 kept so far
19:24:55  INFO     [LV] +8 new articles saved
19:24:55  INFO     [SI] +12 new articles saved
19:24:55  INFO     [MT] 'artificial intelligence' → 100 entries, 68 kept so far
19:24:55  INFO     [LU] 'artificial intelligence' → 100 entries, 48 kept so far
19:24:56  INFO     [LT] +21 new articles saved
19:24:56  INFO     [EE] +17 new articles saved
19:24:56  INFO     [CY] 'generative AI' → 100 entries, 175 kept so far
19:24:57  INFO     [MT] 'AI regulation' → 100 entries, 120 kept so far
19:24:57  INFO     [LU] 'AI regulation' → 100 entries, 125 kept so far
19:24:57  INFO     [CY] +0 new articles saved
19:24:58  INFO     [MT] 'machine learning' → 100 entries, 203 kept so far
19:24:58  INFO     [LU] 'machine learning' → 100 entries, 183 kept so far
19:24:59  INFO     [MT] 'EU AI Act' → 100 entries, 282 kept so far
19:25:00  INFO     [MT] 'generative AI' → 100 entries, 354 kept so far
19:25:00  INFO     [LU] 'EU AI Act' → 79 entries, 217 kept so far
19:25:01  INFO     [MT] +0 new articles saved
19:25:02  INFO     [LU] 'generative AI' → 100 entries, 256 kept so far
19:25:03  INFO     [LU] +1 new articles saved
19:25:03  INFO     Scrape complete. 1365 new articles this run.
