13:51:20  INFO     Starting scrape: 27 countries, 5 queries each
/home/runner/work/EU_AI_News/EU_AI_News/eu_ai_news_scraper.py:230: DeprecationWarning: datetime.datetime.utcnow() is deprecated and scheduled for removal in a future version. Use timezone-aware objects to represent datetimes in UTC: datetime.datetime.now(datetime.UTC).
  "scraped_at":   datetime.utcnow().isoformat(),
13:51:20  INFO     [FR] 'artificial intelligence' → 100 entries, 55 kept so far
13:51:20  INFO     [PL] 'artificial intelligence' → 100 entries, 16 kept so far
13:51:21  INFO     [IT] 'artificial intelligence' → 100 entries, 35 kept so far
13:51:21  INFO     [ES] 'artificial intelligence' → 100 entries, 60 kept so far
13:51:21  INFO     [DE] 'artificial intelligence' → 100 entries, 48 kept so far
13:51:22  INFO     [PL] 'AI regulation' → 79 entries, 75 kept so far
13:51:22  INFO     [FR] 'AI regulation' → 100 entries, 139 kept so far
13:51:22  INFO     [IT] 'AI regulation' → 100 entries, 122 kept so far
13:51:22  INFO     [ES] 'AI regulation' → 77 entries, 99 kept so far
13:51:22  INFO     [DE] 'AI regulation' → 100 entries, 126 kept so far
13:51:24  INFO     [PL] 'machine learning' → 100 entries, 113 kept so far
13:51:24  INFO     [FR] 'machine learning' → 100 entries, 197 kept so far
13:51:24  INFO     [IT] 'machine learning' → 100 entries, 188 kept so far
13:51:24  INFO     [DE] 'machine learning' → 100 entries, 168 kept so far
13:51:24  INFO     [ES] 'machine learning' → 100 entries, 170 kept so far
13:51:25  INFO     [PL] 'EU AI Act' → 76 entries, 123 kept so far
13:51:25  INFO     [FR] 'EU AI Act' → 75 entries, 226 kept so far
13:51:25  INFO     [DE] 'EU AI Act' → 100 entries, 256 kept so far
13:51:26  INFO     [ES] 'EU AI Act' → 77 entries, 190 kept so far
13:51:26  INFO     [IT] 'EU AI Act' → 100 entries, 254 kept so far
13:51:27  INFO     [PL] 'generative AI' → 100 entries, 156 kept so far
13:51:27  INFO     [FR] 'generative AI' → 100 entries, 260 kept so far
13:51:27  INFO     [DE] 'generative AI' → 100 entries, 282 kept so far
13:51:27  INFO     [ES] 'generative AI' → 100 entries, 228 kept so far
13:51:27  INFO     [IT] 'generative AI' → 100 entries, 295 kept so far
13:51:28  INFO     [PL] +55 new articles saved
13:51:28  INFO     [FR] +105 new articles saved
13:51:28  INFO     [DE] +168 new articles saved
13:51:28  INFO     [ES] +98 new articles saved
13:51:28  INFO     [NL] 'artificial intelligence' → 100 entries, 8 kept so far
13:51:28  INFO     [IT] +138 new articles saved
13:51:28  INFO     [BE] 'artificial intelligence' → 100 entries, 47 kept so far
13:51:29  INFO     [SE] 'artificial intelligence' → 100 entries, 4 kept so far
13:51:29  INFO     [AT] 'artificial intelligence' → 100 entries, 49 kept so far
13:51:29  INFO     [DK] 'artificial intelligence' → 100 entries, 12 kept so far
13:51:30  INFO     [NL] 'AI regulation' → 78 entries, 43 kept so far
13:51:30  INFO     [SE] 'AI regulation' → 78 entries, 19 kept so far
13:51:30  INFO     [BE] 'AI regulation' → 100 entries, 131 kept so far
13:51:30  INFO     [AT] 'AI regulation' → 100 entries, 125 kept so far
13:51:30  INFO     [DK] 'AI regulation' → 30 entries, 16 kept so far
13:51:31  INFO     [NL] 'machine learning' → 100 entries, 100 kept so far
13:51:32  INFO     [SE] 'machine learning' → 75 entries, 42 kept so far
13:51:32  INFO     [BE] 'machine learning' → 100 entries, 188 kept so far
13:51:32  INFO     [DK] 'machine learning' → 76 entries, 36 kept so far
13:51:32  INFO     [AT] 'machine learning' → 100 entries, 168 kept so far
13:51:33  INFO     [NL] 'EU AI Act' → 93 entries, 124 kept so far
13:51:33  INFO     [SE] 'EU AI Act' → 70 entries, 50 kept so far
13:51:33  INFO     [BE] 'EU AI Act' → 81 entries, 219 kept so far
13:51:34  INFO     [DK] 'EU AI Act' → 77 entries, 52 kept so far
13:51:34  INFO     [AT] 'EU AI Act' → 100 entries, 254 kept so far
13:51:34  INFO     [NL] 'generative AI' → 100 entries, 154 kept so far
13:51:35  INFO     [SE] 'generative AI' → 73 entries, 60 kept so far
13:51:35  INFO     [DK] 'generative AI' → 100 entries, 86 kept so far
13:51:35  INFO     [AT] 'generative AI' → 100 entries, 279 kept so far
13:51:35  INFO     [NL] +47 new articles saved
13:51:36  INFO     [BE] 'generative AI' → 100 entries, 251 kept so far
13:51:36  INFO     [SE] +15 new articles saved
13:51:36  INFO     [FI] 'artificial intelligence' → 100 entries, 55 kept so far
13:51:36  INFO     [DK] +19 new articles saved
13:51:36  INFO     [PT] 'artificial intelligence' → 100 entries, 64 kept so far
13:51:36  INFO     [AT] +26 new articles saved
13:51:37  INFO     [CZ] 'artificial intelligence' → 100 entries, 18 kept so far
13:51:37  INFO     [BE] +13 new articles saved
13:51:37  INFO     [HU] 'artificial intelligence' → 100 entries, 17 kept so far
13:51:37  INFO     [RO] 'artificial intelligence' → 100 entries, 40 kept so far
13:51:38  INFO     [FI] 'AI regulation' → 48 entries, 67 kept so far
13:51:38  INFO     [PT] 'AI regulation' → 79 entries, 94 kept so far
13:51:38  INFO     [CZ] 'AI regulation' → 79 entries, 38 kept so far
13:51:39  INFO     [HU] 'AI regulation' → 79 entries, 20 kept so far
13:51:39  INFO     [RO] 'AI regulation' → 77 entries, 48 kept so far
13:51:39  INFO     [FI] 'machine learning' → 91 entries, 104 kept so far
13:51:40  INFO     [PT] 'machine learning' → 100 entries, 169 kept so far
13:51:40  INFO     [CZ] 'machine learning' → 86 entries, 59 kept so far
13:51:40  INFO     [HU] 'machine learning' → 70 entries, 43 kept so far
13:51:41  INFO     [RO] 'machine learning' → 100 entries, 96 kept so far
13:51:41  INFO     [FI] 'EU AI Act' → 69 entries, 137 kept so far
13:51:41  INFO     [CZ] 'EU AI Act' → 76 entries, 70 kept so far
13:51:41  INFO     [PT] 'EU AI Act' → 50 entries, 177 kept so far
13:51:42  INFO     [HU] 'EU AI Act' → 78 entries, 62 kept so far
13:51:42  INFO     [RO] 'EU AI Act' → 78 entries, 112 kept so far
13:51:42  INFO     [FI] 'generative AI' → 69 entries, 174 kept so far
13:51:43  INFO     [CZ] 'generative AI' → 85 entries, 86 kept so far
13:51:43  INFO     [PT] 'generative AI' → 100 entries, 207 kept so far
13:51:43  INFO     [HU] 'generative AI' → 67 entries, 84 kept so far
13:51:43  INFO     [FI] +61 new articles saved
13:51:44  INFO     [RO] 'generative AI' → 79 entries, 131 kept so far
13:51:44  INFO     [CZ] +40 new articles saved
13:51:44  INFO     [GR] 'artificial intelligence' → 100 entries, 49 kept so far
13:51:44  INFO     [PT] +85 new articles saved
13:51:44  INFO     [SK] 'artificial intelligence' → 100 entries, 25 kept so far
13:51:44  INFO     [HU] +38 new articles saved
13:51:45  INFO     [IE] 'artificial intelligence' → 100 entries, 59 kept so far
13:51:45  INFO     [RO] +49 new articles saved
13:51:45  INFO     [HR] 'artificial intelligence' → 100 entries, 52 kept so far
13:51:45  INFO     [BG] 'artificial intelligence' → 73 entries, 32 kept so far
13:51:45  INFO     [GR] 'AI regulation' → 44 entries, 86 kept so far
13:51:46  INFO     [SK] 'AI regulation' → 18 entries, 27 kept so far
13:51:47  INFO     [IE] 'AI regulation' → 100 entries, 93 kept so far
13:51:47  INFO     [HR] 'AI regulation' → 100 entries, 92 kept so far
13:51:47  INFO     [BG] 'AI regulation' → 12 entries, 34 kept so far
13:51:47  INFO     [GR] 'machine learning' → 95 entries, 119 kept so far
13:51:47  INFO     [SK] 'machine learning' → 59 entries, 42 kept so far
13:51:48  INFO     [HR] 'machine learning' → 100 entries, 165 kept so far
13:51:48  INFO     [BG] 'machine learning' → 55 entries, 43 kept so far
13:51:48  INFO     [IE] 'machine learning' → 100 entries, 153 kept so far
13:51:49  INFO     [GR] 'EU AI Act' → 47 entries, 133 kept so far
13:51:49  INFO     [SK] 'EU AI Act' → 57 entries, 57 kept so far
13:51:50  INFO     [BG] 'EU AI Act' → 10 entries, 46 kept so far
13:51:50  INFO     [HR] 'EU AI Act' → 100 entries, 250 kept so far
13:51:50  INFO     [GR] 'generative AI' → 100 entries, 175 kept so far
13:51:50  INFO     [IE] 'EU AI Act' → 100 entries, 236 kept so far
13:51:50  INFO     [SK] 'generative AI' → 44 entries, 64 kept so far
13:51:51  INFO     [BG] 'generative AI' → 30 entries, 51 kept so far
13:51:51  INFO     [HR] 'generative AI' → 100 entries, 322 kept so far
13:51:51  INFO     [GR] +95 new articles saved
13:51:51  INFO     [SK] +21 new articles saved
13:51:52  INFO     [LT] 'artificial intelligence' → 84 entries, 36 kept so far
13:51:52  INFO     [BG] +24 new articles saved
13:51:52  INFO     [SI] 'artificial intelligence' → 95 entries, 44 kept so far
13:51:52  INFO     [HR] +247 new articles saved
13:51:52  INFO     [LV] 'artificial intelligence' → 64 entries, 18 kept so far
13:51:53  INFO     [EE] 'artificial intelligence' → 100 entries, 50 kept so far
13:51:53  INFO     [IE] 'generative AI' → 100 entries, 301 kept so far
13:51:53  INFO     [LT] 'AI regulation' → 8 entries, 37 kept so far
13:51:53  INFO     [SI] 'AI regulation' → 2 entries, 44 kept so far
13:51:54  INFO     [LV] 'AI regulation' → 6 entries, 18 kept so far
13:51:54  INFO     [IE] +71 new articles saved
13:51:54  INFO     [EE] 'AI regulation' → 11 entries, 50 kept so far
13:51:54  INFO     [CY] 'artificial intelligence' → 100 entries, 49 kept so far
13:51:55  INFO     [LT] 'machine learning' → 47 entries, 43 kept so far
13:51:55  INFO     [SI] 'machine learning' → 25 entries, 48 kept so far
13:51:55  INFO     [LV] 'machine learning' → 11 entries, 20 kept so far
13:51:56  INFO     [EE] 'machine learning' → 12 entries, 53 kept so far
13:51:56  INFO     [CY] 'AI regulation' → 44 entries, 86 kept so far
13:51:56  INFO     [LT] 'EU AI Act' → 17 entries, 44 kept so far
13:51:56  INFO     [SI] 'EU AI Act' → 18 entries, 52 kept so far
13:51:56  INFO     [LV] 'EU AI Act' → 9 entries, 20 kept so far
13:51:57  INFO     [EE] 'EU AI Act' → 17 entries, 56 kept so far
13:51:57  INFO     [LT] 'generative AI' → 24 entries, 51 kept so far
13:51:57  INFO     [CY] 'machine learning' → 95 entries, 119 kept so far
13:51:57  INFO     [SI] 'generative AI' → 24 entries, 55 kept so far
13:51:58  INFO     [LV] 'generative AI' → 7 entries, 22 kept so far
13:51:58  INFO     [EE] 'generative AI' → 9 entries, 59 kept so far
13:51:58  INFO     [LT] +19 new articles saved
13:51:58  INFO     [SI] +17 new articles saved
13:51:59  INFO     [LV] +9 new articles saved
13:51:59  INFO     [MT] 'artificial intelligence' → 100 entries, 52 kept so far
13:51:59  INFO     [LU] 'artificial intelligence' → 100 entries, 54 kept so far
13:51:59  INFO     [CY] 'EU AI Act' → 47 entries, 132 kept so far
13:51:59  INFO     [EE] +19 new articles saved
13:52:00  INFO     [MT] 'AI regulation' → 100 entries, 92 kept so far
13:52:00  INFO     [LU] 'AI regulation' → 100 entries, 138 kept so far
13:52:01  INFO     [CY] 'generative AI' → 100 entries, 174 kept so far
13:52:01  INFO     [MT] 'machine learning' → 100 entries, 165 kept so far
13:52:02  INFO     [CY] +0 new articles saved
13:52:02  INFO     [LU] 'machine learning' → 100 entries, 196 kept so far
13:52:02  INFO     [MT] 'EU AI Act' → 100 entries, 250 kept so far
13:52:03  INFO     [MT] 'generative AI' → 100 entries, 322 kept so far
13:52:04  INFO     [LU] 'EU AI Act' → 77 entries, 227 kept so far
13:52:04  INFO     [MT] +0 new articles saved
13:52:05  INFO     [LU] 'generative AI' → 100 entries, 260 kept so far
13:52:06  INFO     [LU] +0 new articles saved
13:52:06  INFO     Scrape complete. 1479 new articles this run.
