14:15:31  INFO     Starting scrape: 27 countries, 5 queries each
/home/runner/work/EU_AI_News/EU_AI_News/eu_ai_news_scraper.py:230: DeprecationWarning: datetime.datetime.utcnow() is deprecated and scheduled for removal in a future version. Use timezone-aware objects to represent datetimes in UTC: datetime.datetime.now(datetime.UTC).
  "scraped_at":   datetime.utcnow().isoformat(),
14:15:31  INFO     [PL] 'artificial intelligence' → 100 entries, 10 kept so far
14:15:31  INFO     [IT] 'artificial intelligence' → 100 entries, 40 kept so far
14:15:31  INFO     [FR] 'artificial intelligence' → 100 entries, 37 kept so far
14:15:31  INFO     [DE] 'artificial intelligence' → 100 entries, 49 kept so far
14:15:32  INFO     [ES] 'artificial intelligence' → 100 entries, 64 kept so far
14:15:33  INFO     [PL] 'AI regulation' → 100 entries, 75 kept so far
14:15:33  INFO     [IT] 'AI regulation' → 100 entries, 130 kept so far
14:15:33  INFO     [FR] 'AI regulation' → 100 entries, 112 kept so far
14:15:33  INFO     [DE] 'AI regulation' → 95 entries, 121 kept so far
14:15:33  INFO     [ES] 'AI regulation' → 78 entries, 115 kept so far
14:15:35  INFO     [PL] 'machine learning' → 100 entries, 113 kept so far
14:15:35  INFO     [IT] 'machine learning' → 100 entries, 202 kept so far
14:15:35  INFO     [FR] 'machine learning' → 100 entries, 168 kept so far
14:15:35  INFO     [DE] 'machine learning' → 100 entries, 167 kept so far
14:15:35  INFO     [ES] 'machine learning' → 100 entries, 190 kept so far
14:15:36  INFO     [PL] 'EU AI Act' → 77 entries, 129 kept so far
14:15:36  INFO     [IT] 'EU AI Act' → 100 entries, 267 kept so far
14:15:36  INFO     [DE] 'EU AI Act' → 100 entries, 252 kept so far
14:15:36  INFO     [FR] 'EU AI Act' → 79 entries, 212 kept so far
14:15:37  INFO     [ES] 'EU AI Act' → 78 entries, 212 kept so far
14:15:38  INFO     [PL] 'generative AI' → 100 entries, 164 kept so far
14:15:38  INFO     [IT] 'generative AI' → 100 entries, 306 kept so far
14:15:38  INFO     [FR] 'generative AI' → 100 entries, 242 kept so far
14:15:38  INFO     [DE] 'generative AI' → 100 entries, 272 kept so far
14:15:38  INFO     [ES] 'generative AI' → 100 entries, 249 kept so far
14:15:39  INFO     [PL] +67 new articles saved
14:15:39  INFO     [IT] +134 new articles saved
14:15:39  INFO     [FR] +109 new articles saved
14:15:39  INFO     [DE] +184 new articles saved
14:15:39  INFO     [ES] +120 new articles saved
14:15:39  INFO     [NL] 'artificial intelligence' → 100 entries, 11 kept so far
14:15:39  INFO     [BE] 'artificial intelligence' → 100 entries, 48 kept so far
14:15:39  INFO     [SE] 'artificial intelligence' → 100 entries, 9 kept so far
14:15:40  INFO     [AT] 'artificial intelligence' → 100 entries, 45 kept so far
14:15:40  INFO     [DK] 'artificial intelligence' → 100 entries, 16 kept so far
14:15:41  INFO     [NL] 'AI regulation' → 78 entries, 47 kept so far
14:15:41  INFO     [BE] 'AI regulation' → 100 entries, 123 kept so far
14:15:41  INFO     [SE] 'AI regulation' → 70 entries, 21 kept so far
14:15:41  INFO     [AT] 'AI regulation' → 100 entries, 120 kept so far
14:15:41  INFO     [DK] 'AI regulation' → 30 entries, 20 kept so far
14:15:42  INFO     [NL] 'machine learning' → 100 entries, 103 kept so far
14:15:43  INFO     [SE] 'machine learning' → 70 entries, 44 kept so far
14:15:43  INFO     [BE] 'machine learning' → 100 entries, 180 kept so far
14:15:43  INFO     [AT] 'machine learning' → 100 entries, 166 kept so far
14:15:43  INFO     [DK] 'machine learning' → 80 entries, 45 kept so far
14:15:44  INFO     [NL] 'EU AI Act' → 98 entries, 133 kept so far
14:15:44  INFO     [SE] 'EU AI Act' → 77 entries, 53 kept so far
14:15:44  INFO     [BE] 'EU AI Act' → 79 entries, 224 kept so far
14:15:44  INFO     [AT] 'EU AI Act' → 100 entries, 253 kept so far
14:15:45  INFO     [DK] 'EU AI Act' → 76 entries, 63 kept so far
14:15:45  INFO     [NL] 'generative AI' → 100 entries, 162 kept so far
14:15:46  INFO     [SE] 'generative AI' → 79 entries, 67 kept so far
14:15:46  INFO     [BE] 'generative AI' → 100 entries, 250 kept so far
14:15:46  INFO     [AT] 'generative AI' → 100 entries, 273 kept so far
14:15:46  INFO     [DK] 'generative AI' → 100 entries, 95 kept so far
14:15:47  INFO     [NL] +55 new articles saved
14:15:47  INFO     [SE] +24 new articles saved
14:15:47  INFO     [BE] +16 new articles saved
14:15:47  INFO     [FI] 'artificial intelligence' → 100 entries, 63 kept so far
14:15:47  INFO     [AT] +38 new articles saved
14:15:47  INFO     [DK] +24 new articles saved
14:15:47  INFO     [PT] 'artificial intelligence' → 100 entries, 68 kept so far
14:15:48  INFO     [CZ] 'artificial intelligence' → 100 entries, 19 kept so far
14:15:48  INFO     [RO] 'artificial intelligence' → 100 entries, 41 kept so far
14:15:48  INFO     [HU] 'artificial intelligence' → 100 entries, 17 kept so far
14:15:49  INFO     [FI] 'AI regulation' → 49 entries, 75 kept so far
14:15:49  INFO     [CZ] 'AI regulation' → 74 entries, 39 kept so far
14:15:49  INFO     [PT] 'AI regulation' → 79 entries, 98 kept so far
14:15:49  INFO     [RO] 'AI regulation' → 76 entries, 50 kept so far
14:15:49  INFO     [HU] 'AI regulation' → 78 entries, 21 kept so far
14:15:50  INFO     [FI] 'machine learning' → 91 entries, 113 kept so far
14:15:50  INFO     [CZ] 'machine learning' → 89 entries, 60 kept so far
14:15:51  INFO     [RO] 'machine learning' → 100 entries, 98 kept so far
14:15:51  INFO     [PT] 'machine learning' → 100 entries, 174 kept so far
14:15:51  INFO     [HU] 'machine learning' → 68 entries, 45 kept so far
14:15:52  INFO     [FI] 'EU AI Act' → 65 entries, 147 kept so far
14:15:52  INFO     [CZ] 'EU AI Act' → 76 entries, 74 kept so far
14:15:52  INFO     [RO] 'EU AI Act' → 75 entries, 107 kept so far
14:15:52  INFO     [PT] 'EU AI Act' → 46 entries, 182 kept so far
14:15:53  INFO     [HU] 'EU AI Act' → 77 entries, 67 kept so far
14:15:53  INFO     [FI] 'generative AI' → 64 entries, 185 kept so far
14:15:54  INFO     [CZ] 'generative AI' → 85 entries, 90 kept so far
14:15:54  INFO     [RO] 'generative AI' → 82 entries, 129 kept so far
14:15:54  INFO     [HU] 'generative AI' → 74 entries, 89 kept so far
14:15:54  INFO     [PT] 'generative AI' → 100 entries, 215 kept so far
14:15:54  INFO     [FI] +79 new articles saved
14:15:55  INFO     [CZ] +48 new articles saved
14:15:55  INFO     [RO] +47 new articles saved
14:15:55  INFO     [GR] 'artificial intelligence' → 100 entries, 49 kept so far
14:15:55  INFO     [HU] +39 new articles saved
14:15:55  INFO     [SK] 'artificial intelligence' → 100 entries, 21 kept so far
14:15:55  INFO     [PT] +89 new articles saved
14:15:56  INFO     [IE] 'artificial intelligence' → 100 entries, 61 kept so far
14:15:56  INFO     [BG] 'artificial intelligence' → 72 entries, 35 kept so far
14:15:56  INFO     [HR] 'artificial intelligence' → 104 entries, 53 kept so far
14:15:56  INFO     [GR] 'AI regulation' → 43 entries, 88 kept so far
14:15:56  INFO     [SK] 'AI regulation' → 25 entries, 24 kept so far
14:15:57  INFO     [BG] 'AI regulation' → 10 entries, 37 kept so far
14:15:57  INFO     [HR] 'AI regulation' → 100 entries, 90 kept so far
14:15:57  INFO     [IE] 'AI regulation' → 100 entries, 91 kept so far
14:15:58  INFO     [SK] 'machine learning' → 57 entries, 37 kept so far
14:15:58  INFO     [GR] 'machine learning' → 85 entries, 118 kept so far
14:15:59  INFO     [BG] 'machine learning' → 54 entries, 45 kept so far
14:15:59  INFO     [HR] 'machine learning' → 100 entries, 166 kept so far
14:15:59  INFO     [IE] 'machine learning' → 100 entries, 172 kept so far
14:15:59  INFO     [SK] 'EU AI Act' → 59 entries, 52 kept so far
14:16:00  INFO     [GR] 'EU AI Act' → 49 entries, 133 kept so far
14:16:00  INFO     [BG] 'EU AI Act' → 7 entries, 48 kept so far
14:16:01  INFO     [HR] 'EU AI Act' → 100 entries, 246 kept so far
14:16:01  INFO     [SK] 'generative AI' → 51 entries, 60 kept so far
14:16:01  INFO     [IE] 'EU AI Act' → 100 entries, 245 kept so far
14:16:01  INFO     [BG] 'generative AI' → 28 entries, 54 kept so far
14:16:01  INFO     [GR] 'generative AI' → 100 entries, 174 kept so far
14:16:02  INFO     [SK] +22 new articles saved
14:16:02  INFO     [HR] 'generative AI' → 100 entries, 307 kept so far
14:16:02  INFO     [BG] +29 new articles saved
14:16:02  INFO     [GR] +96 new articles saved
14:16:02  INFO     [LT] 'artificial intelligence' → 88 entries, 33 kept so far
14:16:03  INFO     [IE] 'generative AI' → 100 entries, 306 kept so far
14:16:03  INFO     [SI] 'artificial intelligence' → 97 entries, 44 kept so far
14:16:03  INFO     [LV] 'artificial intelligence' → 75 entries, 26 kept so far
14:16:03  INFO     [HR] +221 new articles saved
14:16:04  INFO     [IE] +88 new articles saved
14:16:04  INFO     [LT] 'AI regulation' → 9 entries, 33 kept so far
14:16:04  INFO     [EE] 'artificial intelligence' → 100 entries, 45 kept so far
14:16:04  INFO     [SI] 'AI regulation' → 4 entries, 45 kept so far
14:16:04  INFO     [LV] 'AI regulation' → 8 entries, 26 kept so far
14:16:04  INFO     [CY] 'artificial intelligence' → 100 entries, 48 kept so far
14:16:05  INFO     [LT] 'machine learning' → 40 entries, 38 kept so far
14:16:05  INFO     [SI] 'machine learning' → 24 entries, 47 kept so far
14:16:05  INFO     [EE] 'AI regulation' → 7 entries, 46 kept so far
14:16:05  INFO     [LV] 'machine learning' → 11 entries, 28 kept so far
14:16:06  INFO     [CY] 'AI regulation' → 43 entries, 87 kept so far
14:16:06  INFO     [LT] 'EU AI Act' → 17 entries, 39 kept so far
14:16:07  INFO     [SI] 'EU AI Act' → 24 entries, 52 kept so far
14:16:07  INFO     [LV] 'EU AI Act' → 10 entries, 28 kept so far
14:16:07  INFO     [EE] 'machine learning' → 20 entries, 50 kept so far
14:16:07  INFO     [CY] 'machine learning' → 85 entries, 118 kept so far
14:16:08  INFO     [LT] 'generative AI' → 25 entries, 45 kept so far
14:16:08  INFO     [SI] 'generative AI' → 15 entries, 56 kept so far
14:16:08  INFO     [LV] 'generative AI' → 9 entries, 30 kept so far
14:16:08  INFO     [EE] 'EU AI Act' → 17 entries, 52 kept so far
14:16:09  INFO     [LT] +16 new articles saved
14:16:09  INFO     [CY] 'EU AI Act' → 48 entries, 132 kept so far
14:16:09  INFO     [SI] +18 new articles saved
14:16:09  INFO     [LV] +12 new articles saved
14:16:09  INFO     [MT] 'artificial intelligence' → 104 entries, 53 kept so far
14:16:09  INFO     [EE] 'generative AI' → 10 entries, 55 kept so far
14:16:10  INFO     [LU] 'artificial intelligence' → 102 entries, 38 kept so far
14:16:11  INFO     [CY] 'generative AI' → 100 entries, 173 kept so far
14:16:11  INFO     [EE] +18 new articles saved
14:16:11  INFO     [MT] 'AI regulation' → 100 entries, 90 kept so far
14:16:11  INFO     [LU] 'AI regulation' → 100 entries, 113 kept so far
14:16:12  INFO     [CY] +1 new articles saved
14:16:12  INFO     [MT] 'machine learning' → 100 entries, 166 kept so far
14:16:13  INFO     [MT] 'EU AI Act' → 100 entries, 246 kept so far
14:16:13  INFO     [LU] 'machine learning' → 100 entries, 169 kept so far
14:16:14  INFO     [MT] 'generative AI' → 100 entries, 307 kept so far
14:16:15  INFO     [LU] 'EU AI Act' → 79 entries, 213 kept so far
14:16:15  INFO     [MT] +0 new articles saved
14:16:16  INFO     [LU] 'generative AI' → 100 entries, 243 kept so far
14:16:18  INFO     [LU] +1 new articles saved
14:16:18  INFO     Scrape complete. 1595 new articles this run.
