08:23:58  INFO     Starting scrape: 27 countries, 5 queries each
/home/runner/work/EU_AI_News/EU_AI_News/eu_ai_news_scraper.py:230: DeprecationWarning: datetime.datetime.utcnow() is deprecated and scheduled for removal in a future version. Use timezone-aware objects to represent datetimes in UTC: datetime.datetime.now(datetime.UTC).
  "scraped_at":   datetime.utcnow().isoformat(),
08:23:58  INFO     [DE] 'artificial intelligence' → 100 entries, 48 kept so far
08:23:58  INFO     [FR] 'artificial intelligence' → 100 entries, 48 kept so far
08:23:58  INFO     [PL] 'artificial intelligence' → 100 entries, 12 kept so far
08:23:58  INFO     [IT] 'artificial intelligence' → 100 entries, 46 kept so far
08:23:58  INFO     [ES] 'artificial intelligence' → 100 entries, 66 kept so far
08:24:00  INFO     [DE] 'AI regulation' → 60 entries, 84 kept so far
08:24:00  INFO     [FR] 'AI regulation' → 100 entries, 126 kept so far
08:24:00  INFO     [PL] 'AI regulation' → 78 entries, 68 kept so far
08:24:00  INFO     [IT] 'AI regulation' → 100 entries, 105 kept so far
08:24:00  INFO     [ES] 'AI regulation' → 78 entries, 88 kept so far
08:24:01  INFO     [DE] 'machine learning' → 100 entries, 128 kept so far
08:24:01  INFO     [FR] 'machine learning' → 100 entries, 183 kept so far
08:24:02  INFO     [PL] 'machine learning' → 100 entries, 108 kept so far
08:24:02  INFO     [IT] 'machine learning' → 100 entries, 179 kept so far
08:24:02  INFO     [ES] 'machine learning' → 100 entries, 160 kept so far
08:24:03  INFO     [FR] 'EU AI Act' → 79 entries, 218 kept so far
08:24:03  INFO     [DE] 'EU AI Act' → 100 entries, 207 kept so far
08:24:03  INFO     [PL] 'EU AI Act' → 76 entries, 119 kept so far
08:24:03  INFO     [IT] 'EU AI Act' → 100 entries, 246 kept so far
08:24:03  INFO     [ES] 'EU AI Act' → 78 entries, 195 kept so far
08:24:05  INFO     [DE] 'generative AI' → 100 entries, 233 kept so far
08:24:05  INFO     [FR] 'generative AI' → 100 entries, 255 kept so far
08:24:05  INFO     [IT] 'generative AI' → 100 entries, 289 kept so far
08:24:05  INFO     [PL] 'generative AI' → 100 entries, 150 kept so far
08:24:05  INFO     [ES] 'generative AI' → 100 entries, 234 kept so far
08:24:06  INFO     [DE] +138 new articles saved
08:24:06  INFO     [FR] +105 new articles saved
08:24:06  INFO     [IT] +127 new articles saved
08:24:06  INFO     [PL] +49 new articles saved
08:24:06  INFO     [ES] +99 new articles saved
08:24:06  INFO     [NL] 'artificial intelligence' → 100 entries, 8 kept so far
08:24:07  INFO     [BE] 'artificial intelligence' → 100 entries, 60 kept so far
08:24:07  INFO     [SE] 'artificial intelligence' → 100 entries, 5 kept so far
08:24:07  INFO     [DK] 'artificial intelligence' → 100 entries, 10 kept so far
08:24:07  INFO     [AT] 'artificial intelligence' → 100 entries, 50 kept so far
08:24:08  INFO     [NL] 'AI regulation' → 78 entries, 42 kept so far
08:24:08  INFO     [SE] 'AI regulation' → 76 entries, 24 kept so far
08:24:08  INFO     [BE] 'AI regulation' → 100 entries, 145 kept so far
08:24:08  INFO     [AT] 'AI regulation' → 67 entries, 93 kept so far
08:24:08  INFO     [DK] 'AI regulation' → 29 entries, 12 kept so far
08:24:10  INFO     [NL] 'machine learning' → 100 entries, 102 kept so far
08:24:10  INFO     [SE] 'machine learning' → 71 entries, 46 kept so far
08:24:10  INFO     [BE] 'machine learning' → 100 entries, 199 kept so far
08:24:10  INFO     [DK] 'machine learning' → 79 entries, 35 kept so far
08:24:10  INFO     [AT] 'machine learning' → 100 entries, 137 kept so far
08:24:11  INFO     [SE] 'EU AI Act' → 66 entries, 52 kept so far
08:24:11  INFO     [NL] 'EU AI Act' → 88 entries, 126 kept so far
08:24:12  INFO     [BE] 'EU AI Act' → 83 entries, 231 kept so far
08:24:12  INFO     [AT] 'EU AI Act' → 100 entries, 221 kept so far
08:24:12  INFO     [DK] 'EU AI Act' → 76 entries, 53 kept so far
08:24:13  INFO     [SE] 'generative AI' → 75 entries, 61 kept so far
08:24:13  INFO     [NL] 'generative AI' → 100 entries, 158 kept so far
08:24:13  INFO     [BE] 'generative AI' → 100 entries, 268 kept so far
08:24:13  INFO     [AT] 'generative AI' → 100 entries, 244 kept so far
08:24:13  INFO     [DK] 'generative AI' → 100 entries, 92 kept so far
08:24:14  INFO     [SE] +16 new articles saved
08:24:14  INFO     [NL] +51 new articles saved
08:24:14  INFO     [BE] +23 new articles saved
08:24:14  INFO     [AT] +26 new articles saved
08:24:14  INFO     [FI] 'artificial intelligence' → 100 entries, 60 kept so far
08:24:14  INFO     [DK] +24 new articles saved
08:24:15  INFO     [PT] 'artificial intelligence' → 100 entries, 59 kept so far
08:24:15  INFO     [CZ] 'artificial intelligence' → 100 entries, 21 kept so far
08:24:15  INFO     [HU] 'artificial intelligence' → 100 entries, 14 kept so far
08:24:15  INFO     [RO] 'artificial intelligence' → 100 entries, 42 kept so far
08:24:16  INFO     [FI] 'AI regulation' → 41 entries, 71 kept so far
08:24:16  INFO     [PT] 'AI regulation' → 79 entries, 95 kept so far
08:24:17  INFO     [CZ] 'AI regulation' → 78 entries, 39 kept so far
08:24:17  INFO     [RO] 'AI regulation' → 16 entries, 46 kept so far
08:24:17  INFO     [HU] 'AI regulation' → 79 entries, 16 kept so far
08:24:18  INFO     [FI] 'machine learning' → 91 entries, 109 kept so far
08:24:18  INFO     [CZ] 'machine learning' → 80 entries, 58 kept so far
08:24:18  INFO     [HU] 'machine learning' → 68 entries, 38 kept so far
08:24:18  INFO     [RO] 'machine learning' → 100 entries, 93 kept so far
08:24:18  INFO     [PT] 'machine learning' → 100 entries, 169 kept so far
08:24:19  INFO     [FI] 'EU AI Act' → 77 entries, 146 kept so far
08:24:20  INFO     [CZ] 'EU AI Act' → 76 entries, 68 kept so far
08:24:20  INFO     [RO] 'EU AI Act' → 78 entries, 106 kept so far
08:24:20  INFO     [HU] 'EU AI Act' → 77 entries, 59 kept so far
08:24:20  INFO     [PT] 'EU AI Act' → 45 entries, 175 kept so far
08:24:21  INFO     [FI] 'generative AI' → 66 entries, 185 kept so far
08:24:21  INFO     [CZ] 'generative AI' → 79 entries, 81 kept so far
08:24:21  INFO     [RO] 'generative AI' → 77 entries, 122 kept so far
08:24:21  INFO     [HU] 'generative AI' → 75 entries, 83 kept so far
08:24:22  INFO     [PT] 'generative AI' → 100 entries, 209 kept so far
08:24:22  INFO     [FI] +72 new articles saved
08:24:22  INFO     [CZ] +38 new articles saved
08:24:22  INFO     [RO] +47 new articles saved
08:24:22  INFO     [GR] 'artificial intelligence' → 100 entries, 50 kept so far
08:24:22  INFO     [HU] +35 new articles saved
08:24:23  INFO     [SK] 'artificial intelligence' → 100 entries, 25 kept so far
08:24:23  INFO     [PT] +85 new articles saved
08:24:23  INFO     [HR] 'artificial intelligence' → 100 entries, 71 kept so far
08:24:23  INFO     [IE] 'artificial intelligence' → 100 entries, 71 kept so far
08:24:23  INFO     [BG] 'artificial intelligence' → 72 entries, 32 kept so far
08:24:24  INFO     [GR] 'AI regulation' → 38 entries, 81 kept so far
08:24:24  INFO     [SK] 'AI regulation' → 13 entries, 26 kept so far
08:24:25  INFO     [HR] 'AI regulation' → 100 entries, 125 kept so far
08:24:25  INFO     [BG] 'AI regulation' → 7 entries, 35 kept so far
08:24:25  INFO     [IE] 'AI regulation' → 100 entries, 121 kept so far
08:24:26  INFO     [GR] 'machine learning' → 96 entries, 124 kept so far
08:24:26  INFO     [SK] 'machine learning' → 60 entries, 42 kept so far
08:24:26  INFO     [BG] 'machine learning' → 55 entries, 44 kept so far
08:24:26  INFO     [HR] 'machine learning' → 100 entries, 212 kept so far
08:24:27  INFO     [IE] 'machine learning' → 100 entries, 197 kept so far
08:24:27  INFO     [GR] 'EU AI Act' → 47 entries, 136 kept so far
08:24:27  INFO     [SK] 'EU AI Act' → 56 entries, 56 kept so far
08:24:28  INFO     [BG] 'EU AI Act' → 10 entries, 47 kept so far
08:24:28  INFO     [HR] 'EU AI Act' → 100 entries, 292 kept so far
08:24:28  INFO     [IE] 'EU AI Act' → 100 entries, 271 kept so far
08:24:29  INFO     [SK] 'generative AI' → 49 entries, 66 kept so far
08:24:29  INFO     [BG] 'generative AI' → 28 entries, 50 kept so far
08:24:29  INFO     [GR] 'generative AI' → 100 entries, 171 kept so far
08:24:30  INFO     [SK] +21 new articles saved
08:24:30  INFO     [HR] 'generative AI' → 100 entries, 357 kept so far
08:24:30  INFO     [BG] +23 new articles saved
08:24:30  INFO     [GR] +88 new articles saved
08:24:30  INFO     [IE] 'generative AI' → 100 entries, 334 kept so far
08:24:30  INFO     [LT] 'artificial intelligence' → 92 entries, 38 kept so far
08:24:30  INFO     [LV] 'artificial intelligence' → 66 entries, 25 kept so far
08:24:30  INFO     [SI] 'artificial intelligence' → 95 entries, 41 kept so far
08:24:31  INFO     [HR] +275 new articles saved
08:24:31  INFO     [IE] +79 new articles saved
08:24:32  INFO     [EE] 'artificial intelligence' → 100 entries, 53 kept so far
08:24:32  INFO     [LT] 'AI regulation' → 13 entries, 40 kept so far
08:24:32  INFO     [LV] 'AI regulation' → 8 entries, 25 kept so far
08:24:32  INFO     [CY] 'artificial intelligence' → 100 entries, 50 kept so far
08:24:32  INFO     [SI] 'AI regulation' → 2 entries, 41 kept so far
08:24:33  INFO     [EE] 'AI regulation' → 6 entries, 53 kept so far
08:24:33  INFO     [LV] 'machine learning' → 11 entries, 26 kept so far
08:24:33  INFO     [LT] 'machine learning' → 48 entries, 45 kept so far
08:24:33  INFO     [CY] 'AI regulation' → 38 entries, 81 kept so far
08:24:33  INFO     [SI] 'machine learning' → 24 entries, 44 kept so far
08:24:34  INFO     [LV] 'EU AI Act' → 10 entries, 26 kept so far
08:24:34  INFO     [EE] 'machine learning' → 17 entries, 56 kept so far
08:24:35  INFO     [SI] 'EU AI Act' → 21 entries, 48 kept so far
08:24:35  INFO     [LT] 'EU AI Act' → 19 entries, 46 kept so far
08:24:35  INFO     [CY] 'machine learning' → 96 entries, 124 kept so far
08:24:35  INFO     [LV] 'generative AI' → 7 entries, 28 kept so far
08:24:36  INFO     [EE] 'EU AI Act' → 15 entries, 58 kept so far
08:24:36  INFO     [LT] 'generative AI' → 30 entries, 53 kept so far
08:24:36  INFO     [SI] 'generative AI' → 13 entries, 51 kept so far
08:24:36  INFO     [CY] 'EU AI Act' → 47 entries, 136 kept so far
08:24:36  INFO     [LV] +10 new articles saved
08:24:37  INFO     [EE] 'generative AI' → 11 entries, 60 kept so far
08:24:37  INFO     [LU] 'artificial intelligence' → 100 entries, 48 kept so far
08:24:37  INFO     [LT] +21 new articles saved
08:24:37  INFO     [SI] +13 new articles saved
08:24:37  INFO     [MT] 'artificial intelligence' → 100 entries, 71 kept so far
08:24:38  INFO     [CY] 'generative AI' → 100 entries, 171 kept so far
08:24:38  INFO     [EE] +17 new articles saved
08:24:39  INFO     [LU] 'AI regulation' → 100 entries, 126 kept so far
08:24:39  INFO     [MT] 'AI regulation' → 100 entries, 125 kept so far
08:24:39  INFO     [CY] +0 new articles saved
08:24:40  INFO     [LU] 'machine learning' → 100 entries, 183 kept so far
08:24:41  INFO     [MT] 'machine learning' → 100 entries, 212 kept so far
08:24:42  INFO     [LU] 'EU AI Act' → 79 entries, 218 kept so far
08:24:42  INFO     [MT] 'EU AI Act' → 100 entries, 292 kept so far
08:24:43  INFO     [MT] 'generative AI' → 100 entries, 357 kept so far
08:24:44  INFO     [LU] 'generative AI' → 100 entries, 255 kept so far
08:24:44  INFO     [MT] +0 new articles saved
08:24:45  INFO     [LU] +0 new articles saved
08:24:45  INFO     Scrape complete. 1482 new articles this run.
