11:08:58  INFO     Starting scrape: 27 countries, 5 queries each
/home/runner/work/EU_AI_News/EU_AI_News/eu_ai_news_scraper.py:230: DeprecationWarning: datetime.datetime.utcnow() is deprecated and scheduled for removal in a future version. Use timezone-aware objects to represent datetimes in UTC: datetime.datetime.now(datetime.UTC).
  "scraped_at":   datetime.utcnow().isoformat(),
11:08:58  INFO     [IT] 'artificial intelligence' → 100 entries, 23 kept so far
11:08:58  INFO     [FR] 'artificial intelligence' → 100 entries, 60 kept so far
11:08:58  INFO     [DE] 'artificial intelligence' → 100 entries, 49 kept so far
11:08:59  INFO     [PL] 'artificial intelligence' → 100 entries, 20 kept so far
11:08:59  INFO     [ES] 'artificial intelligence' → 100 entries, 69 kept so far
11:09:00  INFO     [IT] 'AI regulation' → 100 entries, 75 kept so far
11:09:00  INFO     [DE] 'AI regulation' → 100 entries, 103 kept so far
11:09:00  INFO     [PL] 'AI regulation' → 78 entries, 81 kept so far
11:09:00  INFO     [FR] 'AI regulation' → 100 entries, 119 kept so far
11:09:00  INFO     [ES] 'AI regulation' → 72 entries, 92 kept so far
11:09:01  INFO     [IT] 'machine learning' → 100 entries, 148 kept so far
11:09:02  INFO     [PL] 'machine learning' → 100 entries, 120 kept so far
11:09:02  INFO     [FR] 'machine learning' → 100 entries, 172 kept so far
11:09:02  INFO     [DE] 'machine learning' → 100 entries, 141 kept so far
11:09:02  INFO     [ES] 'machine learning' → 100 entries, 165 kept so far
11:09:03  INFO     [IT] 'EU AI Act' → 100 entries, 226 kept so far
11:09:03  INFO     [PL] 'EU AI Act' → 72 entries, 135 kept so far
11:09:03  INFO     [FR] 'EU AI Act' → 78 entries, 222 kept so far
11:09:03  INFO     [DE] 'EU AI Act' → 100 entries, 226 kept so far
11:09:04  INFO     [ES] 'EU AI Act' → 77 entries, 204 kept so far
11:09:05  INFO     [IT] 'generative AI' → 100 entries, 272 kept so far
11:09:05  INFO     [PL] 'generative AI' → 100 entries, 169 kept so far
11:09:05  INFO     [FR] 'generative AI' → 100 entries, 262 kept so far
11:09:05  INFO     [DE] 'generative AI' → 100 entries, 245 kept so far
11:09:05  INFO     [ES] 'generative AI' → 100 entries, 246 kept so far
11:09:06  INFO     [IT] +109 new articles saved
11:09:06  INFO     [PL] +71 new articles saved
11:09:06  INFO     [FR] +107 new articles saved
11:09:06  INFO     [DE] +147 new articles saved
11:09:06  INFO     [ES] +94 new articles saved
11:09:06  INFO     [NL] 'artificial intelligence' → 100 entries, 12 kept so far
11:09:06  INFO     [BE] 'artificial intelligence' → 100 entries, 60 kept so far
11:09:06  INFO     [SE] 'artificial intelligence' → 100 entries, 12 kept so far
11:09:07  INFO     [AT] 'artificial intelligence' → 100 entries, 47 kept so far
11:09:07  INFO     [DK] 'artificial intelligence' → 100 entries, 20 kept so far
11:09:08  INFO     [NL] 'AI regulation' → 79 entries, 62 kept so far
11:09:08  INFO     [SE] 'AI regulation' → 67 entries, 27 kept so far
11:09:08  INFO     [AT] 'AI regulation' → 29 entries, 70 kept so far
11:09:08  INFO     [BE] 'AI regulation' → 100 entries, 130 kept so far
11:09:08  INFO     [DK] 'AI regulation' → 27 entries, 21 kept so far
11:09:09  INFO     [NL] 'machine learning' → 100 entries, 123 kept so far
11:09:09  INFO     [SE] 'machine learning' → 72 entries, 47 kept so far
11:09:10  INFO     [AT] 'machine learning' → 100 entries, 111 kept so far
11:09:10  INFO     [BE] 'machine learning' → 100 entries, 187 kept so far
11:09:10  INFO     [DK] 'machine learning' → 77 entries, 40 kept so far
11:09:11  INFO     [NL] 'EU AI Act' → 95 entries, 138 kept so far
11:09:11  INFO     [SE] 'EU AI Act' → 67 entries, 53 kept so far
11:09:11  INFO     [AT] 'EU AI Act' → 100 entries, 201 kept so far
11:09:11  INFO     [BE] 'EU AI Act' → 78 entries, 234 kept so far
11:09:12  INFO     [DK] 'EU AI Act' → 75 entries, 56 kept so far
11:09:12  INFO     [NL] 'generative AI' → 100 entries, 168 kept so far
11:09:13  INFO     [SE] 'generative AI' → 77 entries, 66 kept so far
11:09:13  INFO     [AT] 'generative AI' → 100 entries, 222 kept so far
11:09:13  INFO     [BE] 'generative AI' → 100 entries, 272 kept so far
11:09:13  INFO     [DK] 'generative AI' → 100 entries, 92 kept so far
11:09:14  INFO     [NL] +55 new articles saved
11:09:14  INFO     [SE] +20 new articles saved
11:09:14  INFO     [AT] +18 new articles saved
11:09:14  INFO     [BE] +26 new articles saved
11:09:14  INFO     [DK] +23 new articles saved
11:09:14  INFO     [FI] 'artificial intelligence' → 100 entries, 64 kept so far
11:09:14  INFO     [PT] 'artificial intelligence' → 100 entries, 60 kept so far
11:09:14  INFO     [CZ] 'artificial intelligence' → 100 entries, 22 kept so far
11:09:15  INFO     [RO] 'artificial intelligence' → 100 entries, 44 kept so far
11:09:15  INFO     [HU] 'artificial intelligence' → 100 entries, 19 kept so far
11:09:16  INFO     [FI] 'AI regulation' → 43 entries, 73 kept so far
11:09:16  INFO     [PT] 'AI regulation' → 79 entries, 97 kept so far
11:09:16  INFO     [CZ] 'AI regulation' → 76 entries, 51 kept so far
11:09:16  INFO     [RO] 'AI regulation' → 21 entries, 48 kept so far
11:09:16  INFO     [HU] 'AI regulation' → 79 entries, 21 kept so far
11:09:17  INFO     [FI] 'machine learning' → 92 entries, 110 kept so far
11:09:17  INFO     [CZ] 'machine learning' → 24 entries, 59 kept so far
11:09:18  INFO     [RO] 'machine learning' → 100 entries, 95 kept so far
11:09:18  INFO     [PT] 'machine learning' → 100 entries, 173 kept so far
11:09:18  INFO     [HU] 'machine learning' → 71 entries, 47 kept so far
11:09:19  INFO     [CZ] 'EU AI Act' → 76 entries, 69 kept so far
11:09:19  INFO     [FI] 'EU AI Act' → 59 entries, 141 kept so far
11:09:19  INFO     [RO] 'EU AI Act' → 78 entries, 106 kept so far
11:09:19  INFO     [PT] 'EU AI Act' → 46 entries, 179 kept so far
11:09:20  INFO     [HU] 'EU AI Act' → 77 entries, 69 kept so far
11:09:20  INFO     [CZ] 'generative AI' → 81 entries, 84 kept so far
11:09:20  INFO     [FI] 'generative AI' → 66 entries, 173 kept so far
11:09:21  INFO     [RO] 'generative AI' → 80 entries, 125 kept so far
11:09:21  INFO     [PT] 'generative AI' → 100 entries, 217 kept so far
11:09:21  INFO     [HU] 'generative AI' → 77 entries, 94 kept so far
11:09:21  INFO     [CZ] +40 new articles saved
11:09:21  INFO     [FI] +59 new articles saved
11:09:22  INFO     [GR] 'artificial intelligence' → 100 entries, 49 kept so far
11:09:22  INFO     [RO] +37 new articles saved
11:09:22  INFO     [SK] 'artificial intelligence' → 100 entries, 25 kept so far
11:09:22  INFO     [PT] +80 new articles saved
11:09:22  INFO     [HU] +38 new articles saved
11:09:22  INFO     [HR] 'artificial intelligence' → 102 entries, 62 kept so far
11:09:22  INFO     [BG] 'artificial intelligence' → 73 entries, 36 kept so far
11:09:23  INFO     [IE] 'artificial intelligence' → 100 entries, 63 kept so far
11:09:23  INFO     [GR] 'AI regulation' → 57 entries, 85 kept so far
11:09:23  INFO     [SK] 'AI regulation' → 15 entries, 26 kept so far
11:09:24  INFO     [BG] 'AI regulation' → 5 entries, 38 kept so far
11:09:24  INFO     [HR] 'AI regulation' → 100 entries, 112 kept so far
11:09:24  INFO     [IE] 'AI regulation' → 100 entries, 116 kept so far
11:09:25  INFO     [SK] 'machine learning' → 56 entries, 40 kept so far
11:09:25  INFO     [GR] 'machine learning' → 88 entries, 125 kept so far
11:09:25  INFO     [BG] 'machine learning' → 55 entries, 48 kept so far
11:09:25  INFO     [HR] 'machine learning' → 100 entries, 190 kept so far
11:09:26  INFO     [IE] 'machine learning' → 100 entries, 195 kept so far
11:09:26  INFO     [SK] 'EU AI Act' → 49 entries, 54 kept so far
11:09:27  INFO     [GR] 'EU AI Act' → 67 entries, 148 kept so far
11:09:27  INFO     [BG] 'EU AI Act' → 8 entries, 51 kept so far
11:09:27  INFO     [HR] 'EU AI Act' → 100 entries, 270 kept so far
11:09:28  INFO     [IE] 'EU AI Act' → 100 entries, 272 kept so far
11:09:28  INFO     [SK] 'generative AI' → 44 entries, 63 kept so far
11:09:28  INFO     [BG] 'generative AI' → 33 entries, 56 kept so far
11:09:28  INFO     [GR] 'generative AI' → 100 entries, 191 kept so far
11:09:29  INFO     [HR] 'generative AI' → 100 entries, 346 kept so far
11:09:29  INFO     [SK] +23 new articles saved
11:09:29  INFO     [BG] +24 new articles saved
11:09:29  INFO     [GR] +90 new articles saved
11:09:29  INFO     [SI] 'artificial intelligence' → 100 entries, 44 kept so far
11:09:29  INFO     [LT] 'artificial intelligence' → 90 entries, 31 kept so far
11:09:29  INFO     [IE] 'generative AI' → 100 entries, 344 kept so far
11:09:30  INFO     [LV] 'artificial intelligence' → 73 entries, 24 kept so far
11:09:30  INFO     [HR] +220 new articles saved
11:09:30  INFO     [EE] 'artificial intelligence' → 100 entries, 46 kept so far
11:09:30  INFO     [IE] +72 new articles saved
11:09:31  INFO     [SI] 'AI regulation' → 5 entries, 44 kept so far
11:09:31  INFO     [LT] 'AI regulation' → 17 entries, 34 kept so far
11:09:31  INFO     [LV] 'AI regulation' → 11 entries, 24 kept so far
11:09:31  INFO     [CY] 'artificial intelligence' → 100 entries, 49 kept so far
11:09:31  INFO     [EE] 'AI regulation' → 18 entries, 49 kept so far
11:09:32  INFO     [SI] 'machine learning' → 22 entries, 46 kept so far
11:09:32  INFO     [LV] 'machine learning' → 11 entries, 27 kept so far
11:09:32  INFO     [LT] 'machine learning' → 33 entries, 39 kept so far
11:09:32  INFO     [CY] 'AI regulation' → 57 entries, 85 kept so far
11:09:33  INFO     [EE] 'machine learning' → 17 entries, 51 kept so far
11:09:33  INFO     [SI] 'EU AI Act' → 21 entries, 52 kept so far
11:09:33  INFO     [LV] 'EU AI Act' → 10 entries, 27 kept so far
11:09:33  INFO     [LT] 'EU AI Act' → 21 entries, 41 kept so far
11:09:34  INFO     [CY] 'machine learning' → 88 entries, 125 kept so far
11:09:34  INFO     [EE] 'EU AI Act' → 20 entries, 54 kept so far
11:09:35  INFO     [SI] 'generative AI' → 13 entries, 55 kept so far
11:09:35  INFO     [LV] 'generative AI' → 10 entries, 30 kept so far
11:09:35  INFO     [LT] 'generative AI' → 26 entries, 48 kept so far
11:09:35  INFO     [CY] 'EU AI Act' → 67 entries, 148 kept so far
11:09:35  INFO     [EE] 'generative AI' → 13 entries, 58 kept so far
11:09:36  INFO     [SI] +13 new articles saved
11:09:36  INFO     [LV] +10 new articles saved
11:09:36  INFO     [MT] 'artificial intelligence' → 102 entries, 62 kept so far
11:09:36  INFO     [LT] +13 new articles saved
11:09:36  INFO     [LU] 'artificial intelligence' → 100 entries, 59 kept so far
11:09:36  INFO     [EE] +13 new articles saved
11:09:37  INFO     [CY] 'generative AI' → 100 entries, 191 kept so far
11:09:37  INFO     [MT] 'AI regulation' → 100 entries, 112 kept so far
11:09:38  INFO     [LU] 'AI regulation' → 40 entries, 92 kept so far
11:09:38  INFO     [CY] +0 new articles saved
11:09:38  INFO     [MT] 'machine learning' → 100 entries, 190 kept so far
11:09:39  INFO     [LU] 'machine learning' → 100 entries, 145 kept so far
11:09:39  INFO     [MT] 'EU AI Act' → 100 entries, 270 kept so far
11:09:40  INFO     [MT] 'generative AI' → 100 entries, 346 kept so far
11:09:41  INFO     [LU] 'EU AI Act' → 78 entries, 191 kept so far
11:09:41  INFO     [MT] +0 new articles saved
11:09:42  INFO     [LU] 'generative AI' → 100 entries, 231 kept so far
11:09:43  INFO     [LU] +9 new articles saved
11:09:43  INFO     Scrape complete. 1411 new articles this run.
