14:46:31  INFO     Starting scrape: 27 countries, 5 queries each
/home/runner/work/EU_AI_News/EU_AI_News/eu_ai_news_scraper.py:230: DeprecationWarning: datetime.datetime.utcnow() is deprecated and scheduled for removal in a future version. Use timezone-aware objects to represent datetimes in UTC: datetime.datetime.now(datetime.UTC).
  "scraped_at":   datetime.utcnow().isoformat(),
14:46:31  INFO     [FR] 'artificial intelligence' → 100 entries, 47 kept so far
14:46:32  INFO     [IT] 'artificial intelligence' → 100 entries, 38 kept so far
14:46:32  INFO     [PL] 'artificial intelligence' → 100 entries, 15 kept so far
14:46:32  INFO     [ES] 'artificial intelligence' → 100 entries, 65 kept so far
14:46:32  INFO     [DE] 'artificial intelligence' → 100 entries, 53 kept so far
14:46:33  INFO     [FR] 'AI regulation' → 100 entries, 128 kept so far
14:46:33  INFO     [PL] 'AI regulation' → 88 entries, 87 kept so far
14:46:33  INFO     [IT] 'AI regulation' → 100 entries, 125 kept so far
14:46:33  INFO     [ES] 'AI regulation' → 79 entries, 118 kept so far
14:46:34  INFO     [DE] 'AI regulation' → 100 entries, 130 kept so far
14:46:35  INFO     [FR] 'machine learning' → 100 entries, 186 kept so far
14:46:35  INFO     [PL] 'machine learning' → 100 entries, 127 kept so far
14:46:35  INFO     [ES] 'machine learning' → 100 entries, 203 kept so far
14:46:35  INFO     [IT] 'machine learning' → 100 entries, 201 kept so far
14:46:35  INFO     [DE] 'machine learning' → 100 entries, 167 kept so far
14:46:36  INFO     [FR] 'EU AI Act' → 81 entries, 228 kept so far
14:46:37  INFO     [PL] 'EU AI Act' → 77 entries, 142 kept so far
14:46:37  INFO     [DE] 'EU AI Act' → 100 entries, 248 kept so far
14:46:37  INFO     [ES] 'EU AI Act' → 76 entries, 225 kept so far
14:46:37  INFO     [IT] 'EU AI Act' → 100 entries, 279 kept so far
14:46:38  INFO     [PL] 'generative AI' → 100 entries, 177 kept so far
14:46:38  INFO     [FR] 'generative AI' → 100 entries, 266 kept so far
14:46:39  INFO     [DE] 'generative AI' → 100 entries, 269 kept so far
14:46:39  INFO     [IT] 'generative AI' → 100 entries, 327 kept so far
14:46:39  INFO     [ES] 'generative AI' → 100 entries, 266 kept so far
14:46:39  INFO     [PL] +89 new articles saved
14:46:39  INFO     [FR] +130 new articles saved
14:46:40  INFO     [DE] +166 new articles saved
14:46:40  INFO     [IT] +144 new articles saved
14:46:40  INFO     [ES] +119 new articles saved
14:46:40  INFO     [NL] 'artificial intelligence' → 100 entries, 13 kept so far
14:46:40  INFO     [BE] 'artificial intelligence' → 100 entries, 49 kept so far
14:46:40  INFO     [SE] 'artificial intelligence' → 100 entries, 11 kept so far
14:46:41  INFO     [AT] 'artificial intelligence' → 100 entries, 54 kept so far
14:46:41  INFO     [DK] 'artificial intelligence' → 100 entries, 14 kept so far
14:46:42  INFO     [NL] 'AI regulation' → 79 entries, 61 kept so far
14:46:42  INFO     [BE] 'AI regulation' → 100 entries, 130 kept so far
14:46:42  INFO     [SE] 'AI regulation' → 78 entries, 25 kept so far
14:46:42  INFO     [AT] 'AI regulation' → 100 entries, 126 kept so far
14:46:43  INFO     [DK] 'AI regulation' → 33 entries, 18 kept so far
14:46:43  INFO     [NL] 'machine learning' → 100 entries, 118 kept so far
14:46:44  INFO     [BE] 'machine learning' → 100 entries, 191 kept so far
14:46:44  INFO     [SE] 'machine learning' → 67 entries, 43 kept so far
14:46:44  INFO     [AT] 'machine learning' → 100 entries, 167 kept so far
14:46:45  INFO     [DK] 'machine learning' → 78 entries, 37 kept so far
14:46:45  INFO     [NL] 'EU AI Act' → 90 entries, 134 kept so far
14:46:45  INFO     [BE] 'EU AI Act' → 82 entries, 234 kept so far
14:46:45  INFO     [SE] 'EU AI Act' → 61 entries, 51 kept so far
14:46:46  INFO     [AT] 'EU AI Act' → 100 entries, 250 kept so far
14:46:46  INFO     [DK] 'EU AI Act' → 77 entries, 51 kept so far
14:46:47  INFO     [SE] 'generative AI' → 76 entries, 64 kept so far
14:46:47  INFO     [NL] 'generative AI' → 100 entries, 163 kept so far
14:46:47  INFO     [BE] 'generative AI' → 100 entries, 264 kept so far
14:46:47  INFO     [AT] 'generative AI' → 100 entries, 274 kept so far
14:46:48  INFO     [SE] +19 new articles saved
14:46:48  INFO     [NL] +54 new articles saved
14:46:48  INFO     [BE] +19 new articles saved
14:46:48  INFO     [DK] 'generative AI' → 100 entries, 89 kept so far
14:46:48  INFO     [AT] +24 new articles saved
14:46:49  INFO     [CZ] 'artificial intelligence' → 100 entries, 17 kept so far
14:46:49  INFO     [FI] 'artificial intelligence' → 100 entries, 58 kept so far
14:46:49  INFO     [PT] 'artificial intelligence' → 100 entries, 55 kept so far
14:46:49  INFO     [RO] 'artificial intelligence' → 100 entries, 43 kept so far
14:46:49  INFO     [DK] +26 new articles saved
14:46:50  INFO     [HU] 'artificial intelligence' → 100 entries, 14 kept so far
14:46:50  INFO     [CZ] 'AI regulation' → 77 entries, 49 kept so far
14:46:51  INFO     [FI] 'AI regulation' → 61 entries, 67 kept so far
14:46:51  INFO     [RO] 'AI regulation' → 63 entries, 48 kept so far
14:46:51  INFO     [PT] 'AI regulation' → 66 entries, 92 kept so far
14:46:52  INFO     [HU] 'AI regulation' → 79 entries, 21 kept so far
14:46:52  INFO     [CZ] 'machine learning' → 85 entries, 69 kept so far
14:46:52  INFO     [RO] 'machine learning' → 100 entries, 94 kept so far
14:46:53  INFO     [FI] 'machine learning' → 87 entries, 102 kept so far
14:46:53  INFO     [PT] 'machine learning' → 100 entries, 161 kept so far
14:46:53  INFO     [HU] 'machine learning' → 73 entries, 45 kept so far
14:46:54  INFO     [CZ] 'EU AI Act' → 76 entries, 75 kept so far
14:46:54  INFO     [RO] 'EU AI Act' → 78 entries, 107 kept so far
14:46:54  INFO     [FI] 'EU AI Act' → 59 entries, 140 kept so far
14:46:55  INFO     [PT] 'EU AI Act' → 52 entries, 169 kept so far
14:46:55  INFO     [HU] 'EU AI Act' → 68 entries, 66 kept so far
14:46:55  INFO     [CZ] 'generative AI' → 86 entries, 89 kept so far
14:46:56  INFO     [RO] 'generative AI' → 82 entries, 125 kept so far
14:46:56  INFO     [FI] 'generative AI' → 65 entries, 173 kept so far
14:46:56  INFO     [CZ] +40 new articles saved
14:46:56  INFO     [HU] 'generative AI' → 79 entries, 92 kept so far
14:46:57  INFO     [PT] 'generative AI' → 100 entries, 204 kept so far
14:46:57  INFO     [RO] +39 new articles saved
14:46:57  INFO     [GR] 'artificial intelligence' → 100 entries, 47 kept so far
14:46:57  INFO     [FI] +70 new articles saved
14:46:57  INFO     [SK] 'artificial intelligence' → 100 entries, 29 kept so far
14:46:57  INFO     [HU] +41 new articles saved
14:46:58  INFO     [PT] +87 new articles saved
14:46:58  INFO     [IE] 'artificial intelligence' → 100 entries, 55 kept so far
14:46:58  INFO     [BG] 'artificial intelligence' → 100 entries, 36 kept so far
14:46:58  INFO     [HR] 'artificial intelligence' → 105 entries, 60 kept so far
14:46:58  INFO     [GR] 'AI regulation' → 62 entries, 91 kept so far
14:46:59  INFO     [SK] 'AI regulation' → 29 entries, 32 kept so far
14:47:00  INFO     [BG] 'AI regulation' → 8 entries, 38 kept so far
14:47:00  INFO     [IE] 'AI regulation' → 100 entries, 98 kept so far
14:47:00  INFO     [HR] 'AI regulation' → 100 entries, 98 kept so far
14:47:00  INFO     [GR] 'machine learning' → 94 entries, 131 kept so far
14:47:00  INFO     [SK] 'machine learning' → 57 entries, 48 kept so far
14:47:01  INFO     [BG] 'machine learning' → 44 entries, 45 kept so far
14:47:02  INFO     [IE] 'machine learning' → 100 entries, 162 kept so far
14:47:02  INFO     [HR] 'machine learning' → 100 entries, 166 kept so far
14:47:02  INFO     [GR] 'EU AI Act' → 67 entries, 152 kept so far
14:47:02  INFO     [SK] 'EU AI Act' → 51 entries, 62 kept so far
14:47:02  INFO     [BG] 'EU AI Act' → 11 entries, 47 kept so far
14:47:03  INFO     [GR] 'generative AI' → 100 entries, 190 kept so far
14:47:04  INFO     [HR] 'EU AI Act' → 100 entries, 248 kept so far
14:47:04  INFO     [SK] 'generative AI' → 47 entries, 71 kept so far
14:47:04  INFO     [IE] 'EU AI Act' → 100 entries, 241 kept so far
14:47:04  INFO     [BG] 'generative AI' → 31 entries, 51 kept so far
14:47:04  INFO     [GR] +93 new articles saved
14:47:05  INFO     [SK] +25 new articles saved
14:47:05  INFO     [BG] +24 new articles saved
14:47:05  INFO     [LT] 'artificial intelligence' → 91 entries, 35 kept so far
14:47:05  INFO     [SI] 'artificial intelligence' → 100 entries, 36 kept so far
14:47:05  INFO     [LV] 'artificial intelligence' → 69 entries, 20 kept so far
14:47:05  INFO     [HR] 'generative AI' → 100 entries, 313 kept so far
14:47:06  INFO     [IE] 'generative AI' → 100 entries, 303 kept so far
14:47:06  INFO     [HR] +216 new articles saved
14:47:06  INFO     [LT] 'AI regulation' → 15 entries, 38 kept so far
14:47:07  INFO     [IE] +70 new articles saved
14:47:07  INFO     [SI] 'AI regulation' → 2 entries, 36 kept so far
14:47:07  INFO     [LV] 'AI regulation' → 11 entries, 20 kept so far
14:47:07  INFO     [EE] 'artificial intelligence' → 100 entries, 45 kept so far
14:47:07  INFO     [CY] 'artificial intelligence' → 100 entries, 48 kept so far
14:47:08  INFO     [LT] 'machine learning' → 37 entries, 43 kept so far
14:47:08  INFO     [LV] 'machine learning' → 10 entries, 22 kept so far
14:47:08  INFO     [SI] 'machine learning' → 22 entries, 39 kept so far
14:47:09  INFO     [EE] 'AI regulation' → 17 entries, 45 kept so far
14:47:09  INFO     [CY] 'AI regulation' → 69 entries, 86 kept so far
14:47:09  INFO     [LT] 'EU AI Act' → 22 entries, 45 kept so far
14:47:09  INFO     [LV] 'EU AI Act' → 9 entries, 22 kept so far
14:47:10  INFO     [SI] 'EU AI Act' → 21 entries, 44 kept so far
14:47:10  INFO     [EE] 'machine learning' → 21 entries, 47 kept so far
14:47:11  INFO     [LT] 'generative AI' → 27 entries, 53 kept so far
14:47:11  INFO     [LV] 'generative AI' → 10 entries, 24 kept so far
14:47:11  INFO     [SI] 'generative AI' → 13 entries, 47 kept so far
14:47:11  INFO     [CY] 'machine learning' → 100 entries, 131 kept so far
14:47:12  INFO     [EE] 'EU AI Act' → 15 entries, 50 kept so far
14:47:12  INFO     [LT] +19 new articles saved
14:47:12  INFO     [LV] +7 new articles saved
14:47:12  INFO     [SI] +9 new articles saved
14:47:12  INFO     [MT] 'artificial intelligence' → 105 entries, 60 kept so far
14:47:13  INFO     [LU] 'artificial intelligence' → 100 entries, 47 kept so far
14:47:13  INFO     [CY] 'EU AI Act' → 66 entries, 150 kept so far
14:47:13  INFO     [EE] 'generative AI' → 13 entries, 54 kept so far
14:47:13  INFO     [MT] 'AI regulation' → 100 entries, 98 kept so far
14:47:14  INFO     [EE] +12 new articles saved
14:47:15  INFO     [LU] 'AI regulation' → 100 entries, 128 kept so far
14:47:15  INFO     [CY] 'generative AI' → 100 entries, 189 kept so far
14:47:15  INFO     [MT] 'machine learning' → 100 entries, 166 kept so far
14:47:16  INFO     [CY] +28 new articles saved
14:47:16  INFO     [MT] 'EU AI Act' → 100 entries, 248 kept so far
14:47:16  INFO     [LU] 'machine learning' → 100 entries, 186 kept so far
14:47:17  INFO     [MT] 'generative AI' → 100 entries, 313 kept so far
14:47:18  INFO     [LU] 'EU AI Act' → 81 entries, 230 kept so far
14:47:18  INFO     [MT] +0 new articles saved
14:47:20  INFO     [LU] 'generative AI' → 100 entries, 268 kept so far
14:47:21  INFO     [LU] +5 new articles saved
14:47:21  INFO     Scrape complete. 1575 new articles this run.
