13:42:49  INFO     Starting scrape: 27 countries, 5 queries each
/home/runner/work/EU_AI_News/EU_AI_News/eu_ai_news_scraper.py:230: DeprecationWarning: datetime.datetime.utcnow() is deprecated and scheduled for removal in a future version. Use timezone-aware objects to represent datetimes in UTC: datetime.datetime.now(datetime.UTC).
  "scraped_at":   datetime.utcnow().isoformat(),
13:42:50  INFO     [FR] 'artificial intelligence' → 100 entries, 47 kept so far
13:42:50  INFO     [IT] 'artificial intelligence' → 100 entries, 40 kept so far
13:42:50  INFO     [DE] 'artificial intelligence' → 100 entries, 47 kept so far
13:42:50  INFO     [ES] 'artificial intelligence' → 100 entries, 60 kept so far
13:42:50  INFO     [PL] 'artificial intelligence' → 100 entries, 13 kept so far
13:42:51  INFO     [DE] 'AI regulation' → 53 entries, 78 kept so far
13:42:52  INFO     [FR] 'AI regulation' → 100 entries, 126 kept so far
13:42:52  INFO     [IT] 'AI regulation' → 100 entries, 98 kept so far
13:42:52  INFO     [ES] 'AI regulation' → 72 entries, 77 kept so far
13:42:52  INFO     [PL] 'AI regulation' → 79 entries, 70 kept so far
13:42:53  INFO     [DE] 'machine learning' → 100 entries, 115 kept so far
13:42:53  INFO     [FR] 'machine learning' → 100 entries, 184 kept so far
13:42:53  INFO     [IT] 'machine learning' → 100 entries, 173 kept so far
13:42:53  INFO     [ES] 'machine learning' → 100 entries, 145 kept so far
13:42:53  INFO     [PL] 'machine learning' → 100 entries, 109 kept so far
13:42:54  INFO     [DE] 'EU AI Act' → 100 entries, 205 kept so far
13:42:55  INFO     [FR] 'EU AI Act' → 77 entries, 216 kept so far
13:42:55  INFO     [IT] 'EU AI Act' → 100 entries, 246 kept so far
13:42:55  INFO     [PL] 'EU AI Act' → 77 entries, 122 kept so far
13:42:55  INFO     [ES] 'EU AI Act' → 80 entries, 180 kept so far
13:42:56  INFO     [FR] 'generative AI' → 100 entries, 253 kept so far
13:42:56  INFO     [DE] 'generative AI' → 100 entries, 227 kept so far
13:42:56  INFO     [IT] 'generative AI' → 100 entries, 294 kept so far
13:42:56  INFO     [PL] 'generative AI' → 100 entries, 157 kept so far
13:42:57  INFO     [ES] 'generative AI' → 100 entries, 224 kept so far
13:42:57  INFO     [FR] +100 new articles saved
13:42:57  INFO     [DE] +135 new articles saved
13:42:57  INFO     [IT] +125 new articles saved
13:42:57  INFO     [PL] +54 new articles saved
13:42:58  INFO     [ES] +87 new articles saved
13:42:58  INFO     [NL] 'artificial intelligence' → 100 entries, 11 kept so far
13:42:58  INFO     [BE] 'artificial intelligence' → 100 entries, 51 kept so far
13:42:58  INFO     [SE] 'artificial intelligence' → 100 entries, 9 kept so far
13:42:58  INFO     [AT] 'artificial intelligence' → 100 entries, 47 kept so far
13:42:58  INFO     [DK] 'artificial intelligence' → 100 entries, 16 kept so far
13:42:59  INFO     [NL] 'AI regulation' → 78 entries, 45 kept so far
13:42:59  INFO     [SE] 'AI regulation' → 67 entries, 25 kept so far
13:43:00  INFO     [BE] 'AI regulation' → 100 entries, 137 kept so far
13:43:00  INFO     [AT] 'AI regulation' → 60 entries, 84 kept so far
13:43:00  INFO     [DK] 'AI regulation' → 26 entries, 19 kept so far
13:43:01  INFO     [NL] 'machine learning' → 100 entries, 103 kept so far
13:43:01  INFO     [SE] 'machine learning' → 71 entries, 42 kept so far
13:43:01  INFO     [DK] 'machine learning' → 77 entries, 39 kept so far
13:43:01  INFO     [AT] 'machine learning' → 100 entries, 123 kept so far
13:43:01  INFO     [BE] 'machine learning' → 100 entries, 195 kept so far
13:43:02  INFO     [NL] 'EU AI Act' → 90 entries, 125 kept so far
13:43:02  INFO     [SE] 'EU AI Act' → 64 entries, 50 kept so far
13:43:03  INFO     [DK] 'EU AI Act' → 76 entries, 56 kept so far
13:43:03  INFO     [BE] 'EU AI Act' → 78 entries, 224 kept so far
13:43:03  INFO     [AT] 'EU AI Act' → 100 entries, 211 kept so far
13:43:04  INFO     [NL] 'generative AI' → 100 entries, 155 kept so far
13:43:04  INFO     [SE] 'generative AI' → 75 entries, 65 kept so far
13:43:04  INFO     [DK] 'generative AI' → 100 entries, 94 kept so far
13:43:04  INFO     [AT] 'generative AI' → 100 entries, 233 kept so far
13:43:04  INFO     [BE] 'generative AI' → 100 entries, 262 kept so far
13:43:05  INFO     [NL] +44 new articles saved
13:43:05  INFO     [SE] +19 new articles saved
13:43:05  INFO     [DK] +24 new articles saved
13:43:05  INFO     [FI] 'artificial intelligence' → 100 entries, 63 kept so far
13:43:05  INFO     [PT] 'artificial intelligence' → 100 entries, 55 kept so far
13:43:05  INFO     [AT] +14 new articles saved
13:43:06  INFO     [BE] +18 new articles saved
13:43:06  INFO     [CZ] 'artificial intelligence' → 100 entries, 20 kept so far
13:43:06  INFO     [RO] 'artificial intelligence' → 100 entries, 41 kept so far
13:43:06  INFO     [HU] 'artificial intelligence' → 100 entries, 19 kept so far
13:43:07  INFO     [FI] 'AI regulation' → 42 entries, 72 kept so far
13:43:07  INFO     [PT] 'AI regulation' → 79 entries, 90 kept so far
13:43:07  INFO     [CZ] 'AI regulation' → 78 entries, 40 kept so far
13:43:07  INFO     [RO] 'AI regulation' → 19 entries, 44 kept so far
13:43:08  INFO     [HU] 'AI regulation' → 78 entries, 20 kept so far
13:43:08  INFO     [FI] 'machine learning' → 85 entries, 108 kept so far
13:43:09  INFO     [PT] 'machine learning' → 100 entries, 160 kept so far
13:43:09  INFO     [CZ] 'machine learning' → 78 entries, 59 kept so far
13:43:09  INFO     [HU] 'machine learning' → 65 entries, 43 kept so far
13:43:09  INFO     [RO] 'machine learning' → 100 entries, 92 kept so far
13:43:10  INFO     [FI] 'EU AI Act' → 64 entries, 141 kept so far
13:43:10  INFO     [PT] 'EU AI Act' → 46 entries, 167 kept so far
13:43:10  INFO     [CZ] 'EU AI Act' → 74 entries, 66 kept so far
13:43:11  INFO     [HU] 'EU AI Act' → 77 entries, 64 kept so far
13:43:11  INFO     [RO] 'EU AI Act' → 77 entries, 102 kept so far
13:43:11  INFO     [FI] 'generative AI' → 66 entries, 178 kept so far
13:43:12  INFO     [CZ] 'generative AI' → 81 entries, 81 kept so far
13:43:12  INFO     [PT] 'generative AI' → 100 entries, 206 kept so far
13:43:12  INFO     [HU] 'generative AI' → 74 entries, 91 kept so far
13:43:12  INFO     [RO] 'generative AI' → 79 entries, 121 kept so far
13:43:12  INFO     [FI] +66 new articles saved
13:43:13  INFO     [CZ] +31 new articles saved
13:43:13  INFO     [GR] 'artificial intelligence' → 100 entries, 48 kept so far
13:43:13  INFO     [PT] +83 new articles saved
13:43:13  INFO     [HU] +37 new articles saved
13:43:13  INFO     [RO] +43 new articles saved
13:43:13  INFO     [SK] 'artificial intelligence' → 100 entries, 26 kept so far
13:43:14  INFO     [HR] 'artificial intelligence' → 102 entries, 66 kept so far
13:43:14  INFO     [IE] 'artificial intelligence' → 100 entries, 71 kept so far
13:43:14  INFO     [BG] 'artificial intelligence' → 65 entries, 29 kept so far
13:43:15  INFO     [GR] 'AI regulation' → 70 entries, 85 kept so far
13:43:15  INFO     [SK] 'AI regulation' → 12 entries, 27 kept so far
13:43:15  INFO     [BG] 'AI regulation' → 7 entries, 31 kept so far
13:43:15  INFO     [HR] 'AI regulation' → 100 entries, 110 kept so far
13:43:15  INFO     [IE] 'AI regulation' → 100 entries, 117 kept so far
13:43:16  INFO     [GR] 'machine learning' → 80 entries, 117 kept so far
13:43:16  INFO     [SK] 'machine learning' → 57 entries, 44 kept so far
13:43:17  INFO     [BG] 'machine learning' → 51 entries, 39 kept so far
13:43:17  INFO     [HR] 'machine learning' → 100 entries, 193 kept so far
13:43:17  INFO     [IE] 'machine learning' → 100 entries, 197 kept so far
13:43:18  INFO     [GR] 'EU AI Act' → 62 entries, 136 kept so far
13:43:18  INFO     [SK] 'EU AI Act' → 54 entries, 58 kept so far
13:43:18  INFO     [BG] 'EU AI Act' → 11 entries, 42 kept so far
13:43:18  INFO     [HR] 'EU AI Act' → 100 entries, 273 kept so far
13:43:19  INFO     [IE] 'EU AI Act' → 100 entries, 276 kept so far
13:43:19  INFO     [GR] 'generative AI' → 100 entries, 174 kept so far
13:43:19  INFO     [SK] 'generative AI' → 46 entries, 69 kept so far
13:43:19  INFO     [BG] 'generative AI' → 36 entries, 46 kept so far
13:43:20  INFO     [HR] 'generative AI' → 100 entries, 341 kept so far
13:43:20  INFO     [GR] +76 new articles saved
13:43:20  INFO     [SK] +22 new articles saved
13:43:20  INFO     [BG] +23 new articles saved
13:43:20  INFO     [IE] 'generative AI' → 100 entries, 347 kept so far
13:43:21  INFO     [LT] 'artificial intelligence' → 90 entries, 35 kept so far
13:43:21  INFO     [SI] 'artificial intelligence' → 100 entries, 40 kept so far
13:43:21  INFO     [HR] +229 new articles saved
13:43:21  INFO     [LV] 'artificial intelligence' → 69 entries, 23 kept so far
13:43:21  INFO     [EE] 'artificial intelligence' → 100 entries, 47 kept so far
13:43:21  INFO     [IE] +89 new articles saved
13:43:22  INFO     [CY] 'artificial intelligence' → 100 entries, 48 kept so far
13:43:22  INFO     [LT] 'AI regulation' → 14 entries, 38 kept so far
13:43:22  INFO     [SI] 'AI regulation' → 3 entries, 40 kept so far
13:43:23  INFO     [LV] 'AI regulation' → 10 entries, 23 kept so far
13:43:23  INFO     [EE] 'AI regulation' → 15 entries, 47 kept so far
13:43:23  INFO     [SI] 'machine learning' → 24 entries, 43 kept so far
13:43:23  INFO     [CY] 'AI regulation' → 70 entries, 85 kept so far
13:43:23  INFO     [LT] 'machine learning' → 53 entries, 44 kept so far
13:43:24  INFO     [EE] 'machine learning' → 34 entries, 49 kept so far
13:43:24  INFO     [LV] 'machine learning' → 10 entries, 25 kept so far
13:43:25  INFO     [SI] 'EU AI Act' → 24 entries, 48 kept so far
13:43:25  INFO     [LT] 'EU AI Act' → 26 entries, 46 kept so far
13:43:25  INFO     [CY] 'machine learning' → 80 entries, 117 kept so far
13:43:25  INFO     [EE] 'EU AI Act' → 16 entries, 52 kept so far
13:43:25  INFO     [LV] 'EU AI Act' → 9 entries, 25 kept so far
13:43:26  INFO     [LT] 'generative AI' → 24 entries, 54 kept so far
13:43:26  INFO     [SI] 'generative AI' → 13 entries, 50 kept so far
13:43:26  INFO     [CY] 'EU AI Act' → 62 entries, 136 kept so far
13:43:27  INFO     [LV] 'generative AI' → 8 entries, 27 kept so far
13:43:27  INFO     [EE] 'generative AI' → 10 entries, 55 kept so far
13:43:27  INFO     [LT] +19 new articles saved
13:43:27  INFO     [SI] +12 new articles saved
13:43:27  INFO     [MT] 'artificial intelligence' → 102 entries, 66 kept so far
13:43:28  INFO     [LU] 'artificial intelligence' → 100 entries, 46 kept so far
13:43:28  INFO     [CY] 'generative AI' → 100 entries, 174 kept so far
13:43:28  INFO     [LV] +8 new articles saved
13:43:28  INFO     [EE] +15 new articles saved
13:43:28  INFO     [MT] 'AI regulation' → 100 entries, 110 kept so far
13:43:29  INFO     [CY] +0 new articles saved
13:43:29  INFO     [LU] 'AI regulation' → 100 entries, 125 kept so far
13:43:30  INFO     [MT] 'machine learning' → 100 entries, 193 kept so far
13:43:31  INFO     [LU] 'machine learning' → 100 entries, 183 kept so far
13:43:31  INFO     [MT] 'EU AI Act' → 100 entries, 273 kept so far
13:43:32  INFO     [MT] 'generative AI' → 100 entries, 341 kept so far
13:43:32  INFO     [LU] 'EU AI Act' → 77 entries, 215 kept so far
13:43:33  INFO     [MT] +0 new articles saved
13:43:34  INFO     [LU] 'generative AI' → 100 entries, 252 kept so far
13:43:35  INFO     [LU] +0 new articles saved
13:43:35  INFO     Scrape complete. 1373 new articles this run.
