19:36:50  INFO     Starting scrape: 27 countries, 5 queries each
/home/runner/work/EU_AI_News/EU_AI_News/eu_ai_news_scraper.py:230: DeprecationWarning: datetime.datetime.utcnow() is deprecated and scheduled for removal in a future version. Use timezone-aware objects to represent datetimes in UTC: datetime.datetime.now(datetime.UTC).
  "scraped_at":   datetime.utcnow().isoformat(),
19:36:51  INFO     [DE] 'artificial intelligence' → 100 entries, 52 kept so far
19:36:51  INFO     [IT] 'artificial intelligence' → 100 entries, 29 kept so far
19:36:51  INFO     [ES] 'artificial intelligence' → 100 entries, 62 kept so far
19:36:51  INFO     [PL] 'artificial intelligence' → 100 entries, 11 kept so far
19:36:51  INFO     [FR] 'artificial intelligence' → 101 entries, 39 kept so far
19:36:52  INFO     [DE] 'AI regulation' → 94 entries, 125 kept so far
19:36:52  INFO     [IT] 'AI regulation' → 100 entries, 113 kept so far
19:36:53  INFO     [PL] 'AI regulation' → 100 entries, 75 kept so far
19:36:53  INFO     [ES] 'AI regulation' → 76 entries, 98 kept so far
19:36:53  INFO     [FR] 'AI regulation' → 100 entries, 129 kept so far
19:36:54  INFO     [DE] 'machine learning' → 100 entries, 175 kept so far
19:36:54  INFO     [IT] 'machine learning' → 100 entries, 188 kept so far
19:36:54  INFO     [FR] 'machine learning' → 100 entries, 182 kept so far
19:36:54  INFO     [PL] 'machine learning' → 100 entries, 112 kept so far
19:36:54  INFO     [ES] 'machine learning' → 100 entries, 174 kept so far
19:36:55  INFO     [DE] 'EU AI Act' → 100 entries, 260 kept so far
19:36:56  INFO     [IT] 'EU AI Act' → 100 entries, 254 kept so far
19:36:56  INFO     [FR] 'EU AI Act' → 79 entries, 213 kept so far
19:36:56  INFO     [PL] 'EU AI Act' → 76 entries, 127 kept so far
19:36:56  INFO     [ES] 'EU AI Act' → 78 entries, 200 kept so far
19:36:57  INFO     [DE] 'generative AI' → 100 entries, 287 kept so far
19:36:57  INFO     [FR] 'generative AI' → 100 entries, 242 kept so far
19:36:57  INFO     [IT] 'generative AI' → 100 entries, 294 kept so far
19:36:58  INFO     [PL] 'generative AI' → 100 entries, 162 kept so far
19:36:58  INFO     [ES] 'generative AI' → 100 entries, 238 kept so far
19:36:58  INFO     [DE] +179 new articles saved
19:36:58  INFO     [FR] +86 new articles saved
19:36:58  INFO     [IT] +133 new articles saved
19:36:59  INFO     [PL] +68 new articles saved
19:36:59  INFO     [ES] +102 new articles saved
19:36:59  INFO     [SE] 'artificial intelligence' → 100 entries, 8 kept so far
19:36:59  INFO     [NL] 'artificial intelligence' → 100 entries, 12 kept so far
19:36:59  INFO     [BE] 'artificial intelligence' → 100 entries, 53 kept so far
19:36:59  INFO     [AT] 'artificial intelligence' → 100 entries, 44 kept so far
19:36:59  INFO     [DK] 'artificial intelligence' → 100 entries, 11 kept so far
19:37:00  INFO     [SE] 'AI regulation' → 78 entries, 23 kept so far
19:37:00  INFO     [NL] 'AI regulation' → 78 entries, 47 kept so far
19:37:01  INFO     [BE] 'AI regulation' → 100 entries, 141 kept so far
19:37:01  INFO     [AT] 'AI regulation' → 96 entries, 116 kept so far
19:37:01  INFO     [DK] 'AI regulation' → 30 entries, 15 kept so far
19:37:02  INFO     [SE] 'machine learning' → 71 entries, 47 kept so far
19:37:02  INFO     [NL] 'machine learning' → 100 entries, 103 kept so far
19:37:02  INFO     [BE] 'machine learning' → 100 entries, 196 kept so far
19:37:02  INFO     [AT] 'machine learning' → 100 entries, 161 kept so far
19:37:03  INFO     [DK] 'machine learning' → 80 entries, 41 kept so far
19:37:03  INFO     [SE] 'EU AI Act' → 77 entries, 56 kept so far
19:37:04  INFO     [NL] 'EU AI Act' → 100 entries, 132 kept so far
19:37:04  INFO     [BE] 'EU AI Act' → 79 entries, 223 kept so far
19:37:04  INFO     [AT] 'EU AI Act' → 100 entries, 248 kept so far
19:37:04  INFO     [DK] 'EU AI Act' → 74 entries, 59 kept so far
19:37:05  INFO     [SE] 'generative AI' → 78 entries, 69 kept so far
19:37:05  INFO     [NL] 'generative AI' → 100 entries, 161 kept so far
19:37:06  INFO     [BE] 'generative AI' → 100 entries, 249 kept so far
19:37:06  INFO     [DK] 'generative AI' → 100 entries, 92 kept so far
19:37:06  INFO     [AT] 'generative AI' → 100 entries, 275 kept so far
19:37:06  INFO     [SE] +28 new articles saved
19:37:06  INFO     [NL] +57 new articles saved
19:37:07  INFO     [FI] 'artificial intelligence' → 100 entries, 58 kept so far
19:37:07  INFO     [PT] 'artificial intelligence' → 100 entries, 63 kept so far
19:37:07  INFO     [BE] +20 new articles saved
19:37:07  INFO     [DK] +28 new articles saved
19:37:07  INFO     [AT] +30 new articles saved
19:37:07  INFO     [CZ] 'artificial intelligence' → 100 entries, 21 kept so far
19:37:07  INFO     [HU] 'artificial intelligence' → 100 entries, 16 kept so far
19:37:07  INFO     [RO] 'artificial intelligence' → 100 entries, 41 kept so far
19:37:08  INFO     [FI] 'AI regulation' → 48 entries, 70 kept so far
19:37:08  INFO     [PT] 'AI regulation' → 79 entries, 93 kept so far
19:37:09  INFO     [CZ] 'AI regulation' → 77 entries, 36 kept so far
19:37:09  INFO     [HU] 'AI regulation' → 77 entries, 20 kept so far
19:37:09  INFO     [RO] 'AI regulation' → 77 entries, 50 kept so far
19:37:10  INFO     [FI] 'machine learning' → 91 entries, 108 kept so far
19:37:10  INFO     [PT] 'machine learning' → 100 entries, 168 kept so far
19:37:10  INFO     [CZ] 'machine learning' → 87 entries, 56 kept so far
19:37:11  INFO     [RO] 'machine learning' → 100 entries, 95 kept so far
19:37:11  INFO     [HU] 'machine learning' → 69 entries, 45 kept so far
19:37:11  INFO     [FI] 'EU AI Act' → 69 entries, 147 kept so far
19:37:12  INFO     [PT] 'EU AI Act' → 43 entries, 174 kept so far
19:37:12  INFO     [CZ] 'EU AI Act' → 77 entries, 66 kept so far
19:37:12  INFO     [RO] 'EU AI Act' → 73 entries, 104 kept so far
19:37:12  INFO     [HU] 'EU AI Act' → 78 entries, 64 kept so far
19:37:13  INFO     [FI] 'generative AI' → 64 entries, 186 kept so far
19:37:13  INFO     [PT] 'generative AI' → 100 entries, 206 kept so far
19:37:14  INFO     [CZ] 'generative AI' → 84 entries, 82 kept so far
19:37:14  INFO     [HU] 'generative AI' → 74 entries, 86 kept so far
19:37:14  INFO     [RO] 'generative AI' → 82 entries, 125 kept so far
19:37:14  INFO     [FI] +80 new articles saved
19:37:14  INFO     [GR] 'artificial intelligence' → 100 entries, 46 kept so far
19:37:14  INFO     [PT] +88 new articles saved
19:37:15  INFO     [CZ] +41 new articles saved
19:37:15  INFO     [HU] +40 new articles saved
19:37:15  INFO     [RO] +45 new articles saved
19:37:15  INFO     [SK] 'artificial intelligence' → 100 entries, 21 kept so far
19:37:15  INFO     [IE] 'artificial intelligence' → 100 entries, 59 kept so far
19:37:15  INFO     [BG] 'artificial intelligence' → 71 entries, 36 kept so far
19:37:15  INFO     [HR] 'artificial intelligence' → 100 entries, 53 kept so far
19:37:16  INFO     [GR] 'AI regulation' → 42 entries, 84 kept so far
19:37:16  INFO     [SK] 'AI regulation' → 19 entries, 23 kept so far
19:37:17  INFO     [BG] 'AI regulation' → 9 entries, 38 kept so far
19:37:17  INFO     [HR] 'AI regulation' → 100 entries, 100 kept so far
19:37:17  INFO     [IE] 'AI regulation' → 100 entries, 102 kept so far
19:37:17  INFO     [GR] 'machine learning' → 83 entries, 116 kept so far
19:37:18  INFO     [SK] 'machine learning' → 60 entries, 39 kept so far
19:37:18  INFO     [BG] 'machine learning' → 52 entries, 46 kept so far
19:37:18  INFO     [HR] 'machine learning' → 100 entries, 163 kept so far
19:37:19  INFO     [IE] 'machine learning' → 100 entries, 168 kept so far
19:37:19  INFO     [GR] 'EU AI Act' → 50 entries, 129 kept so far
19:37:19  INFO     [SK] 'EU AI Act' → 59 entries, 54 kept so far
19:37:19  INFO     [BG] 'EU AI Act' → 8 entries, 49 kept so far
19:37:20  INFO     [HR] 'EU AI Act' → 100 entries, 246 kept so far
19:37:20  INFO     [IE] 'EU AI Act' → 100 entries, 246 kept so far
19:37:21  INFO     [GR] 'generative AI' → 100 entries, 167 kept so far
19:37:21  INFO     [SK] 'generative AI' → 50 entries, 62 kept so far
19:37:21  INFO     [BG] 'generative AI' → 27 entries, 54 kept so far
19:37:22  INFO     [HR] 'generative AI' → 100 entries, 311 kept so far
19:37:22  INFO     [GR] +89 new articles saved
19:37:22  INFO     [SK] +21 new articles saved
19:37:22  INFO     [BG] +28 new articles saved
19:37:22  INFO     [LT] 'artificial intelligence' → 89 entries, 31 kept so far
19:37:22  INFO     [LV] 'artificial intelligence' → 69 entries, 24 kept so far
19:37:22  INFO     [IE] 'generative AI' → 100 entries, 309 kept so far
19:37:22  INFO     [SI] 'artificial intelligence' → 96 entries, 45 kept so far
19:37:23  INFO     [HR] +232 new articles saved
19:37:23  INFO     [EE] 'artificial intelligence' → 100 entries, 46 kept so far
19:37:23  INFO     [IE] +73 new articles saved
19:37:23  INFO     [LT] 'AI regulation' → 9 entries, 31 kept so far
19:37:24  INFO     [LV] 'AI regulation' → 8 entries, 24 kept so far
19:37:24  INFO     [SI] 'AI regulation' → 3 entries, 45 kept so far
19:37:24  INFO     [CY] 'artificial intelligence' → 100 entries, 46 kept so far
19:37:24  INFO     [EE] 'AI regulation' → 8 entries, 47 kept so far
19:37:25  INFO     [LT] 'machine learning' → 37 entries, 36 kept so far
19:37:25  INFO     [LV] 'machine learning' → 9 entries, 26 kept so far
19:37:25  INFO     [SI] 'machine learning' → 24 entries, 48 kept so far
19:37:25  INFO     [CY] 'AI regulation' → 42 entries, 84 kept so far
19:37:26  INFO     [EE] 'machine learning' → 15 entries, 50 kept so far
19:37:26  INFO     [LV] 'EU AI Act' → 9 entries, 26 kept so far
19:37:26  INFO     [LT] 'EU AI Act' → 18 entries, 37 kept so far
19:37:26  INFO     [SI] 'EU AI Act' → 28 entries, 53 kept so far
19:37:27  INFO     [CY] 'machine learning' → 83 entries, 116 kept so far
19:37:27  INFO     [EE] 'EU AI Act' → 16 entries, 52 kept so far
19:37:27  INFO     [LV] 'generative AI' → 9 entries, 28 kept so far
19:37:28  INFO     [LT] 'generative AI' → 25 entries, 43 kept so far
19:37:28  INFO     [SI] 'generative AI' → 13 entries, 56 kept so far
19:37:28  INFO     [CY] 'EU AI Act' → 50 entries, 129 kept so far
19:37:28  INFO     [LV] +10 new articles saved
19:37:29  INFO     [LT] +13 new articles saved
19:37:29  INFO     [EE] 'generative AI' → 10 entries, 54 kept so far
19:37:29  INFO     [MT] 'artificial intelligence' → 100 entries, 53 kept so far
19:37:29  INFO     [SI] +18 new articles saved
19:37:29  INFO     [LU] 'artificial intelligence' → 101 entries, 39 kept so far
19:37:30  INFO     [CY] 'generative AI' → 100 entries, 167 kept so far
19:37:30  INFO     [EE] +17 new articles saved
19:37:30  INFO     [MT] 'AI regulation' → 100 entries, 100 kept so far
19:37:31  INFO     [LU] 'AI regulation' → 100 entries, 129 kept so far
19:37:31  INFO     [CY] +0 new articles saved
19:37:31  INFO     [MT] 'machine learning' → 100 entries, 163 kept so far
19:37:32  INFO     [MT] 'EU AI Act' → 100 entries, 246 kept so far
19:37:32  INFO     [LU] 'machine learning' → 100 entries, 182 kept so far
19:37:33  INFO     [MT] 'generative AI' → 100 entries, 311 kept so far
19:37:34  INFO     [LU] 'EU AI Act' → 79 entries, 213 kept so far
19:37:34  INFO     [MT] +0 new articles saved
19:37:35  INFO     [LU] 'generative AI' → 100 entries, 242 kept so far
19:37:36  INFO     [LU] +0 new articles saved
19:37:36  INFO     Scrape complete. 1526 new articles this run.
