04:15:04  INFO     Starting scrape: 27 countries, 5 queries each
/home/runner/work/EU_AI_News/EU_AI_News/eu_ai_news_scraper.py:230: DeprecationWarning: datetime.datetime.utcnow() is deprecated and scheduled for removal in a future version. Use timezone-aware objects to represent datetimes in UTC: datetime.datetime.now(datetime.UTC).
  "scraped_at":   datetime.utcnow().isoformat(),
04:15:05  INFO     [IT] 'artificial intelligence' → 100 entries, 35 kept so far
04:15:05  INFO     [FR] 'artificial intelligence' → 100 entries, 59 kept so far
04:15:05  INFO     [PL] 'artificial intelligence' → 100 entries, 17 kept so far
04:15:05  INFO     [DE] 'artificial intelligence' → 100 entries, 50 kept so far
04:15:05  INFO     [ES] 'artificial intelligence' → 100 entries, 63 kept so far
04:15:06  INFO     [FR] 'AI regulation' → 73 entries, 111 kept so far
04:15:06  INFO     [IT] 'AI regulation' → 100 entries, 88 kept so far
04:15:07  INFO     [PL] 'AI regulation' → 76 entries, 78 kept so far
04:15:07  INFO     [DE] 'AI regulation' → 100 entries, 101 kept so far
04:15:07  INFO     [ES] 'AI regulation' → 73 entries, 86 kept so far
04:15:08  INFO     [IT] 'machine learning' → 52 entries, 134 kept so far
04:15:08  INFO     [FR] 'machine learning' → 100 entries, 164 kept so far
04:15:08  INFO     [PL] 'machine learning' → 100 entries, 115 kept so far
04:15:08  INFO     [DE] 'machine learning' → 100 entries, 138 kept so far
04:15:08  INFO     [ES] 'machine learning' → 100 entries, 161 kept so far
04:15:09  INFO     [IT] 'EU AI Act' → 100 entries, 209 kept so far
04:15:09  INFO     [FR] 'EU AI Act' → 78 entries, 208 kept so far
04:15:10  INFO     [PL] 'EU AI Act' → 75 entries, 130 kept so far
04:15:10  INFO     [DE] 'EU AI Act' → 100 entries, 225 kept so far
04:15:10  INFO     [ES] 'EU AI Act' → 78 entries, 199 kept so far
04:15:11  INFO     [IT] 'generative AI' → 100 entries, 255 kept so far
04:15:11  INFO     [FR] 'generative AI' → 100 entries, 245 kept so far
04:15:11  INFO     [PL] 'generative AI' → 100 entries, 162 kept so far
04:15:11  INFO     [DE] 'generative AI' → 100 entries, 243 kept so far
04:15:12  INFO     [ES] 'generative AI' → 100 entries, 242 kept so far
04:15:12  INFO     [IT] +115 new articles saved
04:15:12  INFO     [FR] +97 new articles saved
04:15:12  INFO     [PL] +66 new articles saved
04:15:12  INFO     [DE] +145 new articles saved
04:15:12  INFO     [NL] 'artificial intelligence' → 100 entries, 11 kept so far
04:15:13  INFO     [ES] +90 new articles saved
04:15:13  INFO     [SE] 'artificial intelligence' → 100 entries, 16 kept so far
04:15:13  INFO     [BE] 'artificial intelligence' → 100 entries, 63 kept so far
04:15:13  INFO     [AT] 'artificial intelligence' → 100 entries, 51 kept so far
04:15:13  INFO     [DK] 'artificial intelligence' → 100 entries, 17 kept so far
04:15:14  INFO     [NL] 'AI regulation' → 79 entries, 63 kept so far
04:15:14  INFO     [SE] 'AI regulation' → 69 entries, 32 kept so far
04:15:14  INFO     [BE] 'AI regulation' → 100 entries, 134 kept so far
04:15:14  INFO     [AT] 'AI regulation' → 58 entries, 87 kept so far
04:15:14  INFO     [DK] 'AI regulation' → 31 entries, 17 kept so far
04:15:15  INFO     [NL] 'machine learning' → 100 entries, 122 kept so far
04:15:16  INFO     [SE] 'machine learning' → 75 entries, 51 kept so far
04:15:16  INFO     [BE] 'machine learning' → 100 entries, 191 kept so far
04:15:16  INFO     [DK] 'machine learning' → 79 entries, 36 kept so far
04:15:16  INFO     [AT] 'machine learning' → 100 entries, 128 kept so far
04:15:17  INFO     [NL] 'EU AI Act' → 97 entries, 140 kept so far
04:15:17  INFO     [SE] 'EU AI Act' → 74 entries, 57 kept so far
04:15:17  INFO     [BE] 'EU AI Act' → 78 entries, 236 kept so far
04:15:18  INFO     [DK] 'EU AI Act' → 77 entries, 52 kept so far
04:15:18  INFO     [AT] 'EU AI Act' → 100 entries, 215 kept so far
04:15:18  INFO     [SE] 'generative AI' → 71 entries, 68 kept so far
04:15:19  INFO     [NL] 'generative AI' → 100 entries, 170 kept so far
04:15:19  INFO     [BE] 'generative AI' → 100 entries, 276 kept so far
04:15:19  INFO     [DK] 'generative AI' → 100 entries, 89 kept so far
04:15:19  INFO     [AT] 'generative AI' → 100 entries, 234 kept so far
04:15:19  INFO     [SE] +24 new articles saved
04:15:20  INFO     [NL] +55 new articles saved
04:15:20  INFO     [FI] 'artificial intelligence' → 100 entries, 60 kept so far
04:15:20  INFO     [BE] +52 new articles saved
04:15:20  INFO     [DK] +28 new articles saved
04:15:20  INFO     [PT] 'artificial intelligence' → 100 entries, 60 kept so far
04:15:20  INFO     [AT] +16 new articles saved
04:15:21  INFO     [CZ] 'artificial intelligence' → 100 entries, 22 kept so far
04:15:21  INFO     [RO] 'artificial intelligence' → 100 entries, 41 kept so far
04:15:21  INFO     [HU] 'artificial intelligence' → 100 entries, 15 kept so far
04:15:21  INFO     [FI] 'AI regulation' → 47 entries, 71 kept so far
04:15:22  INFO     [PT] 'AI regulation' → 79 entries, 95 kept so far
04:15:22  INFO     [RO] 'AI regulation' → 21 entries, 45 kept so far
04:15:22  INFO     [CZ] 'AI regulation' → 73 entries, 50 kept so far
04:15:22  INFO     [HU] 'AI regulation' → 79 entries, 17 kept so far
04:15:23  INFO     [FI] 'machine learning' → 89 entries, 107 kept so far
04:15:23  INFO     [PT] 'machine learning' → 100 entries, 170 kept so far
04:15:23  INFO     [RO] 'machine learning' → 100 entries, 92 kept so far
04:15:24  INFO     [CZ] 'machine learning' → 81 entries, 70 kept so far
04:15:24  INFO     [HU] 'machine learning' → 70 entries, 41 kept so far
04:15:24  INFO     [FI] 'EU AI Act' → 55 entries, 136 kept so far
04:15:25  INFO     [RO] 'EU AI Act' → 74 entries, 102 kept so far
04:15:25  INFO     [PT] 'EU AI Act' → 45 entries, 175 kept so far
04:15:25  INFO     [CZ] 'EU AI Act' → 74 entries, 81 kept so far
04:15:25  INFO     [HU] 'EU AI Act' → 78 entries, 61 kept so far
04:15:26  INFO     [FI] 'generative AI' → 64 entries, 168 kept so far
04:15:26  INFO     [RO] 'generative AI' → 84 entries, 125 kept so far
04:15:26  INFO     [CZ] 'generative AI' → 81 entries, 97 kept so far
04:15:27  INFO     [PT] 'generative AI' → 100 entries, 212 kept so far
04:15:27  INFO     [HU] 'generative AI' → 78 entries, 87 kept so far
04:15:27  INFO     [FI] +60 new articles saved
04:15:27  INFO     [GR] 'artificial intelligence' → 100 entries, 48 kept so far
04:15:27  INFO     [RO] +36 new articles saved
04:15:27  INFO     [CZ] +42 new articles saved
04:15:28  INFO     [PT] +70 new articles saved
04:15:28  INFO     [HR] 'artificial intelligence' → 100 entries, 77 kept so far
04:15:28  INFO     [HU] +31 new articles saved
04:15:28  INFO     [SK] 'artificial intelligence' → 100 entries, 26 kept so far
04:15:28  INFO     [BG] 'artificial intelligence' → 73 entries, 30 kept so far
04:15:28  INFO     [IE] 'artificial intelligence' → 100 entries, 74 kept so far
04:15:29  INFO     [GR] 'AI regulation' → 29 entries, 72 kept so far
04:15:29  INFO     [SK] 'AI regulation' → 14 entries, 27 kept so far
04:15:29  INFO     [HR] 'AI regulation' → 100 entries, 113 kept so far
04:15:29  INFO     [BG] 'AI regulation' → 5 entries, 32 kept so far
04:15:30  INFO     [IE] 'AI regulation' → 100 entries, 119 kept so far
04:15:30  INFO     [GR] 'machine learning' → 92 entries, 112 kept so far
04:15:31  INFO     [SK] 'machine learning' → 56 entries, 41 kept so far
04:15:31  INFO     [HR] 'machine learning' → 100 entries, 191 kept so far
04:15:31  INFO     [BG] 'machine learning' → 55 entries, 41 kept so far
04:15:32  INFO     [IE] 'machine learning' → 100 entries, 199 kept so far
04:15:32  INFO     [GR] 'EU AI Act' → 69 entries, 136 kept so far
04:15:32  INFO     [SK] 'EU AI Act' → 50 entries, 53 kept so far
04:15:32  INFO     [BG] 'EU AI Act' → 10 entries, 44 kept so far
04:15:32  INFO     [HR] 'EU AI Act' → 100 entries, 275 kept so far
04:15:33  INFO     [IE] 'EU AI Act' → 100 entries, 276 kept so far
04:15:34  INFO     [GR] 'generative AI' → 100 entries, 175 kept so far
04:15:34  INFO     [SK] 'generative AI' → 43 entries, 63 kept so far
04:15:34  INFO     [BG] 'generative AI' → 32 entries, 48 kept so far
04:15:34  INFO     [HR] 'generative AI' → 100 entries, 337 kept so far
04:15:35  INFO     [GR] +78 new articles saved
04:15:35  INFO     [SK] +21 new articles saved
04:15:35  INFO     [BG] +19 new articles saved
04:15:35  INFO     [IE] 'generative AI' → 100 entries, 340 kept so far
04:15:35  INFO     [LT] 'artificial intelligence' → 93 entries, 31 kept so far
04:15:35  INFO     [LV] 'artificial intelligence' → 73 entries, 25 kept so far
04:15:35  INFO     [SI] 'artificial intelligence' → 100 entries, 47 kept so far
04:15:35  INFO     [HR] +220 new articles saved
04:15:36  INFO     [EE] 'artificial intelligence' → 100 entries, 46 kept so far
04:15:36  INFO     [IE] +75 new articles saved
04:15:36  INFO     [CY] 'artificial intelligence' → 100 entries, 48 kept so far
04:15:36  INFO     [LV] 'AI regulation' → 11 entries, 25 kept so far
04:15:36  INFO     [LT] 'AI regulation' → 19 entries, 34 kept so far
04:15:36  INFO     [SI] 'AI regulation' → 5 entries, 47 kept so far
04:15:37  INFO     [EE] 'AI regulation' → 17 entries, 49 kept so far
04:15:38  INFO     [LV] 'machine learning' → 11 entries, 28 kept so far
04:15:38  INFO     [SI] 'machine learning' → 23 entries, 50 kept so far
04:15:38  INFO     [LT] 'machine learning' → 31 entries, 39 kept so far
04:15:38  INFO     [CY] 'AI regulation' → 58 entries, 81 kept so far
04:15:38  INFO     [EE] 'machine learning' → 17 entries, 50 kept so far
04:15:39  INFO     [LV] 'EU AI Act' → 9 entries, 28 kept so far
04:15:39  INFO     [SI] 'EU AI Act' → 21 entries, 55 kept so far
04:15:39  INFO     [LT] 'EU AI Act' → 22 entries, 40 kept so far
04:15:39  INFO     [CY] 'machine learning' → 92 entries, 120 kept so far
04:15:40  INFO     [EE] 'EU AI Act' → 16 entries, 53 kept so far
04:15:40  INFO     [LV] 'generative AI' → 8 entries, 30 kept so far
04:15:40  INFO     [SI] 'generative AI' → 13 entries, 58 kept so far
04:15:40  INFO     [LT] 'generative AI' → 26 entries, 47 kept so far
04:15:41  INFO     [CY] 'EU AI Act' → 69 entries, 141 kept so far
04:15:41  INFO     [LV] +10 new articles saved
04:15:41  INFO     [EE] 'generative AI' → 14 entries, 57 kept so far
04:15:41  INFO     [SI] +14 new articles saved
04:15:41  INFO     [LT] +13 new articles saved
04:15:41  INFO     [LU] 'artificial intelligence' → 100 entries, 59 kept so far
04:15:41  INFO     [MT] 'artificial intelligence' → 100 entries, 77 kept so far
04:15:42  INFO     [CY] 'generative AI' → 100 entries, 181 kept so far
04:15:42  INFO     [EE] +14 new articles saved
04:15:43  INFO     [MT] 'AI regulation' → 100 entries, 113 kept so far
04:15:43  INFO     [LU] 'AI regulation' → 100 entries, 124 kept so far
04:15:43  INFO     [CY] +9 new articles saved
04:15:44  INFO     [MT] 'machine learning' → 100 entries, 191 kept so far
04:15:45  INFO     [LU] 'machine learning' → 100 entries, 177 kept so far
04:15:45  INFO     [MT] 'EU AI Act' → 100 entries, 275 kept so far
04:15:46  INFO     [LU] 'EU AI Act' → 78 entries, 221 kept so far
04:15:46  INFO     [MT] 'generative AI' → 100 entries, 337 kept so far
04:15:47  INFO     [MT] +0 new articles saved
04:15:47  INFO     [LU] 'generative AI' → 100 entries, 258 kept so far
04:15:48  INFO     [LU] +6 new articles saved
04:15:48  INFO     Scrape complete. 1406 new articles this run.
