09:30:38  INFO     Starting scrape: 27 countries, 5 queries each
09:30:43  WARNING  [ES] Feed parse issue for 'artificial intelligence'
09:30:43  WARNING  [IT] Feed parse issue for 'artificial intelligence'
09:30:45  WARNING  [PL] Feed parse issue for 'artificial intelligence'
09:30:46  WARNING  [FR] Feed parse issue for 'artificial intelligence'
09:30:48  WARNING  [DE] Feed parse issue for 'artificial intelligence'
09:30:50  WARNING  [IT] Feed parse issue for 'AI regulation'
09:30:50  WARNING  [PL] Feed parse issue for 'AI regulation'
09:30:51  WARNING  [ES] Feed parse issue for 'AI regulation'
09:30:51  WARNING  [FR] Feed parse issue for 'AI regulation'
09:30:56  WARNING  [DE] Feed parse issue for 'AI regulation'
09:30:57  WARNING  [ES] Feed parse issue for 'machine learning'
09:30:57  WARNING  [IT] Feed parse issue for 'machine learning'
09:30:57  WARNING  [PL] Feed parse issue for 'machine learning'
09:30:58  WARNING  [FR] Feed parse issue for 'machine learning'
09:31:03  WARNING  [PL] Feed parse issue for 'EU AI Act'
09:31:03  WARNING  [DE] Feed parse issue for 'machine learning'
09:31:03  WARNING  [FR] Feed parse issue for 'EU AI Act'
09:31:04  WARNING  [IT] Feed parse issue for 'EU AI Act'
09:31:07  WARNING  [ES] Feed parse issue for 'EU AI Act'
09:31:08  WARNING  [PL] Feed parse issue for 'generative AI'
09:31:08  INFO     [PL] +0 new articles saved
09:31:11  WARNING  [FR] Feed parse issue for 'generative AI'
09:31:11  INFO     [FR] +0 new articles saved
09:31:12  WARNING  [IT] Feed parse issue for 'generative AI'
09:31:12  INFO     [IT] +0 new articles saved
09:31:13  WARNING  [DE] Feed parse issue for 'EU AI Act'
09:31:14  WARNING  [NL] Feed parse issue for 'artificial intelligence'
09:31:15  WARNING  [ES] Feed parse issue for 'generative AI'
09:31:15  INFO     [ES] +0 new articles saved
09:31:21  WARNING  [DE] Feed parse issue for 'generative AI'
09:31:21  INFO     [DE] +0 new articles saved
09:31:21  WARNING  [BE] Feed parse issue for 'artificial intelligence'
09:31:21  WARNING  [SE] Feed parse issue for 'artificial intelligence'
09:31:23  WARNING  [AT] Feed parse issue for 'artificial intelligence'
09:31:24  WARNING  [NL] Feed parse issue for 'AI regulation'
09:31:27  WARNING  [DK] Feed parse issue for 'artificial intelligence'
09:31:27  WARNING  [BE] Feed parse issue for 'AI regulation'
09:31:28  WARNING  [SE] Feed parse issue for 'AI regulation'
09:31:31  WARNING  [NL] Feed parse issue for 'machine learning'
09:31:33  WARNING  [AT] Feed parse issue for 'AI regulation'
09:31:34  WARNING  [SE] Feed parse issue for 'machine learning'
09:31:35  WARNING  [BE] Feed parse issue for 'machine learning'
09:31:36  WARNING  [DK] Feed parse issue for 'AI regulation'
09:31:37  WARNING  [NL] Feed parse issue for 'EU AI Act'
09:31:41  WARNING  [BE] Feed parse issue for 'EU AI Act'
09:31:42  WARNING  [AT] Feed parse issue for 'machine learning'
09:31:43  WARNING  [SE] Feed parse issue for 'EU AI Act'
09:31:43  WARNING  [NL] Feed parse issue for 'generative AI'
09:31:43  INFO     [NL] +0 new articles saved
09:31:45  WARNING  [DK] Feed parse issue for 'machine learning'
09:31:48  WARNING  [BE] Feed parse issue for 'generative AI'
09:31:48  INFO     [BE] +0 new articles saved
09:31:50  WARNING  [AT] Feed parse issue for 'EU AI Act'
09:31:52  WARNING  [SE] Feed parse issue for 'generative AI'
09:31:52  INFO     [SE] +0 new articles saved
09:31:52  WARNING  [FI] Feed parse issue for 'artificial intelligence'
09:31:53  WARNING  [DK] Feed parse issue for 'EU AI Act'
09:31:57  WARNING  [AT] Feed parse issue for 'generative AI'
09:31:57  INFO     [AT] +0 new articles saved
09:31:58  WARNING  [PT] Feed parse issue for 'artificial intelligence'
09:31:58  WARNING  [CZ] Feed parse issue for 'artificial intelligence'
09:32:02  WARNING  [FI] Feed parse issue for 'AI regulation'
09:32:02  WARNING  [DK] Feed parse issue for 'generative AI'
09:32:02  INFO     [DK] +0 new articles saved
09:32:02  WARNING  [RO] Feed parse issue for 'artificial intelligence'
09:32:05  WARNING  [CZ] Feed parse issue for 'AI regulation'
09:32:08  WARNING  [PT] Feed parse issue for 'AI regulation'
09:32:09  WARNING  [RO] Feed parse issue for 'AI regulation'
09:32:10  WARNING  [HU] Feed parse issue for 'artificial intelligence'
09:32:10  WARNING  [CZ] Feed parse issue for 'machine learning'
09:32:12  WARNING  [FI] Feed parse issue for 'machine learning'
09:32:15  WARNING  [PT] Feed parse issue for 'machine learning'
09:32:16  WARNING  [HU] Feed parse issue for 'AI regulation'
09:32:17  WARNING  [RO] Feed parse issue for 'machine learning'
09:32:17  WARNING  [CZ] Feed parse issue for 'EU AI Act'
09:32:20  WARNING  [FI] Feed parse issue for 'EU AI Act'
09:32:22  WARNING  [RO] Feed parse issue for 'EU AI Act'
09:32:24  WARNING  [PT] Feed parse issue for 'EU AI Act'
09:32:25  WARNING  [HU] Feed parse issue for 'machine learning'
09:32:27  WARNING  [CZ] Feed parse issue for 'generative AI'
09:32:27  INFO     [CZ] +0 new articles saved
09:32:28  WARNING  [RO] Feed parse issue for 'generative AI'
09:32:28  INFO     [RO] +0 new articles saved
09:32:28  WARNING  [FI] Feed parse issue for 'generative AI'
09:32:28  INFO     [FI] +0 new articles saved
09:32:33  WARNING  [GR] Feed parse issue for 'artificial intelligence'
09:32:33  WARNING  [PT] Feed parse issue for 'generative AI'
09:32:33  INFO     [PT] +0 new articles saved
09:32:34  WARNING  [HU] Feed parse issue for 'EU AI Act'
09:32:34  WARNING  [IE] Feed parse issue for 'artificial intelligence'
09:32:35  WARNING  [SK] Feed parse issue for 'artificial intelligence'
09:32:39  WARNING  [IE] Feed parse issue for 'AI regulation'
09:32:40  WARNING  [HU] Feed parse issue for 'generative AI'
09:32:40  INFO     [HU] +0 new articles saved
09:32:40  WARNING  [SK] Feed parse issue for 'AI regulation'
09:32:41  WARNING  [GR] Feed parse issue for 'AI regulation'
09:32:43  WARNING  [HR] Feed parse issue for 'artificial intelligence'
09:32:48  WARNING  [IE] Feed parse issue for 'machine learning'
09:32:48  WARNING  [GR] Feed parse issue for 'machine learning'
09:32:49  WARNING  [BG] Feed parse issue for 'artificial intelligence'
09:32:50  WARNING  [SK] Feed parse issue for 'machine learning'
09:32:51  WARNING  [HR] Feed parse issue for 'AI regulation'
09:32:54  WARNING  [GR] Feed parse issue for 'EU AI Act'
09:32:55  WARNING  [IE] Feed parse issue for 'EU AI Act'
09:32:56  WARNING  [BG] Feed parse issue for 'AI regulation'
09:32:58  WARNING  [SK] Feed parse issue for 'EU AI Act'
09:32:59  WARNING  [HR] Feed parse issue for 'machine learning'
09:32:59  WARNING  [GR] Feed parse issue for 'generative AI'
09:32:59  INFO     [GR] +0 new articles saved
09:33:03  WARNING  [IE] Feed parse issue for 'generative AI'
09:33:03  INFO     [IE] +0 new articles saved
09:33:04  WARNING  [SK] Feed parse issue for 'generative AI'
09:33:04  INFO     [SK] +0 new articles saved
09:33:05  WARNING  [LT] Feed parse issue for 'artificial intelligence'
09:33:05  WARNING  [BG] Feed parse issue for 'machine learning'
09:33:08  WARNING  [HR] Feed parse issue for 'EU AI Act'
09:33:10  WARNING  [LV] Feed parse issue for 'artificial intelligence'
09:33:11  WARNING  [SI] Feed parse issue for 'artificial intelligence'
09:33:13  WARNING  [LT] Feed parse issue for 'AI regulation'
09:33:13  WARNING  [BG] Feed parse issue for 'EU AI Act'
09:33:16  WARNING  [HR] Feed parse issue for 'generative AI'
09:33:16  INFO     [HR] +0 new articles saved
09:33:19  WARNING  [SI] Feed parse issue for 'AI regulation'
09:33:20  WARNING  [LV] Feed parse issue for 'AI regulation'
09:33:21  WARNING  [LT] Feed parse issue for 'machine learning'
09:33:23  WARNING  [BG] Feed parse issue for 'generative AI'
09:33:23  INFO     [BG] +0 new articles saved
09:33:25  WARNING  [EE] Feed parse issue for 'artificial intelligence'
09:33:28  WARNING  [SI] Feed parse issue for 'machine learning'
09:33:28  WARNING  [CY] Feed parse issue for 'artificial intelligence'
09:33:29  WARNING  [LV] Feed parse issue for 'machine learning'
09:33:29  WARNING  [LT] Feed parse issue for 'EU AI Act'
09:33:31  WARNING  [EE] Feed parse issue for 'AI regulation'
09:33:35  WARNING  [LV] Feed parse issue for 'EU AI Act'
09:33:35  WARNING  [CY] Feed parse issue for 'AI regulation'
09:33:36  WARNING  [SI] Feed parse issue for 'EU AI Act'
09:33:37  WARNING  [LT] Feed parse issue for 'generative AI'
09:33:37  INFO     [LT] +0 new articles saved
09:33:40  WARNING  [EE] Feed parse issue for 'machine learning'
09:33:42  WARNING  [LU] Feed parse issue for 'artificial intelligence'
09:33:44  WARNING  [CY] Feed parse issue for 'machine learning'
09:33:44  WARNING  [SI] Feed parse issue for 'generative AI'
09:33:44  INFO     [SI] +0 new articles saved
09:33:45  WARNING  [LV] Feed parse issue for 'generative AI'
09:33:45  INFO     [LV] +0 new articles saved
09:33:48  WARNING  [LU] Feed parse issue for 'AI regulation'
09:33:50  WARNING  [EE] Feed parse issue for 'EU AI Act'
09:33:51  WARNING  [CY] Feed parse issue for 'EU AI Act'
09:33:53  WARNING  [MT] Feed parse issue for 'artificial intelligence'
09:33:55  WARNING  [EE] Feed parse issue for 'generative AI'
09:33:55  INFO     [EE] +0 new articles saved
09:33:57  WARNING  [LU] Feed parse issue for 'machine learning'
09:33:59  WARNING  [CY] Feed parse issue for 'generative AI'
09:33:59  INFO     [CY] +0 new articles saved
09:34:03  WARNING  [MT] Feed parse issue for 'AI regulation'
09:34:07  WARNING  [LU] Feed parse issue for 'EU AI Act'
09:34:11  WARNING  [MT] Feed parse issue for 'machine learning'
09:34:14  WARNING  [LU] Feed parse issue for 'generative AI'
09:34:14  INFO     [LU] +0 new articles saved
09:34:17  WARNING  [MT] Feed parse issue for 'EU AI Act'
09:34:23  WARNING  [MT] Feed parse issue for 'generative AI'
09:34:23  INFO     [MT] +0 new articles saved
09:34:23  INFO     Scrape complete. 0 new articles this run.
