19:26:51  INFO     Starting scrape: 27 countries, 5 queries each
/home/runner/work/EU_AI_News/EU_AI_News/eu_ai_news_scraper.py:230: DeprecationWarning: datetime.datetime.utcnow() is deprecated and scheduled for removal in a future version. Use timezone-aware objects to represent datetimes in UTC: datetime.datetime.now(datetime.UTC).
  "scraped_at":   datetime.utcnow().isoformat(),
19:26:52  INFO     [PL] 'artificial intelligence' → 100 entries, 13 kept so far
19:26:52  INFO     [DE] 'artificial intelligence' → 102 entries, 48 kept so far
19:26:52  INFO     [FR] 'artificial intelligence' → 100 entries, 48 kept so far
19:26:52  INFO     [IT] 'artificial intelligence' → 100 entries, 32 kept so far
19:26:52  INFO     [ES] 'artificial intelligence' → 100 entries, 58 kept so far
19:26:53  INFO     [PL] 'AI regulation' → 100 entries, 80 kept so far
19:26:53  INFO     [FR] 'AI regulation' → 100 entries, 123 kept so far
19:26:53  INFO     [DE] 'AI regulation' → 93 entries, 121 kept so far
19:26:54  INFO     [ES] 'AI regulation' → 76 entries, 94 kept so far
19:26:54  INFO     [IT] 'AI regulation' → 100 entries, 115 kept so far
19:26:55  INFO     [FR] 'machine learning' → 100 entries, 175 kept so far
19:26:55  INFO     [PL] 'machine learning' → 100 entries, 120 kept so far
19:26:55  INFO     [DE] 'machine learning' → 100 entries, 164 kept so far
19:26:55  INFO     [IT] 'machine learning' → 100 entries, 187 kept so far
19:26:55  INFO     [ES] 'machine learning' → 100 entries, 167 kept so far
19:26:57  INFO     [FR] 'EU AI Act' → 77 entries, 217 kept so far
19:26:57  INFO     [DE] 'EU AI Act' → 100 entries, 247 kept so far
19:26:57  INFO     [PL] 'EU AI Act' → 76 entries, 132 kept so far
19:26:57  INFO     [IT] 'EU AI Act' → 100 entries, 252 kept so far
19:26:57  INFO     [ES] 'EU AI Act' → 78 entries, 190 kept so far
19:26:58  INFO     [FR] 'generative AI' → 100 entries, 246 kept so far
19:26:58  INFO     [DE] 'generative AI' → 100 entries, 265 kept so far
19:26:58  INFO     [PL] 'generative AI' → 100 entries, 168 kept so far
19:26:59  INFO     [IT] 'generative AI' → 100 entries, 292 kept so far
19:26:59  INFO     [ES] 'generative AI' → 100 entries, 227 kept so far
19:26:59  INFO     [FR] +111 new articles saved
19:26:59  INFO     [DE] +159 new articles saved
19:26:59  INFO     [PL] +74 new articles saved
19:27:00  INFO     [IT] +131 new articles saved
19:27:00  INFO     [ES] +100 new articles saved
19:27:00  INFO     [NL] 'artificial intelligence' → 100 entries, 9 kept so far
19:27:00  INFO     [BE] 'artificial intelligence' → 100 entries, 56 kept so far
19:27:00  INFO     [SE] 'artificial intelligence' → 100 entries, 8 kept so far
19:27:00  INFO     [AT] 'artificial intelligence' → 100 entries, 43 kept so far
19:27:00  INFO     [DK] 'artificial intelligence' → 100 entries, 14 kept so far
19:27:02  INFO     [NL] 'AI regulation' → 79 entries, 45 kept so far
19:27:02  INFO     [BE] 'AI regulation' → 100 entries, 144 kept so far
19:27:02  INFO     [AT] 'AI regulation' → 96 entries, 115 kept so far
19:27:02  INFO     [SE] 'AI regulation' → 78 entries, 24 kept so far
19:27:02  INFO     [DK] 'AI regulation' → 31 entries, 18 kept so far
19:27:03  INFO     [NL] 'machine learning' → 100 entries, 99 kept so far
19:27:04  INFO     [SE] 'machine learning' → 71 entries, 47 kept so far
19:27:04  INFO     [AT] 'machine learning' → 100 entries, 161 kept so far
19:27:04  INFO     [DK] 'machine learning' → 81 entries, 43 kept so far
19:27:04  INFO     [BE] 'machine learning' → 100 entries, 198 kept so far
19:27:05  INFO     [NL] 'EU AI Act' → 100 entries, 128 kept so far
19:27:05  INFO     [SE] 'EU AI Act' → 77 entries, 55 kept so far
19:27:05  INFO     [AT] 'EU AI Act' → 100 entries, 250 kept so far
19:27:05  INFO     [BE] 'EU AI Act' → 77 entries, 226 kept so far
19:27:05  INFO     [DK] 'EU AI Act' → 77 entries, 62 kept so far
19:27:07  INFO     [NL] 'generative AI' → 100 entries, 155 kept so far
19:27:07  INFO     [SE] 'generative AI' → 81 entries, 67 kept so far
19:27:07  INFO     [AT] 'generative AI' → 100 entries, 269 kept so far
19:27:07  INFO     [BE] 'generative AI' → 100 entries, 252 kept so far
19:27:07  INFO     [DK] 'generative AI' → 100 entries, 93 kept so far
19:27:08  INFO     [NL] +51 new articles saved
19:27:08  INFO     [SE] +25 new articles saved
19:27:08  INFO     [AT] +31 new articles saved
19:27:08  INFO     [BE] +23 new articles saved
19:27:08  INFO     [DK] +25 new articles saved
19:27:08  INFO     [FI] 'artificial intelligence' → 100 entries, 55 kept so far
19:27:09  INFO     [PT] 'artificial intelligence' → 100 entries, 62 kept so far
19:27:09  INFO     [CZ] 'artificial intelligence' → 100 entries, 21 kept so far
19:27:09  INFO     [RO] 'artificial intelligence' → 100 entries, 43 kept so far
19:27:09  INFO     [HU] 'artificial intelligence' → 100 entries, 17 kept so far
19:27:10  INFO     [FI] 'AI regulation' → 50 entries, 69 kept so far
19:27:10  INFO     [PT] 'AI regulation' → 79 entries, 92 kept so far
19:27:10  INFO     [CZ] 'AI regulation' → 77 entries, 37 kept so far
19:27:10  INFO     [RO] 'AI regulation' → 74 entries, 53 kept so far
19:27:11  INFO     [HU] 'AI regulation' → 78 entries, 20 kept so far
19:27:12  INFO     [FI] 'machine learning' → 89 entries, 107 kept so far
19:27:12  INFO     [CZ] 'machine learning' → 86 entries, 56 kept so far
19:27:12  INFO     [PT] 'machine learning' → 100 entries, 165 kept so far
19:27:12  INFO     [HU] 'machine learning' → 70 entries, 45 kept so far
19:27:12  INFO     [RO] 'machine learning' → 100 entries, 98 kept so far
19:27:13  INFO     [FI] 'EU AI Act' → 73 entries, 148 kept so far
19:27:14  INFO     [CZ] 'EU AI Act' → 77 entries, 66 kept so far
19:27:14  INFO     [PT] 'EU AI Act' → 46 entries, 172 kept so far
19:27:14  INFO     [RO] 'EU AI Act' → 75 entries, 107 kept so far
19:27:14  INFO     [HU] 'EU AI Act' → 77 entries, 64 kept so far
19:27:15  INFO     [FI] 'generative AI' → 63 entries, 187 kept so far
19:27:16  INFO     [CZ] 'generative AI' → 84 entries, 84 kept so far
19:27:16  INFO     [RO] 'generative AI' → 80 entries, 127 kept so far
19:27:16  INFO     [HU] 'generative AI' → 75 entries, 85 kept so far
19:27:16  INFO     [PT] 'generative AI' → 100 entries, 201 kept so far
19:27:16  INFO     [FI] +82 new articles saved
19:27:17  INFO     [CZ] +44 new articles saved
19:27:17  INFO     [RO] +45 new articles saved
19:27:17  INFO     [HU] +39 new articles saved
19:27:17  INFO     [PT] +93 new articles saved
19:27:17  INFO     [GR] 'artificial intelligence' → 100 entries, 49 kept so far
19:27:17  INFO     [SK] 'artificial intelligence' → 100 entries, 22 kept so far
19:27:17  INFO     [HR] 'artificial intelligence' → 101 entries, 48 kept so far
19:27:17  INFO     [BG] 'artificial intelligence' → 70 entries, 34 kept so far
19:27:17  INFO     [IE] 'artificial intelligence' → 100 entries, 54 kept so far
19:27:18  INFO     [GR] 'AI regulation' → 43 entries, 88 kept so far
19:27:19  INFO     [SK] 'AI regulation' → 15 entries, 23 kept so far
19:27:19  INFO     [BG] 'AI regulation' → 9 entries, 36 kept so far
19:27:19  INFO     [HR] 'AI regulation' → 100 entries, 91 kept so far
19:27:19  INFO     [IE] 'AI regulation' → 100 entries, 99 kept so far
19:27:20  INFO     [GR] 'machine learning' → 88 entries, 123 kept so far
19:27:20  INFO     [SK] 'machine learning' → 72 entries, 40 kept so far
19:27:20  INFO     [BG] 'machine learning' → 56 entries, 46 kept so far
19:27:21  INFO     [HR] 'machine learning' → 100 entries, 156 kept so far
19:27:21  INFO     [IE] 'machine learning' → 100 entries, 158 kept so far
19:27:22  INFO     [GR] 'EU AI Act' → 54 entries, 137 kept so far
19:27:22  INFO     [SK] 'EU AI Act' → 60 entries, 54 kept so far
19:27:22  INFO     [BG] 'EU AI Act' → 10 entries, 48 kept so far
19:27:22  INFO     [HR] 'EU AI Act' → 100 entries, 239 kept so far
19:27:23  INFO     [IE] 'EU AI Act' → 100 entries, 235 kept so far
19:27:23  INFO     [BG] 'generative AI' → 28 entries, 52 kept so far
19:27:23  INFO     [GR] 'generative AI' → 100 entries, 179 kept so far
19:27:23  INFO     [SK] 'generative AI' → 48 entries, 63 kept so far
19:27:24  INFO     [HR] 'generative AI' → 100 entries, 295 kept so far
19:27:24  INFO     [BG] +27 new articles saved
19:27:24  INFO     [GR] +95 new articles saved
19:27:24  INFO     [SK] +27 new articles saved
19:27:25  INFO     [LT] 'artificial intelligence' → 86 entries, 31 kept so far
19:27:25  INFO     [LV] 'artificial intelligence' → 73 entries, 26 kept so far
19:27:25  INFO     [SI] 'artificial intelligence' → 100 entries, 47 kept so far
19:27:25  INFO     [IE] 'generative AI' → 100 entries, 291 kept so far
19:27:25  INFO     [HR] +223 new articles saved
19:27:26  INFO     [EE] 'artificial intelligence' → 100 entries, 43 kept so far
19:27:26  INFO     [IE] +77 new articles saved
19:27:26  INFO     [LT] 'AI regulation' → 9 entries, 31 kept so far
19:27:26  INFO     [LV] 'AI regulation' → 8 entries, 26 kept so far
19:27:26  INFO     [SI] 'AI regulation' → 3 entries, 47 kept so far
19:27:27  INFO     [CY] 'artificial intelligence' → 100 entries, 49 kept so far
19:27:27  INFO     [EE] 'AI regulation' → 8 entries, 44 kept so far
19:27:27  INFO     [LV] 'machine learning' → 11 entries, 28 kept so far
19:27:28  INFO     [LT] 'machine learning' → 38 entries, 36 kept so far
19:27:28  INFO     [SI] 'machine learning' → 22 entries, 49 kept so far
19:27:28  INFO     [CY] 'AI regulation' → 43 entries, 88 kept so far
19:27:29  INFO     [EE] 'machine learning' → 14 entries, 48 kept so far
19:27:29  INFO     [LV] 'EU AI Act' → 9 entries, 28 kept so far
19:27:29  INFO     [LT] 'EU AI Act' → 15 entries, 37 kept so far
19:27:29  INFO     [SI] 'EU AI Act' → 33 entries, 54 kept so far
19:27:30  INFO     [CY] 'machine learning' → 88 entries, 123 kept so far
19:27:30  INFO     [LV] 'generative AI' → 9 entries, 30 kept so far
19:27:30  INFO     [EE] 'EU AI Act' → 14 entries, 50 kept so far
19:27:30  INFO     [LT] 'generative AI' → 24 entries, 43 kept so far
19:27:30  INFO     [SI] 'generative AI' → 13 entries, 57 kept so far
19:27:31  INFO     [LV] +11 new articles saved
19:27:31  INFO     [LT] +12 new articles saved
19:27:31  INFO     [SI] +18 new articles saved
19:27:31  INFO     [CY] 'EU AI Act' → 54 entries, 137 kept so far
19:27:32  INFO     [MT] 'artificial intelligence' → 101 entries, 48 kept so far
19:27:32  INFO     [EE] 'generative AI' → 10 entries, 52 kept so far
19:27:32  INFO     [LU] 'artificial intelligence' → 100 entries, 48 kept so far
19:27:33  INFO     [EE] +15 new articles saved
19:27:33  INFO     [MT] 'AI regulation' → 100 entries, 91 kept so far
19:27:33  INFO     [CY] 'generative AI' → 100 entries, 179 kept so far
19:27:34  INFO     [LU] 'AI regulation' → 100 entries, 123 kept so far
19:27:34  INFO     [CY] +0 new articles saved
19:27:34  INFO     [MT] 'machine learning' → 100 entries, 156 kept so far
19:27:35  INFO     [MT] 'EU AI Act' → 100 entries, 239 kept so far
19:27:36  INFO     [LU] 'machine learning' → 100 entries, 175 kept so far
19:27:37  INFO     [MT] 'generative AI' → 100 entries, 295 kept so far
19:27:37  INFO     [LU] 'EU AI Act' → 77 entries, 217 kept so far
19:27:38  INFO     [MT] +0 new articles saved
19:27:39  INFO     [LU] 'generative AI' → 100 entries, 246 kept so far
19:27:40  INFO     [LU] +0 new articles saved
19:27:40  INFO     Scrape complete. 1538 new articles this run.
