15:42:44  INFO     Starting scrape: 27 countries, 5 queries each
/home/runner/work/EU_AI_News/EU_AI_News/eu_ai_news_scraper.py:230: DeprecationWarning: datetime.datetime.utcnow() is deprecated and scheduled for removal in a future version. Use timezone-aware objects to represent datetimes in UTC: datetime.datetime.now(datetime.UTC).
  "scraped_at":   datetime.utcnow().isoformat(),
15:42:44  INFO     [FR] 'artificial intelligence' → 100 entries, 56 kept so far
15:42:44  INFO     [IT] 'artificial intelligence' → 100 entries, 49 kept so far
15:42:45  INFO     [PL] 'artificial intelligence' → 100 entries, 13 kept so far
15:42:45  INFO     [DE] 'artificial intelligence' → 100 entries, 46 kept so far
15:42:45  INFO     [ES] 'artificial intelligence' → 100 entries, 60 kept so far
15:42:46  INFO     [IT] 'AI regulation' → 100 entries, 140 kept so far
15:42:46  INFO     [FR] 'AI regulation' → 100 entries, 146 kept so far
15:42:46  INFO     [PL] 'AI regulation' → 78 entries, 69 kept so far
15:42:46  INFO     [DE] 'AI regulation' → 100 entries, 120 kept so far
15:42:46  INFO     [ES] 'AI regulation' → 78 entries, 97 kept so far
15:42:48  INFO     [FR] 'machine learning' → 100 entries, 205 kept so far
15:42:48  INFO     [IT] 'machine learning' → 100 entries, 213 kept so far
15:42:48  INFO     [PL] 'machine learning' → 100 entries, 109 kept so far
15:42:48  INFO     [DE] 'machine learning' → 100 entries, 162 kept so far
15:42:48  INFO     [ES] 'machine learning' → 100 entries, 170 kept so far
15:42:49  INFO     [FR] 'EU AI Act' → 82 entries, 240 kept so far
15:42:49  INFO     [IT] 'EU AI Act' → 100 entries, 276 kept so far
15:42:50  INFO     [PL] 'EU AI Act' → 77 entries, 121 kept so far
15:42:50  INFO     [DE] 'EU AI Act' → 100 entries, 236 kept so far
15:42:50  INFO     [ES] 'EU AI Act' → 78 entries, 190 kept so far
15:42:51  INFO     [FR] 'generative AI' → 100 entries, 277 kept so far
15:42:51  INFO     [PL] 'generative AI' → 100 entries, 155 kept so far
15:42:51  INFO     [IT] 'generative AI' → 100 entries, 320 kept so far
15:42:51  INFO     [DE] 'generative AI' → 100 entries, 261 kept so far
15:42:52  INFO     [ES] 'generative AI' → 100 entries, 229 kept so far
15:42:52  INFO     [FR] +99 new articles saved
15:42:52  INFO     [PL] +51 new articles saved
15:42:52  INFO     [IT] +126 new articles saved
15:42:52  INFO     [DE] +126 new articles saved
15:42:52  INFO     [NL] 'artificial intelligence' → 100 entries, 9 kept so far
15:42:53  INFO     [ES] +85 new articles saved
15:42:53  INFO     [SE] 'artificial intelligence' → 100 entries, 9 kept so far
15:42:53  INFO     [BE] 'artificial intelligence' → 100 entries, 56 kept so far
15:42:53  INFO     [AT] 'artificial intelligence' → 100 entries, 48 kept so far
15:42:53  INFO     [DK] 'artificial intelligence' → 100 entries, 17 kept so far
15:42:54  INFO     [NL] 'AI regulation' → 78 entries, 42 kept so far
15:42:54  INFO     [SE] 'AI regulation' → 78 entries, 25 kept so far
15:42:55  INFO     [BE] 'AI regulation' → 100 entries, 145 kept so far
15:42:55  INFO     [AT] 'AI regulation' → 100 entries, 123 kept so far
15:42:55  INFO     [DK] 'AI regulation' → 35 entries, 23 kept so far
15:42:56  INFO     [NL] 'machine learning' → 100 entries, 99 kept so far
15:42:56  INFO     [SE] 'machine learning' → 70 entries, 45 kept so far
15:42:56  INFO     [DK] 'machine learning' → 76 entries, 40 kept so far
15:42:56  INFO     [BE] 'machine learning' → 100 entries, 203 kept so far
15:42:56  INFO     [AT] 'machine learning' → 100 entries, 165 kept so far
15:42:57  INFO     [NL] 'EU AI Act' → 83 entries, 121 kept so far
15:42:57  INFO     [SE] 'EU AI Act' → 67 entries, 55 kept so far
15:42:58  INFO     [DK] 'EU AI Act' → 75 entries, 54 kept so far
15:42:58  INFO     [BE] 'EU AI Act' → 85 entries, 237 kept so far
15:42:58  INFO     [AT] 'EU AI Act' → 100 entries, 249 kept so far
15:42:59  INFO     [NL] 'generative AI' → 100 entries, 152 kept so far
15:42:59  INFO     [SE] 'generative AI' → 71 entries, 69 kept so far
15:42:59  INFO     [DK] 'generative AI' → 100 entries, 92 kept so far
15:43:00  INFO     [BE] 'generative AI' → 100 entries, 277 kept so far
15:43:00  INFO     [AT] 'generative AI' → 100 entries, 274 kept so far
15:43:00  INFO     [NL] +39 new articles saved
15:43:00  INFO     [SE] +21 new articles saved
15:43:00  INFO     [FI] 'artificial intelligence' → 100 entries, 61 kept so far
15:43:00  INFO     [DK] +22 new articles saved
15:43:01  INFO     [BE] +22 new articles saved
15:43:01  INFO     [PT] 'artificial intelligence' → 100 entries, 61 kept so far
15:43:01  INFO     [AT] +24 new articles saved
15:43:01  INFO     [CZ] 'artificial intelligence' → 100 entries, 23 kept so far
15:43:01  INFO     [HU] 'artificial intelligence' → 100 entries, 15 kept so far
15:43:01  INFO     [RO] 'artificial intelligence' → 100 entries, 39 kept so far
15:43:02  INFO     [FI] 'AI regulation' → 52 entries, 72 kept so far
15:43:02  INFO     [PT] 'AI regulation' → 79 entries, 93 kept so far
15:43:03  INFO     [CZ] 'AI regulation' → 78 entries, 41 kept so far
15:43:03  INFO     [HU] 'AI regulation' → 79 entries, 21 kept so far
15:43:03  INFO     [RO] 'AI regulation' → 76 entries, 47 kept so far
15:43:04  INFO     [FI] 'machine learning' → 86 entries, 109 kept so far
15:43:04  INFO     [CZ] 'machine learning' → 76 entries, 57 kept so far
15:43:04  INFO     [PT] 'machine learning' → 100 entries, 165 kept so far
15:43:04  INFO     [HU] 'machine learning' → 65 entries, 45 kept so far
15:43:05  INFO     [RO] 'machine learning' → 100 entries, 89 kept so far
15:43:05  INFO     [FI] 'EU AI Act' → 57 entries, 138 kept so far
15:43:06  INFO     [CZ] 'EU AI Act' → 74 entries, 67 kept so far
15:43:06  INFO     [PT] 'EU AI Act' → 52 entries, 169 kept so far
15:43:06  INFO     [HU] 'EU AI Act' → 77 entries, 68 kept so far
15:43:06  INFO     [RO] 'EU AI Act' → 76 entries, 101 kept so far
15:43:07  INFO     [FI] 'generative AI' → 64 entries, 169 kept so far
15:43:07  INFO     [CZ] 'generative AI' → 80 entries, 83 kept so far
15:43:07  INFO     [PT] 'generative AI' → 100 entries, 209 kept so far
15:43:08  INFO     [HU] 'generative AI' → 74 entries, 94 kept so far
15:43:08  INFO     [RO] 'generative AI' → 79 entries, 119 kept so far
15:43:08  INFO     [FI] +55 new articles saved
15:43:08  INFO     [GR] 'artificial intelligence' → 100 entries, 45 kept so far
15:43:08  INFO     [CZ] +35 new articles saved
15:43:08  INFO     [PT] +85 new articles saved
15:43:09  INFO     [HU] +41 new articles saved
15:43:09  INFO     [HR] 'artificial intelligence' → 100 entries, 43 kept so far
15:43:09  INFO     [RO] +38 new articles saved
15:43:09  INFO     [SK] 'artificial intelligence' → 100 entries, 26 kept so far
15:43:09  INFO     [BG] 'artificial intelligence' → 71 entries, 29 kept so far
15:43:09  INFO     [IE] 'artificial intelligence' → 100 entries, 50 kept so far
15:43:10  INFO     [GR] 'AI regulation' → 69 entries, 80 kept so far
15:43:10  INFO     [HR] 'AI regulation' → 100 entries, 82 kept so far
15:43:10  INFO     [SK] 'AI regulation' → 16 entries, 30 kept so far
15:43:11  INFO     [BG] 'AI regulation' → 6 entries, 30 kept so far
15:43:11  INFO     [IE] 'AI regulation' → 100 entries, 89 kept so far
15:43:12  INFO     [GR] 'machine learning' → 88 entries, 115 kept so far
15:43:12  INFO     [HR] 'machine learning' → 100 entries, 150 kept so far
15:43:12  INFO     [SK] 'machine learning' → 59 entries, 48 kept so far
15:43:12  INFO     [BG] 'machine learning' → 51 entries, 39 kept so far
15:43:13  INFO     [IE] 'machine learning' → 100 entries, 159 kept so far
15:43:13  INFO     [GR] 'EU AI Act' → 61 entries, 132 kept so far
15:43:13  INFO     [HR] 'EU AI Act' → 100 entries, 232 kept so far
15:43:13  INFO     [BG] 'EU AI Act' → 9 entries, 42 kept so far
15:43:13  INFO     [SK] 'EU AI Act' → 49 entries, 60 kept so far
15:43:15  INFO     [GR] 'generative AI' → 100 entries, 172 kept so far
15:43:15  INFO     [IE] 'EU AI Act' → 100 entries, 236 kept so far
15:43:15  INFO     [BG] 'generative AI' → 33 entries, 46 kept so far
15:43:15  INFO     [SK] 'generative AI' → 42 entries, 70 kept so far
15:43:15  INFO     [HR] 'generative AI' → 100 entries, 304 kept so far
15:43:16  INFO     [GR] +76 new articles saved
15:43:16  INFO     [BG] +22 new articles saved
15:43:16  INFO     [SK] +25 new articles saved
15:43:16  INFO     [HR] +201 new articles saved
15:43:16  INFO     [LT] 'artificial intelligence' → 89 entries, 32 kept so far
15:43:16  INFO     [SI] 'artificial intelligence' → 100 entries, 41 kept so far
15:43:16  INFO     [LV] 'artificial intelligence' → 67 entries, 22 kept so far
15:43:16  INFO     [IE] 'generative AI' → 100 entries, 299 kept so far
15:43:17  INFO     [EE] 'artificial intelligence' → 100 entries, 49 kept so far
15:43:17  INFO     [IE] +69 new articles saved
15:43:18  INFO     [LV] 'AI regulation' → 8 entries, 22 kept so far
15:43:18  INFO     [SI] 'AI regulation' → 3 entries, 41 kept so far
15:43:18  INFO     [LT] 'AI regulation' → 13 entries, 35 kept so far
15:43:18  INFO     [CY] 'artificial intelligence' → 100 entries, 45 kept so far
15:43:18  INFO     [EE] 'AI regulation' → 9 entries, 49 kept so far
15:43:19  INFO     [LV] 'machine learning' → 9 entries, 24 kept so far
15:43:19  INFO     [SI] 'machine learning' → 25 entries, 44 kept so far
15:43:19  INFO     [LT] 'machine learning' → 54 entries, 41 kept so far
15:43:20  INFO     [CY] 'AI regulation' → 69 entries, 79 kept so far
15:43:20  INFO     [EE] 'machine learning' → 27 entries, 51 kept so far
15:43:20  INFO     [LV] 'EU AI Act' → 9 entries, 24 kept so far
15:43:20  INFO     [SI] 'EU AI Act' → 25 entries, 49 kept so far
15:43:21  INFO     [LT] 'EU AI Act' → 20 entries, 42 kept so far
15:43:21  INFO     [EE] 'EU AI Act' → 12 entries, 54 kept so far
15:43:21  INFO     [CY] 'machine learning' → 85 entries, 113 kept so far
15:43:21  INFO     [LV] 'generative AI' → 8 entries, 27 kept so far
15:43:22  INFO     [SI] 'generative AI' → 12 entries, 51 kept so far
15:43:22  INFO     [LT] 'generative AI' → 24 entries, 50 kept so far
15:43:22  INFO     [EE] 'generative AI' → 10 entries, 57 kept so far
15:43:22  INFO     [CY] 'EU AI Act' → 61 entries, 130 kept so far
15:43:23  INFO     [LV] +8 new articles saved
15:43:23  INFO     [SI] +12 new articles saved
15:43:23  INFO     [MT] 'artificial intelligence' → 100 entries, 43 kept so far
15:43:23  INFO     [LT] +19 new articles saved
15:43:23  INFO     [LU] 'artificial intelligence' → 100 entries, 57 kept so far
15:43:23  INFO     [EE] +15 new articles saved
15:43:24  INFO     [MT] 'AI regulation' → 100 entries, 82 kept so far
15:43:24  INFO     [CY] 'generative AI' → 100 entries, 171 kept so far
15:43:25  INFO     [LU] 'AI regulation' → 100 entries, 147 kept so far
15:43:25  INFO     [MT] 'machine learning' → 100 entries, 150 kept so far
15:43:25  INFO     [CY] +4 new articles saved
15:43:26  INFO     [LU] 'machine learning' → 100 entries, 206 kept so far
15:43:26  INFO     [MT] 'EU AI Act' → 100 entries, 232 kept so far
15:43:28  INFO     [MT] 'generative AI' → 100 entries, 304 kept so far
15:43:28  INFO     [LU] 'EU AI Act' → 82 entries, 241 kept so far
15:43:29  INFO     [MT] +0 new articles saved
15:43:29  INFO     [LU] 'generative AI' → 100 entries, 278 kept so far
15:43:30  INFO     [LU] +2 new articles saved
15:43:30  INFO     Scrape complete. 1322 new articles this run.
