10:46:02  INFO     Starting scrape: 27 countries, 5 queries each
/home/runner/work/EU_AI_News/EU_AI_News/eu_ai_news_scraper.py:230: DeprecationWarning: datetime.datetime.utcnow() is deprecated and scheduled for removal in a future version. Use timezone-aware objects to represent datetimes in UTC: datetime.datetime.now(datetime.UTC).
  "scraped_at":   datetime.utcnow().isoformat(),
10:46:02  INFO     [IT] 'artificial intelligence' → 100 entries, 30 kept so far
10:46:03  INFO     [FR] 'artificial intelligence' → 100 entries, 49 kept so far
10:46:03  INFO     [ES] 'artificial intelligence' → 100 entries, 71 kept so far
10:46:03  INFO     [DE] 'artificial intelligence' → 100 entries, 41 kept so far
10:46:03  INFO     [PL] 'artificial intelligence' → 100 entries, 14 kept so far
10:46:04  INFO     [IT] 'AI regulation' → 100 entries, 80 kept so far
10:46:04  INFO     [DE] 'AI regulation' → 56 entries, 73 kept so far
10:46:04  INFO     [FR] 'AI regulation' → 100 entries, 126 kept so far
10:46:04  INFO     [ES] 'AI regulation' → 68 entries, 85 kept so far
10:46:05  INFO     [PL] 'AI regulation' → 79 entries, 67 kept so far
10:46:06  INFO     [IT] 'machine learning' → 100 entries, 155 kept so far
10:46:06  INFO     [FR] 'machine learning' → 100 entries, 195 kept so far
10:46:06  INFO     [DE] 'machine learning' → 100 entries, 114 kept so far
10:46:06  INFO     [ES] 'machine learning' → 100 entries, 157 kept so far
10:46:06  INFO     [PL] 'machine learning' → 100 entries, 107 kept so far
10:46:07  INFO     [IT] 'EU AI Act' → 100 entries, 223 kept so far
10:46:08  INFO     [DE] 'EU AI Act' → 100 entries, 201 kept so far
10:46:08  INFO     [FR] 'EU AI Act' → 81 entries, 232 kept so far
10:46:08  INFO     [ES] 'EU AI Act' → 77 entries, 196 kept so far
10:46:08  INFO     [PL] 'EU AI Act' → 76 entries, 119 kept so far
10:46:09  INFO     [IT] 'generative AI' → 100 entries, 269 kept so far
10:46:09  INFO     [FR] 'generative AI' → 100 entries, 269 kept so far
10:46:09  INFO     [DE] 'generative AI' → 100 entries, 226 kept so far
10:46:09  INFO     [ES] 'generative AI' → 100 entries, 240 kept so far
10:46:10  INFO     [PL] 'generative AI' → 100 entries, 154 kept so far
10:46:10  INFO     [IT] +134 new articles saved
10:46:10  INFO     [FR] +117 new articles saved
10:46:10  INFO     [DE] +133 new articles saved
10:46:10  INFO     [ES] +108 new articles saved
10:46:11  INFO     [PL] +51 new articles saved
10:46:11  INFO     [NL] 'artificial intelligence' → 100 entries, 15 kept so far
10:46:11  INFO     [SE] 'artificial intelligence' → 100 entries, 8 kept so far
10:46:11  INFO     [BE] 'artificial intelligence' → 100 entries, 50 kept so far
10:46:11  INFO     [AT] 'artificial intelligence' → 100 entries, 58 kept so far
10:46:12  INFO     [DK] 'artificial intelligence' → 100 entries, 16 kept so far
10:46:12  INFO     [SE] 'AI regulation' → 69 entries, 27 kept so far
10:46:13  INFO     [NL] 'AI regulation' → 78 entries, 46 kept so far
10:46:13  INFO     [AT] 'AI regulation' → 60 entries, 96 kept so far
10:46:13  INFO     [BE] 'AI regulation' → 100 entries, 133 kept so far
10:46:13  INFO     [DK] 'AI regulation' → 29 entries, 19 kept so far
10:46:14  INFO     [SE] 'machine learning' → 80 entries, 51 kept so far
10:46:14  INFO     [NL] 'machine learning' → 100 entries, 102 kept so far
10:46:14  INFO     [AT] 'machine learning' → 100 entries, 150 kept so far
10:46:15  INFO     [BE] 'machine learning' → 100 entries, 191 kept so far
10:46:15  INFO     [DK] 'machine learning' → 74 entries, 37 kept so far
10:46:15  INFO     [SE] 'EU AI Act' → 66 entries, 57 kept so far
10:46:16  INFO     [NL] 'EU AI Act' → 85 entries, 126 kept so far
10:46:16  INFO     [AT] 'EU AI Act' → 100 entries, 237 kept so far
10:46:16  INFO     [BE] 'EU AI Act' → 80 entries, 224 kept so far
10:46:17  INFO     [SE] 'generative AI' → 71 entries, 72 kept so far
10:46:17  INFO     [DK] 'EU AI Act' → 76 entries, 58 kept so far
10:46:18  INFO     [AT] 'generative AI' → 100 entries, 263 kept so far
10:46:18  INFO     [BE] 'generative AI' → 100 entries, 262 kept so far
10:46:18  INFO     [NL] 'generative AI' → 100 entries, 157 kept so far
10:46:18  INFO     [SE] +27 new articles saved
10:46:19  INFO     [AT] +37 new articles saved
10:46:19  INFO     [DK] 'generative AI' → 100 entries, 94 kept so far
10:46:19  INFO     [FI] 'artificial intelligence' → 100 entries, 62 kept so far
10:46:19  INFO     [BE] +17 new articles saved
10:46:19  INFO     [NL] +46 new articles saved
10:46:19  INFO     [CZ] 'artificial intelligence' → 100 entries, 23 kept so far
10:46:20  INFO     [PT] 'artificial intelligence' → 100 entries, 68 kept so far
10:46:20  INFO     [DK] +38 new articles saved
10:46:20  INFO     [RO] 'artificial intelligence' → 100 entries, 41 kept so far
10:46:20  INFO     [HU] 'artificial intelligence' → 100 entries, 19 kept so far
10:46:21  INFO     [FI] 'AI regulation' → 43 entries, 71 kept so far
10:46:21  INFO     [CZ] 'AI regulation' → 78 entries, 42 kept so far
10:46:21  INFO     [RO] 'AI regulation' → 25 entries, 43 kept so far
10:46:21  INFO     [PT] 'AI regulation' → 79 entries, 105 kept so far
10:46:22  INFO     [HU] 'AI regulation' → 74 entries, 22 kept so far
10:46:22  INFO     [FI] 'machine learning' → 87 entries, 108 kept so far
10:46:23  INFO     [CZ] 'machine learning' → 75 entries, 58 kept so far
10:46:23  INFO     [RO] 'machine learning' → 100 entries, 92 kept so far
10:46:23  INFO     [PT] 'machine learning' → 100 entries, 180 kept so far
10:46:24  INFO     [HU] 'machine learning' → 65 entries, 46 kept so far
10:46:24  INFO     [FI] 'EU AI Act' → 56 entries, 135 kept so far
10:46:24  INFO     [CZ] 'EU AI Act' → 74 entries, 66 kept so far
10:46:25  INFO     [RO] 'EU AI Act' → 75 entries, 103 kept so far
10:46:25  INFO     [PT] 'EU AI Act' → 52 entries, 184 kept so far
10:46:25  INFO     [HU] 'EU AI Act' → 77 entries, 69 kept so far
10:46:26  INFO     [FI] 'generative AI' → 67 entries, 169 kept so far
10:46:26  INFO     [CZ] 'generative AI' → 78 entries, 82 kept so far
10:46:26  INFO     [RO] 'generative AI' → 77 entries, 123 kept so far
10:46:27  INFO     [HU] 'generative AI' → 73 entries, 95 kept so far
10:46:27  INFO     [PT] 'generative AI' → 100 entries, 220 kept so far
10:46:27  INFO     [FI] +54 new articles saved
10:46:27  INFO     [CZ] +35 new articles saved
10:46:27  INFO     [RO] +44 new articles saved
10:46:27  INFO     [GR] 'artificial intelligence' → 100 entries, 45 kept so far
10:46:28  INFO     [SK] 'artificial intelligence' → 100 entries, 26 kept so far
10:46:28  INFO     [HU] +43 new articles saved
10:46:28  INFO     [PT] +101 new articles saved
10:46:28  INFO     [IE] 'artificial intelligence' → 100 entries, 56 kept so far
10:46:28  INFO     [BG] 'artificial intelligence' → 68 entries, 28 kept so far
10:46:28  INFO     [HR] 'artificial intelligence' → 100 entries, 50 kept so far
10:46:29  INFO     [GR] 'AI regulation' → 71 entries, 82 kept so far
10:46:29  INFO     [SK] 'AI regulation' → 13 entries, 29 kept so far
10:46:30  INFO     [BG] 'AI regulation' → 6 entries, 29 kept so far
10:46:30  INFO     [IE] 'AI regulation' → 100 entries, 103 kept so far
10:46:30  INFO     [HR] 'AI regulation' → 100 entries, 102 kept so far
10:46:31  INFO     [GR] 'machine learning' → 100 entries, 118 kept so far
10:46:31  INFO     [SK] 'machine learning' → 59 entries, 47 kept so far
10:46:31  INFO     [BG] 'machine learning' → 52 entries, 40 kept so far
10:46:32  INFO     [IE] 'machine learning' → 100 entries, 181 kept so far
10:46:32  INFO     [HR] 'machine learning' → 100 entries, 183 kept so far
10:46:32  INFO     [GR] 'EU AI Act' → 62 entries, 137 kept so far
10:46:32  INFO     [SK] 'EU AI Act' → 51 entries, 61 kept so far
10:46:33  INFO     [BG] 'EU AI Act' → 10 entries, 43 kept so far
10:46:34  INFO     [HR] 'EU AI Act' → 100 entries, 264 kept so far
10:46:34  INFO     [GR] 'generative AI' → 100 entries, 175 kept so far
10:46:34  INFO     [SK] 'generative AI' → 42 entries, 70 kept so far
10:46:34  INFO     [IE] 'EU AI Act' → 100 entries, 257 kept so far
10:46:34  INFO     [BG] 'generative AI' → 35 entries, 48 kept so far
10:46:35  INFO     [GR] +79 new articles saved
10:46:35  INFO     [SK] +24 new articles saved
10:46:35  INFO     [BG] +22 new articles saved
10:46:35  INFO     [HR] 'generative AI' → 100 entries, 336 kept so far
10:46:35  INFO     [SI] 'artificial intelligence' → 98 entries, 40 kept so far
10:46:36  INFO     [LT] 'artificial intelligence' → 90 entries, 34 kept so far
10:46:36  INFO     [LV] 'artificial intelligence' → 66 entries, 22 kept so far
10:46:36  INFO     [IE] 'generative AI' → 100 entries, 326 kept so far
10:46:36  INFO     [HR] +232 new articles saved
10:46:37  INFO     [IE] +87 new articles saved
10:46:37  INFO     [SI] 'AI regulation' → 4 entries, 40 kept so far
10:46:37  INFO     [LT] 'AI regulation' → 16 entries, 37 kept so far
10:46:37  INFO     [LV] 'AI regulation' → 7 entries, 22 kept so far
10:46:37  INFO     [EE] 'artificial intelligence' → 100 entries, 51 kept so far
10:46:37  INFO     [CY] 'artificial intelligence' → 100 entries, 45 kept so far
10:46:38  INFO     [SI] 'machine learning' → 25 entries, 43 kept so far
10:46:39  INFO     [LT] 'machine learning' → 53 entries, 43 kept so far
10:46:39  INFO     [LV] 'machine learning' → 9 entries, 24 kept so far
10:46:39  INFO     [EE] 'AI regulation' → 12 entries, 51 kept so far
10:46:39  INFO     [CY] 'AI regulation' → 71 entries, 82 kept so far
10:46:40  INFO     [SI] 'EU AI Act' → 25 entries, 48 kept so far
10:46:40  INFO     [LT] 'EU AI Act' → 22 entries, 44 kept so far
10:46:40  INFO     [LV] 'EU AI Act' → 10 entries, 24 kept so far
10:46:40  INFO     [EE] 'machine learning' → 29 entries, 53 kept so far
10:46:41  INFO     [CY] 'machine learning' → 85 entries, 117 kept so far
10:46:41  INFO     [SI] 'generative AI' → 13 entries, 50 kept so far
10:46:41  INFO     [LV] 'generative AI' → 8 entries, 27 kept so far
10:46:41  INFO     [LT] 'generative AI' → 23 entries, 52 kept so far
10:46:42  INFO     [EE] 'EU AI Act' → 13 entries, 56 kept so far
10:46:42  INFO     [SI] +11 new articles saved
10:46:42  INFO     [CY] 'EU AI Act' → 62 entries, 136 kept so far
10:46:42  INFO     [LV] +8 new articles saved
10:46:42  INFO     [MT] 'artificial intelligence' → 100 entries, 50 kept so far
10:46:43  INFO     [LT] +21 new articles saved
10:46:43  INFO     [LU] 'artificial intelligence' → 100 entries, 49 kept so far
10:46:43  INFO     [EE] 'generative AI' → 10 entries, 59 kept so far
10:46:44  INFO     [MT] 'AI regulation' → 100 entries, 102 kept so far
10:46:44  INFO     [CY] 'generative AI' → 100 entries, 175 kept so far
10:46:44  INFO     [EE] +17 new articles saved
10:46:45  INFO     [LU] 'AI regulation' → 100 entries, 126 kept so far
10:46:45  INFO     [MT] 'machine learning' → 100 entries, 183 kept so far
10:46:45  INFO     [CY] +14 new articles saved
10:46:46  INFO     [MT] 'EU AI Act' → 100 entries, 264 kept so far
10:46:46  INFO     [LU] 'machine learning' → 100 entries, 184 kept so far
10:46:48  INFO     [MT] 'generative AI' → 100 entries, 336 kept so far
10:46:48  INFO     [LU] 'EU AI Act' → 100 entries, 222 kept so far
10:46:49  INFO     [MT] +0 new articles saved
10:46:50  INFO     [LU] 'generative AI' → 100 entries, 259 kept so far
10:46:51  INFO     [LU] +11 new articles saved
10:46:51  INFO     Scrape complete. 1511 new articles this run.
