19:38:43  INFO     Starting scrape: 27 countries, 5 queries each
/home/runner/work/EU_AI_News/EU_AI_News/eu_ai_news_scraper.py:230: DeprecationWarning: datetime.datetime.utcnow() is deprecated and scheduled for removal in a future version. Use timezone-aware objects to represent datetimes in UTC: datetime.datetime.now(datetime.UTC).
  "scraped_at":   datetime.utcnow().isoformat(),
19:38:44  INFO     [IT] 'artificial intelligence' → 100 entries, 36 kept so far
19:38:44  INFO     [PL] 'artificial intelligence' → 100 entries, 15 kept so far
19:38:44  INFO     [DE] 'artificial intelligence' → 100 entries, 48 kept so far
19:38:44  INFO     [FR] 'artificial intelligence' → 100 entries, 49 kept so far
19:38:44  INFO     [ES] 'artificial intelligence' → 100 entries, 62 kept so far
19:38:46  INFO     [IT] 'AI regulation' → 100 entries, 121 kept so far
19:38:46  INFO     [PL] 'AI regulation' → 77 entries, 70 kept so far
19:38:46  INFO     [DE] 'AI regulation' → 100 entries, 125 kept so far
19:38:46  INFO     [ES] 'AI regulation' → 79 entries, 102 kept so far
19:38:46  INFO     [FR] 'AI regulation' → 100 entries, 137 kept so far
19:38:47  INFO     [IT] 'machine learning' → 100 entries, 197 kept so far
19:38:47  INFO     [PL] 'machine learning' → 100 entries, 112 kept so far
19:38:48  INFO     [DE] 'machine learning' → 100 entries, 164 kept so far
19:38:48  INFO     [FR] 'machine learning' → 100 entries, 196 kept so far
19:38:48  INFO     [ES] 'machine learning' → 100 entries, 173 kept so far
19:38:49  INFO     [PL] 'EU AI Act' → 75 entries, 120 kept so far
19:38:49  INFO     [IT] 'EU AI Act' → 100 entries, 265 kept so far
19:38:49  INFO     [DE] 'EU AI Act' → 100 entries, 248 kept so far
19:38:49  INFO     [FR] 'EU AI Act' → 83 entries, 234 kept so far
19:38:49  INFO     [ES] 'EU AI Act' → 78 entries, 195 kept so far
19:38:51  INFO     [PL] 'generative AI' → 100 entries, 152 kept so far
19:38:51  INFO     [IT] 'generative AI' → 100 entries, 312 kept so far
19:38:51  INFO     [DE] 'generative AI' → 100 entries, 276 kept so far
19:38:51  INFO     [FR] 'generative AI' → 100 entries, 274 kept so far
19:38:51  INFO     [ES] 'generative AI' → 100 entries, 238 kept so far
19:38:52  INFO     [PL] +56 new articles saved
19:38:52  INFO     [IT] +140 new articles saved
19:38:52  INFO     [DE] +156 new articles saved
19:38:52  INFO     [FR] +112 new articles saved
19:38:52  INFO     [ES] +95 new articles saved
19:38:52  INFO     [NL] 'artificial intelligence' → 100 entries, 9 kept so far
19:38:52  INFO     [SE] 'artificial intelligence' → 100 entries, 6 kept so far
19:38:52  INFO     [BE] 'artificial intelligence' → 100 entries, 48 kept so far
19:38:53  INFO     [AT] 'artificial intelligence' → 100 entries, 50 kept so far
19:38:53  INFO     [DK] 'artificial intelligence' → 100 entries, 17 kept so far
19:38:54  INFO     [NL] 'AI regulation' → 78 entries, 45 kept so far
19:38:54  INFO     [SE] 'AI regulation' → 78 entries, 21 kept so far
19:38:54  INFO     [BE] 'AI regulation' → 100 entries, 135 kept so far
19:38:54  INFO     [AT] 'AI regulation' → 100 entries, 126 kept so far
19:38:54  INFO     [DK] 'AI regulation' → 38 entries, 23 kept so far
19:38:55  INFO     [NL] 'machine learning' → 100 entries, 99 kept so far
19:38:55  INFO     [SE] 'machine learning' → 73 entries, 43 kept so far
19:38:56  INFO     [BE] 'machine learning' → 100 entries, 190 kept so far
19:38:56  INFO     [DK] 'machine learning' → 79 entries, 43 kept so far
19:38:56  INFO     [AT] 'machine learning' → 100 entries, 165 kept so far
19:38:57  INFO     [NL] 'EU AI Act' → 89 entries, 124 kept so far
19:38:57  INFO     [SE] 'EU AI Act' → 65 entries, 51 kept so far
19:38:57  INFO     [DK] 'EU AI Act' → 76 entries, 60 kept so far
19:38:57  INFO     [BE] 'EU AI Act' → 86 entries, 224 kept so far
19:38:58  INFO     [AT] 'EU AI Act' → 100 entries, 252 kept so far
19:38:58  INFO     [NL] 'generative AI' → 100 entries, 154 kept so far
19:38:59  INFO     [SE] 'generative AI' → 75 entries, 63 kept so far
19:38:59  INFO     [DK] 'generative AI' → 100 entries, 98 kept so far
19:38:59  INFO     [AT] 'generative AI' → 100 entries, 278 kept so far
19:38:59  INFO     [BE] 'generative AI' → 100 entries, 261 kept so far
19:38:59  INFO     [NL] +48 new articles saved
19:39:00  INFO     [SE] +19 new articles saved
19:39:00  INFO     [DK] +24 new articles saved
19:39:00  INFO     [FI] 'artificial intelligence' → 100 entries, 65 kept so far
19:39:00  INFO     [AT] +19 new articles saved
19:39:00  INFO     [PT] 'artificial intelligence' → 100 entries, 60 kept so far
19:39:00  INFO     [BE] +14 new articles saved
19:39:00  INFO     [CZ] 'artificial intelligence' → 100 entries, 25 kept so far
19:39:01  INFO     [RO] 'artificial intelligence' → 100 entries, 38 kept so far
19:39:01  INFO     [HU] 'artificial intelligence' → 100 entries, 12 kept so far
19:39:02  INFO     [FI] 'AI regulation' → 48 entries, 76 kept so far
19:39:02  INFO     [PT] 'AI regulation' → 79 entries, 92 kept so far
19:39:02  INFO     [CZ] 'AI regulation' → 77 entries, 45 kept so far
19:39:02  INFO     [RO] 'AI regulation' → 76 entries, 45 kept so far
19:39:03  INFO     [HU] 'AI regulation' → 79 entries, 16 kept so far
19:39:03  INFO     [FI] 'machine learning' → 87 entries, 111 kept so far
19:39:04  INFO     [CZ] 'machine learning' → 85 entries, 66 kept so far
19:39:04  INFO     [PT] 'machine learning' → 100 entries, 164 kept so far
19:39:04  INFO     [HU] 'machine learning' → 69 entries, 39 kept so far
19:39:04  INFO     [RO] 'machine learning' → 100 entries, 92 kept so far
19:39:05  INFO     [FI] 'EU AI Act' → 68 entries, 144 kept so far
19:39:05  INFO     [CZ] 'EU AI Act' → 76 entries, 75 kept so far
19:39:05  INFO     [PT] 'EU AI Act' → 54 entries, 170 kept so far
19:39:06  INFO     [HU] 'EU AI Act' → 77 entries, 59 kept so far
19:39:06  INFO     [RO] 'EU AI Act' → 79 entries, 107 kept so far
19:39:06  INFO     [FI] 'generative AI' → 66 entries, 179 kept so far
19:39:07  INFO     [CZ] 'generative AI' → 80 entries, 87 kept so far
19:39:07  INFO     [HU] 'generative AI' → 73 entries, 82 kept so far
19:39:07  INFO     [PT] 'generative AI' → 100 entries, 206 kept so far
19:39:07  INFO     [RO] 'generative AI' → 78 entries, 123 kept so far
19:39:07  INFO     [FI] +66 new articles saved
19:39:08  INFO     [GR] 'artificial intelligence' → 100 entries, 42 kept so far
19:39:08  INFO     [CZ] +44 new articles saved
19:39:08  INFO     [HU] +33 new articles saved
19:39:08  INFO     [PT] +78 new articles saved
19:39:08  INFO     [RO] +42 new articles saved
19:39:08  INFO     [SK] 'artificial intelligence' → 100 entries, 26 kept so far
19:39:09  INFO     [BG] 'artificial intelligence' → 72 entries, 29 kept so far
19:39:09  INFO     [HR] 'artificial intelligence' → 100 entries, 47 kept so far
19:39:09  INFO     [IE] 'artificial intelligence' → 100 entries, 66 kept so far
19:39:09  INFO     [GR] 'AI regulation' → 57 entries, 76 kept so far
19:39:10  INFO     [SK] 'AI regulation' → 18 entries, 29 kept so far
19:39:10  INFO     [BG] 'AI regulation' → 12 entries, 30 kept so far
19:39:10  INFO     [HR] 'AI regulation' → 100 entries, 95 kept so far
19:39:11  INFO     [IE] 'AI regulation' → 100 entries, 111 kept so far
19:39:11  INFO     [GR] 'machine learning' → 90 entries, 118 kept so far
19:39:11  INFO     [SK] 'machine learning' → 60 entries, 45 kept so far
19:39:12  INFO     [BG] 'machine learning' → 54 entries, 39 kept so far
19:39:12  INFO     [HR] 'machine learning' → 100 entries, 162 kept so far
19:39:12  INFO     [IE] 'machine learning' → 100 entries, 178 kept so far
19:39:12  INFO     [GR] 'EU AI Act' → 37 entries, 124 kept so far
19:39:13  INFO     [SK] 'EU AI Act' → 57 entries, 61 kept so far
19:39:13  INFO     [BG] 'EU AI Act' → 10 entries, 42 kept so far
19:39:13  INFO     [HR] 'EU AI Act' → 100 entries, 238 kept so far
19:39:14  INFO     [GR] 'generative AI' → 100 entries, 161 kept so far
19:39:14  INFO     [IE] 'EU AI Act' → 100 entries, 247 kept so far
19:39:14  INFO     [SK] 'generative AI' → 47 entries, 71 kept so far
19:39:14  INFO     [BG] 'generative AI' → 29 entries, 46 kept so far
19:39:15  INFO     [HR] 'generative AI' → 100 entries, 297 kept so far
19:39:15  INFO     [GR] +77 new articles saved
19:39:15  INFO     [SK] +26 new articles saved
19:39:15  INFO     [BG] +21 new articles saved
19:39:16  INFO     [LT] 'artificial intelligence' → 92 entries, 36 kept so far
19:39:16  INFO     [LV] 'artificial intelligence' → 68 entries, 24 kept so far
19:39:16  INFO     [SI] 'artificial intelligence' → 95 entries, 40 kept so far
19:39:16  INFO     [IE] 'generative AI' → 100 entries, 301 kept so far
19:39:16  INFO     [HR] +234 new articles saved
19:39:17  INFO     [EE] 'artificial intelligence' → 100 entries, 54 kept so far
19:39:17  INFO     [IE] +73 new articles saved
19:39:17  INFO     [LT] 'AI regulation' → 9 entries, 37 kept so far
19:39:17  INFO     [SI] 'AI regulation' → 2 entries, 40 kept so far
19:39:17  INFO     [LV] 'AI regulation' → 8 entries, 24 kept so far
19:39:17  INFO     [CY] 'artificial intelligence' → 100 entries, 43 kept so far
19:39:18  INFO     [EE] 'AI regulation' → 10 entries, 54 kept so far
19:39:18  INFO     [LT] 'machine learning' → 43 entries, 42 kept so far
19:39:19  INFO     [SI] 'machine learning' → 24 entries, 42 kept so far
19:39:19  INFO     [LV] 'machine learning' → 9 entries, 25 kept so far
19:39:19  INFO     [CY] 'AI regulation' → 57 entries, 77 kept so far
19:39:19  INFO     [EE] 'machine learning' → 18 entries, 57 kept so far
19:39:20  INFO     [LT] 'EU AI Act' → 20 entries, 44 kept so far
19:39:20  INFO     [SI] 'EU AI Act' → 23 entries, 48 kept so far
19:39:20  INFO     [LV] 'EU AI Act' → 9 entries, 25 kept so far
19:39:20  INFO     [CY] 'machine learning' → 90 entries, 119 kept so far
19:39:21  INFO     [EE] 'EU AI Act' → 14 entries, 59 kept so far
19:39:21  INFO     [LT] 'generative AI' → 29 entries, 52 kept so far
19:39:21  INFO     [LV] 'generative AI' → 8 entries, 28 kept so far
19:39:21  INFO     [SI] 'generative AI' → 12 entries, 50 kept so far
19:39:22  INFO     [CY] 'EU AI Act' → 36 entries, 126 kept so far
19:39:22  INFO     [EE] 'generative AI' → 10 entries, 60 kept so far
19:39:22  INFO     [LT] +21 new articles saved
19:39:22  INFO     [LV] +9 new articles saved
19:39:22  INFO     [SI] +11 new articles saved
19:39:22  INFO     [MT] 'artificial intelligence' → 100 entries, 47 kept so far
19:39:23  INFO     [LU] 'artificial intelligence' → 100 entries, 49 kept so far
19:39:23  INFO     [EE] +18 new articles saved
19:39:23  INFO     [CY] 'generative AI' → 100 entries, 163 kept so far
19:39:24  INFO     [MT] 'AI regulation' → 100 entries, 95 kept so far
19:39:24  INFO     [LU] 'AI regulation' → 100 entries, 137 kept so far
19:39:24  INFO     [CY] +2 new articles saved
19:39:25  INFO     [MT] 'machine learning' → 100 entries, 162 kept so far
19:39:26  INFO     [LU] 'machine learning' → 100 entries, 196 kept so far
19:39:26  INFO     [MT] 'EU AI Act' → 100 entries, 238 kept so far
19:39:27  INFO     [MT] 'generative AI' → 100 entries, 297 kept so far
19:39:27  INFO     [LU] 'EU AI Act' → 81 entries, 232 kept so far
19:39:28  INFO     [MT] +0 new articles saved
19:39:29  INFO     [LU] 'generative AI' → 100 entries, 271 kept so far
19:39:30  INFO     [LU] +0 new articles saved
19:39:30  INFO     Scrape complete. 1438 new articles this run.
