20:54:13  INFO     Starting scrape: 27 countries, 5 queries each
/home/runner/work/EU_AI_News/EU_AI_News/eu_ai_news_scraper.py:230: DeprecationWarning: datetime.datetime.utcnow() is deprecated and scheduled for removal in a future version. Use timezone-aware objects to represent datetimes in UTC: datetime.datetime.now(datetime.UTC).
  "scraped_at":   datetime.utcnow().isoformat(),
20:54:14  INFO     [FR] 'artificial intelligence' → 100 entries, 53 kept so far
20:54:14  INFO     [ES] 'artificial intelligence' → 100 entries, 69 kept so far
20:54:14  INFO     [DE] 'artificial intelligence' → 100 entries, 54 kept so far
20:54:14  INFO     [IT] 'artificial intelligence' → 100 entries, 31 kept so far
20:54:14  INFO     [PL] 'artificial intelligence' → 100 entries, 19 kept so far
20:54:15  INFO     [FR] 'AI regulation' → 100 entries, 134 kept so far
20:54:16  INFO     [PL] 'AI regulation' → 79 entries, 76 kept so far
20:54:16  INFO     [IT] 'AI regulation' → 100 entries, 120 kept so far
20:54:16  INFO     [DE] 'AI regulation' → 100 entries, 129 kept so far
20:54:16  INFO     [ES] 'AI regulation' → 80 entries, 119 kept so far
20:54:17  INFO     [FR] 'machine learning' → 100 entries, 191 kept so far
20:54:17  INFO     [IT] 'machine learning' → 100 entries, 191 kept so far
20:54:18  INFO     [DE] 'machine learning' → 100 entries, 168 kept so far
20:54:18  INFO     [ES] 'machine learning' → 100 entries, 192 kept so far
20:54:18  INFO     [PL] 'machine learning' → 100 entries, 109 kept so far
20:54:19  INFO     [FR] 'EU AI Act' → 77 entries, 234 kept so far
20:54:19  INFO     [IT] 'EU AI Act' → 100 entries, 268 kept so far
20:54:19  INFO     [DE] 'EU AI Act' → 100 entries, 226 kept so far
20:54:19  INFO     [PL] 'EU AI Act' → 76 entries, 126 kept so far
20:54:19  INFO     [ES] 'EU AI Act' → 79 entries, 214 kept so far
20:54:20  INFO     [FR] 'generative AI' → 100 entries, 269 kept so far
20:54:21  INFO     [IT] 'generative AI' → 100 entries, 315 kept so far
20:54:21  INFO     [DE] 'generative AI' → 100 entries, 254 kept so far
20:54:21  INFO     [PL] 'generative AI' → 100 entries, 156 kept so far
20:54:21  INFO     [ES] 'generative AI' → 100 entries, 254 kept so far
20:54:21  INFO     [FR] +100 new articles saved
20:54:22  INFO     [NL] 'artificial intelligence' → 100 entries, 9 kept so far
20:54:22  INFO     [IT] +119 new articles saved
20:54:22  INFO     [DE] +137 new articles saved
20:54:22  INFO     [PL] +60 new articles saved
20:54:22  INFO     [ES] +86 new articles saved
20:54:22  INFO     [SE] 'artificial intelligence' → 100 entries, 7 kept so far
20:54:22  INFO     [BE] 'artificial intelligence' → 100 entries, 68 kept so far
20:54:23  INFO     [AT] 'artificial intelligence' → 100 entries, 48 kept so far
20:54:23  INFO     [DK] 'artificial intelligence' → 100 entries, 20 kept so far
20:54:23  INFO     [NL] 'AI regulation' → 77 entries, 57 kept so far
20:54:24  INFO     [BE] 'AI regulation' → 100 entries, 150 kept so far
20:54:24  INFO     [SE] 'AI regulation' → 77 entries, 20 kept so far
20:54:24  INFO     [AT] 'AI regulation' → 100 entries, 120 kept so far
20:54:24  INFO     [DK] 'AI regulation' → 34 entries, 23 kept so far
20:54:25  INFO     [NL] 'machine learning' → 100 entries, 116 kept so far
20:54:26  INFO     [SE] 'machine learning' → 77 entries, 43 kept so far
20:54:26  INFO     [BE] 'machine learning' → 100 entries, 209 kept so far
20:54:26  INFO     [AT] 'machine learning' → 100 entries, 163 kept so far
20:54:26  INFO     [DK] 'machine learning' → 77 entries, 42 kept so far
20:54:27  INFO     [NL] 'EU AI Act' → 91 entries, 132 kept so far
20:54:27  INFO     [SE] 'EU AI Act' → 67 entries, 50 kept so far
20:54:27  INFO     [BE] 'EU AI Act' → 78 entries, 250 kept so far
20:54:27  INFO     [DK] 'EU AI Act' → 75 entries, 60 kept so far
20:54:28  INFO     [AT] 'EU AI Act' → 100 entries, 243 kept so far
20:54:28  INFO     [NL] 'generative AI' → 100 entries, 165 kept so far
20:54:29  INFO     [SE] 'generative AI' → 71 entries, 61 kept so far
20:54:29  INFO     [BE] 'generative AI' → 100 entries, 287 kept so far
20:54:29  INFO     [DK] 'generative AI' → 96 entries, 92 kept so far
20:54:29  INFO     [AT] 'generative AI' → 100 entries, 268 kept so far
20:54:29  INFO     [NL] +45 new articles saved
20:54:30  INFO     [SE] +17 new articles saved
20:54:30  INFO     [FI] 'artificial intelligence' → 100 entries, 64 kept so far
20:54:30  INFO     [BE] +24 new articles saved
20:54:30  INFO     [DK] +17 new articles saved
20:54:30  INFO     [AT] +13 new articles saved
20:54:30  INFO     [PT] 'artificial intelligence' → 100 entries, 56 kept so far
20:54:31  INFO     [CZ] 'artificial intelligence' → 100 entries, 20 kept so far
20:54:31  INFO     [RO] 'artificial intelligence' → 100 entries, 40 kept so far
20:54:31  INFO     [HU] 'artificial intelligence' → 100 entries, 14 kept so far
20:54:31  INFO     [FI] 'AI regulation' → 50 entries, 78 kept so far
20:54:32  INFO     [PT] 'AI regulation' → 79 entries, 92 kept so far
20:54:32  INFO     [CZ] 'AI regulation' → 71 entries, 45 kept so far
20:54:32  INFO     [RO] 'AI regulation' → 77 entries, 47 kept so far
20:54:32  INFO     [HU] 'AI regulation' → 79 entries, 19 kept so far
20:54:33  INFO     [FI] 'machine learning' → 86 entries, 109 kept so far
20:54:34  INFO     [PT] 'machine learning' → 100 entries, 169 kept so far
20:54:34  INFO     [CZ] 'machine learning' → 82 entries, 63 kept so far
20:54:34  INFO     [RO] 'machine learning' → 100 entries, 94 kept so far
20:54:34  INFO     [HU] 'machine learning' → 64 entries, 39 kept so far
20:54:35  INFO     [FI] 'EU AI Act' → 56 entries, 140 kept so far
20:54:35  INFO     [CZ] 'EU AI Act' → 69 entries, 74 kept so far
20:54:35  INFO     [PT] 'EU AI Act' → 59 entries, 180 kept so far
20:54:36  INFO     [RO] 'EU AI Act' → 67 entries, 108 kept so far
20:54:36  INFO     [HU] 'EU AI Act' → 77 entries, 55 kept so far
20:54:36  INFO     [FI] 'generative AI' → 68 entries, 175 kept so far
20:54:37  INFO     [CZ] 'generative AI' → 85 entries, 93 kept so far
20:54:37  INFO     [PT] 'generative AI' → 100 entries, 217 kept so far
20:54:37  INFO     [RO] 'generative AI' → 83 entries, 130 kept so far
20:54:37  INFO     [HU] 'generative AI' → 77 entries, 79 kept so far
20:54:37  INFO     [FI] +53 new articles saved
20:54:38  INFO     [CZ] +32 new articles saved
20:54:38  INFO     [GR] 'artificial intelligence' → 100 entries, 48 kept so far
20:54:38  INFO     [PT] +70 new articles saved
20:54:38  INFO     [RO] +35 new articles saved
20:54:38  INFO     [HU] +19 new articles saved
20:54:39  INFO     [SK] 'artificial intelligence' → 100 entries, 29 kept so far
20:54:39  INFO     [HR] 'artificial intelligence' → 100 entries, 53 kept so far
20:54:39  INFO     [BG] 'artificial intelligence' → 87 entries, 40 kept so far
20:54:39  INFO     [IE] 'artificial intelligence' → 100 entries, 62 kept so far
20:54:40  INFO     [GR] 'AI regulation' → 78 entries, 82 kept so far
20:54:40  INFO     [SK] 'AI regulation' → 20 entries, 31 kept so far
20:54:40  INFO     [BG] 'AI regulation' → 9 entries, 43 kept so far
20:54:40  INFO     [HR] 'AI regulation' → 100 entries, 102 kept so far
20:54:41  INFO     [IE] 'AI regulation' → 100 entries, 102 kept so far
20:54:41  INFO     [GR] 'machine learning' → 93 entries, 119 kept so far
20:54:41  INFO     [SK] 'machine learning' → 56 entries, 43 kept so far
20:54:42  INFO     [BG] 'machine learning' → 59 entries, 56 kept so far
20:54:42  INFO     [HR] 'machine learning' → 100 entries, 173 kept so far
20:54:42  INFO     [IE] 'machine learning' → 100 entries, 171 kept so far
20:54:43  INFO     [GR] 'EU AI Act' → 67 entries, 137 kept so far
20:54:43  INFO     [BG] 'EU AI Act' → 11 entries, 59 kept so far
20:54:43  INFO     [SK] 'EU AI Act' → 49 entries, 53 kept so far
20:54:43  INFO     [HR] 'EU AI Act' → 100 entries, 251 kept so far
20:54:44  INFO     [BG] 'generative AI' → 29 entries, 61 kept so far
20:54:44  INFO     [SK] 'generative AI' → 41 entries, 62 kept so far
20:54:44  INFO     [GR] 'generative AI' → 100 entries, 175 kept so far
20:54:45  INFO     [IE] 'EU AI Act' → 100 entries, 247 kept so far
20:54:45  INFO     [HR] 'generative AI' → 100 entries, 302 kept so far
20:54:45  INFO     [BG] +26 new articles saved
20:54:45  INFO     [SK] +20 new articles saved
20:54:45  INFO     [GR] +58 new articles saved
20:54:46  INFO     [LT] 'artificial intelligence' → 99 entries, 30 kept so far
20:54:46  INFO     [LV] 'artificial intelligence' → 74 entries, 26 kept so far
20:54:46  INFO     [SI] 'artificial intelligence' → 100 entries, 47 kept so far
20:54:46  INFO     [HR] +176 new articles saved
20:54:46  INFO     [IE] 'generative AI' → 100 entries, 296 kept so far
20:54:47  INFO     [EE] 'artificial intelligence' → 100 entries, 44 kept so far
20:54:47  INFO     [LT] 'AI regulation' → 18 entries, 32 kept so far
20:54:47  INFO     [LV] 'AI regulation' → 14 entries, 26 kept so far
20:54:47  INFO     [IE] +49 new articles saved
20:54:47  INFO     [SI] 'AI regulation' → 1 entries, 47 kept so far
20:54:48  INFO     [CY] 'artificial intelligence' → 100 entries, 48 kept so far
20:54:48  INFO     [EE] 'AI regulation' → 18 entries, 45 kept so far
20:54:48  INFO     [LT] 'machine learning' → 31 entries, 37 kept so far
20:54:49  INFO     [LV] 'machine learning' → 12 entries, 29 kept so far
20:54:49  INFO     [SI] 'machine learning' → 23 entries, 51 kept so far
20:54:49  INFO     [CY] 'AI regulation' → 78 entries, 82 kept so far
20:54:49  INFO     [EE] 'machine learning' → 17 entries, 47 kept so far
20:54:50  INFO     [LT] 'EU AI Act' → 17 entries, 38 kept so far
20:54:50  INFO     [LV] 'EU AI Act' → 10 entries, 29 kept so far
20:54:50  INFO     [SI] 'EU AI Act' → 24 entries, 56 kept so far
20:54:51  INFO     [EE] 'EU AI Act' → 19 entries, 51 kept so far
20:54:51  INFO     [CY] 'machine learning' → 92 entries, 119 kept so far
20:54:51  INFO     [LV] 'generative AI' → 0 entries, 29 kept so far
20:54:51  INFO     [LT] 'generative AI' → 28 entries, 45 kept so far
20:54:51  INFO     [SI] 'generative AI' → 13 entries, 59 kept so far
20:54:52  INFO     [EE] 'generative AI' → 15 entries, 55 kept so far
20:54:52  INFO     [LV] +9 new articles saved
20:54:52  INFO     [LT] +9 new articles saved
20:54:52  INFO     [MT] 'artificial intelligence' → 100 entries, 53 kept so far
20:54:52  INFO     [SI] +15 new articles saved
20:54:52  INFO     [CY] 'EU AI Act' → 66 entries, 137 kept so far
20:54:53  INFO     [LU] 'artificial intelligence' → 100 entries, 52 kept so far
20:54:53  INFO     [EE] +11 new articles saved
20:54:54  INFO     [MT] 'AI regulation' → 100 entries, 102 kept so far
20:54:54  INFO     [CY] 'generative AI' → 100 entries, 175 kept so far
20:54:54  INFO     [LU] 'AI regulation' → 100 entries, 133 kept so far
20:54:55  INFO     [MT] 'machine learning' → 100 entries, 173 kept so far
20:54:55  INFO     [CY] +0 new articles saved
20:54:56  INFO     [LU] 'machine learning' → 100 entries, 190 kept so far
20:54:56  INFO     [MT] 'EU AI Act' → 100 entries, 251 kept so far
20:54:57  INFO     [MT] 'generative AI' → 100 entries, 302 kept so far
20:54:57  INFO     [LU] 'EU AI Act' → 77 entries, 233 kept so far
20:54:58  INFO     [MT] +0 new articles saved
20:54:59  INFO     [LU] 'generative AI' → 100 entries, 268 kept so far
20:55:00  INFO     [LU] +0 new articles saved
20:55:00  INFO     Scrape complete. 1200 new articles this run.
