08:35:36  INFO     Starting scrape: 27 countries, 5 queries each
/home/runner/work/EU_AI_News/EU_AI_News/eu_ai_news_scraper.py:230: DeprecationWarning: datetime.datetime.utcnow() is deprecated and scheduled for removal in a future version. Use timezone-aware objects to represent datetimes in UTC: datetime.datetime.now(datetime.UTC).
  "scraped_at":   datetime.utcnow().isoformat(),
08:35:37  INFO     [FR] 'artificial intelligence' → 100 entries, 47 kept so far
08:35:37  INFO     [DE] 'artificial intelligence' → 100 entries, 45 kept so far
08:35:37  INFO     [IT] 'artificial intelligence' → 100 entries, 40 kept so far
08:35:37  INFO     [ES] 'artificial intelligence' → 100 entries, 61 kept so far
08:35:37  INFO     [PL] 'artificial intelligence' → 100 entries, 12 kept so far
08:35:39  INFO     [DE] 'AI regulation' → 100 entries, 120 kept so far
08:35:39  INFO     [FR] 'AI regulation' → 100 entries, 137 kept so far
08:35:39  INFO     [IT] 'AI regulation' → 100 entries, 128 kept so far
08:35:39  INFO     [ES] 'AI regulation' → 78 entries, 100 kept so far
08:35:39  INFO     [PL] 'AI regulation' → 78 entries, 65 kept so far
08:35:40  INFO     [DE] 'machine learning' → 100 entries, 160 kept so far
08:35:41  INFO     [IT] 'machine learning' → 100 entries, 198 kept so far
08:35:41  INFO     [FR] 'machine learning' → 100 entries, 196 kept so far
08:35:41  INFO     [PL] 'machine learning' → 100 entries, 105 kept so far
08:35:41  INFO     [ES] 'machine learning' → 100 entries, 175 kept so far
08:35:42  INFO     [DE] 'EU AI Act' → 100 entries, 231 kept so far
08:35:42  INFO     [IT] 'EU AI Act' → 100 entries, 263 kept so far
08:35:42  INFO     [FR] 'EU AI Act' → 83 entries, 232 kept so far
08:35:42  INFO     [PL] 'EU AI Act' → 75 entries, 116 kept so far
08:35:42  INFO     [ES] 'EU AI Act' → 78 entries, 194 kept so far
08:35:44  INFO     [DE] 'generative AI' → 100 entries, 257 kept so far
08:35:44  INFO     [IT] 'generative AI' → 100 entries, 310 kept so far
08:35:44  INFO     [PL] 'generative AI' → 100 entries, 147 kept so far
08:35:44  INFO     [FR] 'generative AI' → 100 entries, 269 kept so far
08:35:44  INFO     [ES] 'generative AI' → 100 entries, 238 kept so far
08:35:45  INFO     [DE] +130 new articles saved
08:35:45  INFO     [IT] +133 new articles saved
08:35:45  INFO     [PL] +49 new articles saved
08:35:45  INFO     [FR] +100 new articles saved
08:35:45  INFO     [NL] 'artificial intelligence' → 100 entries, 7 kept so far
08:35:45  INFO     [ES] +87 new articles saved
08:35:45  INFO     [BE] 'artificial intelligence' → 100 entries, 51 kept so far
08:35:46  INFO     [SE] 'artificial intelligence' → 100 entries, 8 kept so far
08:35:46  INFO     [AT] 'artificial intelligence' → 100 entries, 46 kept so far
08:35:46  INFO     [DK] 'artificial intelligence' → 100 entries, 18 kept so far
08:35:47  INFO     [NL] 'AI regulation' → 78 entries, 39 kept so far
08:35:47  INFO     [BE] 'AI regulation' → 100 entries, 140 kept so far
08:35:47  INFO     [SE] 'AI regulation' → 77 entries, 24 kept so far
08:35:47  INFO     [DK] 'AI regulation' → 36 entries, 24 kept so far
08:35:47  INFO     [AT] 'AI regulation' → 100 entries, 124 kept so far
08:35:48  INFO     [NL] 'machine learning' → 100 entries, 94 kept so far
08:35:49  INFO     [BE] 'machine learning' → 100 entries, 197 kept so far
08:35:49  INFO     [DK] 'machine learning' → 78 entries, 42 kept so far
08:35:49  INFO     [SE] 'machine learning' → 75 entries, 46 kept so far
08:35:49  INFO     [AT] 'machine learning' → 100 entries, 166 kept so far
08:35:50  INFO     [NL] 'EU AI Act' → 88 entries, 117 kept so far
08:35:51  INFO     [SE] 'EU AI Act' → 59 entries, 53 kept so far
08:35:51  INFO     [BE] 'EU AI Act' → 87 entries, 229 kept so far
08:35:51  INFO     [DK] 'EU AI Act' → 75 entries, 59 kept so far
08:35:51  INFO     [AT] 'EU AI Act' → 100 entries, 249 kept so far
08:35:52  INFO     [NL] 'generative AI' → 100 entries, 148 kept so far
08:35:52  INFO     [SE] 'generative AI' → 77 entries, 66 kept so far
08:35:52  INFO     [DK] 'generative AI' → 100 entries, 97 kept so far
08:35:52  INFO     [BE] 'generative AI' → 100 entries, 270 kept so far
08:35:52  INFO     [AT] 'generative AI' → 100 entries, 273 kept so far
08:35:53  INFO     [NL] +41 new articles saved
08:35:53  INFO     [SE] +20 new articles saved
08:35:53  INFO     [FI] 'artificial intelligence' → 100 entries, 67 kept so far
08:35:53  INFO     [DK] +24 new articles saved
08:35:53  INFO     [BE] +17 new articles saved
08:35:53  INFO     [AT] +30 new articles saved
08:35:54  INFO     [PT] 'artificial intelligence' → 100 entries, 58 kept so far
08:35:54  INFO     [CZ] 'artificial intelligence' → 100 entries, 25 kept so far
08:35:54  INFO     [HU] 'artificial intelligence' → 100 entries, 14 kept so far
08:35:54  INFO     [RO] 'artificial intelligence' → 100 entries, 44 kept so far
08:35:55  INFO     [FI] 'AI regulation' → 50 entries, 76 kept so far
08:35:56  INFO     [CZ] 'AI regulation' → 78 entries, 44 kept so far
08:35:56  INFO     [PT] 'AI regulation' → 79 entries, 90 kept so far
08:35:56  INFO     [HU] 'AI regulation' → 79 entries, 19 kept so far
08:35:56  INFO     [RO] 'AI regulation' → 76 entries, 53 kept so far
08:35:57  INFO     [FI] 'machine learning' → 82 entries, 110 kept so far
08:35:57  INFO     [CZ] 'machine learning' → 79 entries, 61 kept so far
08:35:57  INFO     [RO] 'machine learning' → 100 entries, 97 kept so far
08:35:57  INFO     [PT] 'machine learning' → 100 entries, 161 kept so far
08:35:58  INFO     [HU] 'machine learning' → 63 entries, 42 kept so far
08:35:58  INFO     [FI] 'EU AI Act' → 58 entries, 140 kept so far
08:35:59  INFO     [CZ] 'EU AI Act' → 74 entries, 69 kept so far
08:35:59  INFO     [RO] 'EU AI Act' → 75 entries, 109 kept so far
08:35:59  INFO     [PT] 'EU AI Act' → 50 entries, 167 kept so far
08:36:00  INFO     [HU] 'EU AI Act' → 78 entries, 60 kept so far
08:36:00  INFO     [FI] 'generative AI' → 65 entries, 173 kept so far
08:36:00  INFO     [CZ] 'generative AI' → 81 entries, 83 kept so far
08:36:00  INFO     [RO] 'generative AI' → 78 entries, 125 kept so far
08:36:01  INFO     [PT] 'generative AI' → 100 entries, 204 kept so far
08:36:01  INFO     [FI] +61 new articles saved
08:36:01  INFO     [HU] 'generative AI' → 72 entries, 85 kept so far
08:36:01  INFO     [GR] 'artificial intelligence' → 100 entries, 47 kept so far
08:36:01  INFO     [CZ] +37 new articles saved
08:36:01  INFO     [RO] +42 new articles saved
08:36:02  INFO     [PT] +76 new articles saved
08:36:02  INFO     [SK] 'artificial intelligence' → 100 entries, 28 kept so far
08:36:02  INFO     [IE] 'artificial intelligence' → 100 entries, 55 kept so far
08:36:02  INFO     [HU] +38 new articles saved
08:36:02  INFO     [HR] 'artificial intelligence' → 100 entries, 54 kept so far
08:36:03  INFO     [BG] 'artificial intelligence' → 64 entries, 26 kept so far
08:36:03  INFO     [GR] 'AI regulation' → 70 entries, 82 kept so far
08:36:03  INFO     [SK] 'AI regulation' → 15 entries, 30 kept so far
08:36:04  INFO     [HR] 'AI regulation' → 100 entries, 106 kept so far
08:36:04  INFO     [IE] 'AI regulation' → 100 entries, 100 kept so far
08:36:04  INFO     [BG] 'AI regulation' → 7 entries, 28 kept so far
08:36:04  INFO     [GR] 'machine learning' → 85 entries, 120 kept so far
08:36:05  INFO     [SK] 'machine learning' → 60 entries, 48 kept so far
08:36:06  INFO     [HR] 'machine learning' → 100 entries, 167 kept so far
08:36:06  INFO     [BG] 'machine learning' → 53 entries, 37 kept so far
08:36:06  INFO     [IE] 'machine learning' → 100 entries, 163 kept so far
08:36:06  INFO     [GR] 'EU AI Act' → 30 entries, 127 kept so far
08:36:07  INFO     [SK] 'EU AI Act' → 51 entries, 61 kept so far
08:36:07  INFO     [BG] 'EU AI Act' → 9 entries, 40 kept so far
08:36:07  INFO     [HR] 'EU AI Act' → 100 entries, 243 kept so far
08:36:08  INFO     [GR] 'generative AI' → 100 entries, 169 kept so far
08:36:08  INFO     [IE] 'EU AI Act' → 100 entries, 238 kept so far
08:36:08  INFO     [SK] 'generative AI' → 42 entries, 70 kept so far
08:36:08  INFO     [BG] 'generative AI' → 30 entries, 44 kept so far
08:36:09  INFO     [GR] +82 new articles saved
08:36:09  INFO     [HR] 'generative AI' → 100 entries, 307 kept so far
08:36:09  INFO     [LT] 'artificial intelligence' → 93 entries, 30 kept so far
08:36:09  INFO     [SK] +23 new articles saved
08:36:09  INFO     [IE] 'generative AI' → 100 entries, 298 kept so far
08:36:09  INFO     [BG] +20 new articles saved
08:36:10  INFO     [HR] +222 new articles saved
08:36:10  INFO     [SI] 'artificial intelligence' → 100 entries, 41 kept so far
08:36:10  INFO     [LV] 'artificial intelligence' → 65 entries, 22 kept so far
08:36:10  INFO     [EE] 'artificial intelligence' → 100 entries, 52 kept so far
08:36:10  INFO     [LT] 'AI regulation' → 10 entries, 32 kept so far
08:36:10  INFO     [IE] +63 new articles saved
08:36:11  INFO     [CY] 'artificial intelligence' → 100 entries, 49 kept so far
08:36:11  INFO     [SI] 'AI regulation' → 2 entries, 41 kept so far
08:36:11  INFO     [LV] 'AI regulation' → 8 entries, 22 kept so far
08:36:12  INFO     [EE] 'AI regulation' → 9 entries, 52 kept so far
08:36:12  INFO     [LT] 'machine learning' → 56 entries, 36 kept so far
08:36:12  INFO     [LV] 'machine learning' → 9 entries, 24 kept so far
08:36:13  INFO     [SI] 'machine learning' → 25 entries, 45 kept so far
08:36:13  INFO     [CY] 'AI regulation' → 70 entries, 85 kept so far
08:36:13  INFO     [EE] 'machine learning' → 18 entries, 54 kept so far
08:36:13  INFO     [LT] 'EU AI Act' → 25 entries, 38 kept so far
08:36:14  INFO     [LV] 'EU AI Act' → 10 entries, 24 kept so far
08:36:14  INFO     [SI] 'EU AI Act' → 26 entries, 52 kept so far
08:36:14  INFO     [CY] 'machine learning' → 85 entries, 123 kept so far
08:36:15  INFO     [EE] 'EU AI Act' → 12 entries, 56 kept so far
08:36:15  INFO     [LT] 'generative AI' → 24 entries, 46 kept so far
08:36:15  INFO     [LV] 'generative AI' → 9 entries, 27 kept so far
08:36:15  INFO     [SI] 'generative AI' → 12 entries, 54 kept so far
08:36:16  INFO     [LT] +17 new articles saved
08:36:16  INFO     [CY] 'EU AI Act' → 32 entries, 130 kept so far
08:36:16  INFO     [EE] 'generative AI' → 10 entries, 58 kept so far
08:36:16  INFO     [LV] +8 new articles saved
08:36:16  INFO     [LU] 'artificial intelligence' → 100 entries, 47 kept so far
08:36:16  INFO     [MT] 'artificial intelligence' → 100 entries, 54 kept so far
08:36:16  INFO     [SI] +14 new articles saved
08:36:17  INFO     [EE] +17 new articles saved
08:36:17  INFO     [CY] 'generative AI' → 100 entries, 170 kept so far
08:36:18  INFO     [MT] 'AI regulation' → 100 entries, 106 kept so far
08:36:18  INFO     [LU] 'AI regulation' → 100 entries, 137 kept so far
08:36:18  INFO     [CY] +5 new articles saved
08:36:19  INFO     [MT] 'machine learning' → 100 entries, 167 kept so far
08:36:19  INFO     [LU] 'machine learning' → 100 entries, 196 kept so far
08:36:20  INFO     [MT] 'EU AI Act' → 100 entries, 243 kept so far
08:36:21  INFO     [MT] 'generative AI' → 100 entries, 307 kept so far
08:36:21  INFO     [LU] 'EU AI Act' → 83 entries, 232 kept so far
08:36:22  INFO     [MT] +0 new articles saved
08:36:23  INFO     [LU] 'generative AI' → 100 entries, 269 kept so far
08:36:24  INFO     [LU] +0 new articles saved
08:36:24  INFO     Scrape complete. 1356 new articles this run.
