03:43:33  INFO     Starting scrape: 27 countries, 5 queries each
03:43:34  INFO     [FR] 'artificial intelligence' → 100 entries, 46 kept so far
/home/runner/work/EU_AI_News/EU_AI_News/eu_ai_news_scraper.py:230: DeprecationWarning: datetime.datetime.utcnow() is deprecated and scheduled for removal in a future version. Use timezone-aware objects to represent datetimes in UTC: datetime.datetime.now(datetime.UTC).
  "scraped_at":   datetime.utcnow().isoformat(),
03:43:34  INFO     [DE] 'artificial intelligence' → 100 entries, 42 kept so far
03:43:34  INFO     [PL] 'artificial intelligence' → 100 entries, 12 kept so far
03:43:34  INFO     [IT] 'artificial intelligence' → 100 entries, 35 kept so far
03:43:34  INFO     [ES] 'artificial intelligence' → 100 entries, 60 kept so far
03:43:35  INFO     [DE] 'AI regulation' → 100 entries, 117 kept so far
03:43:35  INFO     [PL] 'AI regulation' → 78 entries, 67 kept so far
03:43:35  INFO     [FR] 'AI regulation' → 100 entries, 137 kept so far
03:43:36  INFO     [IT] 'AI regulation' → 100 entries, 126 kept so far
03:43:36  INFO     [ES] 'AI regulation' → 78 entries, 101 kept so far
03:43:37  INFO     [FR] 'machine learning' → 100 entries, 196 kept so far
03:43:37  INFO     [DE] 'machine learning' → 100 entries, 157 kept so far
03:43:37  INFO     [PL] 'machine learning' → 100 entries, 110 kept so far
03:43:37  INFO     [IT] 'machine learning' → 100 entries, 203 kept so far
03:43:37  INFO     [ES] 'machine learning' → 100 entries, 176 kept so far
03:43:39  INFO     [FR] 'EU AI Act' → 82 entries, 230 kept so far
03:43:39  INFO     [DE] 'EU AI Act' → 100 entries, 231 kept so far
03:43:39  INFO     [PL] 'EU AI Act' → 76 entries, 121 kept so far
03:43:39  INFO     [IT] 'EU AI Act' → 100 entries, 265 kept so far
03:43:39  INFO     [ES] 'EU AI Act' → 75 entries, 199 kept so far
03:43:40  INFO     [DE] 'generative AI' → 100 entries, 258 kept so far
03:43:40  INFO     [FR] 'generative AI' → 100 entries, 269 kept so far
03:43:40  INFO     [PL] 'generative AI' → 100 entries, 153 kept so far
03:43:40  INFO     [IT] 'generative AI' → 100 entries, 312 kept so far
03:43:41  INFO     [ES] 'generative AI' → 100 entries, 243 kept so far
03:43:41  INFO     [DE] +131 new articles saved
03:43:41  INFO     [FR] +107 new articles saved
03:43:41  INFO     [PL] +53 new articles saved
03:43:41  INFO     [IT] +132 new articles saved
03:43:42  INFO     [NL] 'artificial intelligence' → 100 entries, 7 kept so far
03:43:42  INFO     [ES] +91 new articles saved
03:43:42  INFO     [SE] 'artificial intelligence' → 100 entries, 5 kept so far
03:43:42  INFO     [BE] 'artificial intelligence' → 100 entries, 54 kept so far
03:43:42  INFO     [AT] 'artificial intelligence' → 100 entries, 41 kept so far
03:43:42  INFO     [DK] 'artificial intelligence' → 100 entries, 12 kept so far
03:43:43  INFO     [NL] 'AI regulation' → 78 entries, 42 kept so far
03:43:43  INFO     [SE] 'AI regulation' → 77 entries, 21 kept so far
03:43:44  INFO     [BE] 'AI regulation' → 100 entries, 141 kept so far
03:43:44  INFO     [AT] 'AI regulation' → 100 entries, 119 kept so far
03:43:44  INFO     [DK] 'AI regulation' → 36 entries, 18 kept so far
03:43:45  INFO     [NL] 'machine learning' → 100 entries, 97 kept so far
03:43:45  INFO     [SE] 'machine learning' → 71 entries, 42 kept so far
03:43:45  INFO     [BE] 'machine learning' → 100 entries, 198 kept so far
03:43:45  INFO     [DK] 'machine learning' → 79 entries, 38 kept so far
03:43:45  INFO     [AT] 'machine learning' → 100 entries, 159 kept so far
03:43:46  INFO     [NL] 'EU AI Act' → 90 entries, 122 kept so far
03:43:46  INFO     [SE] 'EU AI Act' → 66 entries, 50 kept so far
03:43:47  INFO     [BE] 'EU AI Act' → 88 entries, 232 kept so far
03:43:47  INFO     [DK] 'EU AI Act' → 75 entries, 55 kept so far
03:43:47  INFO     [AT] 'EU AI Act' → 100 entries, 246 kept so far
03:43:48  INFO     [NL] 'generative AI' → 100 entries, 152 kept so far
03:43:48  INFO     [SE] 'generative AI' → 75 entries, 62 kept so far
03:43:48  INFO     [BE] 'generative AI' → 100 entries, 275 kept so far
03:43:48  INFO     [DK] 'generative AI' → 100 entries, 94 kept so far
03:43:49  INFO     [AT] 'generative AI' → 100 entries, 273 kept so far
03:43:49  INFO     [NL] +45 new articles saved
03:43:49  INFO     [SE] +17 new articles saved
03:43:49  INFO     [FI] 'artificial intelligence' → 100 entries, 62 kept so far
03:43:49  INFO     [BE] +22 new articles saved
03:43:49  INFO     [DK] +27 new articles saved
03:43:50  INFO     [PT] 'artificial intelligence' → 100 entries, 60 kept so far
03:43:50  INFO     [AT] +30 new articles saved
03:43:50  INFO     [CZ] 'artificial intelligence' → 100 entries, 23 kept so far
03:43:50  INFO     [RO] 'artificial intelligence' → 100 entries, 36 kept so far
03:43:50  INFO     [HU] 'artificial intelligence' → 100 entries, 19 kept so far
03:43:51  INFO     [FI] 'AI regulation' → 51 entries, 73 kept so far
03:43:51  INFO     [PT] 'AI regulation' → 78 entries, 90 kept so far
03:43:52  INFO     [CZ] 'AI regulation' → 78 entries, 42 kept so far
03:43:52  INFO     [RO] 'AI regulation' → 76 entries, 43 kept so far
03:43:52  INFO     [HU] 'AI regulation' → 79 entries, 23 kept so far
03:43:53  INFO     [FI] 'machine learning' → 84 entries, 107 kept so far
03:43:53  INFO     [PT] 'machine learning' → 100 entries, 162 kept so far
03:43:53  INFO     [CZ] 'machine learning' → 83 entries, 62 kept so far
03:43:53  INFO     [HU] 'machine learning' → 70 entries, 45 kept so far
03:43:53  INFO     [RO] 'machine learning' → 100 entries, 92 kept so far
03:43:54  INFO     [FI] 'EU AI Act' → 63 entries, 138 kept so far
03:43:55  INFO     [PT] 'EU AI Act' → 56 entries, 167 kept so far
03:43:55  INFO     [CZ] 'EU AI Act' → 75 entries, 70 kept so far
03:43:55  INFO     [HU] 'EU AI Act' → 78 entries, 65 kept so far
03:43:55  INFO     [RO] 'EU AI Act' → 79 entries, 107 kept so far
03:43:56  INFO     [FI] 'generative AI' → 64 entries, 170 kept so far
03:43:56  INFO     [CZ] 'generative AI' → 80 entries, 83 kept so far
03:43:56  INFO     [PT] 'generative AI' → 100 entries, 203 kept so far
03:43:56  INFO     [RO] 'generative AI' → 77 entries, 122 kept so far
03:43:56  INFO     [HU] 'generative AI' → 74 entries, 89 kept so far
03:43:57  INFO     [FI] +58 new articles saved
03:43:57  INFO     [GR] 'artificial intelligence' → 100 entries, 43 kept so far
03:43:57  INFO     [CZ] +41 new articles saved
03:43:57  INFO     [PT] +78 new articles saved
03:43:57  INFO     [RO] +41 new articles saved
03:43:57  INFO     [HU] +40 new articles saved
03:43:58  INFO     [SK] 'artificial intelligence' → 100 entries, 25 kept so far
03:43:58  INFO     [HR] 'artificial intelligence' → 100 entries, 53 kept so far
03:43:58  INFO     [BG] 'artificial intelligence' → 73 entries, 26 kept so far
03:43:58  INFO     [IE] 'artificial intelligence' → 100 entries, 64 kept so far
03:43:59  INFO     [GR] 'AI regulation' → 59 entries, 76 kept so far
03:43:59  INFO     [BG] 'AI regulation' → 10 entries, 27 kept so far
03:43:59  INFO     [SK] 'AI regulation' → 18 entries, 28 kept so far
03:43:59  INFO     [HR] 'AI regulation' → 100 entries, 98 kept so far
03:44:00  INFO     [IE] 'AI regulation' → 100 entries, 108 kept so far
03:44:00  INFO     [GR] 'machine learning' → 89 entries, 116 kept so far
03:44:01  INFO     [BG] 'machine learning' → 53 entries, 36 kept so far
03:44:01  INFO     [SK] 'machine learning' → 59 entries, 45 kept so far
03:44:01  INFO     [HR] 'machine learning' → 100 entries, 157 kept so far
03:44:01  INFO     [IE] 'machine learning' → 100 entries, 172 kept so far
03:44:02  INFO     [GR] 'EU AI Act' → 41 entries, 125 kept so far
03:44:02  INFO     [BG] 'EU AI Act' → 10 entries, 39 kept so far
03:44:02  INFO     [SK] 'EU AI Act' → 58 entries, 60 kept so far
03:44:02  INFO     [HR] 'EU AI Act' → 100 entries, 233 kept so far
03:44:03  INFO     [IE] 'EU AI Act' → 100 entries, 241 kept so far
03:44:03  INFO     [GR] 'generative AI' → 100 entries, 160 kept so far
03:44:03  INFO     [BG] 'generative AI' → 30 entries, 43 kept so far
03:44:04  INFO     [SK] 'generative AI' → 47 entries, 70 kept so far
03:44:04  INFO     [HR] 'generative AI' → 100 entries, 287 kept so far
03:44:04  INFO     [GR] +75 new articles saved
03:44:04  INFO     [BG] +18 new articles saved
03:44:05  INFO     [SK] +25 new articles saved
03:44:05  INFO     [IE] 'generative AI' → 100 entries, 300 kept so far
03:44:05  INFO     [LT] 'artificial intelligence' → 91 entries, 34 kept so far
03:44:05  INFO     [SI] 'artificial intelligence' → 98 entries, 42 kept so far
03:44:05  INFO     [HR] +226 new articles saved
03:44:05  INFO     [LV] 'artificial intelligence' → 67 entries, 23 kept so far
03:44:06  INFO     [EE] 'artificial intelligence' → 100 entries, 55 kept so far
03:44:06  INFO     [IE] +60 new articles saved
03:44:06  INFO     [LT] 'AI regulation' → 9 entries, 35 kept so far
03:44:06  INFO     [SI] 'AI regulation' → 1 entries, 42 kept so far
03:44:06  INFO     [CY] 'artificial intelligence' → 100 entries, 43 kept so far
03:44:06  INFO     [LV] 'AI regulation' → 8 entries, 23 kept so far
03:44:07  INFO     [EE] 'AI regulation' → 9 entries, 55 kept so far
03:44:07  INFO     [SI] 'machine learning' → 25 entries, 45 kept so far
03:44:07  INFO     [LT] 'machine learning' → 41 entries, 40 kept so far
03:44:08  INFO     [LV] 'machine learning' → 10 entries, 25 kept so far
03:44:08  INFO     [CY] 'AI regulation' → 59 entries, 77 kept so far
03:44:08  INFO     [EE] 'machine learning' → 16 entries, 57 kept so far
03:44:09  INFO     [LT] 'EU AI Act' → 20 entries, 42 kept so far
03:44:09  INFO     [SI] 'EU AI Act' → 26 entries, 52 kept so far
03:44:09  INFO     [LV] 'EU AI Act' → 9 entries, 25 kept so far
03:44:09  INFO     [CY] 'machine learning' → 88 entries, 117 kept so far
03:44:10  INFO     [EE] 'EU AI Act' → 13 entries, 59 kept so far
03:44:10  INFO     [LT] 'generative AI' → 24 entries, 50 kept so far
03:44:10  INFO     [SI] 'generative AI' → 12 entries, 54 kept so far
03:44:10  INFO     [LV] 'generative AI' → 8 entries, 28 kept so far
03:44:11  INFO     [CY] 'EU AI Act' → 41 entries, 126 kept so far
03:44:11  INFO     [EE] 'generative AI' → 10 entries, 60 kept so far
03:44:11  INFO     [LT] +19 new articles saved
03:44:11  INFO     [SI] +14 new articles saved
03:44:11  INFO     [LV] +9 new articles saved
03:44:11  INFO     [MT] 'artificial intelligence' → 100 entries, 53 kept so far
03:44:12  INFO     [LU] 'artificial intelligence' → 100 entries, 46 kept so far
03:44:12  INFO     [EE] +20 new articles saved
03:44:12  INFO     [CY] 'generative AI' → 100 entries, 162 kept so far
03:44:13  INFO     [MT] 'AI regulation' → 100 entries, 98 kept so far
03:44:13  INFO     [LU] 'AI regulation' → 100 entries, 137 kept so far
03:44:13  INFO     [CY] +5 new articles saved
03:44:14  INFO     [MT] 'machine learning' → 100 entries, 157 kept so far
03:44:15  INFO     [LU] 'machine learning' → 100 entries, 196 kept so far
03:44:15  INFO     [MT] 'EU AI Act' → 100 entries, 233 kept so far
03:44:16  INFO     [MT] 'generative AI' → 100 entries, 287 kept so far
03:44:16  INFO     [LU] 'EU AI Act' → 82 entries, 230 kept so far
03:44:17  INFO     [MT] +0 new articles saved
03:44:18  INFO     [LU] 'generative AI' → 100 entries, 270 kept so far
03:44:19  INFO     [LU] +2 new articles saved
03:44:19  INFO     Scrape complete. 1386 new articles this run.
