19:39:24  INFO     Starting scrape: 27 countries, 5 queries each
/home/runner/work/EU_AI_News/EU_AI_News/eu_ai_news_scraper.py:230: DeprecationWarning: datetime.datetime.utcnow() is deprecated and scheduled for removal in a future version. Use timezone-aware objects to represent datetimes in UTC: datetime.datetime.now(datetime.UTC).
  "scraped_at":   datetime.utcnow().isoformat(),
19:39:24  INFO     [FR] 'artificial intelligence' → 100 entries, 41 kept so far
19:39:24  INFO     [PL] 'artificial intelligence' → 100 entries, 13 kept so far
19:39:24  INFO     [DE] 'artificial intelligence' → 100 entries, 58 kept so far
19:39:25  INFO     [IT] 'artificial intelligence' → 100 entries, 39 kept so far
19:39:25  INFO     [ES] 'artificial intelligence' → 100 entries, 69 kept so far
19:39:26  INFO     [FR] 'AI regulation' → 100 entries, 130 kept so far
19:39:26  INFO     [PL] 'AI regulation' → 78 entries, 67 kept so far
19:39:26  INFO     [DE] 'AI regulation' → 100 entries, 136 kept so far
19:39:26  INFO     [IT] 'AI regulation' → 100 entries, 127 kept so far
19:39:26  INFO     [ES] 'AI regulation' → 78 entries, 107 kept so far
19:39:28  INFO     [PL] 'machine learning' → 100 entries, 111 kept so far
19:39:28  INFO     [FR] 'machine learning' → 100 entries, 199 kept so far
19:39:28  INFO     [DE] 'machine learning' → 100 entries, 176 kept so far
19:39:28  INFO     [IT] 'machine learning' → 100 entries, 207 kept so far
19:39:28  INFO     [ES] 'machine learning' → 100 entries, 181 kept so far
19:39:29  INFO     [PL] 'EU AI Act' → 71 entries, 138 kept so far
19:39:29  INFO     [FR] 'EU AI Act' → 90 entries, 236 kept so far
19:39:29  INFO     [DE] 'EU AI Act' → 100 entries, 255 kept so far
19:39:30  INFO     [IT] 'EU AI Act' → 100 entries, 269 kept so far
19:39:30  INFO     [ES] 'EU AI Act' → 78 entries, 208 kept so far
19:39:31  INFO     [PL] 'generative AI' → 100 entries, 170 kept so far
19:39:31  INFO     [DE] 'generative AI' → 100 entries, 282 kept so far
19:39:31  INFO     [FR] 'generative AI' → 100 entries, 267 kept so far
19:39:31  INFO     [IT] 'generative AI' → 100 entries, 319 kept so far
19:39:31  INFO     [ES] 'generative AI' → 100 entries, 252 kept so far
19:39:32  INFO     [PL] +75 new articles saved
19:39:32  INFO     [DE] +178 new articles saved
19:39:32  INFO     [FR] +113 new articles saved
19:39:32  INFO     [IT] +138 new articles saved
19:39:32  INFO     [NL] 'artificial intelligence' → 100 entries, 9 kept so far
19:39:32  INFO     [ES] +118 new articles saved
19:39:33  INFO     [SE] 'artificial intelligence' → 100 entries, 11 kept so far
19:39:33  INFO     [BE] 'artificial intelligence' → 100 entries, 41 kept so far
19:39:33  INFO     [AT] 'artificial intelligence' → 100 entries, 41 kept so far
19:39:33  INFO     [DK] 'artificial intelligence' → 100 entries, 26 kept so far
19:39:34  INFO     [NL] 'AI regulation' → 77 entries, 50 kept so far
19:39:34  INFO     [SE] 'AI regulation' → 78 entries, 28 kept so far
19:39:34  INFO     [BE] 'AI regulation' → 100 entries, 127 kept so far
19:39:35  INFO     [DK] 'AI regulation' → 37 entries, 31 kept so far
19:39:35  INFO     [AT] 'AI regulation' → 100 entries, 117 kept so far
19:39:35  INFO     [NL] 'machine learning' → 100 entries, 117 kept so far
19:39:36  INFO     [SE] 'machine learning' → 72 entries, 49 kept so far
19:39:36  INFO     [BE] 'machine learning' → 100 entries, 185 kept so far
19:39:36  INFO     [DK] 'machine learning' → 89 entries, 52 kept so far
19:39:36  INFO     [AT] 'machine learning' → 100 entries, 165 kept so far
19:39:37  INFO     [NL] 'EU AI Act' → 100 entries, 139 kept so far
19:39:37  INFO     [SE] 'EU AI Act' → 65 entries, 57 kept so far
19:39:38  INFO     [BE] 'EU AI Act' → 87 entries, 216 kept so far
19:39:38  INFO     [DK] 'EU AI Act' → 75 entries, 69 kept so far
19:39:38  INFO     [AT] 'EU AI Act' → 100 entries, 247 kept so far
19:39:39  INFO     [SE] 'generative AI' → 75 entries, 70 kept so far
19:39:39  INFO     [NL] 'generative AI' → 100 entries, 169 kept so far
19:39:39  INFO     [DK] 'generative AI' → 100 entries, 104 kept so far
19:39:39  INFO     [BE] 'generative AI' → 100 entries, 256 kept so far
19:39:40  INFO     [AT] 'generative AI' → 100 entries, 273 kept so far
19:39:40  INFO     [SE] +23 new articles saved
19:39:40  INFO     [NL] +61 new articles saved
19:39:40  INFO     [FI] 'artificial intelligence' → 100 entries, 60 kept so far
19:39:40  INFO     [DK] +43 new articles saved
19:39:41  INFO     [PT] 'artificial intelligence' → 100 entries, 66 kept so far
19:39:41  INFO     [BE] +18 new articles saved
19:39:41  INFO     [AT] +40 new articles saved
19:39:41  INFO     [CZ] 'artificial intelligence' → 100 entries, 26 kept so far
19:39:41  INFO     [HU] 'artificial intelligence' → 100 entries, 15 kept so far
19:39:41  INFO     [RO] 'artificial intelligence' → 100 entries, 40 kept so far
19:39:42  INFO     [FI] 'AI regulation' → 63 entries, 67 kept so far
19:39:42  INFO     [PT] 'AI regulation' → 68 entries, 107 kept so far
19:39:43  INFO     [CZ] 'AI regulation' → 78 entries, 44 kept so far
19:39:43  INFO     [RO] 'AI regulation' → 76 entries, 47 kept so far
19:39:43  INFO     [HU] 'AI regulation' → 79 entries, 20 kept so far
19:39:44  INFO     [FI] 'machine learning' → 82 entries, 98 kept so far
19:39:44  INFO     [PT] 'machine learning' → 100 entries, 186 kept so far
19:39:44  INFO     [CZ] 'machine learning' → 79 entries, 61 kept so far
19:39:44  INFO     [HU] 'machine learning' → 68 entries, 41 kept so far
19:39:45  INFO     [RO] 'machine learning' → 100 entries, 93 kept so far
19:39:45  INFO     [FI] 'EU AI Act' → 62 entries, 129 kept so far
19:39:45  INFO     [PT] 'EU AI Act' → 48 entries, 192 kept so far
19:39:46  INFO     [CZ] 'EU AI Act' → 75 entries, 69 kept so far
19:39:46  INFO     [HU] 'EU AI Act' → 76 entries, 56 kept so far
19:39:46  INFO     [RO] 'EU AI Act' → 75 entries, 105 kept so far
19:39:47  INFO     [FI] 'generative AI' → 57 entries, 158 kept so far
19:39:47  INFO     [PT] 'generative AI' → 100 entries, 227 kept so far
19:39:47  INFO     [CZ] 'generative AI' → 82 entries, 83 kept so far
19:39:47  INFO     [HU] 'generative AI' → 72 entries, 81 kept so far
19:39:48  INFO     [RO] 'generative AI' → 64 entries, 122 kept so far
19:39:48  INFO     [FI] +47 new articles saved
19:39:48  INFO     [GR] 'artificial intelligence' → 100 entries, 43 kept so far
19:39:48  INFO     [PT] +121 new articles saved
19:39:48  INFO     [CZ] +38 new articles saved
19:39:48  INFO     [HU] +36 new articles saved
19:39:49  INFO     [RO] +44 new articles saved
19:39:49  INFO     [SK] 'artificial intelligence' → 100 entries, 30 kept so far
19:39:49  INFO     [IE] 'artificial intelligence' → 100 entries, 67 kept so far
19:39:49  INFO     [HR] 'artificial intelligence' → 100 entries, 58 kept so far
19:39:49  INFO     [BG] 'artificial intelligence' → 100 entries, 35 kept so far
19:39:50  INFO     [GR] 'AI regulation' → 70 entries, 77 kept so far
19:39:50  INFO     [SK] 'AI regulation' → 16 entries, 32 kept so far
19:39:50  INFO     [BG] 'AI regulation' → 8 entries, 37 kept so far
19:39:51  INFO     [HR] 'AI regulation' → 100 entries, 102 kept so far
19:39:51  INFO     [IE] 'AI regulation' → 100 entries, 106 kept so far
19:39:51  INFO     [GR] 'machine learning' → 100 entries, 121 kept so far
19:39:52  INFO     [SK] 'machine learning' → 59 entries, 50 kept so far
19:39:52  INFO     [BG] 'machine learning' → 54 entries, 45 kept so far
19:39:52  INFO     [HR] 'machine learning' → 100 entries, 162 kept so far
19:39:52  INFO     [IE] 'machine learning' → 100 entries, 165 kept so far
19:39:53  INFO     [GR] 'EU AI Act' → 34 entries, 130 kept so far
19:39:53  INFO     [SK] 'EU AI Act' → 55 entries, 63 kept so far
19:39:53  INFO     [BG] 'EU AI Act' → 9 entries, 47 kept so far
19:39:54  INFO     [HR] 'EU AI Act' → 100 entries, 239 kept so far
19:39:54  INFO     [IE] 'EU AI Act' → 100 entries, 240 kept so far
19:39:54  INFO     [GR] 'generative AI' → 100 entries, 173 kept so far
19:39:54  INFO     [SK] 'generative AI' → 42 entries, 72 kept so far
19:39:55  INFO     [BG] 'generative AI' → 29 entries, 51 kept so far
19:39:55  INFO     [HR] 'generative AI' → 100 entries, 303 kept so far
19:39:55  INFO     [GR] +82 new articles saved
19:39:55  INFO     [SK] +25 new articles saved
19:39:56  INFO     [BG] +24 new articles saved
19:39:56  INFO     [IE] 'generative AI' → 100 entries, 302 kept so far
19:39:56  INFO     [LV] 'artificial intelligence' → 62 entries, 22 kept so far
19:39:56  INFO     [SI] 'artificial intelligence' → 98 entries, 41 kept so far
19:39:56  INFO     [LT] 'artificial intelligence' → 100 entries, 29 kept so far
19:39:56  INFO     [HR] +234 new articles saved
19:39:57  INFO     [EE] 'artificial intelligence' → 100 entries, 52 kept so far
19:39:57  INFO     [IE] +64 new articles saved
19:39:57  INFO     [LV] 'AI regulation' → 9 entries, 22 kept so far
19:39:58  INFO     [LT] 'AI regulation' → 15 entries, 32 kept so far
19:39:58  INFO     [SI] 'AI regulation' → 3 entries, 41 kept so far
19:39:58  INFO     [CY] 'artificial intelligence' → 100 entries, 45 kept so far
19:39:58  INFO     [EE] 'AI regulation' → 9 entries, 52 kept so far
19:39:59  INFO     [LV] 'machine learning' → 9 entries, 24 kept so far
19:39:59  INFO     [LT] 'machine learning' → 38 entries, 35 kept so far
19:39:59  INFO     [SI] 'machine learning' → 25 entries, 45 kept so far
19:39:59  INFO     [CY] 'AI regulation' → 71 entries, 80 kept so far
19:40:00  INFO     [EE] 'machine learning' → 17 entries, 54 kept so far
19:40:00  INFO     [LV] 'EU AI Act' → 9 entries, 24 kept so far
19:40:00  INFO     [LT] 'EU AI Act' → 23 entries, 36 kept so far
19:40:00  INFO     [SI] 'EU AI Act' → 25 entries, 51 kept so far
19:40:01  INFO     [CY] 'machine learning' → 100 entries, 123 kept so far
19:40:01  INFO     [EE] 'EU AI Act' → 13 entries, 56 kept so far
19:40:01  INFO     [LV] 'generative AI' → 8 entries, 27 kept so far
19:40:02  INFO     [LT] 'generative AI' → 24 entries, 44 kept so far
19:40:02  INFO     [SI] 'generative AI' → 12 entries, 53 kept so far
19:40:02  INFO     [CY] 'EU AI Act' → 32 entries, 130 kept so far
19:40:02  INFO     [LV] +9 new articles saved
19:40:03  INFO     [EE] 'generative AI' → 10 entries, 58 kept so far
19:40:03  INFO     [LT] +18 new articles saved
19:40:03  INFO     [MT] 'artificial intelligence' → 100 entries, 58 kept so far
19:40:03  INFO     [SI] +13 new articles saved
19:40:03  INFO     [LU] 'artificial intelligence' → 100 entries, 41 kept so far
19:40:04  INFO     [EE] +17 new articles saved
19:40:04  INFO     [CY] 'generative AI' → 100 entries, 173 kept so far
19:40:04  INFO     [MT] 'AI regulation' → 100 entries, 102 kept so far
19:40:05  INFO     [LU] 'AI regulation' → 100 entries, 130 kept so far
19:40:05  INFO     [CY] +7 new articles saved
19:40:05  INFO     [MT] 'machine learning' → 100 entries, 162 kept so far
19:40:06  INFO     [LU] 'machine learning' → 100 entries, 189 kept so far
19:40:06  INFO     [MT] 'EU AI Act' → 100 entries, 239 kept so far
19:40:08  INFO     [MT] 'generative AI' → 100 entries, 303 kept so far
19:40:08  INFO     [LU] 'EU AI Act' → 84 entries, 224 kept so far
19:40:09  INFO     [MT] +0 new articles saved
19:40:09  INFO     [LU] 'generative AI' → 100 entries, 260 kept so far
19:40:10  INFO     [LU] +1 new articles saved
19:40:10  INFO     Scrape complete. 1587 new articles this run.
