19:11:05  INFO     Starting scrape: 27 countries, 5 queries each
/home/runner/work/EU_AI_News/EU_AI_News/eu_ai_news_scraper.py:230: DeprecationWarning: datetime.datetime.utcnow() is deprecated and scheduled for removal in a future version. Use timezone-aware objects to represent datetimes in UTC: datetime.datetime.now(datetime.UTC).
  "scraped_at":   datetime.utcnow().isoformat(),
19:11:05  INFO     [FR] 'artificial intelligence' → 100 entries, 51 kept so far
19:11:05  INFO     [IT] 'artificial intelligence' → 100 entries, 34 kept so far
19:11:05  INFO     [DE] 'artificial intelligence' → 100 entries, 49 kept so far
19:11:06  INFO     [ES] 'artificial intelligence' → 100 entries, 64 kept so far
19:11:06  INFO     [PL] 'artificial intelligence' → 100 entries, 11 kept so far
19:11:07  INFO     [FR] 'AI regulation' → 79 entries, 118 kept so far
19:11:07  INFO     [DE] 'AI regulation' → 60 entries, 86 kept so far
19:11:07  INFO     [IT] 'AI regulation' → 100 entries, 99 kept so far
19:11:07  INFO     [PL] 'AI regulation' → 78 entries, 67 kept so far
19:11:07  INFO     [ES] 'AI regulation' → 78 entries, 87 kept so far
19:11:08  INFO     [FR] 'machine learning' → 100 entries, 174 kept so far
19:11:09  INFO     [DE] 'machine learning' → 100 entries, 128 kept so far
19:11:09  INFO     [IT] 'machine learning' → 100 entries, 173 kept so far
19:11:09  INFO     [PL] 'machine learning' → 100 entries, 105 kept so far
19:11:09  INFO     [ES] 'machine learning' → 100 entries, 160 kept so far
19:11:10  INFO     [FR] 'EU AI Act' → 81 entries, 209 kept so far
19:11:10  INFO     [DE] 'EU AI Act' → 100 entries, 210 kept so far
19:11:10  INFO     [IT] 'EU AI Act' → 100 entries, 238 kept so far
19:11:11  INFO     [ES] 'EU AI Act' → 77 entries, 195 kept so far
19:11:11  INFO     [PL] 'EU AI Act' → 76 entries, 116 kept so far
19:11:11  INFO     [FR] 'generative AI' → 100 entries, 245 kept so far
19:11:12  INFO     [DE] 'generative AI' → 100 entries, 237 kept so far
19:11:12  INFO     [IT] 'generative AI' → 100 entries, 280 kept so far
19:11:12  INFO     [ES] 'generative AI' → 100 entries, 235 kept so far
19:11:12  INFO     [FR] +108 new articles saved
19:11:13  INFO     [PL] 'generative AI' → 100 entries, 145 kept so far
19:11:13  INFO     [DE] +153 new articles saved
19:11:13  INFO     [IT] +126 new articles saved
19:11:13  INFO     [NL] 'artificial intelligence' → 100 entries, 8 kept so far
19:11:13  INFO     [BE] 'artificial intelligence' → 100 entries, 60 kept so far
19:11:13  INFO     [SE] 'artificial intelligence' → 100 entries, 4 kept so far
19:11:13  INFO     [ES] +99 new articles saved
19:11:14  INFO     [PL] +46 new articles saved
19:11:14  INFO     [AT] 'artificial intelligence' → 100 entries, 52 kept so far
19:11:14  INFO     [DK] 'artificial intelligence' → 100 entries, 16 kept so far
19:11:15  INFO     [NL] 'AI regulation' → 78 entries, 42 kept so far
19:11:15  INFO     [SE] 'AI regulation' → 76 entries, 22 kept so far
19:11:15  INFO     [BE] 'AI regulation' → 100 entries, 144 kept so far
19:11:16  INFO     [AT] 'AI regulation' → 65 entries, 94 kept so far
19:11:16  INFO     [DK] 'AI regulation' → 29 entries, 18 kept so far
19:11:16  INFO     [NL] 'machine learning' → 100 entries, 100 kept so far
19:11:16  INFO     [SE] 'machine learning' → 72 entries, 45 kept so far
19:11:17  INFO     [BE] 'machine learning' → 100 entries, 198 kept so far
19:11:17  INFO     [AT] 'machine learning' → 100 entries, 139 kept so far
19:11:18  INFO     [DK] 'machine learning' → 79 entries, 41 kept so far
19:11:18  INFO     [NL] 'EU AI Act' → 87 entries, 124 kept so far
19:11:18  INFO     [SE] 'EU AI Act' → 65 entries, 51 kept so far
19:11:18  INFO     [BE] 'EU AI Act' → 85 entries, 232 kept so far
19:11:19  INFO     [AT] 'EU AI Act' → 100 entries, 224 kept so far
19:11:19  INFO     [DK] 'EU AI Act' → 76 entries, 59 kept so far
19:11:19  INFO     [SE] 'generative AI' → 77 entries, 60 kept so far
19:11:19  INFO     [NL] 'generative AI' → 100 entries, 156 kept so far
19:11:20  INFO     [BE] 'generative AI' → 100 entries, 269 kept so far
19:11:20  INFO     [AT] 'generative AI' → 100 entries, 247 kept so far
19:11:20  INFO     [SE] +15 new articles saved
19:11:20  INFO     [NL] +51 new articles saved
19:11:21  INFO     [DK] 'generative AI' → 100 entries, 97 kept so far
19:11:21  INFO     [FI] 'artificial intelligence' → 100 entries, 59 kept so far
19:11:21  INFO     [BE] +35 new articles saved
19:11:21  INFO     [PT] 'artificial intelligence' → 100 entries, 56 kept so far
19:11:21  INFO     [AT] +16 new articles saved
19:11:22  INFO     [CZ] 'artificial intelligence' → 100 entries, 19 kept so far
19:11:22  INFO     [DK] +23 new articles saved
19:11:22  INFO     [RO] 'artificial intelligence' → 100 entries, 40 kept so far
19:11:22  INFO     [FI] 'AI regulation' → 43 entries, 70 kept so far
19:11:22  INFO     [HU] 'artificial intelligence' → 100 entries, 12 kept so far
19:11:23  INFO     [PT] 'AI regulation' → 79 entries, 91 kept so far
19:11:23  INFO     [CZ] 'AI regulation' → 77 entries, 37 kept so far
19:11:23  INFO     [RO] 'AI regulation' → 17 entries, 44 kept so far
19:11:24  INFO     [HU] 'AI regulation' → 79 entries, 14 kept so far
19:11:24  INFO     [FI] 'machine learning' → 90 entries, 109 kept so far
19:11:25  INFO     [PT] 'machine learning' → 100 entries, 166 kept so far
19:11:25  INFO     [CZ] 'machine learning' → 82 entries, 55 kept so far
19:11:25  INFO     [RO] 'machine learning' → 100 entries, 88 kept so far
19:11:26  INFO     [HU] 'machine learning' → 69 entries, 36 kept so far
19:11:26  INFO     [FI] 'EU AI Act' → 68 entries, 140 kept so far
19:11:26  INFO     [CZ] 'EU AI Act' → 76 entries, 64 kept so far
19:11:26  INFO     [PT] 'EU AI Act' → 48 entries, 172 kept so far
19:11:27  INFO     [RO] 'EU AI Act' → 78 entries, 102 kept so far
19:11:27  INFO     [HU] 'EU AI Act' → 77 entries, 56 kept so far
19:11:27  INFO     [FI] 'generative AI' → 65 entries, 177 kept so far
19:11:28  INFO     [CZ] 'generative AI' → 83 entries, 77 kept so far
19:11:28  INFO     [PT] 'generative AI' → 100 entries, 206 kept so far
19:11:28  INFO     [RO] 'generative AI' → 74 entries, 119 kept so far
19:11:28  INFO     [FI] +65 new articles saved
19:11:29  INFO     [HU] 'generative AI' → 76 entries, 82 kept so far
19:11:29  INFO     [CZ] +36 new articles saved
19:11:29  INFO     [PT] +83 new articles saved
19:11:29  INFO     [GR] 'artificial intelligence' → 100 entries, 49 kept so far
19:11:29  INFO     [RO] +44 new articles saved
19:11:29  INFO     [SK] 'artificial intelligence' → 100 entries, 25 kept so far
19:11:30  INFO     [IE] 'artificial intelligence' → 100 entries, 68 kept so far
19:11:30  INFO     [HR] 'artificial intelligence' → 100 entries, 62 kept so far
19:11:30  INFO     [HU] +35 new articles saved
19:11:30  INFO     [BG] 'artificial intelligence' → 71 entries, 30 kept so far
19:11:31  INFO     [SK] 'AI regulation' → 13 entries, 26 kept so far
19:11:31  INFO     [GR] 'AI regulation' → 38 entries, 79 kept so far
19:11:31  INFO     [HR] 'AI regulation' → 100 entries, 118 kept so far
19:11:31  INFO     [IE] 'AI regulation' → 100 entries, 122 kept so far
19:11:31  INFO     [BG] 'AI regulation' → 7 entries, 33 kept so far
19:11:32  INFO     [SK] 'machine learning' → 60 entries, 42 kept so far
19:11:32  INFO     [GR] 'machine learning' → 95 entries, 121 kept so far
19:11:33  INFO     [HR] 'machine learning' → 100 entries, 206 kept so far
19:11:33  INFO     [BG] 'machine learning' → 56 entries, 42 kept so far
19:11:33  INFO     [IE] 'machine learning' → 100 entries, 205 kept so far
19:11:33  INFO     [SK] 'EU AI Act' → 55 entries, 56 kept so far
19:11:34  INFO     [GR] 'EU AI Act' → 48 entries, 134 kept so far
19:11:34  INFO     [BG] 'EU AI Act' → 9 entries, 45 kept so far
19:11:34  INFO     [HR] 'EU AI Act' → 100 entries, 286 kept so far
19:11:35  INFO     [SK] 'generative AI' → 48 entries, 66 kept so far
19:11:35  INFO     [GR] 'generative AI' → 100 entries, 172 kept so far
19:11:35  INFO     [IE] 'EU AI Act' → 100 entries, 278 kept so far
19:11:36  INFO     [BG] 'generative AI' → 28 entries, 48 kept so far
19:11:36  INFO     [SK] +21 new articles saved
19:11:36  INFO     [HR] 'generative AI' → 100 entries, 354 kept so far
19:11:36  INFO     [GR] +89 new articles saved
19:11:37  INFO     [LT] 'artificial intelligence' → 88 entries, 36 kept so far
19:11:37  INFO     [BG] +23 new articles saved
19:11:37  INFO     [SI] 'artificial intelligence' → 94 entries, 42 kept so far
19:11:37  INFO     [HR] +267 new articles saved
19:11:37  INFO     [IE] 'generative AI' → 100 entries, 344 kept so far
19:11:37  INFO     [LV] 'artificial intelligence' → 66 entries, 25 kept so far
19:11:37  INFO     [EE] 'artificial intelligence' → 100 entries, 51 kept so far
19:11:38  INFO     [LT] 'AI regulation' → 11 entries, 38 kept so far
19:11:38  INFO     [IE] +75 new articles saved
19:11:38  INFO     [SI] 'AI regulation' → 2 entries, 42 kept so far
19:11:38  INFO     [LV] 'AI regulation' → 8 entries, 25 kept so far
19:11:38  INFO     [CY] 'artificial intelligence' → 100 entries, 49 kept so far
19:11:39  INFO     [EE] 'AI regulation' → 6 entries, 51 kept so far
19:11:39  INFO     [LT] 'machine learning' → 50 entries, 44 kept so far
19:11:39  INFO     [SI] 'machine learning' → 24 entries, 45 kept so far
19:11:40  INFO     [CY] 'AI regulation' → 38 entries, 79 kept so far
19:11:40  INFO     [LV] 'machine learning' → 11 entries, 26 kept so far
19:11:40  INFO     [EE] 'machine learning' → 17 entries, 54 kept so far
19:11:41  INFO     [LT] 'EU AI Act' → 18 entries, 45 kept so far
19:11:41  INFO     [SI] 'EU AI Act' → 21 entries, 49 kept so far
19:11:41  INFO     [LV] 'EU AI Act' → 9 entries, 26 kept so far
19:11:41  INFO     [CY] 'machine learning' → 94 entries, 121 kept so far
19:11:42  INFO     [EE] 'EU AI Act' → 14 entries, 56 kept so far
19:11:42  INFO     [LT] 'generative AI' → 29 entries, 53 kept so far
19:11:42  INFO     [SI] 'generative AI' → 13 entries, 52 kept so far
19:11:42  INFO     [LV] 'generative AI' → 7 entries, 28 kept so far
19:11:43  INFO     [CY] 'EU AI Act' → 48 entries, 134 kept so far
19:11:43  INFO     [LT] +21 new articles saved
19:11:43  INFO     [EE] 'generative AI' → 10 entries, 58 kept so far
19:11:43  INFO     [SI] +14 new articles saved
19:11:43  INFO     [MT] 'artificial intelligence' → 100 entries, 62 kept so far
19:11:43  INFO     [LU] 'artificial intelligence' → 100 entries, 51 kept so far
19:11:43  INFO     [LV] +10 new articles saved
19:11:44  INFO     [EE] +16 new articles saved
19:11:44  INFO     [MT] 'AI regulation' → 100 entries, 118 kept so far
19:11:44  INFO     [CY] 'generative AI' → 100 entries, 172 kept so far
19:11:45  INFO     [LU] 'AI regulation' → 100 entries, 128 kept so far
19:11:45  INFO     [CY] +0 new articles saved
19:11:45  INFO     [MT] 'machine learning' → 100 entries, 206 kept so far
19:11:47  INFO     [MT] 'EU AI Act' → 100 entries, 286 kept so far
19:11:47  INFO     [LU] 'machine learning' → 100 entries, 184 kept so far
19:11:48  INFO     [MT] 'generative AI' → 100 entries, 354 kept so far
19:11:48  INFO     [LU] 'EU AI Act' → 81 entries, 221 kept so far
19:11:49  INFO     [MT] +0 new articles saved
19:11:50  INFO     [LU] 'generative AI' → 100 entries, 257 kept so far
19:11:51  INFO     [LU] +5 new articles saved
19:11:51  INFO     Scrape complete. 1476 new articles this run.
