19:25:32  INFO     Starting scrape: 27 countries, 5 queries each
/home/runner/work/EU_AI_News/EU_AI_News/eu_ai_news_scraper.py:230: DeprecationWarning: datetime.datetime.utcnow() is deprecated and scheduled for removal in a future version. Use timezone-aware objects to represent datetimes in UTC: datetime.datetime.now(datetime.UTC).
  "scraped_at":   datetime.utcnow().isoformat(),
19:25:32  INFO     [PL] 'artificial intelligence' → 100 entries, 18 kept so far
19:25:33  INFO     [DE] 'artificial intelligence' → 100 entries, 50 kept so far
19:25:33  INFO     [FR] 'artificial intelligence' → 100 entries, 56 kept so far
19:25:33  INFO     [IT] 'artificial intelligence' → 100 entries, 37 kept so far
19:25:33  INFO     [ES] 'artificial intelligence' → 100 entries, 62 kept so far
19:25:34  INFO     [PL] 'AI regulation' → 79 entries, 75 kept so far
19:25:34  INFO     [DE] 'AI regulation' → 100 entries, 127 kept so far
19:25:34  INFO     [FR] 'AI regulation' → 100 entries, 142 kept so far
19:25:34  INFO     [ES] 'AI regulation' → 78 entries, 102 kept so far
19:25:34  INFO     [IT] 'AI regulation' → 100 entries, 124 kept so far
19:25:36  INFO     [PL] 'machine learning' → 100 entries, 114 kept so far
19:25:36  INFO     [DE] 'machine learning' → 100 entries, 165 kept so far
19:25:36  INFO     [FR] 'machine learning' → 100 entries, 199 kept so far
19:25:36  INFO     [ES] 'machine learning' → 100 entries, 176 kept so far
19:25:36  INFO     [IT] 'machine learning' → 100 entries, 199 kept so far
19:25:37  INFO     [PL] 'EU AI Act' → 77 entries, 126 kept so far
19:25:37  INFO     [DE] 'EU AI Act' → 100 entries, 244 kept so far
19:25:37  INFO     [FR] 'EU AI Act' → 78 entries, 231 kept so far
19:25:37  INFO     [ES] 'EU AI Act' → 78 entries, 198 kept so far
19:25:38  INFO     [IT] 'EU AI Act' → 100 entries, 264 kept so far
19:25:38  INFO     [PL] 'generative AI' → 100 entries, 159 kept so far
19:25:39  INFO     [DE] 'generative AI' → 100 entries, 271 kept so far
19:25:39  INFO     [FR] 'generative AI' → 100 entries, 266 kept so far
19:25:39  INFO     [ES] 'generative AI' → 100 entries, 236 kept so far
19:25:39  INFO     [IT] 'generative AI' → 100 entries, 306 kept so far
19:25:40  INFO     [PL] +55 new articles saved
19:25:40  INFO     [DE] +159 new articles saved
19:25:40  INFO     [FR] +103 new articles saved
19:25:40  INFO     [NL] 'artificial intelligence' → 100 entries, 10 kept so far
19:25:40  INFO     [ES] +96 new articles saved
19:25:40  INFO     [IT] +143 new articles saved
19:25:40  INFO     [BE] 'artificial intelligence' → 100 entries, 51 kept so far
19:25:40  INFO     [SE] 'artificial intelligence' → 100 entries, 4 kept so far
19:25:41  INFO     [AT] 'artificial intelligence' → 100 entries, 52 kept so far
19:25:41  INFO     [DK] 'artificial intelligence' → 100 entries, 18 kept so far
19:25:42  INFO     [NL] 'AI regulation' → 78 entries, 45 kept so far
19:25:42  INFO     [SE] 'AI regulation' → 78 entries, 19 kept so far
19:25:42  INFO     [BE] 'AI regulation' → 100 entries, 135 kept so far
19:25:42  INFO     [DK] 'AI regulation' → 32 entries, 22 kept so far
19:25:42  INFO     [AT] 'AI regulation' → 100 entries, 128 kept so far
19:25:43  INFO     [NL] 'machine learning' → 100 entries, 103 kept so far
19:25:44  INFO     [SE] 'machine learning' → 73 entries, 43 kept so far
19:25:44  INFO     [BE] 'machine learning' → 100 entries, 190 kept so far
19:25:44  INFO     [DK] 'machine learning' → 76 entries, 42 kept so far
19:25:44  INFO     [AT] 'machine learning' → 100 entries, 172 kept so far
19:25:45  INFO     [NL] 'EU AI Act' → 91 entries, 127 kept so far
19:25:45  INFO     [SE] 'EU AI Act' → 68 entries, 50 kept so far
19:25:45  INFO     [BE] 'EU AI Act' → 77 entries, 218 kept so far
19:25:45  INFO     [DK] 'EU AI Act' → 78 entries, 61 kept so far
19:25:46  INFO     [AT] 'EU AI Act' → 100 entries, 254 kept so far
19:25:46  INFO     [NL] 'generative AI' → 100 entries, 160 kept so far
19:25:47  INFO     [SE] 'generative AI' → 72 entries, 60 kept so far
19:25:47  INFO     [DK] 'generative AI' → 98 entries, 94 kept so far
19:25:47  INFO     [BE] 'generative AI' → 100 entries, 250 kept so far
19:25:47  INFO     [AT] 'generative AI' → 100 entries, 278 kept so far
19:25:47  INFO     [NL] +52 new articles saved
19:25:48  INFO     [SE] +16 new articles saved
19:25:48  INFO     [FI] 'artificial intelligence' → 100 entries, 53 kept so far
19:25:48  INFO     [DK] +20 new articles saved
19:25:48  INFO     [BE] +18 new articles saved
19:25:48  INFO     [AT] +22 new articles saved
19:25:48  INFO     [PT] 'artificial intelligence' → 100 entries, 62 kept so far
19:25:48  INFO     [CZ] 'artificial intelligence' → 100 entries, 19 kept so far
19:25:49  INFO     [RO] 'artificial intelligence' → 100 entries, 39 kept so far
19:25:49  INFO     [HU] 'artificial intelligence' → 100 entries, 19 kept so far
19:25:49  INFO     [FI] 'AI regulation' → 49 entries, 65 kept so far
19:25:50  INFO     [CZ] 'AI regulation' → 78 entries, 38 kept so far
19:25:50  INFO     [PT] 'AI regulation' → 79 entries, 91 kept so far
19:25:50  INFO     [RO] 'AI regulation' → 78 entries, 46 kept so far
19:25:50  INFO     [HU] 'AI regulation' → 79 entries, 22 kept so far
19:25:51  INFO     [FI] 'machine learning' → 90 entries, 102 kept so far
19:25:51  INFO     [CZ] 'machine learning' → 83 entries, 59 kept so far
19:25:52  INFO     [PT] 'machine learning' → 100 entries, 167 kept so far
19:25:52  INFO     [RO] 'machine learning' → 100 entries, 92 kept so far
19:25:52  INFO     [HU] 'machine learning' → 71 entries, 44 kept so far
19:25:52  INFO     [FI] 'EU AI Act' → 73 entries, 138 kept so far
19:25:53  INFO     [CZ] 'EU AI Act' → 77 entries, 69 kept so far
19:25:53  INFO     [PT] 'EU AI Act' → 47 entries, 175 kept so far
19:25:53  INFO     [HU] 'EU AI Act' → 77 entries, 64 kept so far
19:25:53  INFO     [RO] 'EU AI Act' → 78 entries, 108 kept so far
19:25:54  INFO     [FI] 'generative AI' → 69 entries, 175 kept so far
19:25:54  INFO     [CZ] 'generative AI' → 88 entries, 86 kept so far
19:25:55  INFO     [HU] 'generative AI' → 69 entries, 89 kept so far
19:25:55  INFO     [RO] 'generative AI' → 78 entries, 126 kept so far
19:25:55  INFO     [FI] +63 new articles saved
19:25:55  INFO     [PT] 'generative AI' → 100 entries, 203 kept so far
19:25:55  INFO     [GR] 'artificial intelligence' → 100 entries, 46 kept so far
19:25:55  INFO     [CZ] +42 new articles saved
19:25:56  INFO     [HU] +42 new articles saved
19:25:56  INFO     [RO] +47 new articles saved
19:25:56  INFO     [SK] 'artificial intelligence' → 100 entries, 25 kept so far
19:25:56  INFO     [PT] +87 new articles saved
19:25:56  INFO     [HR] 'artificial intelligence' → 102 entries, 58 kept so far
19:25:56  INFO     [IE] 'artificial intelligence' → 100 entries, 66 kept so far
19:25:57  INFO     [BG] 'artificial intelligence' → 70 entries, 30 kept so far
19:25:57  INFO     [GR] 'AI regulation' → 38 entries, 79 kept so far
19:25:57  INFO     [SK] 'AI regulation' → 17 entries, 27 kept so far
19:25:58  INFO     [BG] 'AI regulation' → 12 entries, 32 kept so far
19:25:58  INFO     [HR] 'AI regulation' → 100 entries, 105 kept so far
19:25:58  INFO     [IE] 'AI regulation' → 100 entries, 106 kept so far
19:25:58  INFO     [GR] 'machine learning' → 95 entries, 117 kept so far
19:25:59  INFO     [SK] 'machine learning' → 59 entries, 42 kept so far
19:25:59  INFO     [BG] 'machine learning' → 55 entries, 39 kept so far
19:26:00  INFO     [HR] 'machine learning' → 100 entries, 159 kept so far
19:26:00  INFO     [SK] 'EU AI Act' → 55 entries, 56 kept so far
19:26:00  INFO     [GR] 'EU AI Act' → 45 entries, 129 kept so far
19:26:01  INFO     [IE] 'machine learning' → 100 entries, 163 kept so far
19:26:01  INFO     [BG] 'EU AI Act' → 10 entries, 42 kept so far
19:26:01  INFO     [HR] 'EU AI Act' → 100 entries, 243 kept so far
19:26:02  INFO     [SK] 'generative AI' → 48 entries, 65 kept so far
19:26:02  INFO     [GR] 'generative AI' → 100 entries, 173 kept so far
19:26:02  INFO     [BG] 'generative AI' → 30 entries, 46 kept so far
19:26:03  INFO     [IE] 'EU AI Act' → 100 entries, 240 kept so far
19:26:03  INFO     [SK] +21 new articles saved
19:26:03  INFO     [HR] 'generative AI' → 100 entries, 302 kept so far
19:26:03  INFO     [GR] +90 new articles saved
19:26:03  INFO     [LT] 'artificial intelligence' → 89 entries, 37 kept so far
19:26:03  INFO     [BG] +22 new articles saved
19:26:03  INFO     [SI] 'artificial intelligence' → 96 entries, 45 kept so far
19:26:04  INFO     [LV] 'artificial intelligence' → 64 entries, 17 kept so far
19:26:04  INFO     [HR] +231 new articles saved
19:26:04  INFO     [IE] 'generative AI' → 100 entries, 300 kept so far
19:26:04  INFO     [EE] 'artificial intelligence' → 100 entries, 49 kept so far
19:26:04  INFO     [LT] 'AI regulation' → 9 entries, 38 kept so far
19:26:05  INFO     [SI] 'AI regulation' → 2 entries, 45 kept so far
19:26:05  INFO     [LV] 'AI regulation' → 5 entries, 17 kept so far
19:26:05  INFO     [IE] +70 new articles saved
19:26:06  INFO     [CY] 'artificial intelligence' → 100 entries, 45 kept so far
19:26:06  INFO     [LT] 'machine learning' → 47 entries, 44 kept so far
19:26:06  INFO     [EE] 'AI regulation' → 8 entries, 49 kept so far
19:26:06  INFO     [SI] 'machine learning' → 25 entries, 49 kept so far
19:26:06  INFO     [LV] 'machine learning' → 11 entries, 18 kept so far
19:26:07  INFO     [EE] 'machine learning' → 12 entries, 52 kept so far
19:26:07  INFO     [LT] 'EU AI Act' → 17 entries, 45 kept so far
19:26:07  INFO     [CY] 'AI regulation' → 38 entries, 78 kept so far
19:26:07  INFO     [SI] 'EU AI Act' → 21 entries, 53 kept so far
19:26:07  INFO     [LV] 'EU AI Act' → 9 entries, 18 kept so far
19:26:08  INFO     [LT] 'generative AI' → 25 entries, 52 kept so far
19:26:08  INFO     [EE] 'EU AI Act' → 16 entries, 54 kept so far
19:26:08  INFO     [LV] 'generative AI' → 7 entries, 20 kept so far
19:26:09  INFO     [SI] 'generative AI' → 26 entries, 56 kept so far
19:26:09  INFO     [CY] 'machine learning' → 95 entries, 116 kept so far
19:26:09  INFO     [LT] +19 new articles saved
19:26:09  INFO     [LV] +8 new articles saved
19:26:10  INFO     [SI] +17 new articles saved
19:26:10  INFO     [MT] 'artificial intelligence' → 102 entries, 58 kept so far
19:26:10  INFO     [EE] 'generative AI' → 9 entries, 57 kept so far
19:26:10  INFO     [LU] 'artificial intelligence' → 100 entries, 57 kept so far
19:26:10  INFO     [CY] 'EU AI Act' → 49 entries, 129 kept so far
19:26:11  INFO     [EE] +21 new articles saved
19:26:11  INFO     [MT] 'AI regulation' → 100 entries, 105 kept so far
19:26:11  INFO     [LU] 'AI regulation' → 100 entries, 143 kept so far
19:26:12  INFO     [CY] 'generative AI' → 100 entries, 173 kept so far
19:26:12  INFO     [MT] 'machine learning' → 100 entries, 159 kept so far
19:26:13  INFO     [CY] +1 new articles saved
19:26:13  INFO     [LU] 'machine learning' → 100 entries, 201 kept so far
19:26:13  INFO     [MT] 'EU AI Act' → 100 entries, 243 kept so far
19:26:14  INFO     [MT] 'generative AI' → 100 entries, 302 kept so far
19:26:15  INFO     [LU] 'EU AI Act' → 78 entries, 231 kept so far
19:26:15  INFO     [MT] +0 new articles saved
19:26:16  INFO     [LU] 'generative AI' → 100 entries, 267 kept so far
19:26:17  INFO     [LU] +0 new articles saved
19:26:17  INFO     Scrape complete. 1465 new articles this run.
