08:17:07  INFO     Starting scrape: 27 countries, 5 queries each
/home/runner/work/EU_AI_News/EU_AI_News/eu_ai_news_scraper.py:230: DeprecationWarning: datetime.datetime.utcnow() is deprecated and scheduled for removal in a future version. Use timezone-aware objects to represent datetimes in UTC: datetime.datetime.now(datetime.UTC).
  "scraped_at":   datetime.utcnow().isoformat(),
08:17:07  INFO     [DE] 'artificial intelligence' → 100 entries, 47 kept so far
08:17:07  INFO     [PL] 'artificial intelligence' → 100 entries, 10 kept so far
08:17:07  INFO     [FR] 'artificial intelligence' → 102 entries, 48 kept so far
08:17:07  INFO     [IT] 'artificial intelligence' → 100 entries, 32 kept so far
08:17:08  INFO     [ES] 'artificial intelligence' → 100 entries, 52 kept so far
08:17:09  INFO     [PL] 'AI regulation' → 100 entries, 76 kept so far
08:17:09  INFO     [DE] 'AI regulation' → 100 entries, 123 kept so far
08:17:09  INFO     [FR] 'AI regulation' → 100 entries, 122 kept so far
08:17:09  INFO     [IT] 'AI regulation' → 100 entries, 118 kept so far
08:17:09  INFO     [ES] 'AI regulation' → 78 entries, 98 kept so far
08:17:10  INFO     [FR] 'machine learning' → 100 entries, 175 kept so far
08:17:11  INFO     [PL] 'machine learning' → 100 entries, 112 kept so far
08:17:11  INFO     [DE] 'machine learning' → 100 entries, 167 kept so far
08:17:11  INFO     [IT] 'machine learning' → 100 entries, 193 kept so far
08:17:11  INFO     [ES] 'machine learning' → 100 entries, 172 kept so far
08:17:12  INFO     [FR] 'EU AI Act' → 79 entries, 220 kept so far
08:17:12  INFO     [PL] 'EU AI Act' → 77 entries, 127 kept so far
08:17:12  INFO     [DE] 'EU AI Act' → 100 entries, 248 kept so far
08:17:12  INFO     [IT] 'EU AI Act' → 100 entries, 257 kept so far
08:17:12  INFO     [ES] 'EU AI Act' → 77 entries, 195 kept so far
08:17:14  INFO     [PL] 'generative AI' → 100 entries, 161 kept so far
08:17:14  INFO     [FR] 'generative AI' → 100 entries, 248 kept so far
08:17:14  INFO     [DE] 'generative AI' → 100 entries, 268 kept so far
08:17:14  INFO     [IT] 'generative AI' → 100 entries, 300 kept so far
08:17:14  INFO     [ES] 'generative AI' → 100 entries, 235 kept so far
08:17:15  INFO     [PL] +71 new articles saved
08:17:15  INFO     [FR] +104 new articles saved
08:17:15  INFO     [DE] +181 new articles saved
08:17:15  INFO     [IT] +137 new articles saved
08:17:15  INFO     [NL] 'artificial intelligence' → 100 entries, 11 kept so far
08:17:15  INFO     [ES] +109 new articles saved
08:17:15  INFO     [BE] 'artificial intelligence' → 100 entries, 50 kept so far
08:17:15  INFO     [SE] 'artificial intelligence' → 100 entries, 5 kept so far
08:17:15  INFO     [AT] 'artificial intelligence' → 100 entries, 48 kept so far
08:17:16  INFO     [DK] 'artificial intelligence' → 100 entries, 13 kept so far
08:17:17  INFO     [NL] 'AI regulation' → 78 entries, 48 kept so far
08:17:17  INFO     [SE] 'AI regulation' → 70 entries, 19 kept so far
08:17:17  INFO     [BE] 'AI regulation' → 100 entries, 122 kept so far
08:17:17  INFO     [AT] 'AI regulation' → 100 entries, 128 kept so far
08:17:17  INFO     [DK] 'AI regulation' → 31 entries, 17 kept so far
08:17:18  INFO     [NL] 'machine learning' → 100 entries, 102 kept so far
08:17:18  INFO     [SE] 'machine learning' → 72 entries, 42 kept so far
08:17:18  INFO     [BE] 'machine learning' → 100 entries, 172 kept so far
08:17:19  INFO     [AT] 'machine learning' → 100 entries, 173 kept so far
08:17:19  INFO     [DK] 'machine learning' → 78 entries, 40 kept so far
08:17:20  INFO     [NL] 'EU AI Act' → 96 entries, 130 kept so far
08:17:20  INFO     [SE] 'EU AI Act' → 74 entries, 49 kept so far
08:17:20  INFO     [BE] 'EU AI Act' → 79 entries, 216 kept so far
08:17:20  INFO     [AT] 'EU AI Act' → 100 entries, 260 kept so far
08:17:20  INFO     [DK] 'EU AI Act' → 74 entries, 57 kept so far
08:17:21  INFO     [NL] 'generative AI' → 100 entries, 160 kept so far
08:17:21  INFO     [SE] 'generative AI' → 72 entries, 60 kept so far
08:17:22  INFO     [BE] 'generative AI' → 100 entries, 242 kept so far
08:17:22  INFO     [AT] 'generative AI' → 100 entries, 279 kept so far
08:17:22  INFO     [DK] 'generative AI' → 100 entries, 92 kept so far
08:17:22  INFO     [NL] +49 new articles saved
08:17:22  INFO     [SE] +17 new articles saved
08:17:23  INFO     [FI] 'artificial intelligence' → 100 entries, 53 kept so far
08:17:23  INFO     [BE] +21 new articles saved
08:17:23  INFO     [AT] +39 new articles saved
08:17:23  INFO     [PT] 'artificial intelligence' → 100 entries, 63 kept so far
08:17:23  INFO     [DK] +26 new articles saved
08:17:23  INFO     [CZ] 'artificial intelligence' → 100 entries, 17 kept so far
08:17:23  INFO     [RO] 'artificial intelligence' → 100 entries, 44 kept so far
08:17:23  INFO     [HU] 'artificial intelligence' → 100 entries, 19 kept so far
08:17:24  INFO     [FI] 'AI regulation' → 52 entries, 67 kept so far
08:17:24  INFO     [PT] 'AI regulation' → 79 entries, 94 kept so far
08:17:25  INFO     [CZ] 'AI regulation' → 73 entries, 41 kept so far
08:17:25  INFO     [RO] 'AI regulation' → 79 entries, 54 kept so far
08:17:25  INFO     [HU] 'AI regulation' → 79 entries, 23 kept so far
08:17:26  INFO     [FI] 'machine learning' → 94 entries, 107 kept so far
08:17:26  INFO     [PT] 'machine learning' → 100 entries, 170 kept so far
08:17:26  INFO     [CZ] 'machine learning' → 83 entries, 61 kept so far
08:17:26  INFO     [RO] 'machine learning' → 100 entries, 103 kept so far
08:17:26  INFO     [HU] 'machine learning' → 68 entries, 46 kept so far
08:17:27  INFO     [FI] 'EU AI Act' → 74 entries, 142 kept so far
08:17:28  INFO     [PT] 'EU AI Act' → 47 entries, 177 kept so far
08:17:28  INFO     [CZ] 'EU AI Act' → 76 entries, 75 kept so far
08:17:28  INFO     [RO] 'EU AI Act' → 78 entries, 116 kept so far
08:17:28  INFO     [HU] 'EU AI Act' → 77 entries, 66 kept so far
08:17:29  INFO     [FI] 'generative AI' → 67 entries, 180 kept so far
08:17:29  INFO     [RO] 'generative AI' → 81 entries, 137 kept so far
08:17:29  INFO     [CZ] 'generative AI' → 87 entries, 93 kept so far
08:17:29  INFO     [PT] 'generative AI' → 100 entries, 205 kept so far
08:17:29  INFO     [HU] 'generative AI' → 72 entries, 90 kept so far
08:17:30  INFO     [FI] +70 new articles saved
08:17:30  INFO     [GR] 'artificial intelligence' → 100 entries, 47 kept so far
08:17:30  INFO     [RO] +52 new articles saved
08:17:30  INFO     [CZ] +50 new articles saved
08:17:30  INFO     [PT] +89 new articles saved
08:17:30  INFO     [HU] +40 new articles saved
08:17:31  INFO     [SK] 'artificial intelligence' → 100 entries, 22 kept so far
08:17:31  INFO     [HR] 'artificial intelligence' → 100 entries, 69 kept so far
08:17:31  INFO     [BG] 'artificial intelligence' → 73 entries, 35 kept so far
08:17:31  INFO     [IE] 'artificial intelligence' → 100 entries, 64 kept so far
08:17:32  INFO     [GR] 'AI regulation' → 46 entries, 86 kept so far
08:17:32  INFO     [SK] 'AI regulation' → 22 entries, 25 kept so far
08:17:32  INFO     [BG] 'AI regulation' → 11 entries, 38 kept so far
08:17:32  INFO     [HR] 'AI regulation' → 102 entries, 112 kept so far
08:17:33  INFO     [IE] 'AI regulation' → 100 entries, 102 kept so far
08:17:33  INFO     [GR] 'machine learning' → 91 entries, 123 kept so far
08:17:34  INFO     [SK] 'machine learning' → 57 entries, 39 kept so far
08:17:34  INFO     [BG] 'machine learning' → 54 entries, 45 kept so far
08:17:34  INFO     [HR] 'machine learning' → 100 entries, 181 kept so far
08:17:34  INFO     [IE] 'machine learning' → 100 entries, 168 kept so far
08:17:35  INFO     [GR] 'EU AI Act' → 52 entries, 139 kept so far
08:17:35  INFO     [BG] 'EU AI Act' → 11 entries, 48 kept so far
08:17:35  INFO     [SK] 'EU AI Act' → 59 entries, 54 kept so far
08:17:35  INFO     [HR] 'EU AI Act' → 100 entries, 260 kept so far
08:17:36  INFO     [IE] 'EU AI Act' → 100 entries, 244 kept so far
08:17:36  INFO     [GR] 'generative AI' → 100 entries, 180 kept so far
08:17:36  INFO     [BG] 'generative AI' → 30 entries, 54 kept so far
08:17:36  INFO     [SK] 'generative AI' → 50 entries, 64 kept so far
08:17:37  INFO     [HR] 'generative AI' → 102 entries, 334 kept so far
08:17:37  INFO     [GR] +98 new articles saved
08:17:37  INFO     [BG] +27 new articles saved
08:17:37  INFO     [IE] 'generative AI' → 100 entries, 310 kept so far
08:17:37  INFO     [SK] +23 new articles saved
08:17:38  INFO     [LT] 'artificial intelligence' → 85 entries, 36 kept so far
08:17:38  INFO     [SI] 'artificial intelligence' → 100 entries, 47 kept so far
08:17:38  INFO     [HR] +262 new articles saved
08:17:38  INFO     [LV] 'artificial intelligence' → 71 entries, 21 kept so far
08:17:38  INFO     [EE] 'artificial intelligence' → 100 entries, 50 kept so far
08:17:38  INFO     [IE] +65 new articles saved
08:17:39  INFO     [CY] 'artificial intelligence' → 100 entries, 47 kept so far
08:17:39  INFO     [LT] 'AI regulation' → 8 entries, 36 kept so far
08:17:39  INFO     [SI] 'AI regulation' → 3 entries, 47 kept so far
08:17:39  INFO     [LV] 'AI regulation' → 6 entries, 21 kept so far
08:17:40  INFO     [EE] 'AI regulation' → 8 entries, 50 kept so far
08:17:40  INFO     [CY] 'AI regulation' → 46 entries, 86 kept so far
08:17:40  INFO     [LT] 'machine learning' → 43 entries, 42 kept so far
08:17:40  INFO     [SI] 'machine learning' → 25 entries, 50 kept so far
08:17:41  INFO     [LV] 'machine learning' → 11 entries, 23 kept so far
08:17:41  INFO     [EE] 'machine learning' → 31 entries, 55 kept so far
08:17:42  INFO     [LT] 'EU AI Act' → 18 entries, 43 kept so far
08:17:42  INFO     [CY] 'machine learning' → 91 entries, 123 kept so far
08:17:42  INFO     [SI] 'EU AI Act' → 20 entries, 54 kept so far
08:17:42  INFO     [LV] 'EU AI Act' → 8 entries, 23 kept so far
08:17:43  INFO     [EE] 'EU AI Act' → 16 entries, 57 kept so far
08:17:43  INFO     [LT] 'generative AI' → 26 entries, 49 kept so far
08:17:43  INFO     [CY] 'EU AI Act' → 52 entries, 139 kept so far
08:17:43  INFO     [LV] 'generative AI' → 6 entries, 24 kept so far
08:17:43  INFO     [SI] 'generative AI' → 18 entries, 56 kept so far
08:17:44  INFO     [EE] 'generative AI' → 10 entries, 62 kept so far
08:17:44  INFO     [LT] +17 new articles saved
08:17:44  INFO     [LV] +8 new articles saved
08:17:44  INFO     [SI] +15 new articles saved
08:17:44  INFO     [MT] 'artificial intelligence' → 100 entries, 69 kept so far
08:17:44  INFO     [LU] 'artificial intelligence' → 102 entries, 48 kept so far
08:17:45  INFO     [CY] 'generative AI' → 100 entries, 180 kept so far
08:17:45  INFO     [EE] +25 new articles saved
08:17:45  INFO     [MT] 'AI regulation' → 102 entries, 112 kept so far
08:17:46  INFO     [CY] +0 new articles saved
08:17:46  INFO     [LU] 'AI regulation' → 100 entries, 122 kept so far
08:17:47  INFO     [MT] 'machine learning' → 100 entries, 181 kept so far
08:17:47  INFO     [LU] 'machine learning' → 100 entries, 175 kept so far
08:17:48  INFO     [MT] 'EU AI Act' → 100 entries, 260 kept so far
08:17:49  INFO     [LU] 'EU AI Act' → 79 entries, 220 kept so far
08:17:49  INFO     [MT] 'generative AI' → 102 entries, 334 kept so far
08:17:50  INFO     [MT] +0 new articles saved
08:17:50  INFO     [LU] 'generative AI' → 100 entries, 248 kept so far
08:17:51  INFO     [LU] +0 new articles saved
08:17:51  INFO     Scrape complete. 1595 new articles this run.
