15:29:44  INFO     Starting scrape: 27 countries, 5 queries each
/home/runner/work/EU_AI_News/EU_AI_News/eu_ai_news_scraper.py:230: DeprecationWarning: datetime.datetime.utcnow() is deprecated and scheduled for removal in a future version. Use timezone-aware objects to represent datetimes in UTC: datetime.datetime.now(datetime.UTC).
  "scraped_at":   datetime.utcnow().isoformat(),
15:29:45  INFO     [PL] 'artificial intelligence' → 100 entries, 20 kept so far
15:29:45  INFO     [DE] 'artificial intelligence' → 100 entries, 47 kept so far
15:29:45  INFO     [IT] 'artificial intelligence' → 100 entries, 24 kept so far
15:29:45  INFO     [ES] 'artificial intelligence' → 100 entries, 69 kept so far
15:29:45  INFO     [FR] 'artificial intelligence' → 100 entries, 45 kept so far
15:29:46  INFO     [DE] 'AI regulation' → 50 entries, 75 kept so far
15:29:47  INFO     [PL] 'AI regulation' → 79 entries, 77 kept so far
15:29:47  INFO     [IT] 'AI regulation' → 100 entries, 83 kept so far
15:29:47  INFO     [ES] 'AI regulation' → 77 entries, 90 kept so far
15:29:47  INFO     [FR] 'AI regulation' → 100 entries, 123 kept so far
15:29:48  INFO     [DE] 'machine learning' → 100 entries, 118 kept so far
15:29:48  INFO     [PL] 'machine learning' → 100 entries, 112 kept so far
15:29:48  INFO     [IT] 'machine learning' → 100 entries, 157 kept so far
15:29:48  INFO     [ES] 'machine learning' → 100 entries, 162 kept so far
15:29:49  INFO     [FR] 'machine learning' → 100 entries, 181 kept so far
15:29:50  INFO     [PL] 'EU AI Act' → 74 entries, 127 kept so far
15:29:50  INFO     [DE] 'EU AI Act' → 100 entries, 201 kept so far
15:29:50  INFO     [IT] 'EU AI Act' → 100 entries, 231 kept so far
15:29:50  INFO     [FR] 'EU AI Act' → 76 entries, 212 kept so far
15:29:50  INFO     [ES] 'EU AI Act' → 79 entries, 199 kept so far
15:29:51  INFO     [PL] 'generative AI' → 100 entries, 156 kept so far
15:29:52  INFO     [DE] 'generative AI' → 100 entries, 227 kept so far
15:29:52  INFO     [IT] 'generative AI' → 100 entries, 275 kept so far
15:29:52  INFO     [FR] 'generative AI' → 100 entries, 248 kept so far
15:29:52  INFO     [ES] 'generative AI' → 100 entries, 240 kept so far
15:29:52  INFO     [PL] +34 new articles saved
15:29:52  INFO     [NL] 'artificial intelligence' → 0 entries, 0 kept so far
15:29:53  INFO     [DE] +76 new articles saved
15:29:53  INFO     [IT] +88 new articles saved
15:29:53  INFO     [FR] +74 new articles saved
15:29:53  INFO     [ES] +60 new articles saved
15:29:53  INFO     [BE] 'artificial intelligence' → 100 entries, 53 kept so far
15:29:54  INFO     [AT] 'artificial intelligence' → 100 entries, 43 kept so far
15:29:54  INFO     [SE] 'artificial intelligence' → 100 entries, 8 kept so far
15:29:54  INFO     [DK] 'artificial intelligence' → 100 entries, 19 kept so far
15:29:54  INFO     [NL] 'AI regulation' → 78 entries, 35 kept so far
15:29:55  INFO     [AT] 'AI regulation' → 50 entries, 77 kept so far
15:29:55  INFO     [BE] 'AI regulation' → 100 entries, 131 kept so far
15:29:55  INFO     [SE] 'AI regulation' → 63 entries, 25 kept so far
15:29:55  INFO     [DK] 'AI regulation' → 28 entries, 21 kept so far
15:29:56  INFO     [NL] 'machine learning' → 100 entries, 97 kept so far
15:29:57  INFO     [AT] 'machine learning' → 100 entries, 118 kept so far
15:29:57  INFO     [SE] 'machine learning' → 77 entries, 47 kept so far
15:29:57  INFO     [DK] 'machine learning' → 76 entries, 42 kept so far
15:29:57  INFO     [BE] 'machine learning' → 100 entries, 190 kept so far
15:29:58  INFO     [NL] 'EU AI Act' → 90 entries, 125 kept so far
15:29:58  INFO     [SE] 'EU AI Act' → 60 entries, 51 kept so far
15:29:58  INFO     [DK] 'EU AI Act' → 77 entries, 62 kept so far
15:29:59  INFO     [AT] 'EU AI Act' → 100 entries, 198 kept so far
15:29:59  INFO     [BE] 'EU AI Act' → 74 entries, 217 kept so far
15:29:59  INFO     [NL] 'generative AI' → 100 entries, 155 kept so far
15:30:00  INFO     [SE] 'generative AI' → 70 entries, 63 kept so far
15:30:00  INFO     [DK] 'generative AI' → 99 entries, 98 kept so far
15:30:00  INFO     [AT] 'generative AI' → 100 entries, 224 kept so far
15:30:00  INFO     [BE] 'generative AI' → 100 entries, 253 kept so far
15:30:00  INFO     [NL] +22 new articles saved
15:30:01  INFO     [SE] +15 new articles saved
15:30:01  INFO     [FI] 'artificial intelligence' → 100 entries, 66 kept so far
15:30:01  INFO     [DK] +18 new articles saved
15:30:01  INFO     [AT] +25 new articles saved
15:30:01  INFO     [PT] 'artificial intelligence' → 100 entries, 65 kept so far
15:30:01  INFO     [BE] +14 new articles saved
15:30:02  INFO     [CZ] 'artificial intelligence' → 99 entries, 20 kept so far
15:30:02  INFO     [RO] 'artificial intelligence' → 100 entries, 38 kept so far
15:30:02  INFO     [HU] 'artificial intelligence' → 100 entries, 16 kept so far
15:30:02  INFO     [FI] 'AI regulation' → 34 entries, 71 kept so far
15:30:03  INFO     [PT] 'AI regulation' → 78 entries, 101 kept so far
15:30:03  INFO     [CZ] 'AI regulation' → 32 entries, 48 kept so far
15:30:03  INFO     [RO] 'AI regulation' → 13 entries, 41 kept so far
15:30:04  INFO     [HU] 'AI regulation' → 78 entries, 18 kept so far
15:30:05  INFO     [FI] 'machine learning' → 94 entries, 106 kept so far
15:30:05  INFO     [PT] 'machine learning' → 100 entries, 173 kept so far
15:30:05  INFO     [CZ] 'machine learning' → 84 entries, 68 kept so far
15:30:05  INFO     [RO] 'machine learning' → 100 entries, 87 kept so far
15:30:05  INFO     [HU] 'machine learning' → 63 entries, 36 kept so far
15:30:06  INFO     [FI] 'EU AI Act' → 73 entries, 146 kept so far
15:30:06  INFO     [CZ] 'EU AI Act' → 71 entries, 76 kept so far
15:30:06  INFO     [PT] 'EU AI Act' → 78 entries, 184 kept so far
15:30:07  INFO     [RO] 'EU AI Act' → 71 entries, 99 kept so far
15:30:08  INFO     [FI] 'generative AI' → 65 entries, 178 kept so far
15:30:08  INFO     [CZ] 'generative AI' → 79 entries, 96 kept so far
15:30:08  INFO     [HU] 'EU AI Act' → 78 entries, 52 kept so far
15:30:08  INFO     [PT] 'generative AI' → 100 entries, 217 kept so far
15:30:08  INFO     [RO] 'generative AI' → 75 entries, 126 kept so far
15:30:09  INFO     [FI] +47 new articles saved
15:30:09  INFO     [CZ] +29 new articles saved
15:30:09  INFO     [PT] +93 new articles saved
15:30:09  INFO     [SK] 'artificial intelligence' → 0 entries, 0 kept so far
15:30:09  INFO     [RO] +28 new articles saved
15:30:09  INFO     [GR] 'artificial intelligence' → 100 entries, 48 kept so far
15:30:09  INFO     [HU] 'generative AI' → 74 entries, 78 kept so far
15:30:10  INFO     [HR] 'artificial intelligence' → 100 entries, 54 kept so far
15:30:10  INFO     [IE] 'artificial intelligence' → 100 entries, 61 kept so far
15:30:10  INFO     [SK] 'AI regulation' → 9 entries, 1 kept so far
15:30:10  INFO     [HU] +13 new articles saved
15:30:11  INFO     [GR] 'AI regulation' → 79 entries, 81 kept so far
15:30:11  INFO     [BG] 'artificial intelligence' → 83 entries, 38 kept so far
15:30:11  INFO     [HR] 'AI regulation' → 100 entries, 86 kept so far
15:30:12  INFO     [IE] 'AI regulation' → 100 entries, 98 kept so far
15:30:12  INFO     [SK] 'machine learning' → 56 entries, 12 kept so far
15:30:12  INFO     [BG] 'AI regulation' → 3 entries, 39 kept so far
15:30:13  INFO     [GR] 'machine learning' → 94 entries, 120 kept so far
15:30:13  INFO     [HR] 'machine learning' → 100 entries, 159 kept so far
15:30:14  INFO     [SK] 'EU AI Act' → 51 entries, 24 kept so far
15:30:14  INFO     [IE] 'machine learning' → 100 entries, 172 kept so far
15:30:14  INFO     [BG] 'machine learning' → 58 entries, 52 kept so far
15:30:14  INFO     [GR] 'EU AI Act' → 68 entries, 137 kept so far
15:30:15  INFO     [HR] 'EU AI Act' → 100 entries, 236 kept so far
15:30:15  INFO     [SK] 'generative AI' → 41 entries, 37 kept so far
15:30:15  INFO     [BG] 'EU AI Act' → 24 entries, 55 kept so far
15:30:15  INFO     [IE] 'EU AI Act' → 100 entries, 245 kept so far
15:30:16  INFO     [GR] 'generative AI' → 100 entries, 174 kept so far
15:30:16  INFO     [SK] +11 new articles saved
15:30:16  INFO     [HR] 'generative AI' → 102 entries, 294 kept so far
15:30:17  INFO     [BG] 'generative AI' → 29 entries, 58 kept so far
15:30:17  INFO     [GR] +44 new articles saved
15:30:17  INFO     [LT] 'artificial intelligence' → 100 entries, 29 kept so far
15:30:17  INFO     [IE] 'generative AI' → 100 entries, 301 kept so far
15:30:17  INFO     [SI] 'artificial intelligence' → 100 entries, 43 kept so far
15:30:17  INFO     [HR] +169 new articles saved
15:30:18  INFO     [BG] +16 new articles saved
15:30:18  INFO     [LV] 'artificial intelligence' → 70 entries, 26 kept so far
15:30:18  INFO     [EE] 'artificial intelligence' → 100 entries, 51 kept so far
15:30:18  INFO     [LT] 'AI regulation' → 12 entries, 32 kept so far
15:30:18  INFO     [IE] +45 new articles saved
15:30:19  INFO     [CY] 'artificial intelligence' → 100 entries, 48 kept so far
15:30:19  INFO     [SI] 'AI regulation' → 4 entries, 43 kept so far
15:30:19  INFO     [LV] 'AI regulation' → 7 entries, 26 kept so far
15:30:19  INFO     [EE] 'AI regulation' → 20 entries, 52 kept so far
15:30:19  INFO     [LT] 'machine learning' → 31 entries, 36 kept so far
15:30:20  INFO     [SI] 'machine learning' → 23 entries, 47 kept so far
15:30:20  INFO     [LV] 'machine learning' → 10 entries, 28 kept so far
15:30:20  INFO     [CY] 'AI regulation' → 79 entries, 81 kept so far
15:30:21  INFO     [LT] 'EU AI Act' → 16 entries, 38 kept so far
15:30:21  INFO     [EE] 'machine learning' → 16 entries, 53 kept so far
15:30:22  INFO     [LV] 'EU AI Act' → 7 entries, 28 kept so far
15:30:22  INFO     [SI] 'EU AI Act' → 23 entries, 52 kept so far
15:30:22  INFO     [CY] 'machine learning' → 96 entries, 121 kept so far
15:30:22  INFO     [EE] 'EU AI Act' → 20 entries, 57 kept so far
15:30:22  INFO     [LT] 'generative AI' → 29 entries, 46 kept so far
15:30:23  INFO     [LV] 'generative AI' → 10 entries, 30 kept so far
15:30:23  INFO     [SI] 'generative AI' → 13 entries, 55 kept so far
15:30:23  INFO     [CY] 'EU AI Act' → 68 entries, 138 kept so far
15:30:23  INFO     [LT] +8 new articles saved
15:30:24  INFO     [EE] 'generative AI' → 16 entries, 63 kept so far
15:30:24  INFO     [LV] +5 new articles saved
15:30:24  INFO     [LU] 'artificial intelligence' → 100 entries, 45 kept so far
15:30:24  INFO     [SI] +10 new articles saved
15:30:24  INFO     [MT] 'artificial intelligence' → 100 entries, 54 kept so far
15:30:25  INFO     [EE] +12 new articles saved
15:30:25  INFO     [CY] 'generative AI' → 100 entries, 175 kept so far
15:30:25  INFO     [MT] 'AI regulation' → 100 entries, 86 kept so far
15:30:26  INFO     [LU] 'AI regulation' → 100 entries, 124 kept so far
15:30:26  INFO     [CY] +1 new articles saved
15:30:26  INFO     [MT] 'machine learning' → 100 entries, 159 kept so far
15:30:27  INFO     [LU] 'machine learning' → 100 entries, 183 kept so far
15:30:27  INFO     [MT] 'EU AI Act' → 100 entries, 236 kept so far
15:30:29  INFO     [MT] 'generative AI' → 102 entries, 294 kept so far
15:30:29  INFO     [LU] 'EU AI Act' → 76 entries, 212 kept so far
15:30:30  INFO     [MT] +0 new articles saved
15:30:30  INFO     [LU] 'generative AI' → 100 entries, 249 kept so far
15:30:31  INFO     [LU] +1 new articles saved
15:30:31  INFO     Scrape complete. 958 new articles this run.
