19:16:32  INFO     Starting scrape: 27 countries, 5 queries each
/home/runner/work/EU_AI_News/EU_AI_News/eu_ai_news_scraper.py:230: DeprecationWarning: datetime.datetime.utcnow() is deprecated and scheduled for removal in a future version. Use timezone-aware objects to represent datetimes in UTC: datetime.datetime.now(datetime.UTC).
  "scraped_at":   datetime.utcnow().isoformat(),
19:16:33  INFO     [FR] 'artificial intelligence' → 100 entries, 34 kept so far
19:16:33  INFO     [PL] 'artificial intelligence' → 100 entries, 15 kept so far
19:16:33  INFO     [DE] 'artificial intelligence' → 100 entries, 43 kept so far
19:16:33  INFO     [IT] 'artificial intelligence' → 100 entries, 33 kept so far
19:16:33  INFO     [ES] 'artificial intelligence' → 100 entries, 58 kept so far
19:16:34  INFO     [FR] 'AI regulation' → 100 entries, 108 kept so far
19:16:34  INFO     [PL] 'AI regulation' → 100 entries, 80 kept so far
19:16:34  INFO     [DE] 'AI regulation' → 100 entries, 117 kept so far
19:16:35  INFO     [IT] 'AI regulation' → 100 entries, 120 kept so far
19:16:35  INFO     [ES] 'AI regulation' → 78 entries, 105 kept so far
19:16:36  INFO     [FR] 'machine learning' → 100 entries, 158 kept so far
19:16:36  INFO     [PL] 'machine learning' → 100 entries, 116 kept so far
19:16:36  INFO     [IT] 'machine learning' → 100 entries, 194 kept so far
19:16:36  INFO     [DE] 'machine learning' → 100 entries, 162 kept so far
19:16:36  INFO     [ES] 'machine learning' → 100 entries, 177 kept so far
19:16:37  INFO     [FR] 'EU AI Act' → 78 entries, 204 kept so far
19:16:38  INFO     [PL] 'EU AI Act' → 76 entries, 131 kept so far
19:16:38  INFO     [IT] 'EU AI Act' → 100 entries, 258 kept so far
19:16:38  INFO     [DE] 'EU AI Act' → 100 entries, 232 kept so far
19:16:38  INFO     [ES] 'EU AI Act' → 77 entries, 202 kept so far
19:16:39  INFO     [FR] 'generative AI' → 100 entries, 233 kept so far
19:16:39  INFO     [PL] 'generative AI' → 100 entries, 164 kept so far
19:16:39  INFO     [IT] 'generative AI' → 100 entries, 301 kept so far
19:16:39  INFO     [DE] 'generative AI' → 100 entries, 254 kept so far
19:16:40  INFO     [ES] 'generative AI' → 100 entries, 241 kept so far
19:16:40  INFO     [FR] +104 new articles saved
19:16:40  INFO     [PL] +73 new articles saved
19:16:40  INFO     [IT] +138 new articles saved
19:16:40  INFO     [NL] 'artificial intelligence' → 100 entries, 10 kept so far
19:16:41  INFO     [DE] +169 new articles saved
19:16:41  INFO     [BE] 'artificial intelligence' → 100 entries, 44 kept so far
19:16:41  INFO     [ES] +115 new articles saved
19:16:41  INFO     [SE] 'artificial intelligence' → 100 entries, 6 kept so far
19:16:41  INFO     [AT] 'artificial intelligence' → 100 entries, 41 kept so far
19:16:42  INFO     [DK] 'artificial intelligence' → 100 entries, 13 kept so far
19:16:42  INFO     [NL] 'AI regulation' → 78 entries, 47 kept so far
19:16:42  INFO     [BE] 'AI regulation' → 100 entries, 118 kept so far
19:16:43  INFO     [SE] 'AI regulation' → 78 entries, 21 kept so far
19:16:43  INFO     [AT] 'AI regulation' → 100 entries, 120 kept so far
19:16:43  INFO     [DK] 'AI regulation' → 30 entries, 17 kept so far
19:16:44  INFO     [NL] 'machine learning' → 100 entries, 101 kept so far
19:16:44  INFO     [BE] 'machine learning' → 100 entries, 169 kept so far
19:16:44  INFO     [SE] 'machine learning' → 71 entries, 43 kept so far
19:16:44  INFO     [AT] 'machine learning' → 100 entries, 167 kept so far
19:16:45  INFO     [DK] 'machine learning' → 80 entries, 41 kept so far
19:16:45  INFO     [NL] 'EU AI Act' → 96 entries, 129 kept so far
19:16:46  INFO     [BE] 'EU AI Act' → 79 entries, 213 kept so far
19:16:46  INFO     [SE] 'EU AI Act' → 76 entries, 51 kept so far
19:16:46  INFO     [AT] 'EU AI Act' → 100 entries, 248 kept so far
19:16:46  INFO     [DK] 'EU AI Act' → 75 entries, 58 kept so far
19:16:47  INFO     [NL] 'generative AI' → 100 entries, 158 kept so far
19:16:47  INFO     [SE] 'generative AI' → 72 entries, 62 kept so far
19:16:47  INFO     [BE] 'generative AI' → 100 entries, 243 kept so far
19:16:48  INFO     [AT] 'generative AI' → 100 entries, 269 kept so far
19:16:48  INFO     [NL] +48 new articles saved
19:16:48  INFO     [DK] 'generative AI' → 100 entries, 94 kept so far
19:16:48  INFO     [SE] +19 new articles saved
19:16:48  INFO     [BE] +24 new articles saved
19:16:49  INFO     [FI] 'artificial intelligence' → 100 entries, 54 kept so far
19:16:49  INFO     [CZ] 'artificial intelligence' → 100 entries, 19 kept so far
19:16:49  INFO     [AT] +45 new articles saved
19:16:49  INFO     [PT] 'artificial intelligence' → 100 entries, 59 kept so far
19:16:49  INFO     [DK] +28 new articles saved
19:16:49  INFO     [RO] 'artificial intelligence' → 100 entries, 42 kept so far
19:16:50  INFO     [HU] 'artificial intelligence' → 100 entries, 18 kept so far
19:16:50  INFO     [FI] 'AI regulation' → 50 entries, 67 kept so far
19:16:50  INFO     [CZ] 'AI regulation' → 73 entries, 43 kept so far
19:16:51  INFO     [PT] 'AI regulation' → 78 entries, 90 kept so far
19:16:51  INFO     [RO] 'AI regulation' → 79 entries, 52 kept so far
19:16:51  INFO     [HU] 'AI regulation' → 79 entries, 22 kept so far
19:16:52  INFO     [FI] 'machine learning' → 95 entries, 106 kept so far
19:16:52  INFO     [CZ] 'machine learning' → 82 entries, 62 kept so far
19:16:52  INFO     [PT] 'machine learning' → 100 entries, 169 kept so far
19:16:53  INFO     [RO] 'machine learning' → 100 entries, 102 kept so far
19:16:53  INFO     [HU] 'machine learning' → 67 entries, 43 kept so far
19:16:54  INFO     [FI] 'EU AI Act' → 76 entries, 143 kept so far
19:16:54  INFO     [CZ] 'EU AI Act' → 76 entries, 78 kept so far
19:16:54  INFO     [PT] 'EU AI Act' → 46 entries, 176 kept so far
19:16:54  INFO     [RO] 'EU AI Act' → 77 entries, 115 kept so far
19:16:54  INFO     [HU] 'EU AI Act' → 77 entries, 63 kept so far
19:16:55  INFO     [FI] 'generative AI' → 66 entries, 183 kept so far
19:16:55  INFO     [CZ] 'generative AI' → 86 entries, 96 kept so far
19:16:56  INFO     [RO] 'generative AI' → 81 entries, 136 kept so far
19:16:56  INFO     [PT] 'generative AI' → 100 entries, 205 kept so far
19:16:56  INFO     [HU] 'generative AI' → 72 entries, 86 kept so far
19:16:56  INFO     [FI] +75 new articles saved
19:16:56  INFO     [CZ] +53 new articles saved
19:16:57  INFO     [GR] 'artificial intelligence' → 100 entries, 46 kept so far
19:16:57  INFO     [RO] +51 new articles saved
19:16:57  INFO     [SK] 'artificial intelligence' → 100 entries, 21 kept so far
19:16:57  INFO     [PT] +92 new articles saved
19:16:57  INFO     [HU] +37 new articles saved
19:16:57  INFO     [HR] 'artificial intelligence' → 102 entries, 62 kept so far
19:16:57  INFO     [BG] 'artificial intelligence' → 72 entries, 35 kept so far
19:16:58  INFO     [IE] 'artificial intelligence' → 102 entries, 70 kept so far
19:16:58  INFO     [GR] 'AI regulation' → 47 entries, 86 kept so far
19:16:58  INFO     [SK] 'AI regulation' → 24 entries, 24 kept so far
19:16:59  INFO     [BG] 'AI regulation' → 11 entries, 38 kept so far
19:16:59  INFO     [HR] 'AI regulation' → 100 entries, 102 kept so far
19:16:59  INFO     [IE] 'AI regulation' → 100 entries, 104 kept so far
19:17:00  INFO     [SK] 'machine learning' → 58 entries, 38 kept so far
19:17:00  INFO     [GR] 'machine learning' → 92 entries, 124 kept so far
19:17:00  INFO     [BG] 'machine learning' → 53 entries, 46 kept so far
19:17:01  INFO     [HR] 'machine learning' → 100 entries, 169 kept so far
19:17:01  INFO     [IE] 'machine learning' → 100 entries, 168 kept so far
19:17:01  INFO     [SK] 'EU AI Act' → 60 entries, 53 kept so far
19:17:01  INFO     [GR] 'EU AI Act' → 56 entries, 140 kept so far
19:17:02  INFO     [BG] 'EU AI Act' → 11 entries, 49 kept so far
19:17:02  INFO     [HR] 'EU AI Act' → 100 entries, 247 kept so far
19:17:03  INFO     [SK] 'generative AI' → 50 entries, 61 kept so far
19:17:03  INFO     [IE] 'EU AI Act' → 100 entries, 243 kept so far
19:17:03  INFO     [GR] 'generative AI' → 100 entries, 183 kept so far
19:17:03  INFO     [BG] 'generative AI' → 32 entries, 55 kept so far
19:17:04  INFO     [SK] +21 new articles saved
19:17:04  INFO     [HR] 'generative AI' → 102 entries, 307 kept so far
19:17:04  INFO     [GR] +104 new articles saved
19:17:04  INFO     [BG] +27 new articles saved
19:17:04  INFO     [LT] 'artificial intelligence' → 90 entries, 37 kept so far
19:17:04  INFO     [SI] 'artificial intelligence' → 100 entries, 48 kept so far
19:17:04  INFO     [IE] 'generative AI' → 100 entries, 304 kept so far
19:17:05  INFO     [LV] 'artificial intelligence' → 72 entries, 21 kept so far
19:17:05  INFO     [HR] +234 new articles saved
19:17:05  INFO     [LT] 'AI regulation' → 8 entries, 37 kept so far
19:17:05  INFO     [IE] +74 new articles saved
19:17:06  INFO     [EE] 'artificial intelligence' → 100 entries, 49 kept so far
19:17:06  INFO     [SI] 'AI regulation' → 3 entries, 48 kept so far
19:17:06  INFO     [LV] 'AI regulation' → 6 entries, 21 kept so far
19:17:06  INFO     [CY] 'artificial intelligence' → 100 entries, 46 kept so far
19:17:07  INFO     [LT] 'machine learning' → 46 entries, 43 kept so far
19:17:07  INFO     [SI] 'machine learning' → 25 entries, 51 kept so far
19:17:07  INFO     [EE] 'AI regulation' → 7 entries, 49 kept so far
19:17:07  INFO     [LV] 'machine learning' → 11 entries, 23 kept so far
19:17:08  INFO     [CY] 'AI regulation' → 47 entries, 86 kept so far
19:17:08  INFO     [LT] 'EU AI Act' → 19 entries, 44 kept so far
19:17:08  INFO     [LV] 'EU AI Act' → 8 entries, 23 kept so far
19:17:09  INFO     [SI] 'EU AI Act' → 22 entries, 55 kept so far
19:17:09  INFO     [EE] 'machine learning' → 30 entries, 53 kept so far
19:17:09  INFO     [CY] 'machine learning' → 92 entries, 124 kept so far
19:17:10  INFO     [LT] 'generative AI' → 26 entries, 50 kept so far
19:17:10  INFO     [LV] 'generative AI' → 6 entries, 24 kept so far
19:17:10  INFO     [SI] 'generative AI' → 17 entries, 58 kept so far
19:17:10  INFO     [EE] 'EU AI Act' → 17 entries, 55 kept so far
19:17:11  INFO     [CY] 'EU AI Act' → 56 entries, 140 kept so far
19:17:11  INFO     [LT] +18 new articles saved
19:17:11  INFO     [LV] +9 new articles saved
19:17:11  INFO     [MT] 'artificial intelligence' → 102 entries, 62 kept so far
19:17:11  INFO     [SI] +17 new articles saved
19:17:11  INFO     [LU] 'artificial intelligence' → 100 entries, 34 kept so far
19:17:12  INFO     [EE] 'generative AI' → 10 entries, 59 kept so far
19:17:12  INFO     [CY] 'generative AI' → 100 entries, 183 kept so far
19:17:12  INFO     [MT] 'AI regulation' → 100 entries, 102 kept so far
19:17:13  INFO     [LU] 'AI regulation' → 100 entries, 108 kept so far
19:17:13  INFO     [EE] +21 new articles saved
19:17:13  INFO     [CY] +0 new articles saved
19:17:13  INFO     [MT] 'machine learning' → 100 entries, 169 kept so far
19:17:14  INFO     [LU] 'machine learning' → 100 entries, 158 kept so far
19:17:15  INFO     [MT] 'EU AI Act' → 100 entries, 247 kept so far
19:17:16  INFO     [LU] 'EU AI Act' → 78 entries, 204 kept so far
19:17:16  INFO     [MT] 'generative AI' → 102 entries, 307 kept so far
19:17:17  INFO     [MT] +0 new articles saved
19:17:17  INFO     [LU] 'generative AI' → 100 entries, 233 kept so far
19:17:18  INFO     [LU] +0 new articles saved
19:17:18  INFO     Scrape complete. 1596 new articles this run.
