04:51:39  INFO     Starting scrape: 27 countries, 5 queries each
/home/runner/work/EU_AI_News/EU_AI_News/eu_ai_news_scraper.py:230: DeprecationWarning: datetime.datetime.utcnow() is deprecated and scheduled for removal in a future version. Use timezone-aware objects to represent datetimes in UTC: datetime.datetime.now(datetime.UTC).
  "scraped_at":   datetime.utcnow().isoformat(),
04:51:40  INFO     [PL] 'artificial intelligence' → 100 entries, 22 kept so far
04:51:40  INFO     [FR] 'artificial intelligence' → 100 entries, 46 kept so far
04:51:40  INFO     [IT] 'artificial intelligence' → 100 entries, 28 kept so far
04:51:40  INFO     [ES] 'artificial intelligence' → 100 entries, 67 kept so far
04:51:40  INFO     [DE] 'artificial intelligence' → 100 entries, 44 kept so far
04:51:42  INFO     [PL] 'AI regulation' → 79 entries, 78 kept so far
04:51:42  INFO     [FR] 'AI regulation' → 100 entries, 138 kept so far
04:51:42  INFO     [IT] 'AI regulation' → 100 entries, 110 kept so far
04:51:42  INFO     [DE] 'AI regulation' → 91 entries, 112 kept so far
04:51:42  INFO     [ES] 'AI regulation' → 77 entries, 103 kept so far
04:51:43  INFO     [FR] 'machine learning' → 100 entries, 197 kept so far
04:51:43  INFO     [PL] 'machine learning' → 100 entries, 115 kept so far
04:51:44  INFO     [IT] 'machine learning' → 100 entries, 184 kept so far
04:51:44  INFO     [DE] 'machine learning' → 100 entries, 153 kept so far
04:51:44  INFO     [ES] 'machine learning' → 100 entries, 177 kept so far
04:51:45  INFO     [PL] 'EU AI Act' → 74 entries, 129 kept so far
04:51:45  INFO     [FR] 'EU AI Act' → 73 entries, 224 kept so far
04:51:45  INFO     [IT] 'EU AI Act' → 100 entries, 260 kept so far
04:51:45  INFO     [DE] 'EU AI Act' → 100 entries, 227 kept so far
04:51:45  INFO     [ES] 'EU AI Act' → 79 entries, 199 kept so far
04:51:46  INFO     [PL] 'generative AI' → 100 entries, 157 kept so far
04:51:47  INFO     [FR] 'generative AI' → 100 entries, 259 kept so far
04:51:47  INFO     [DE] 'generative AI' → 100 entries, 255 kept so far
04:51:47  INFO     [IT] 'generative AI' → 100 entries, 303 kept so far
04:51:47  INFO     [ES] 'generative AI' → 100 entries, 243 kept so far
04:51:47  INFO     [PL] +29 new articles saved
04:51:48  INFO     [FR] +62 new articles saved
04:51:48  INFO     [DE] +75 new articles saved
04:51:48  INFO     [IT] +90 new articles saved
04:51:48  INFO     [NL] 'artificial intelligence' → 100 entries, 9 kept so far
04:51:48  INFO     [ES] +49 new articles saved
04:51:48  INFO     [BE] 'artificial intelligence' → 100 entries, 57 kept so far
04:51:48  INFO     [SE] 'artificial intelligence' → 100 entries, 11 kept so far
04:51:49  INFO     [AT] 'artificial intelligence' → 100 entries, 40 kept so far
04:51:49  INFO     [DK] 'artificial intelligence' → 100 entries, 20 kept so far
04:51:49  INFO     [NL] 'AI regulation' → 78 entries, 47 kept so far
04:51:50  INFO     [SE] 'AI regulation' → 77 entries, 26 kept so far
04:51:50  INFO     [BE] 'AI regulation' → 100 entries, 146 kept so far
04:51:50  INFO     [AT] 'AI regulation' → 95 entries, 110 kept so far
04:51:50  INFO     [DK] 'AI regulation' → 37 entries, 25 kept so far
04:51:51  INFO     [NL] 'machine learning' → 0 entries, 47 kept so far
04:51:51  INFO     [SE] 'machine learning' → 76 entries, 49 kept so far
04:51:52  INFO     [DK] 'machine learning' → 75 entries, 46 kept so far
04:51:52  INFO     [AT] 'machine learning' → 100 entries, 186 kept so far
04:51:52  INFO     [BE] 'machine learning' → 100 entries, 205 kept so far
04:51:52  INFO     [NL] 'EU AI Act' → 90 entries, 74 kept so far
04:51:53  INFO     [SE] 'EU AI Act' → 59 entries, 55 kept so far
04:51:53  INFO     [DK] 'EU AI Act' → 77 entries, 64 kept so far
04:51:53  INFO     [BE] 'EU AI Act' → 73 entries, 230 kept so far
04:51:53  INFO     [AT] 'EU AI Act' → 100 entries, 267 kept so far
04:51:54  INFO     [NL] 'generative AI' → 100 entries, 102 kept so far
04:51:54  INFO     [SE] 'generative AI' → 70 entries, 68 kept so far
04:51:55  INFO     [DK] 'generative AI' → 100 entries, 99 kept so far
04:51:55  INFO     [AT] 'generative AI' → 100 entries, 295 kept so far
04:51:55  INFO     [BE] 'generative AI' → 100 entries, 259 kept so far
04:51:55  INFO     [NL] +16 new articles saved
04:51:55  INFO     [SE] +15 new articles saved
04:51:56  INFO     [FI] 'artificial intelligence' → 100 entries, 65 kept so far
04:51:56  INFO     [DK] +16 new articles saved
04:51:56  INFO     [PT] 'artificial intelligence' → 100 entries, 60 kept so far
04:51:56  INFO     [AT] +52 new articles saved
04:51:56  INFO     [BE] +9 new articles saved
04:51:56  INFO     [CZ] 'artificial intelligence' → 99 entries, 21 kept so far
04:51:57  INFO     [RO] 'artificial intelligence' → 100 entries, 37 kept so far
04:51:57  INFO     [HU] 'artificial intelligence' → 100 entries, 14 kept so far
04:51:57  INFO     [FI] 'AI regulation' → 45 entries, 72 kept so far
04:51:58  INFO     [PT] 'AI regulation' → 78 entries, 95 kept so far
04:51:58  INFO     [CZ] 'AI regulation' → 78 entries, 35 kept so far
04:51:58  INFO     [RO] 'AI regulation' → 78 entries, 46 kept so far
04:51:58  INFO     [HU] 'AI regulation' → 78 entries, 18 kept so far
04:51:59  INFO     [FI] 'machine learning' → 96 entries, 106 kept so far
04:51:59  INFO     [CZ] 'machine learning' → 81 entries, 53 kept so far
04:51:59  INFO     [PT] 'machine learning' → 100 entries, 170 kept so far
04:52:00  INFO     [RO] 'machine learning' → 100 entries, 92 kept so far
04:52:00  INFO     [HU] 'machine learning' → 62 entries, 38 kept so far
04:52:00  INFO     [FI] 'EU AI Act' → 76 entries, 145 kept so far
04:52:01  INFO     [CZ] 'EU AI Act' → 71 entries, 65 kept so far
04:52:01  INFO     [PT] 'EU AI Act' → 65 entries, 181 kept so far
04:52:01  INFO     [RO] 'EU AI Act' → 71 entries, 107 kept so far
04:52:01  INFO     [HU] 'EU AI Act' → 77 entries, 53 kept so far
04:52:02  INFO     [FI] 'generative AI' → 64 entries, 177 kept so far
04:52:02  INFO     [CZ] 'generative AI' → 79 entries, 84 kept so far
04:52:02  INFO     [PT] 'generative AI' → 100 entries, 214 kept so far
04:52:03  INFO     [RO] 'generative AI' → 75 entries, 133 kept so far
04:52:03  INFO     [HU] 'generative AI' → 73 entries, 79 kept so far
04:52:03  INFO     [FI] +43 new articles saved
04:52:03  INFO     [CZ] +14 new articles saved
04:52:03  INFO     [GR] 'artificial intelligence' → 100 entries, 46 kept so far
04:52:03  INFO     [PT] +45 new articles saved
04:52:04  INFO     [RO] +27 new articles saved
04:52:04  INFO     [HR] 'artificial intelligence' → 100 entries, 52 kept so far
04:52:04  INFO     [SK] 'artificial intelligence' → 100 entries, 28 kept so far
04:52:04  INFO     [HU] +11 new articles saved
04:52:04  INFO     [IE] 'artificial intelligence' → 100 entries, 65 kept so far
04:52:04  INFO     [BG] 'artificial intelligence' → 79 entries, 37 kept so far
04:52:05  INFO     [GR] 'AI regulation' → 79 entries, 79 kept so far
04:52:05  INFO     [SK] 'AI regulation' → 12 entries, 29 kept so far
04:52:05  INFO     [HR] 'AI regulation' → 100 entries, 90 kept so far
04:52:06  INFO     [BG] 'AI regulation' → 7 entries, 38 kept so far
04:52:06  INFO     [IE] 'AI regulation' → 100 entries, 101 kept so far
04:52:06  INFO     [GR] 'machine learning' → 95 entries, 120 kept so far
04:52:07  INFO     [SK] 'machine learning' → 55 entries, 39 kept so far
04:52:07  INFO     [HR] 'machine learning' → 100 entries, 164 kept so far
04:52:07  INFO     [BG] 'machine learning' → 58 entries, 50 kept so far
04:52:08  INFO     [IE] 'machine learning' → 100 entries, 172 kept so far
04:52:08  INFO     [GR] 'EU AI Act' → 70 entries, 135 kept so far
04:52:08  INFO     [SK] 'EU AI Act' → 51 entries, 51 kept so far
04:52:08  INFO     [HR] 'EU AI Act' → 100 entries, 240 kept so far
04:52:09  INFO     [BG] 'EU AI Act' → 7 entries, 52 kept so far
04:52:09  INFO     [IE] 'EU AI Act' → 100 entries, 247 kept so far
04:52:09  INFO     [GR] 'generative AI' → 100 entries, 173 kept so far
04:52:10  INFO     [SK] 'generative AI' → 40 entries, 60 kept so far
04:52:10  INFO     [BG] 'generative AI' → 29 entries, 56 kept so far
04:52:10  INFO     [HR] 'generative AI' → 102 entries, 298 kept so far
04:52:10  INFO     [GR] +41 new articles saved
04:52:11  INFO     [SK] +19 new articles saved
04:52:11  INFO     [BG] +14 new articles saved
04:52:11  INFO     [LT] 'artificial intelligence' → 94 entries, 28 kept so far
04:52:11  INFO     [IE] 'generative AI' → 100 entries, 307 kept so far
04:52:11  INFO     [HR] +167 new articles saved
04:52:11  INFO     [LV] 'artificial intelligence' → 26 entries, 11 kept so far
04:52:11  INFO     [SI] 'artificial intelligence' → 100 entries, 44 kept so far
04:52:12  INFO     [EE] 'artificial intelligence' → 100 entries, 50 kept so far
04:52:12  INFO     [IE] +43 new articles saved
04:52:12  INFO     [LT] 'AI regulation' → 9 entries, 29 kept so far
04:52:12  INFO     [LV] 'AI regulation' → 10 entries, 11 kept so far
04:52:13  INFO     [SI] 'AI regulation' → 4 entries, 44 kept so far
04:52:13  INFO     [CY] 'artificial intelligence' → 100 entries, 44 kept so far
04:52:13  INFO     [EE] 'AI regulation' → 16 entries, 51 kept so far
04:52:14  INFO     [LT] 'machine learning' → 32 entries, 33 kept so far
04:52:14  INFO     [LV] 'machine learning' → 9 entries, 13 kept so far
04:52:14  INFO     [SI] 'machine learning' → 23 entries, 48 kept so far
04:52:14  INFO     [CY] 'AI regulation' → 79 entries, 76 kept so far
04:52:14  INFO     [EE] 'machine learning' → 15 entries, 52 kept so far
04:52:15  INFO     [LV] 'EU AI Act' → 7 entries, 13 kept so far
04:52:15  INFO     [LT] 'EU AI Act' → 14 entries, 35 kept so far
04:52:15  INFO     [SI] 'EU AI Act' → 23 entries, 52 kept so far
04:52:16  INFO     [CY] 'machine learning' → 95 entries, 117 kept so far
04:52:16  INFO     [EE] 'EU AI Act' → 21 entries, 56 kept so far
04:52:16  INFO     [LV] 'generative AI' → 10 entries, 16 kept so far
04:52:16  INFO     [LT] 'generative AI' → 29 entries, 43 kept so far
04:52:17  INFO     [SI] 'generative AI' → 12 entries, 55 kept so far
04:52:17  INFO     [EE] 'generative AI' → 16 entries, 62 kept so far
04:52:17  INFO     [CY] 'EU AI Act' → 70 entries, 131 kept so far
04:52:17  INFO     [LV] +2 new articles saved
04:52:17  INFO     [LT] +5 new articles saved
04:52:18  INFO     [SI] +10 new articles saved
04:52:18  INFO     [LU] 'artificial intelligence' → 100 entries, 46 kept so far
04:52:18  INFO     [MT] 'artificial intelligence' → 100 entries, 52 kept so far
04:52:18  INFO     [EE] +12 new articles saved
04:52:19  INFO     [CY] 'generative AI' → 100 entries, 169 kept so far
04:52:19  INFO     [MT] 'AI regulation' → 100 entries, 90 kept so far
04:52:19  INFO     [LU] 'AI regulation' → 100 entries, 138 kept so far
04:52:20  INFO     [CY] +1 new articles saved
04:52:20  INFO     [MT] 'machine learning' → 100 entries, 164 kept so far
04:52:21  INFO     [LU] 'machine learning' → 100 entries, 197 kept so far
04:52:21  INFO     [MT] 'EU AI Act' → 100 entries, 240 kept so far
04:52:22  INFO     [MT] 'generative AI' → 102 entries, 298 kept so far
04:52:22  INFO     [LU] 'EU AI Act' → 73 entries, 223 kept so far
04:52:23  INFO     [MT] +0 new articles saved
04:52:24  INFO     [LU] 'generative AI' → 100 entries, 258 kept so far
04:52:25  INFO     [LU] +0 new articles saved
04:52:25  INFO     Scrape complete. 867 new articles this run.
