20:11:39  INFO     Starting scrape: 27 countries, 5 queries each
/home/runner/work/EU_AI_News/EU_AI_News/eu_ai_news_scraper.py:230: DeprecationWarning: datetime.datetime.utcnow() is deprecated and scheduled for removal in a future version. Use timezone-aware objects to represent datetimes in UTC: datetime.datetime.now(datetime.UTC).
  "scraped_at":   datetime.utcnow().isoformat(),
20:11:40  INFO     [FR] 'artificial intelligence' → 100 entries, 44 kept so far
20:11:40  INFO     [IT] 'artificial intelligence' → 100 entries, 32 kept so far
20:11:40  INFO     [DE] 'artificial intelligence' → 100 entries, 52 kept so far
20:11:40  INFO     [PL] 'artificial intelligence' → 100 entries, 22 kept so far
20:11:40  INFO     [ES] 'artificial intelligence' → 100 entries, 67 kept so far
20:11:41  INFO     [FR] 'AI regulation' → 100 entries, 125 kept so far
20:11:42  INFO     [DE] 'AI regulation' → 100 entries, 129 kept so far
20:11:42  INFO     [PL] 'AI regulation' → 79 entries, 80 kept so far
20:11:42  INFO     [IT] 'AI regulation' → 100 entries, 120 kept so far
20:11:42  INFO     [ES] 'AI regulation' → 78 entries, 116 kept so far
20:11:43  INFO     [FR] 'machine learning' → 100 entries, 181 kept so far
20:11:43  INFO     [DE] 'machine learning' → 100 entries, 166 kept so far
20:11:43  INFO     [PL] 'machine learning' → 100 entries, 118 kept so far
20:11:43  INFO     [IT] 'machine learning' → 100 entries, 191 kept so far
20:11:44  INFO     [ES] 'machine learning' → 100 entries, 190 kept so far
20:11:45  INFO     [FR] 'EU AI Act' → 83 entries, 228 kept so far
20:11:45  INFO     [DE] 'EU AI Act' → 100 entries, 240 kept so far
20:11:45  INFO     [PL] 'EU AI Act' → 77 entries, 136 kept so far
20:11:45  INFO     [IT] 'EU AI Act' → 100 entries, 269 kept so far
20:11:45  INFO     [ES] 'EU AI Act' → 79 entries, 213 kept so far
20:11:46  INFO     [FR] 'generative AI' → 100 entries, 265 kept so far
20:11:46  INFO     [PL] 'generative AI' → 100 entries, 165 kept so far
20:11:47  INFO     [DE] 'generative AI' → 100 entries, 262 kept so far
20:11:47  INFO     [IT] 'generative AI' → 100 entries, 313 kept so far
20:11:47  INFO     [ES] 'generative AI' → 100 entries, 253 kept so far
20:11:47  INFO     [FR] +96 new articles saved
20:11:47  INFO     [PL] +68 new articles saved
20:11:48  INFO     [NL] 'artificial intelligence' → 100 entries, 8 kept so far
20:11:48  INFO     [DE] +140 new articles saved
20:11:48  INFO     [IT] +114 new articles saved
20:11:48  INFO     [ES] +90 new articles saved
20:11:48  INFO     [BE] 'artificial intelligence' → 100 entries, 53 kept so far
20:11:48  INFO     [SE] 'artificial intelligence' → 100 entries, 8 kept so far
20:11:49  INFO     [AT] 'artificial intelligence' → 100 entries, 48 kept so far
20:11:49  INFO     [DK] 'artificial intelligence' → 100 entries, 13 kept so far
20:11:49  INFO     [NL] 'AI regulation' → 78 entries, 56 kept so far
20:11:50  INFO     [BE] 'AI regulation' → 100 entries, 135 kept so far
20:11:50  INFO     [SE] 'AI regulation' → 75 entries, 20 kept so far
20:11:50  INFO     [DK] 'AI regulation' → 33 entries, 16 kept so far
20:11:50  INFO     [AT] 'AI regulation' → 97 entries, 120 kept so far
20:11:51  INFO     [NL] 'machine learning' → 100 entries, 118 kept so far
20:11:51  INFO     [SE] 'machine learning' → 76 entries, 43 kept so far
20:11:52  INFO     [BE] 'machine learning' → 100 entries, 192 kept so far
20:11:52  INFO     [DK] 'machine learning' → 78 entries, 38 kept so far
20:11:52  INFO     [AT] 'machine learning' → 100 entries, 160 kept so far
20:11:52  INFO     [NL] 'EU AI Act' → 99 entries, 134 kept so far
20:11:53  INFO     [SE] 'EU AI Act' → 61 entries, 49 kept so far
20:11:53  INFO     [BE] 'EU AI Act' → 81 entries, 236 kept so far
20:11:53  INFO     [DK] 'EU AI Act' → 75 entries, 55 kept so far
20:11:54  INFO     [NL] 'generative AI' → 100 entries, 166 kept so far
20:11:55  INFO     [SE] 'generative AI' → 71 entries, 60 kept so far
20:11:55  INFO     [BE] 'generative AI' → 100 entries, 275 kept so far
20:11:55  INFO     [DK] 'generative AI' → 95 entries, 90 kept so far
20:11:55  INFO     [NL] +47 new articles saved
20:11:55  INFO     [AT] 'EU AI Act' → 100 entries, 240 kept so far
20:11:56  INFO     [SE] +14 new articles saved
20:11:56  INFO     [FI] 'artificial intelligence' → 100 entries, 67 kept so far
20:11:56  INFO     [BE] +15 new articles saved
20:11:56  INFO     [DK] +22 new articles saved
20:11:56  INFO     [PT] 'artificial intelligence' → 100 entries, 56 kept so far
20:11:57  INFO     [CZ] 'artificial intelligence' → 100 entries, 19 kept so far
20:11:57  INFO     [RO] 'artificial intelligence' → 100 entries, 38 kept so far
20:11:57  INFO     [AT] 'generative AI' → 100 entries, 263 kept so far
20:11:57  INFO     [FI] 'AI regulation' → 47 entries, 80 kept so far
20:11:58  INFO     [PT] 'AI regulation' → 78 entries, 92 kept so far
20:11:58  INFO     [AT] +14 new articles saved
20:11:58  INFO     [CZ] 'AI regulation' → 72 entries, 44 kept so far
20:11:58  INFO     [RO] 'AI regulation' → 77 entries, 43 kept so far
20:11:59  INFO     [HU] 'artificial intelligence' → 100 entries, 15 kept so far
20:11:59  INFO     [FI] 'machine learning' → 85 entries, 111 kept so far
20:12:00  INFO     [PT] 'machine learning' → 100 entries, 167 kept so far
20:12:00  INFO     [CZ] 'machine learning' → 80 entries, 63 kept so far
20:12:00  INFO     [RO] 'machine learning' → 100 entries, 88 kept so far
20:12:00  INFO     [HU] 'AI regulation' → 79 entries, 19 kept so far
20:12:01  INFO     [FI] 'EU AI Act' → 72 entries, 146 kept so far
20:12:01  INFO     [PT] 'EU AI Act' → 59 entries, 178 kept so far
20:12:01  INFO     [CZ] 'EU AI Act' → 70 entries, 72 kept so far
20:12:02  INFO     [RO] 'EU AI Act' → 69 entries, 102 kept so far
20:12:02  INFO     [HU] 'machine learning' → 69 entries, 44 kept so far
20:12:02  INFO     [FI] 'generative AI' → 68 entries, 183 kept so far
20:12:03  INFO     [PT] 'generative AI' → 100 entries, 214 kept so far
20:12:03  INFO     [CZ] 'generative AI' → 82 entries, 89 kept so far
20:12:03  INFO     [FI] +58 new articles saved
20:12:03  INFO     [RO] 'generative AI' → 83 entries, 124 kept so far
20:12:04  INFO     [HU] 'EU AI Act' → 77 entries, 60 kept so far
20:12:04  INFO     [GR] 'artificial intelligence' → 100 entries, 51 kept so far
20:12:04  INFO     [PT] +62 new articles saved
20:12:04  INFO     [CZ] +32 new articles saved
20:12:04  INFO     [RO] +32 new articles saved
20:12:04  INFO     [HR] 'artificial intelligence' → 100 entries, 54 kept so far
20:12:05  INFO     [SK] 'artificial intelligence' → 100 entries, 30 kept so far
20:12:05  INFO     [IE] 'artificial intelligence' → 100 entries, 62 kept so far
20:12:05  INFO     [HU] 'generative AI' → 75 entries, 84 kept so far
20:12:06  INFO     [GR] 'AI regulation' → 46 entries, 79 kept so far
20:12:06  INFO     [SK] 'AI regulation' → 21 entries, 32 kept so far
20:12:06  INFO     [HR] 'AI regulation' → 100 entries, 96 kept so far
20:12:06  INFO     [HU] +26 new articles saved
20:12:07  INFO     [IE] 'AI regulation' → 100 entries, 100 kept so far
20:12:07  INFO     [BG] 'artificial intelligence' → 91 entries, 42 kept so far
20:12:07  INFO     [GR] 'machine learning' → 92 entries, 116 kept so far
20:12:08  INFO     [SK] 'machine learning' → 57 entries, 43 kept so far
20:12:08  INFO     [HR] 'machine learning' → 100 entries, 161 kept so far
20:12:08  INFO     [BG] 'AI regulation' → 11 entries, 45 kept so far
20:12:09  INFO     [IE] 'machine learning' → 100 entries, 161 kept so far
20:12:09  INFO     [GR] 'EU AI Act' → 66 entries, 135 kept so far
20:12:09  INFO     [SK] 'EU AI Act' → 58 entries, 55 kept so far
20:12:09  INFO     [HR] 'EU AI Act' → 100 entries, 240 kept so far
20:12:10  INFO     [BG] 'machine learning' → 61 entries, 59 kept so far
20:12:10  INFO     [IE] 'EU AI Act' → 100 entries, 232 kept so far
20:12:10  INFO     [GR] 'generative AI' → 100 entries, 173 kept so far
20:12:11  INFO     [SK] 'generative AI' → 42 entries, 64 kept so far
20:12:11  INFO     [BG] 'EU AI Act' → 13 entries, 62 kept so far
20:12:11  INFO     [HR] 'generative AI' → 100 entries, 301 kept so far
20:12:11  INFO     [GR] +68 new articles saved
20:12:12  INFO     [SK] +24 new articles saved
20:12:12  INFO     [IE] 'generative AI' → 100 entries, 286 kept so far
20:12:12  INFO     [LT] 'artificial intelligence' → 94 entries, 29 kept so far
20:12:12  INFO     [SI] 'artificial intelligence' → 100 entries, 46 kept so far
20:12:12  INFO     [HR] +178 new articles saved
20:12:12  INFO     [BG] 'generative AI' → 33 entries, 64 kept so far
20:12:12  INFO     [LV] 'artificial intelligence' → 76 entries, 26 kept so far
20:12:13  INFO     [IE] +66 new articles saved
20:12:13  INFO     [BG] +29 new articles saved
20:12:13  INFO     [LT] 'AI regulation' → 18 entries, 31 kept so far
20:12:13  INFO     [SI] 'AI regulation' → 2 entries, 46 kept so far
20:12:14  INFO     [EE] 'artificial intelligence' → 100 entries, 44 kept so far
20:12:14  INFO     [CY] 'artificial intelligence' → 100 entries, 51 kept so far
20:12:14  INFO     [LV] 'AI regulation' → 13 entries, 26 kept so far
20:12:15  INFO     [LT] 'machine learning' → 32 entries, 36 kept so far
20:12:15  INFO     [SI] 'machine learning' → 23 entries, 50 kept so far
20:12:15  INFO     [LV] 'machine learning' → 12 entries, 29 kept so far
20:12:15  INFO     [CY] 'AI regulation' → 46 entries, 79 kept so far
20:12:15  INFO     [EE] 'AI regulation' → 17 entries, 45 kept so far
20:12:16  INFO     [LT] 'EU AI Act' → 17 entries, 37 kept so far
20:12:16  INFO     [SI] 'EU AI Act' → 24 entries, 56 kept so far
20:12:16  INFO     [LV] 'EU AI Act' → 10 entries, 29 kept so far
20:12:17  INFO     [CY] 'machine learning' → 92 entries, 116 kept so far
20:12:17  INFO     [EE] 'machine learning' → 16 entries, 47 kept so far
20:12:18  INFO     [LT] 'generative AI' → 30 entries, 44 kept so far
20:12:18  INFO     [SI] 'generative AI' → 13 entries, 59 kept so far
20:12:18  INFO     [LV] 'generative AI' → 10 entries, 31 kept so far
20:12:18  INFO     [EE] 'EU AI Act' → 18 entries, 51 kept so far
20:12:18  INFO     [CY] 'EU AI Act' → 66 entries, 135 kept so far
20:12:19  INFO     [LT] +9 new articles saved
20:12:19  INFO     [SI] +16 new articles saved
20:12:19  INFO     [LV] +11 new articles saved
20:12:19  INFO     [MT] 'artificial intelligence' → 100 entries, 54 kept so far
20:12:19  INFO     [LU] 'artificial intelligence' → 100 entries, 44 kept so far
20:12:19  INFO     [EE] 'generative AI' → 14 entries, 55 kept so far
20:12:20  INFO     [MT] 'AI regulation' → 100 entries, 96 kept so far
20:12:20  INFO     [CY] 'generative AI' → 100 entries, 173 kept so far
20:12:20  INFO     [EE] +11 new articles saved
20:12:21  INFO     [LU] 'AI regulation' → 100 entries, 124 kept so far
20:12:21  INFO     [CY] +0 new articles saved
20:12:21  INFO     [MT] 'machine learning' → 100 entries, 161 kept so far
20:12:22  INFO     [MT] 'EU AI Act' → 100 entries, 240 kept so far
20:12:23  INFO     [LU] 'machine learning' → 100 entries, 180 kept so far
20:12:23  INFO     [MT] 'generative AI' → 100 entries, 301 kept so far
20:12:24  INFO     [LU] 'EU AI Act' → 83 entries, 227 kept so far
20:12:24  INFO     [MT] +0 new articles saved
20:12:26  INFO     [LU] 'generative AI' → 100 entries, 264 kept so far
20:12:27  INFO     [LU] +0 new articles saved
20:12:27  INFO     Scrape complete. 1242 new articles this run.
