13:47:10  INFO     Starting scrape: 27 countries, 5 queries each
/home/runner/work/EU_AI_News/EU_AI_News/eu_ai_news_scraper.py:230: DeprecationWarning: datetime.datetime.utcnow() is deprecated and scheduled for removal in a future version. Use timezone-aware objects to represent datetimes in UTC: datetime.datetime.now(datetime.UTC).
  "scraped_at":   datetime.utcnow().isoformat(),
13:47:11  INFO     [FR] 'artificial intelligence' → 100 entries, 43 kept so far
13:47:11  INFO     [PL] 'artificial intelligence' → 100 entries, 15 kept so far
13:47:11  INFO     [DE] 'artificial intelligence' → 100 entries, 47 kept so far
13:47:11  INFO     [ES] 'artificial intelligence' → 100 entries, 51 kept so far
13:47:11  INFO     [IT] 'artificial intelligence' → 100 entries, 26 kept so far
13:47:12  INFO     [FR] 'AI regulation' → 100 entries, 120 kept so far
13:47:12  INFO     [PL] 'AI regulation' → 100 entries, 81 kept so far
13:47:13  INFO     [DE] 'AI regulation' → 97 entries, 120 kept so far
13:47:13  INFO     [ES] 'AI regulation' → 78 entries, 98 kept so far
13:47:13  INFO     [IT] 'AI regulation' → 100 entries, 114 kept so far
13:47:14  INFO     [FR] 'machine learning' → 100 entries, 174 kept so far
13:47:14  INFO     [PL] 'machine learning' → 100 entries, 119 kept so far
13:47:14  INFO     [IT] 'machine learning' → 100 entries, 190 kept so far
13:47:14  INFO     [DE] 'machine learning' → 100 entries, 162 kept so far
13:47:14  INFO     [ES] 'machine learning' → 100 entries, 171 kept so far
13:47:16  INFO     [FR] 'EU AI Act' → 78 entries, 217 kept so far
13:47:16  INFO     [PL] 'EU AI Act' → 77 entries, 133 kept so far
13:47:16  INFO     [IT] 'EU AI Act' → 100 entries, 254 kept so far
13:47:16  INFO     [DE] 'EU AI Act' → 100 entries, 234 kept so far
13:47:16  INFO     [ES] 'EU AI Act' → 77 entries, 196 kept so far
13:47:17  INFO     [FR] 'generative AI' → 100 entries, 246 kept so far
13:47:17  INFO     [PL] 'generative AI' → 100 entries, 168 kept so far
13:47:17  INFO     [IT] 'generative AI' → 100 entries, 297 kept so far
13:47:18  INFO     [DE] 'generative AI' → 100 entries, 257 kept so far
13:47:18  INFO     [ES] 'generative AI' → 100 entries, 236 kept so far
13:47:18  INFO     [FR] +105 new articles saved
13:47:18  INFO     [PL] +74 new articles saved
13:47:18  INFO     [IT] +136 new articles saved
13:47:19  INFO     [DE] +171 new articles saved
13:47:19  INFO     [NL] 'artificial intelligence' → 100 entries, 10 kept so far
13:47:19  INFO     [ES] +111 new articles saved
13:47:19  INFO     [BE] 'artificial intelligence' → 100 entries, 54 kept so far
13:47:19  INFO     [SE] 'artificial intelligence' → 100 entries, 8 kept so far
13:47:19  INFO     [AT] 'artificial intelligence' → 100 entries, 43 kept so far
13:47:19  INFO     [DK] 'artificial intelligence' → 100 entries, 17 kept so far
13:47:20  INFO     [NL] 'AI regulation' → 78 entries, 47 kept so far
13:47:20  INFO     [BE] 'AI regulation' → 100 entries, 132 kept so far
13:47:21  INFO     [SE] 'AI regulation' → 71 entries, 22 kept so far
13:47:21  INFO     [AT] 'AI regulation' → 100 entries, 123 kept so far
13:47:21  INFO     [DK] 'AI regulation' → 31 entries, 21 kept so far
13:47:22  INFO     [NL] 'machine learning' → 100 entries, 101 kept so far
13:47:22  INFO     [BE] 'machine learning' → 100 entries, 184 kept so far
13:47:22  INFO     [SE] 'machine learning' → 72 entries, 45 kept so far
13:47:22  INFO     [AT] 'machine learning' → 100 entries, 167 kept so far
13:47:22  INFO     [DK] 'machine learning' → 78 entries, 45 kept so far
13:47:23  INFO     [NL] 'EU AI Act' → 96 entries, 129 kept so far
13:47:24  INFO     [SE] 'EU AI Act' → 76 entries, 53 kept so far
13:47:24  INFO     [BE] 'EU AI Act' → 80 entries, 225 kept so far
13:47:24  INFO     [AT] 'EU AI Act' → 100 entries, 249 kept so far
13:47:24  INFO     [DK] 'EU AI Act' → 75 entries, 62 kept so far
13:47:25  INFO     [NL] 'generative AI' → 100 entries, 158 kept so far
13:47:25  INFO     [SE] 'generative AI' → 73 entries, 64 kept so far
13:47:25  INFO     [BE] 'generative AI' → 100 entries, 251 kept so far
13:47:25  INFO     [AT] 'generative AI' → 100 entries, 271 kept so far
13:47:26  INFO     [DK] 'generative AI' → 100 entries, 97 kept so far
13:47:26  INFO     [NL] +46 new articles saved
13:47:26  INFO     [SE] +19 new articles saved
13:47:26  INFO     [BE] +23 new articles saved
13:47:26  INFO     [FI] 'artificial intelligence' → 100 entries, 52 kept so far
13:47:26  INFO     [AT] +49 new articles saved
13:47:27  INFO     [DK] +21 new articles saved
13:47:27  INFO     [PT] 'artificial intelligence' → 100 entries, 62 kept so far
13:47:27  INFO     [CZ] 'artificial intelligence' → 100 entries, 19 kept so far
13:47:27  INFO     [RO] 'artificial intelligence' → 100 entries, 43 kept so far
13:47:27  INFO     [HU] 'artificial intelligence' → 100 entries, 19 kept so far
13:47:28  INFO     [FI] 'AI regulation' → 51 entries, 66 kept so far
13:47:28  INFO     [PT] 'AI regulation' → 78 entries, 92 kept so far
13:47:28  INFO     [CZ] 'AI regulation' → 73 entries, 42 kept so far
13:47:29  INFO     [RO] 'AI regulation' → 79 entries, 53 kept so far
13:47:29  INFO     [HU] 'AI regulation' → 79 entries, 23 kept so far
13:47:30  INFO     [FI] 'machine learning' → 95 entries, 105 kept so far
13:47:30  INFO     [CZ] 'machine learning' → 81 entries, 62 kept so far
13:47:30  INFO     [PT] 'machine learning' → 100 entries, 167 kept so far
13:47:30  INFO     [HU] 'machine learning' → 67 entries, 44 kept so far
13:47:30  INFO     [RO] 'machine learning' → 100 entries, 103 kept so far
13:47:31  INFO     [FI] 'EU AI Act' → 75 entries, 141 kept so far
13:47:31  INFO     [CZ] 'EU AI Act' → 76 entries, 76 kept so far
13:47:32  INFO     [HU] 'EU AI Act' → 77 entries, 64 kept so far
13:47:32  INFO     [PT] 'EU AI Act' → 45 entries, 174 kept so far
13:47:32  INFO     [RO] 'EU AI Act' → 78 entries, 117 kept so far
13:47:33  INFO     [FI] 'generative AI' → 67 entries, 181 kept so far
13:47:33  INFO     [CZ] 'generative AI' → 87 entries, 94 kept so far
13:47:33  INFO     [HU] 'generative AI' → 71 entries, 86 kept so far
13:47:33  INFO     [PT] 'generative AI' → 100 entries, 203 kept so far
13:47:33  INFO     [RO] 'generative AI' → 82 entries, 138 kept so far
13:47:34  INFO     [FI] +71 new articles saved
13:47:34  INFO     [CZ] +52 new articles saved
13:47:34  INFO     [HU] +37 new articles saved
13:47:34  INFO     [GR] 'artificial intelligence' → 100 entries, 46 kept so far
13:47:34  INFO     [SK] 'artificial intelligence' → 100 entries, 21 kept so far
13:47:34  INFO     [PT] +90 new articles saved
13:47:34  INFO     [RO] +55 new articles saved
13:47:35  INFO     [IE] 'artificial intelligence' → 100 entries, 69 kept so far
13:47:35  INFO     [BG] 'artificial intelligence' → 69 entries, 33 kept so far
13:47:35  INFO     [HR] 'artificial intelligence' → 100 entries, 68 kept so far
13:47:36  INFO     [GR] 'AI regulation' → 47 entries, 85 kept so far
13:47:36  INFO     [SK] 'AI regulation' → 23 entries, 24 kept so far
13:47:36  INFO     [BG] 'AI regulation' → 11 entries, 36 kept so far
13:47:36  INFO     [IE] 'AI regulation' → 100 entries, 105 kept so far
13:47:37  INFO     [HR] 'AI regulation' → 100 entries, 102 kept so far
13:47:37  INFO     [SK] 'machine learning' → 58 entries, 38 kept so far
13:47:37  INFO     [GR] 'machine learning' → 90 entries, 121 kept so far
13:47:38  INFO     [BG] 'machine learning' → 54 entries, 44 kept so far
13:47:38  INFO     [HR] 'machine learning' → 100 entries, 168 kept so far
13:47:38  INFO     [IE] 'machine learning' → 100 entries, 176 kept so far
13:47:39  INFO     [SK] 'EU AI Act' → 60 entries, 53 kept so far
13:47:39  INFO     [GR] 'EU AI Act' → 55 entries, 138 kept so far
13:47:39  INFO     [BG] 'EU AI Act' → 11 entries, 47 kept so far
13:47:40  INFO     [HR] 'EU AI Act' → 100 entries, 248 kept so far
13:47:40  INFO     [IE] 'EU AI Act' → 100 entries, 253 kept so far
13:47:40  INFO     [SK] 'generative AI' → 50 entries, 62 kept so far
13:47:40  INFO     [GR] 'generative AI' → 100 entries, 181 kept so far
13:47:40  INFO     [BG] 'generative AI' → 32 entries, 53 kept so far
13:47:41  INFO     [SK] +22 new articles saved
13:47:41  INFO     [HR] 'generative AI' → 102 entries, 312 kept so far
13:47:41  INFO     [GR] +100 new articles saved
13:47:41  INFO     [BG] +25 new articles saved
13:47:42  INFO     [LT] 'artificial intelligence' → 89 entries, 37 kept so far
13:47:42  INFO     [IE] 'generative AI' → 100 entries, 318 kept so far
13:47:42  INFO     [LV] 'artificial intelligence' → 73 entries, 21 kept so far
13:47:42  INFO     [SI] 'artificial intelligence' → 100 entries, 48 kept so far
13:47:42  INFO     [HR] +244 new articles saved
13:47:43  INFO     [EE] 'artificial intelligence' → 100 entries, 50 kept so far
13:47:43  INFO     [IE] +76 new articles saved
13:47:43  INFO     [LT] 'AI regulation' → 8 entries, 37 kept so far
13:47:43  INFO     [LV] 'AI regulation' → 6 entries, 21 kept so far
13:47:43  INFO     [SI] 'AI regulation' → 3 entries, 48 kept so far
13:47:43  INFO     [CY] 'artificial intelligence' → 100 entries, 46 kept so far
13:47:44  INFO     [EE] 'AI regulation' → 7 entries, 50 kept so far
13:47:44  INFO     [LT] 'machine learning' → 45 entries, 43 kept so far
13:47:44  INFO     [LV] 'machine learning' → 11 entries, 23 kept so far
13:47:44  INFO     [SI] 'machine learning' → 25 entries, 51 kept so far
13:47:45  INFO     [CY] 'AI regulation' → 47 entries, 85 kept so far
13:47:45  INFO     [EE] 'machine learning' → 31 entries, 55 kept so far
13:47:45  INFO     [LT] 'EU AI Act' → 17 entries, 44 kept so far
13:47:46  INFO     [LV] 'EU AI Act' → 8 entries, 23 kept so far
13:47:46  INFO     [SI] 'EU AI Act' → 21 entries, 55 kept so far
13:47:46  INFO     [CY] 'machine learning' → 90 entries, 121 kept so far
13:47:47  INFO     [LT] 'generative AI' → 25 entries, 50 kept so far
13:47:47  INFO     [EE] 'EU AI Act' → 17 entries, 57 kept so far
13:47:47  INFO     [LV] 'generative AI' → 6 entries, 24 kept so far
13:47:47  INFO     [SI] 'generative AI' → 18 entries, 58 kept so far
13:47:47  INFO     [CY] 'EU AI Act' → 55 entries, 138 kept so far
13:47:48  INFO     [LT] +18 new articles saved
13:47:48  INFO     [LV] +9 new articles saved
13:47:48  INFO     [MT] 'artificial intelligence' → 100 entries, 68 kept so far
13:47:48  INFO     [SI] +17 new articles saved
13:47:48  INFO     [EE] 'generative AI' → 10 entries, 62 kept so far
13:47:48  INFO     [LU] 'artificial intelligence' → 100 entries, 43 kept so far
13:47:49  INFO     [CY] 'generative AI' → 100 entries, 181 kept so far
13:47:49  INFO     [EE] +24 new articles saved
13:47:49  INFO     [MT] 'AI regulation' → 100 entries, 102 kept so far
13:47:50  INFO     [LU] 'AI regulation' → 100 entries, 120 kept so far
13:47:50  INFO     [CY] +0 new articles saved
13:47:50  INFO     [MT] 'machine learning' → 100 entries, 168 kept so far
13:47:51  INFO     [LU] 'machine learning' → 100 entries, 174 kept so far
13:47:52  INFO     [MT] 'EU AI Act' → 100 entries, 248 kept so far
13:47:53  INFO     [LU] 'EU AI Act' → 78 entries, 217 kept so far
13:47:53  INFO     [MT] 'generative AI' → 102 entries, 312 kept so far
13:47:54  INFO     [MT] +0 new articles saved
13:47:54  INFO     [LU] 'generative AI' → 100 entries, 246 kept so far
13:47:55  INFO     [LU] +0 new articles saved
13:47:55  INFO     Scrape complete. 1595 new articles this run.
