19:10:35  INFO     Starting scrape: 27 countries, 5 queries each
/home/runner/work/EU_AI_News/EU_AI_News/eu_ai_news_scraper.py:230: DeprecationWarning: datetime.datetime.utcnow() is deprecated and scheduled for removal in a future version. Use timezone-aware objects to represent datetimes in UTC: datetime.datetime.now(datetime.UTC).
  "scraped_at":   datetime.utcnow().isoformat(),
19:10:35  INFO     [PL] 'artificial intelligence' → 100 entries, 16 kept so far
19:10:35  INFO     [DE] 'artificial intelligence' → 100 entries, 48 kept so far
19:10:35  INFO     [FR] 'artificial intelligence' → 100 entries, 47 kept so far
19:10:35  INFO     [ES] 'artificial intelligence' → 100 entries, 64 kept so far
19:10:36  INFO     [IT] 'artificial intelligence' → 100 entries, 32 kept so far
19:10:37  INFO     [PL] 'AI regulation' → 78 entries, 71 kept so far
19:10:37  INFO     [DE] 'AI regulation' → 61 entries, 84 kept so far
19:10:37  INFO     [ES] 'AI regulation' → 76 entries, 88 kept so far
19:10:37  INFO     [FR] 'AI regulation' → 100 entries, 125 kept so far
19:10:37  INFO     [IT] 'AI regulation' → 100 entries, 92 kept so far
19:10:38  INFO     [PL] 'machine learning' → 100 entries, 115 kept so far
19:10:39  INFO     [DE] 'machine learning' → 100 entries, 126 kept so far
19:10:39  INFO     [ES] 'machine learning' → 100 entries, 164 kept so far
19:10:39  INFO     [FR] 'machine learning' → 100 entries, 183 kept so far
19:10:39  INFO     [IT] 'machine learning' → 100 entries, 172 kept so far
19:10:40  INFO     [PL] 'EU AI Act' → 76 entries, 125 kept so far
19:10:40  INFO     [DE] 'EU AI Act' → 100 entries, 209 kept so far
19:10:40  INFO     [FR] 'EU AI Act' → 82 entries, 220 kept so far
19:10:40  INFO     [ES] 'EU AI Act' → 79 entries, 199 kept so far
19:10:41  INFO     [IT] 'EU AI Act' → 100 entries, 240 kept so far
19:10:42  INFO     [PL] 'generative AI' → 100 entries, 156 kept so far
19:10:42  INFO     [DE] 'generative AI' → 100 entries, 236 kept so far
19:10:42  INFO     [FR] 'generative AI' → 100 entries, 259 kept so far
19:10:42  INFO     [ES] 'generative AI' → 100 entries, 241 kept so far
19:10:42  INFO     [IT] 'generative AI' → 100 entries, 285 kept so far
19:10:43  INFO     [PL] +56 new articles saved
19:10:43  INFO     [DE] +152 new articles saved
19:10:43  INFO     [FR] +109 new articles saved
19:10:43  INFO     [ES] +93 new articles saved
19:10:43  INFO     [NL] 'artificial intelligence' → 100 entries, 6 kept so far
19:10:43  INFO     [IT] +133 new articles saved
19:10:43  INFO     [BE] 'artificial intelligence' → 100 entries, 59 kept so far
19:10:44  INFO     [SE] 'artificial intelligence' → 100 entries, 5 kept so far
19:10:44  INFO     [AT] 'artificial intelligence' → 100 entries, 50 kept so far
19:10:44  INFO     [DK] 'artificial intelligence' → 100 entries, 16 kept so far
19:10:45  INFO     [NL] 'AI regulation' → 78 entries, 41 kept so far
19:10:45  INFO     [BE] 'AI regulation' → 100 entries, 144 kept so far
19:10:45  INFO     [SE] 'AI regulation' → 77 entries, 23 kept so far
19:10:45  INFO     [AT] 'AI regulation' → 66 entries, 91 kept so far
19:10:45  INFO     [DK] 'AI regulation' → 31 entries, 19 kept so far
19:10:46  INFO     [NL] 'machine learning' → 100 entries, 97 kept so far
19:10:47  INFO     [SE] 'machine learning' → 72 entries, 45 kept so far
19:10:47  INFO     [BE] 'machine learning' → 100 entries, 200 kept so far
19:10:47  INFO     [AT] 'machine learning' → 100 entries, 135 kept so far
19:10:47  INFO     [DK] 'machine learning' → 78 entries, 41 kept so far
19:10:48  INFO     [SE] 'EU AI Act' → 67 entries, 51 kept so far
19:10:48  INFO     [NL] 'EU AI Act' → 92 entries, 121 kept so far
19:10:48  INFO     [BE] 'EU AI Act' → 86 entries, 233 kept so far
19:10:49  INFO     [AT] 'EU AI Act' → 100 entries, 221 kept so far
19:10:49  INFO     [DK] 'EU AI Act' → 75 entries, 59 kept so far
19:10:50  INFO     [SE] 'generative AI' → 75 entries, 60 kept so far
19:10:50  INFO     [NL] 'generative AI' → 100 entries, 152 kept so far
19:10:50  INFO     [BE] 'generative AI' → 100 entries, 271 kept so far
19:10:50  INFO     [AT] 'generative AI' → 100 entries, 245 kept so far
19:10:51  INFO     [DK] 'generative AI' → 100 entries, 94 kept so far
19:10:51  INFO     [SE] +16 new articles saved
19:10:51  INFO     [NL] +48 new articles saved
19:10:51  INFO     [BE] +24 new articles saved
19:10:51  INFO     [FI] 'artificial intelligence' → 100 entries, 61 kept so far
19:10:51  INFO     [AT] +14 new articles saved
19:10:52  INFO     [DK] +21 new articles saved
19:10:52  INFO     [PT] 'artificial intelligence' → 100 entries, 59 kept so far
19:10:52  INFO     [CZ] 'artificial intelligence' → 100 entries, 20 kept so far
19:10:52  INFO     [RO] 'artificial intelligence' → 100 entries, 37 kept so far
19:10:52  INFO     [HU] 'artificial intelligence' → 100 entries, 18 kept so far
19:10:53  INFO     [FI] 'AI regulation' → 41 entries, 72 kept so far
19:10:53  INFO     [CZ] 'AI regulation' → 78 entries, 39 kept so far
19:10:53  INFO     [RO] 'AI regulation' → 18 entries, 41 kept so far
19:10:54  INFO     [PT] 'AI regulation' → 79 entries, 96 kept so far
19:10:54  INFO     [HU] 'AI regulation' → 79 entries, 20 kept so far
19:10:55  INFO     [FI] 'machine learning' → 88 entries, 108 kept so far
19:10:55  INFO     [CZ] 'machine learning' → 81 entries, 58 kept so far
19:10:55  INFO     [RO] 'machine learning' → 100 entries, 88 kept so far
19:10:55  INFO     [HU] 'machine learning' → 70 entries, 43 kept so far
19:10:55  INFO     [PT] 'machine learning' → 100 entries, 171 kept so far
19:10:56  INFO     [FI] 'EU AI Act' → 74 entries, 144 kept so far
19:10:56  INFO     [CZ] 'EU AI Act' → 77 entries, 67 kept so far
19:10:57  INFO     [RO] 'EU AI Act' → 78 entries, 102 kept so far
19:10:57  INFO     [HU] 'EU AI Act' → 78 entries, 64 kept so far
19:10:57  INFO     [PT] 'EU AI Act' → 48 entries, 177 kept so far
19:10:58  INFO     [FI] 'generative AI' → 66 entries, 181 kept so far
19:10:58  INFO     [CZ] 'generative AI' → 78 entries, 80 kept so far
19:10:58  INFO     [RO] 'generative AI' → 76 entries, 117 kept so far
19:10:58  INFO     [HU] 'generative AI' → 76 entries, 88 kept so far
19:10:59  INFO     [PT] 'generative AI' → 100 entries, 211 kept so far
19:10:59  INFO     [FI] +66 new articles saved
19:10:59  INFO     [CZ] +37 new articles saved
19:10:59  INFO     [RO] +42 new articles saved
19:10:59  INFO     [HU] +39 new articles saved
19:11:00  INFO     [SK] 'artificial intelligence' → 100 entries, 26 kept so far
19:11:00  INFO     [GR] 'artificial intelligence' → 100 entries, 47 kept so far
19:11:00  INFO     [PT] +85 new articles saved
19:11:00  INFO     [HR] 'artificial intelligence' → 100 entries, 61 kept so far
19:11:00  INFO     [IE] 'artificial intelligence' → 100 entries, 67 kept so far
19:11:00  INFO     [BG] 'artificial intelligence' → 69 entries, 30 kept so far
19:11:01  INFO     [SK] 'AI regulation' → 13 entries, 27 kept so far
19:11:01  INFO     [GR] 'AI regulation' → 41 entries, 80 kept so far
19:11:01  INFO     [HR] 'AI regulation' → 100 entries, 117 kept so far
19:11:02  INFO     [BG] 'AI regulation' → 6 entries, 32 kept so far
19:11:02  INFO     [IE] 'AI regulation' → 100 entries, 115 kept so far
19:11:03  INFO     [SK] 'machine learning' → 61 entries, 43 kept so far
19:11:03  INFO     [GR] 'machine learning' → 93 entries, 122 kept so far
19:11:03  INFO     [BG] 'machine learning' → 54 entries, 41 kept so far
19:11:03  INFO     [HR] 'machine learning' → 100 entries, 203 kept so far
19:11:04  INFO     [IE] 'machine learning' → 100 entries, 190 kept so far
19:11:04  INFO     [SK] 'EU AI Act' → 58 entries, 58 kept so far
19:11:04  INFO     [GR] 'EU AI Act' → 38 entries, 131 kept so far
19:11:04  INFO     [BG] 'EU AI Act' → 10 entries, 44 kept so far
19:11:05  INFO     [HR] 'EU AI Act' → 100 entries, 278 kept so far
19:11:05  INFO     [IE] 'EU AI Act' → 100 entries, 262 kept so far
19:11:06  INFO     [SK] 'generative AI' → 48 entries, 69 kept so far
19:11:06  INFO     [BG] 'generative AI' → 29 entries, 47 kept so far
19:11:06  INFO     [GR] 'generative AI' → 100 entries, 169 kept so far
19:11:06  INFO     [HR] 'generative AI' → 100 entries, 341 kept so far
19:11:07  INFO     [SK] +23 new articles saved
19:11:07  INFO     [BG] +20 new articles saved
19:11:07  INFO     [GR] +86 new articles saved
19:11:07  INFO     [IE] 'generative AI' → 100 entries, 324 kept so far
19:11:07  INFO     [LT] 'artificial intelligence' → 90 entries, 35 kept so far
19:11:07  INFO     [SI] 'artificial intelligence' → 94 entries, 40 kept so far
19:11:07  INFO     [LV] 'artificial intelligence' → 66 entries, 25 kept so far
19:11:07  INFO     [HR] +265 new articles saved
19:11:08  INFO     [IE] +70 new articles saved
19:11:08  INFO     [EE] 'artificial intelligence' → 100 entries, 51 kept so far
19:11:08  INFO     [SI] 'AI regulation' → 2 entries, 40 kept so far
19:11:09  INFO     [LT] 'AI regulation' → 14 entries, 37 kept so far
19:11:09  INFO     [CY] 'artificial intelligence' → 100 entries, 47 kept so far
19:11:09  INFO     [LV] 'AI regulation' → 8 entries, 25 kept so far
19:11:09  INFO     [EE] 'AI regulation' → 10 entries, 51 kept so far
19:11:10  INFO     [SI] 'machine learning' → 25 entries, 43 kept so far
19:11:10  INFO     [CY] 'AI regulation' → 41 entries, 80 kept so far
19:11:10  INFO     [LT] 'machine learning' → 49 entries, 42 kept so far
19:11:10  INFO     [LV] 'machine learning' → 11 entries, 26 kept so far
19:11:11  INFO     [EE] 'machine learning' → 16 entries, 54 kept so far
19:11:11  INFO     [SI] 'EU AI Act' → 20 entries, 47 kept so far
19:11:11  INFO     [LT] 'EU AI Act' → 19 entries, 43 kept so far
19:11:12  INFO     [CY] 'machine learning' → 93 entries, 122 kept so far
19:11:12  INFO     [LV] 'EU AI Act' → 10 entries, 26 kept so far
19:11:12  INFO     [EE] 'EU AI Act' → 15 entries, 56 kept so far
19:11:12  INFO     [SI] 'generative AI' → 13 entries, 50 kept so far
19:11:13  INFO     [LT] 'generative AI' → 29 entries, 50 kept so far
19:11:13  INFO     [LV] 'generative AI' → 7 entries, 28 kept so far
19:11:13  INFO     [CY] 'EU AI Act' → 38 entries, 131 kept so far
19:11:13  INFO     [EE] 'generative AI' → 10 entries, 57 kept so far
19:11:13  INFO     [SI] +12 new articles saved
19:11:14  INFO     [LT] +19 new articles saved
19:11:14  INFO     [MT] 'artificial intelligence' → 100 entries, 61 kept so far
19:11:14  INFO     [LU] 'artificial intelligence' → 100 entries, 47 kept so far
19:11:14  INFO     [LV] +10 new articles saved
19:11:14  INFO     [EE] +17 new articles saved
19:11:15  INFO     [CY] 'generative AI' → 100 entries, 169 kept so far
19:11:15  INFO     [MT] 'AI regulation' → 100 entries, 117 kept so far
19:11:16  INFO     [LU] 'AI regulation' → 100 entries, 125 kept so far
19:11:16  INFO     [CY] +0 new articles saved
19:11:17  INFO     [MT] 'machine learning' → 100 entries, 203 kept so far
19:11:17  INFO     [LU] 'machine learning' → 100 entries, 183 kept so far
19:11:18  INFO     [MT] 'EU AI Act' → 100 entries, 278 kept so far
19:11:19  INFO     [LU] 'EU AI Act' → 82 entries, 220 kept so far
19:11:19  INFO     [MT] 'generative AI' → 100 entries, 341 kept so far
19:11:20  INFO     [MT] +0 new articles saved
19:11:21  INFO     [LU] 'generative AI' → 100 entries, 260 kept so far
19:11:22  INFO     [LU] +2 new articles saved
19:11:22  INFO     Scrape complete. 1459 new articles this run.
