08:02:37  INFO     Starting scrape: 27 countries, 5 queries each
/home/runner/work/EU_AI_News/EU_AI_News/eu_ai_news_scraper.py:230: DeprecationWarning: datetime.datetime.utcnow() is deprecated and scheduled for removal in a future version. Use timezone-aware objects to represent datetimes in UTC: datetime.datetime.now(datetime.UTC).
  "scraped_at":   datetime.utcnow().isoformat(),
08:02:38  INFO     [FR] 'artificial intelligence' → 100 entries, 47 kept so far
08:02:38  INFO     [DE] 'artificial intelligence' → 100 entries, 50 kept so far
08:02:38  INFO     [IT] 'artificial intelligence' → 100 entries, 40 kept so far
08:02:38  INFO     [PL] 'artificial intelligence' → 100 entries, 14 kept so far
08:02:38  INFO     [ES] 'artificial intelligence' → 100 entries, 66 kept so far
08:02:39  INFO     [FR] 'AI regulation' → 100 entries, 125 kept so far
08:02:39  INFO     [DE] 'AI regulation' → 63 entries, 86 kept so far
08:02:39  INFO     [PL] 'AI regulation' → 78 entries, 68 kept so far
08:02:40  INFO     [IT] 'AI regulation' → 100 entries, 105 kept so far
08:02:40  INFO     [ES] 'AI regulation' → 78 entries, 90 kept so far
08:02:41  INFO     [FR] 'machine learning' → 100 entries, 184 kept so far
08:02:41  INFO     [DE] 'machine learning' → 100 entries, 125 kept so far
08:02:41  INFO     [IT] 'machine learning' → 100 entries, 181 kept so far
08:02:41  INFO     [PL] 'machine learning' → 100 entries, 109 kept so far
08:02:41  INFO     [ES] 'machine learning' → 100 entries, 164 kept so far
08:02:42  INFO     [FR] 'EU AI Act' → 81 entries, 221 kept so far
08:02:43  INFO     [DE] 'EU AI Act' → 100 entries, 207 kept so far
08:02:43  INFO     [PL] 'EU AI Act' → 75 entries, 118 kept so far
08:02:43  INFO     [IT] 'EU AI Act' → 100 entries, 248 kept so far
08:02:43  INFO     [ES] 'EU AI Act' → 78 entries, 198 kept so far
08:02:44  INFO     [FR] 'generative AI' → 100 entries, 260 kept so far
08:02:44  INFO     [IT] 'generative AI' → 100 entries, 295 kept so far
08:02:44  INFO     [DE] 'generative AI' → 100 entries, 234 kept so far
08:02:44  INFO     [ES] 'generative AI' → 100 entries, 240 kept so far
08:02:45  INFO     [PL] 'generative AI' → 100 entries, 149 kept so far
08:02:45  INFO     [FR] +111 new articles saved
08:02:45  INFO     [IT] +137 new articles saved
08:02:45  INFO     [DE] +134 new articles saved
08:02:45  INFO     [ES] +92 new articles saved
08:02:46  INFO     [NL] 'artificial intelligence' → 100 entries, 7 kept so far
08:02:46  INFO     [PL] +53 new articles saved
08:02:46  INFO     [BE] 'artificial intelligence' → 100 entries, 55 kept so far
08:02:46  INFO     [SE] 'artificial intelligence' → 100 entries, 5 kept so far
08:02:46  INFO     [AT] 'artificial intelligence' → 100 entries, 52 kept so far
08:02:46  INFO     [DK] 'artificial intelligence' → 100 entries, 15 kept so far
08:02:47  INFO     [NL] 'AI regulation' → 78 entries, 43 kept so far
08:02:47  INFO     [SE] 'AI regulation' → 77 entries, 22 kept so far
08:02:48  INFO     [BE] 'AI regulation' → 100 entries, 139 kept so far
08:02:48  INFO     [DK] 'AI regulation' → 33 entries, 18 kept so far
08:02:48  INFO     [AT] 'AI regulation' → 67 entries, 93 kept so far
08:02:49  INFO     [NL] 'machine learning' → 100 entries, 99 kept so far
08:02:49  INFO     [SE] 'machine learning' → 72 entries, 44 kept so far
08:02:49  INFO     [DK] 'machine learning' → 79 entries, 40 kept so far
08:02:49  INFO     [BE] 'machine learning' → 100 entries, 196 kept so far
08:02:49  INFO     [AT] 'machine learning' → 100 entries, 133 kept so far
08:02:50  INFO     [NL] 'EU AI Act' → 91 entries, 123 kept so far
08:02:50  INFO     [SE] 'EU AI Act' → 66 entries, 51 kept so far
08:02:51  INFO     [DK] 'EU AI Act' → 76 entries, 59 kept so far
08:02:51  INFO     [BE] 'EU AI Act' → 85 entries, 231 kept so far
08:02:51  INFO     [AT] 'EU AI Act' → 100 entries, 219 kept so far
08:02:52  INFO     [NL] 'generative AI' → 100 entries, 153 kept so far
08:02:52  INFO     [SE] 'generative AI' → 76 entries, 62 kept so far
08:02:52  INFO     [DK] 'generative AI' → 100 entries, 97 kept so far
08:02:52  INFO     [BE] 'generative AI' → 100 entries, 267 kept so far
08:02:52  INFO     [AT] 'generative AI' → 100 entries, 243 kept so far
08:02:53  INFO     [NL] +48 new articles saved
08:02:53  INFO     [SE] +18 new articles saved
08:02:53  INFO     [FI] 'artificial intelligence' → 100 entries, 62 kept so far
08:02:53  INFO     [DK] +23 new articles saved
08:02:53  INFO     [BE] +20 new articles saved
08:02:53  INFO     [PT] 'artificial intelligence' → 100 entries, 60 kept so far
08:02:53  INFO     [AT] +23 new articles saved
08:02:54  INFO     [CZ] 'artificial intelligence' → 100 entries, 20 kept so far
08:02:54  INFO     [HU] 'artificial intelligence' → 100 entries, 15 kept so far
08:02:54  INFO     [RO] 'artificial intelligence' → 100 entries, 36 kept so far
08:02:55  INFO     [FI] 'AI regulation' → 42 entries, 73 kept so far
08:02:55  INFO     [PT] 'AI regulation' → 79 entries, 98 kept so far
08:02:55  INFO     [CZ] 'AI regulation' → 78 entries, 39 kept so far
08:02:55  INFO     [RO] 'AI regulation' → 18 entries, 40 kept so far
08:02:55  INFO     [HU] 'AI regulation' → 79 entries, 17 kept so far
08:02:56  INFO     [FI] 'machine learning' → 88 entries, 109 kept so far
08:02:57  INFO     [PT] 'machine learning' → 100 entries, 172 kept so far
08:02:57  INFO     [CZ] 'machine learning' → 84 entries, 60 kept so far
08:02:57  INFO     [HU] 'machine learning' → 70 entries, 41 kept so far
08:02:57  INFO     [RO] 'machine learning' → 100 entries, 88 kept so far
08:02:57  INFO     [FI] 'EU AI Act' → 76 entries, 146 kept so far
08:02:58  INFO     [PT] 'EU AI Act' → 51 entries, 178 kept so far
08:02:58  INFO     [CZ] 'EU AI Act' → 77 entries, 69 kept so far
08:02:58  INFO     [HU] 'EU AI Act' → 77 entries, 62 kept so far
08:02:58  INFO     [RO] 'EU AI Act' → 78 entries, 102 kept so far
08:02:59  INFO     [FI] 'generative AI' → 67 entries, 182 kept so far
08:03:00  INFO     [CZ] 'generative AI' → 80 entries, 81 kept so far
08:03:00  INFO     [PT] 'generative AI' → 100 entries, 213 kept so far
08:03:00  INFO     [HU] 'generative AI' → 75 entries, 87 kept so far
08:03:00  INFO     [RO] 'generative AI' → 77 entries, 117 kept so far
08:03:00  INFO     [FI] +69 new articles saved
08:03:01  INFO     [GR] 'artificial intelligence' → 100 entries, 45 kept so far
08:03:01  INFO     [CZ] +38 new articles saved
08:03:01  INFO     [PT] +86 new articles saved
08:03:01  INFO     [HU] +37 new articles saved
08:03:01  INFO     [RO] +42 new articles saved
08:03:01  INFO     [HR] 'artificial intelligence' → 102 entries, 59 kept so far
08:03:01  INFO     [SK] 'artificial intelligence' → 100 entries, 27 kept so far
08:03:01  INFO     [BG] 'artificial intelligence' → 67 entries, 29 kept so far
08:03:01  INFO     [IE] 'artificial intelligence' → 100 entries, 71 kept so far
08:03:02  INFO     [GR] 'AI regulation' → 51 entries, 81 kept so far
08:03:02  INFO     [HR] 'AI regulation' → 100 entries, 112 kept so far
08:03:03  INFO     [SK] 'AI regulation' → 13 entries, 28 kept so far
08:03:03  INFO     [BG] 'AI regulation' → 6 entries, 31 kept so far
08:03:03  INFO     [IE] 'AI regulation' → 100 entries, 117 kept so far
08:03:03  INFO     [GR] 'machine learning' → 88 entries, 122 kept so far
08:03:04  INFO     [HR] 'machine learning' → 100 entries, 186 kept so far
08:03:04  INFO     [SK] 'machine learning' → 61 entries, 44 kept so far
08:03:04  INFO     [BG] 'machine learning' → 54 entries, 40 kept so far
08:03:05  INFO     [IE] 'machine learning' → 100 entries, 178 kept so far
08:03:05  INFO     [GR] 'EU AI Act' → 36 entries, 129 kept so far
08:03:05  INFO     [BG] 'EU AI Act' → 10 entries, 43 kept so far
08:03:06  INFO     [HR] 'EU AI Act' → 100 entries, 263 kept so far
08:03:06  INFO     [SK] 'EU AI Act' → 57 entries, 59 kept so far
08:03:06  INFO     [GR] 'generative AI' → 100 entries, 168 kept so far
08:03:07  INFO     [IE] 'EU AI Act' → 100 entries, 249 kept so far
08:03:07  INFO     [BG] 'generative AI' → 29 entries, 46 kept so far
08:03:07  INFO     [SK] 'generative AI' → 47 entries, 69 kept so far
08:03:07  INFO     [HR] 'generative AI' → 100 entries, 317 kept so far
08:03:07  INFO     [GR] +87 new articles saved
08:03:08  INFO     [BG] +19 new articles saved
08:03:08  INFO     [LT] 'artificial intelligence' → 91 entries, 36 kept so far
08:03:08  INFO     [SK] +25 new articles saved
08:03:08  INFO     [IE] 'generative AI' → 100 entries, 302 kept so far
08:03:08  INFO     [HR] +246 new articles saved
08:03:08  INFO     [SI] 'artificial intelligence' → 96 entries, 42 kept so far
08:03:08  INFO     [LV] 'artificial intelligence' → 67 entries, 24 kept so far
08:03:09  INFO     [EE] 'artificial intelligence' → 100 entries, 53 kept so far
08:03:09  INFO     [IE] +69 new articles saved
08:03:09  INFO     [LT] 'AI regulation' → 13 entries, 38 kept so far
08:03:09  INFO     [SI] 'AI regulation' → 1 entries, 42 kept so far
08:03:10  INFO     [LV] 'AI regulation' → 8 entries, 24 kept so far
08:03:10  INFO     [CY] 'artificial intelligence' → 100 entries, 45 kept so far
08:03:10  INFO     [EE] 'AI regulation' → 9 entries, 53 kept so far
08:03:11  INFO     [LT] 'machine learning' → 46 entries, 43 kept so far
08:03:11  INFO     [SI] 'machine learning' → 24 entries, 44 kept so far
08:03:11  INFO     [CY] 'AI regulation' → 51 entries, 81 kept so far
08:03:11  INFO     [LV] 'machine learning' → 10 entries, 25 kept so far
08:03:11  INFO     [EE] 'machine learning' → 19 entries, 56 kept so far
08:03:12  INFO     [LT] 'EU AI Act' → 19 entries, 44 kept so far
08:03:12  INFO     [SI] 'EU AI Act' → 22 entries, 49 kept so far
08:03:12  INFO     [LV] 'EU AI Act' → 10 entries, 25 kept so far
08:03:12  INFO     [CY] 'machine learning' → 88 entries, 122 kept so far
08:03:13  INFO     [EE] 'EU AI Act' → 14 entries, 58 kept so far
08:03:13  INFO     [LT] 'generative AI' → 29 entries, 52 kept so far
08:03:13  INFO     [SI] 'generative AI' → 13 entries, 52 kept so far
08:03:13  INFO     [LV] 'generative AI' → 8 entries, 28 kept so far
08:03:14  INFO     [CY] 'EU AI Act' → 36 entries, 129 kept so far
08:03:14  INFO     [EE] 'generative AI' → 10 entries, 59 kept so far
08:03:14  INFO     [LT] +21 new articles saved
08:03:14  INFO     [SI] +11 new articles saved
08:03:14  INFO     [LV] +9 new articles saved
08:03:14  INFO     [MT] 'artificial intelligence' → 102 entries, 59 kept so far
08:03:15  INFO     [LU] 'artificial intelligence' → 100 entries, 47 kept so far
08:03:15  INFO     [EE] +19 new articles saved
08:03:15  INFO     [CY] 'generative AI' → 100 entries, 168 kept so far
08:03:16  INFO     [MT] 'AI regulation' → 100 entries, 112 kept so far
08:03:16  INFO     [LU] 'AI regulation' → 100 entries, 125 kept so far
08:03:16  INFO     [CY] +0 new articles saved
08:03:17  INFO     [MT] 'machine learning' → 100 entries, 186 kept so far
08:03:18  INFO     [LU] 'machine learning' → 100 entries, 184 kept so far
08:03:18  INFO     [MT] 'EU AI Act' → 100 entries, 263 kept so far
08:03:19  INFO     [LU] 'EU AI Act' → 81 entries, 221 kept so far
08:03:19  INFO     [MT] 'generative AI' → 100 entries, 317 kept so far
08:03:20  INFO     [MT] +0 new articles saved
08:03:21  INFO     [LU] 'generative AI' → 100 entries, 259 kept so far
08:03:22  INFO     [LU] +0 new articles saved
08:03:22  INFO     Scrape complete. 1437 new articles this run.
