14:40:13  INFO     Starting scrape: 27 countries, 5 queries each
/home/runner/work/EU_AI_News/EU_AI_News/eu_ai_news_scraper.py:230: DeprecationWarning: datetime.datetime.utcnow() is deprecated and scheduled for removal in a future version. Use timezone-aware objects to represent datetimes in UTC: datetime.datetime.now(datetime.UTC).
  "scraped_at":   datetime.utcnow().isoformat(),
14:40:13  INFO     [FR] 'artificial intelligence' → 100 entries, 47 kept so far
14:40:14  INFO     [IT] 'artificial intelligence' → 100 entries, 24 kept so far
14:40:14  INFO     [PL] 'artificial intelligence' → 100 entries, 24 kept so far
14:40:14  INFO     [DE] 'artificial intelligence' → 100 entries, 56 kept so far
14:40:14  INFO     [ES] 'artificial intelligence' → 100 entries, 68 kept so far
14:40:15  INFO     [FR] 'AI regulation' → 100 entries, 113 kept so far
14:40:15  INFO     [PL] 'AI regulation' → 79 entries, 82 kept so far
14:40:15  INFO     [DE] 'AI regulation' → 100 entries, 109 kept so far
14:40:15  INFO     [IT] 'AI regulation' → 100 entries, 81 kept so far
14:40:15  INFO     [ES] 'AI regulation' → 77 entries, 97 kept so far
14:40:17  INFO     [FR] 'machine learning' → 100 entries, 170 kept so far
14:40:17  INFO     [PL] 'machine learning' → 100 entries, 119 kept so far
14:40:17  INFO     [DE] 'machine learning' → 100 entries, 147 kept so far
14:40:17  INFO     [IT] 'machine learning' → 100 entries, 157 kept so far
14:40:17  INFO     [ES] 'machine learning' → 100 entries, 171 kept so far
14:40:18  INFO     [FR] 'EU AI Act' → 82 entries, 222 kept so far
14:40:18  INFO     [PL] 'EU AI Act' → 76 entries, 138 kept so far
14:40:18  INFO     [DE] 'EU AI Act' → 100 entries, 225 kept so far
14:40:19  INFO     [IT] 'EU AI Act' → 100 entries, 237 kept so far
14:40:19  INFO     [ES] 'EU AI Act' → 79 entries, 206 kept so far
14:40:20  INFO     [FR] 'generative AI' → 100 entries, 261 kept so far
14:40:20  INFO     [DE] 'generative AI' → 100 entries, 249 kept so far
14:40:20  INFO     [PL] 'generative AI' → 100 entries, 169 kept so far
14:40:20  INFO     [IT] 'generative AI' → 100 entries, 281 kept so far
14:40:21  INFO     [FR] +95 new articles saved
14:40:21  INFO     [DE] +139 new articles saved
14:40:21  INFO     [ES] 'generative AI' → 100 entries, 245 kept so far
14:40:21  INFO     [PL] +73 new articles saved
14:40:21  INFO     [IT] +99 new articles saved
14:40:21  INFO     [NL] 'artificial intelligence' → 100 entries, 10 kept so far
14:40:22  INFO     [SE] 'artificial intelligence' → 100 entries, 7 kept so far
14:40:22  INFO     [BE] 'artificial intelligence' → 100 entries, 49 kept so far
14:40:22  INFO     [AT] 'artificial intelligence' → 100 entries, 49 kept so far
14:40:22  INFO     [ES] +87 new articles saved
14:40:23  INFO     [DK] 'artificial intelligence' → 100 entries, 20 kept so far
14:40:23  INFO     [NL] 'AI regulation' → 79 entries, 59 kept so far
14:40:23  INFO     [SE] 'AI regulation' → 58 entries, 21 kept so far
14:40:23  INFO     [BE] 'AI regulation' → 100 entries, 124 kept so far
14:40:23  INFO     [AT] 'AI regulation' → 57 entries, 85 kept so far
14:40:24  INFO     [DK] 'AI regulation' → 30 entries, 20 kept so far
14:40:24  INFO     [NL] 'machine learning' → 100 entries, 121 kept so far
14:40:25  INFO     [SE] 'machine learning' → 78 entries, 42 kept so far
14:40:25  INFO     [BE] 'machine learning' → 100 entries, 182 kept so far
14:40:25  INFO     [AT] 'machine learning' → 100 entries, 124 kept so far
14:40:25  INFO     [DK] 'machine learning' → 77 entries, 43 kept so far
14:40:26  INFO     [NL] 'EU AI Act' → 100 entries, 139 kept so far
14:40:26  INFO     [SE] 'EU AI Act' → 62 entries, 47 kept so far
14:40:27  INFO     [BE] 'EU AI Act' → 83 entries, 232 kept so far
14:40:27  INFO     [DK] 'EU AI Act' → 42 entries, 62 kept so far
14:40:27  INFO     [AT] 'EU AI Act' → 100 entries, 210 kept so far
14:40:28  INFO     [NL] 'generative AI' → 100 entries, 172 kept so far
14:40:28  INFO     [SE] 'generative AI' → 68 entries, 55 kept so far
14:40:28  INFO     [BE] 'generative AI' → 100 entries, 272 kept so far
14:40:29  INFO     [DK] 'generative AI' → 98 entries, 96 kept so far
14:40:29  INFO     [NL] +53 new articles saved
14:40:29  INFO     [SE] +12 new articles saved
14:40:29  INFO     [AT] 'generative AI' → 100 entries, 274 kept so far
14:40:29  INFO     [FI] 'artificial intelligence' → 100 entries, 62 kept so far
14:40:29  INFO     [BE] +24 new articles saved
14:40:29  INFO     [PT] 'artificial intelligence' → 100 entries, 60 kept so far
14:40:30  INFO     [DK] +25 new articles saved
14:40:30  INFO     [AT] +66 new articles saved
14:40:30  INFO     [CZ] 'artificial intelligence' → 100 entries, 17 kept so far
14:40:30  INFO     [RO] 'artificial intelligence' → 100 entries, 41 kept so far
14:40:30  INFO     [HU] 'artificial intelligence' → 100 entries, 14 kept so far
14:40:31  INFO     [FI] 'AI regulation' → 46 entries, 75 kept so far
14:40:31  INFO     [PT] 'AI regulation' → 79 entries, 102 kept so far
14:40:31  INFO     [CZ] 'AI regulation' → 71 entries, 41 kept so far
14:40:32  INFO     [RO] 'AI regulation' → 19 entries, 45 kept so far
14:40:32  INFO     [HU] 'AI regulation' → 79 entries, 17 kept so far
14:40:32  INFO     [FI] 'machine learning' → 85 entries, 105 kept so far
14:40:33  INFO     [PT] 'machine learning' → 100 entries, 180 kept so far
14:40:33  INFO     [CZ] 'machine learning' → 80 entries, 60 kept so far
14:40:33  INFO     [RO] 'machine learning' → 100 entries, 90 kept so far
14:40:33  INFO     [HU] 'machine learning' → 70 entries, 42 kept so far
14:40:34  INFO     [FI] 'EU AI Act' → 63 entries, 138 kept so far
14:40:34  INFO     [PT] 'EU AI Act' → 62 entries, 190 kept so far
14:40:34  INFO     [CZ] 'EU AI Act' → 71 entries, 70 kept so far
14:40:35  INFO     [RO] 'EU AI Act' → 75 entries, 102 kept so far
14:40:35  INFO     [HU] 'EU AI Act' → 77 entries, 60 kept so far
14:40:35  INFO     [FI] 'generative AI' → 67 entries, 174 kept so far
14:40:36  INFO     [CZ] 'generative AI' → 81 entries, 87 kept so far
14:40:36  INFO     [PT] 'generative AI' → 100 entries, 225 kept so far
14:40:36  INFO     [RO] 'generative AI' → 86 entries, 125 kept so far
14:40:36  INFO     [HU] 'generative AI' → 40 entries, 74 kept so far
14:40:36  INFO     [FI] +51 new articles saved
14:40:37  INFO     [CZ] +32 new articles saved
14:40:37  INFO     [GR] 'artificial intelligence' → 65 entries, 46 kept so far
14:40:37  INFO     [PT] +80 new articles saved
14:40:37  INFO     [SK] 'artificial intelligence' → 100 entries, 31 kept so far
14:40:37  INFO     [RO] +33 new articles saved
14:40:37  INFO     [HU] +24 new articles saved
14:40:38  INFO     [IE] 'artificial intelligence' → 100 entries, 59 kept so far
14:40:38  INFO     [BG] 'artificial intelligence' → 85 entries, 42 kept so far
14:40:38  INFO     [HR] 'artificial intelligence' → 100 entries, 52 kept so far
14:40:38  INFO     [GR] 'AI regulation' → 45 entries, 73 kept so far
14:40:39  INFO     [SK] 'AI regulation' → 16 entries, 32 kept so far
14:40:39  INFO     [IE] 'AI regulation' → 100 entries, 98 kept so far
14:40:39  INFO     [BG] 'AI regulation' → 6 entries, 44 kept so far
14:40:40  INFO     [HR] 'AI regulation' → 100 entries, 89 kept so far
14:40:40  INFO     [GR] 'machine learning' → 97 entries, 114 kept so far
14:40:40  INFO     [SK] 'machine learning' → 57 entries, 44 kept so far
14:40:41  INFO     [BG] 'machine learning' → 59 entries, 57 kept so far
14:40:41  INFO     [IE] 'machine learning' → 100 entries, 170 kept so far
14:40:41  INFO     [HR] 'machine learning' → 100 entries, 165 kept so far
14:40:42  INFO     [GR] 'EU AI Act' → 65 entries, 133 kept so far
14:40:42  INFO     [SK] 'EU AI Act' → 60 entries, 56 kept so far
14:40:42  INFO     [BG] 'EU AI Act' → 11 entries, 60 kept so far
14:40:43  INFO     [HR] 'EU AI Act' → 100 entries, 245 kept so far
14:40:43  INFO     [IE] 'EU AI Act' → 100 entries, 245 kept so far
14:40:43  INFO     [GR] 'generative AI' → 100 entries, 172 kept so far
14:40:43  INFO     [SK] 'generative AI' → 42 entries, 66 kept so far
14:40:43  INFO     [BG] 'generative AI' → 34 entries, 63 kept so far
14:40:44  INFO     [HR] 'generative AI' → 100 entries, 302 kept so far
14:40:44  INFO     [GR] +74 new articles saved
14:40:44  INFO     [SK] +26 new articles saved
14:40:44  INFO     [BG] +27 new articles saved
14:40:45  INFO     [IE] 'generative AI' → 100 entries, 295 kept so far
14:40:45  INFO     [LV] 'artificial intelligence' → 79 entries, 27 kept so far
14:40:45  INFO     [SI] 'artificial intelligence' → 100 entries, 47 kept so far
14:40:45  INFO     [LT] 'artificial intelligence' → 95 entries, 32 kept so far
14:40:45  INFO     [HR] +176 new articles saved
14:40:46  INFO     [IE] +64 new articles saved
14:40:46  INFO     [EE] 'artificial intelligence' → 100 entries, 44 kept so far
14:40:46  INFO     [CY] 'artificial intelligence' → 100 entries, 47 kept so far
14:40:46  INFO     [SI] 'AI regulation' → 2 entries, 47 kept so far
14:40:46  INFO     [LV] 'AI regulation' → 10 entries, 27 kept so far
14:40:46  INFO     [LT] 'AI regulation' → 18 entries, 34 kept so far
14:40:47  INFO     [EE] 'AI regulation' → 17 entries, 46 kept so far
14:40:47  INFO     [LV] 'machine learning' → 12 entries, 30 kept so far
14:40:48  INFO     [SI] 'machine learning' → 23 entries, 52 kept so far
14:40:48  INFO     [CY] 'AI regulation' → 45 entries, 76 kept so far
14:40:48  INFO     [LT] 'machine learning' → 32 entries, 39 kept so far
14:40:49  INFO     [EE] 'machine learning' → 17 entries, 48 kept so far
14:40:49  INFO     [LV] 'EU AI Act' → 9 entries, 30 kept so far
14:40:49  INFO     [SI] 'EU AI Act' → 22 entries, 58 kept so far
14:40:49  INFO     [LT] 'EU AI Act' → 18 entries, 40 kept so far
14:40:49  INFO     [CY] 'machine learning' → 97 entries, 118 kept so far
14:40:50  INFO     [EE] 'EU AI Act' → 18 entries, 52 kept so far
14:40:50  INFO     [LV] 'generative AI' → 8 entries, 32 kept so far
14:40:50  INFO     [SI] 'generative AI' → 13 entries, 61 kept so far
14:40:50  INFO     [LT] 'generative AI' → 29 entries, 47 kept so far
14:40:51  INFO     [CY] 'EU AI Act' → 65 entries, 137 kept so far
14:40:51  INFO     [LV] +11 new articles saved
14:40:51  INFO     [SI] +17 new articles saved
14:40:51  INFO     [MT] 'artificial intelligence' → 100 entries, 52 kept so far
14:40:51  INFO     [EE] 'generative AI' → 13 entries, 54 kept so far
14:40:51  INFO     [LT] +13 new articles saved
14:40:52  INFO     [LU] 'artificial intelligence' → 100 entries, 47 kept so far
14:40:52  INFO     [CY] 'generative AI' → 100 entries, 174 kept so far
14:40:52  INFO     [EE] +12 new articles saved
14:40:52  INFO     [MT] 'AI regulation' → 100 entries, 89 kept so far
14:40:53  INFO     [LU] 'AI regulation' → 100 entries, 113 kept so far
14:40:53  INFO     [CY] +10 new articles saved
14:40:54  INFO     [MT] 'machine learning' → 100 entries, 165 kept so far
14:40:55  INFO     [MT] 'EU AI Act' → 100 entries, 245 kept so far
14:40:55  INFO     [LU] 'machine learning' → 100 entries, 170 kept so far
14:40:56  INFO     [MT] 'generative AI' → 100 entries, 302 kept so far
14:40:56  INFO     [LU] 'EU AI Act' → 82 entries, 222 kept so far
14:40:57  INFO     [MT] +0 new articles saved
14:40:58  INFO     [LU] 'generative AI' → 100 entries, 261 kept so far
14:40:59  INFO     [LU] +0 new articles saved
14:40:59  INFO     Scrape complete. 1323 new articles this run.
