03:33:12  INFO     Starting scrape: 27 countries, 5 queries each
/home/runner/work/EU_AI_News/EU_AI_News/eu_ai_news_scraper.py:230: DeprecationWarning: datetime.datetime.utcnow() is deprecated and scheduled for removal in a future version. Use timezone-aware objects to represent datetimes in UTC: datetime.datetime.now(datetime.UTC).
  "scraped_at":   datetime.utcnow().isoformat(),
03:33:12  INFO     [PL] 'artificial intelligence' → 100 entries, 10 kept so far
03:33:12  INFO     [IT] 'artificial intelligence' → 100 entries, 43 kept so far
03:33:12  INFO     [DE] 'artificial intelligence' → 100 entries, 48 kept so far
03:33:12  INFO     [ES] 'artificial intelligence' → 100 entries, 65 kept so far
03:33:12  INFO     [FR] 'artificial intelligence' → 102 entries, 44 kept so far
03:33:14  INFO     [PL] 'AI regulation' → 100 entries, 77 kept so far
03:33:14  INFO     [IT] 'AI regulation' → 100 entries, 105 kept so far
03:33:14  INFO     [DE] 'AI regulation' → 100 entries, 95 kept so far
03:33:14  INFO     [ES] 'AI regulation' → 77 entries, 87 kept so far
03:33:14  INFO     [FR] 'AI regulation' → 100 entries, 106 kept so far
03:33:15  INFO     [PL] 'machine learning' → 100 entries, 115 kept so far
03:33:15  INFO     [DE] 'machine learning' → 100 entries, 144 kept so far
03:33:15  INFO     [IT] 'machine learning' → 100 entries, 175 kept so far
03:33:16  INFO     [FR] 'machine learning' → 100 entries, 161 kept so far
03:33:16  INFO     [ES] 'machine learning' → 100 entries, 163 kept so far
03:33:17  INFO     [PL] 'EU AI Act' → 76 entries, 129 kept so far
03:33:17  INFO     [DE] 'EU AI Act' → 100 entries, 226 kept so far
03:33:17  INFO     [IT] 'EU AI Act' → 100 entries, 247 kept so far
03:33:17  INFO     [FR] 'EU AI Act' → 79 entries, 209 kept so far
03:33:17  INFO     [ES] 'EU AI Act' → 78 entries, 199 kept so far
03:33:18  INFO     [PL] 'generative AI' → 100 entries, 164 kept so far
03:33:19  INFO     [DE] 'generative AI' → 100 entries, 244 kept so far
03:33:19  INFO     [IT] 'generative AI' → 100 entries, 286 kept so far
03:33:19  INFO     [FR] 'generative AI' → 100 entries, 239 kept so far
03:33:19  INFO     [ES] 'generative AI' → 100 entries, 237 kept so far
03:33:19  INFO     [PL] +66 new articles saved
03:33:20  INFO     [DE] +162 new articles saved
03:33:20  INFO     [IT] +130 new articles saved
03:33:20  INFO     [FR] +103 new articles saved
03:33:20  INFO     [NL] 'artificial intelligence' → 100 entries, 7 kept so far
03:33:20  INFO     [ES] +104 new articles saved
03:33:20  INFO     [SE] 'artificial intelligence' → 100 entries, 9 kept so far
03:33:20  INFO     [BE] 'artificial intelligence' → 100 entries, 53 kept so far
03:33:20  INFO     [AT] 'artificial intelligence' → 100 entries, 51 kept so far
03:33:21  INFO     [DK] 'artificial intelligence' → 100 entries, 13 kept so far
03:33:21  INFO     [NL] 'AI regulation' → 78 entries, 42 kept so far
03:33:22  INFO     [SE] 'AI regulation' → 69 entries, 22 kept so far
03:33:22  INFO     [BE] 'AI regulation' → 100 entries, 116 kept so far
03:33:22  INFO     [AT] 'AI regulation' → 67 entries, 90 kept so far
03:33:22  INFO     [DK] 'AI regulation' → 30 entries, 15 kept so far
03:33:23  INFO     [NL] 'machine learning' → 100 entries, 101 kept so far
03:33:23  INFO     [SE] 'machine learning' → 68 entries, 44 kept so far
03:33:23  INFO     [BE] 'machine learning' → 100 entries, 172 kept so far
03:33:24  INFO     [AT] 'machine learning' → 100 entries, 136 kept so far
03:33:24  INFO     [DK] 'machine learning' → 80 entries, 41 kept so far
03:33:24  INFO     [NL] 'EU AI Act' → 98 entries, 130 kept so far
03:33:25  INFO     [SE] 'EU AI Act' → 75 entries, 52 kept so far
03:33:25  INFO     [BE] 'EU AI Act' → 79 entries, 217 kept so far
03:33:25  INFO     [AT] 'EU AI Act' → 100 entries, 225 kept so far
03:33:25  INFO     [DK] 'EU AI Act' → 75 entries, 60 kept so far
03:33:26  INFO     [NL] 'generative AI' → 100 entries, 159 kept so far
03:33:26  INFO     [SE] 'generative AI' → 79 entries, 65 kept so far
03:33:27  INFO     [AT] 'generative AI' → 100 entries, 243 kept so far
03:33:27  INFO     [BE] 'generative AI' → 100 entries, 244 kept so far
03:33:27  INFO     [DK] 'generative AI' → 100 entries, 95 kept so far
03:33:27  INFO     [NL] +51 new articles saved
03:33:27  INFO     [SE] +24 new articles saved
03:33:28  INFO     [FI] 'artificial intelligence' → 100 entries, 59 kept so far
03:33:28  INFO     [PT] 'artificial intelligence' → 100 entries, 66 kept so far
03:33:28  INFO     [AT] +37 new articles saved
03:33:28  INFO     [BE] +19 new articles saved
03:33:28  INFO     [DK] +29 new articles saved
03:33:28  INFO     [CZ] 'artificial intelligence' → 100 entries, 18 kept so far
03:33:28  INFO     [RO] 'artificial intelligence' → 100 entries, 41 kept so far
03:33:28  INFO     [HU] 'artificial intelligence' → 100 entries, 19 kept so far
03:33:29  INFO     [FI] 'AI regulation' → 46 entries, 70 kept so far
03:33:29  INFO     [PT] 'AI regulation' → 79 entries, 102 kept so far
03:33:30  INFO     [RO] 'AI regulation' → 11 entries, 42 kept so far
03:33:30  INFO     [CZ] 'AI regulation' → 76 entries, 41 kept so far
03:33:30  INFO     [HU] 'AI regulation' → 79 entries, 22 kept so far
03:33:31  INFO     [FI] 'machine learning' → 90 entries, 107 kept so far
03:33:31  INFO     [PT] 'machine learning' → 100 entries, 179 kept so far
03:33:31  INFO     [CZ] 'machine learning' → 86 entries, 62 kept so far
03:33:31  INFO     [RO] 'machine learning' → 100 entries, 90 kept so far
03:33:31  INFO     [HU] 'machine learning' → 68 entries, 47 kept so far
03:33:32  INFO     [FI] 'EU AI Act' → 65 entries, 140 kept so far
03:33:32  INFO     [PT] 'EU AI Act' → 45 entries, 186 kept so far
03:33:33  INFO     [CZ] 'EU AI Act' → 75 entries, 76 kept so far
03:33:33  INFO     [RO] 'EU AI Act' → 78 entries, 101 kept so far
03:33:33  INFO     [HU] 'EU AI Act' → 77 entries, 69 kept so far
03:33:34  INFO     [FI] 'generative AI' → 65 entries, 179 kept so far
03:33:34  INFO     [PT] 'generative AI' → 100 entries, 217 kept so far
03:33:34  INFO     [CZ] 'generative AI' → 85 entries, 92 kept so far
03:33:34  INFO     [RO] 'generative AI' → 81 entries, 123 kept so far
03:33:34  INFO     [HU] 'generative AI' → 73 entries, 92 kept so far
03:33:35  INFO     [FI] +72 new articles saved
03:33:35  INFO     [PT] +96 new articles saved
03:33:35  INFO     [GR] 'artificial intelligence' → 100 entries, 48 kept so far
03:33:35  INFO     [CZ] +49 new articles saved
03:33:35  INFO     [RO] +46 new articles saved
03:33:35  INFO     [HU] +41 new articles saved
03:33:36  INFO     [SK] 'artificial intelligence' → 100 entries, 22 kept so far
03:33:36  INFO     [HR] 'artificial intelligence' → 102 entries, 65 kept so far
03:33:36  INFO     [BG] 'artificial intelligence' → 66 entries, 32 kept so far
03:33:36  INFO     [IE] 'artificial intelligence' → 100 entries, 69 kept so far
03:33:37  INFO     [GR] 'AI regulation' → 40 entries, 85 kept so far
03:33:37  INFO     [SK] 'AI regulation' → 21 entries, 24 kept so far
03:33:37  INFO     [BG] 'AI regulation' → 5 entries, 34 kept so far
03:33:37  INFO     [HR] 'AI regulation' → 100 entries, 103 kept so far
03:33:38  INFO     [IE] 'AI regulation' → 100 entries, 108 kept so far
03:33:38  INFO     [GR] 'machine learning' → 83 entries, 116 kept so far
03:33:38  INFO     [SK] 'machine learning' → 57 entries, 36 kept so far
03:33:39  INFO     [BG] 'machine learning' → 54 entries, 42 kept so far
03:33:39  INFO     [HR] 'machine learning' → 100 entries, 184 kept so far
03:33:39  INFO     [IE] 'machine learning' → 100 entries, 193 kept so far
03:33:40  INFO     [GR] 'EU AI Act' → 50 entries, 131 kept so far
03:33:40  INFO     [SK] 'EU AI Act' → 60 entries, 53 kept so far
03:33:40  INFO     [BG] 'EU AI Act' → 8 entries, 45 kept so far
03:33:40  INFO     [HR] 'EU AI Act' → 100 entries, 264 kept so far
03:33:41  INFO     [IE] 'EU AI Act' → 100 entries, 268 kept so far
03:33:41  INFO     [BG] 'generative AI' → 28 entries, 51 kept so far
03:33:41  INFO     [SK] 'generative AI' → 50 entries, 60 kept so far
03:33:41  INFO     [GR] 'generative AI' → 100 entries, 173 kept so far
03:33:42  INFO     [HR] 'generative AI' → 100 entries, 341 kept so far
03:33:42  INFO     [BG] +26 new articles saved
03:33:42  INFO     [SK] +24 new articles saved
03:33:42  INFO     [GR] +94 new articles saved
03:33:43  INFO     [LT] 'artificial intelligence' → 91 entries, 34 kept so far
03:33:43  INFO     [IE] 'generative AI' → 100 entries, 332 kept so far
03:33:43  INFO     [LV] 'artificial intelligence' → 73 entries, 24 kept so far
03:33:43  INFO     [SI] 'artificial intelligence' → 95 entries, 45 kept so far
03:33:43  INFO     [HR] +247 new articles saved
03:33:43  INFO     [EE] 'artificial intelligence' → 100 entries, 47 kept so far
03:33:44  INFO     [IE] +84 new articles saved
03:33:44  INFO     [LT] 'AI regulation' → 10 entries, 35 kept so far
03:33:44  INFO     [LV] 'AI regulation' → 6 entries, 24 kept so far
03:33:44  INFO     [SI] 'AI regulation' → 3 entries, 46 kept so far
03:33:44  INFO     [CY] 'artificial intelligence' → 100 entries, 48 kept so far
03:33:45  INFO     [EE] 'AI regulation' → 9 entries, 48 kept so far
03:33:45  INFO     [LV] 'machine learning' → 10 entries, 26 kept so far
03:33:45  INFO     [LT] 'machine learning' → 42 entries, 40 kept so far
03:33:45  INFO     [SI] 'machine learning' → 24 entries, 48 kept so far
03:33:46  INFO     [CY] 'AI regulation' → 40 entries, 85 kept so far
03:33:46  INFO     [EE] 'machine learning' → 23 entries, 51 kept so far
03:33:47  INFO     [LV] 'EU AI Act' → 9 entries, 26 kept so far
03:33:47  INFO     [LT] 'EU AI Act' → 18 entries, 41 kept so far
03:33:47  INFO     [SI] 'EU AI Act' → 24 entries, 53 kept so far
03:33:47  INFO     [CY] 'machine learning' → 83 entries, 116 kept so far
03:33:47  INFO     [EE] 'EU AI Act' → 16 entries, 53 kept so far
03:33:48  INFO     [LV] 'generative AI' → 8 entries, 28 kept so far
03:33:48  INFO     [SI] 'generative AI' → 15 entries, 57 kept so far
03:33:48  INFO     [LT] 'generative AI' → 25 entries, 47 kept so far
03:33:48  INFO     [CY] 'EU AI Act' → 50 entries, 131 kept so far
03:33:49  INFO     [LV] +11 new articles saved
03:33:49  INFO     [EE] 'generative AI' → 10 entries, 56 kept so far
03:33:49  INFO     [SI] +17 new articles saved
03:33:49  INFO     [LT] +18 new articles saved
03:33:49  INFO     [MT] 'artificial intelligence' → 102 entries, 65 kept so far
03:33:49  INFO     [LU] 'artificial intelligence' → 102 entries, 44 kept so far
03:33:50  INFO     [CY] 'generative AI' → 100 entries, 173 kept so far
03:33:50  INFO     [EE] +18 new articles saved
03:33:50  INFO     [MT] 'AI regulation' → 100 entries, 103 kept so far
03:33:51  INFO     [LU] 'AI regulation' → 100 entries, 106 kept so far
03:33:51  INFO     [CY] +0 new articles saved
03:33:51  INFO     [MT] 'machine learning' → 100 entries, 184 kept so far
03:33:52  INFO     [LU] 'machine learning' → 100 entries, 161 kept so far
03:33:53  INFO     [MT] 'EU AI Act' → 100 entries, 264 kept so far
03:33:54  INFO     [LU] 'EU AI Act' → 79 entries, 209 kept so far
03:33:54  INFO     [MT] 'generative AI' → 100 entries, 341 kept so far
03:33:55  INFO     [MT] +0 new articles saved
03:33:55  INFO     [LU] 'generative AI' → 100 entries, 239 kept so far
03:33:56  INFO     [LU] +0 new articles saved
03:33:56  INFO     Scrape complete. 1568 new articles this run.
