20:57:48  INFO     Starting scrape: 27 countries, 5 queries each
/home/runner/work/EU_AI_News/EU_AI_News/eu_ai_news_scraper.py:230: DeprecationWarning: datetime.datetime.utcnow() is deprecated and scheduled for removal in a future version. Use timezone-aware objects to represent datetimes in UTC: datetime.datetime.now(datetime.UTC).
  "scraped_at":   datetime.utcnow().isoformat(),
20:57:49  INFO     [PL] 'artificial intelligence' → 100 entries, 23 kept so far
20:57:49  INFO     [IT] 'artificial intelligence' → 100 entries, 28 kept so far
20:57:49  INFO     [ES] 'artificial intelligence' → 100 entries, 72 kept so far
20:57:49  INFO     [DE] 'artificial intelligence' → 100 entries, 50 kept so far
20:57:49  INFO     [FR] 'artificial intelligence' → 100 entries, 41 kept so far
20:57:50  INFO     [PL] 'AI regulation' → 76 entries, 80 kept so far
20:57:51  INFO     [IT] 'AI regulation' → 100 entries, 117 kept so far
20:57:51  INFO     [ES] 'AI regulation' → 82 entries, 123 kept so far
20:57:51  INFO     [DE] 'AI regulation' → 100 entries, 127 kept so far
20:57:51  INFO     [FR] 'AI regulation' → 100 entries, 123 kept so far
20:57:52  INFO     [PL] 'machine learning' → 100 entries, 123 kept so far
20:57:52  INFO     [DE] 'machine learning' → 100 entries, 176 kept so far
20:57:53  INFO     [FR] 'machine learning' → 100 entries, 182 kept so far
20:57:53  INFO     [IT] 'machine learning' → 100 entries, 192 kept so far
20:57:53  INFO     [ES] 'machine learning' → 100 entries, 195 kept so far
20:57:54  INFO     [PL] 'EU AI Act' → 77 entries, 142 kept so far
20:57:54  INFO     [DE] 'EU AI Act' → 100 entries, 246 kept so far
20:57:54  INFO     [FR] 'EU AI Act' → 79 entries, 225 kept so far
20:57:54  INFO     [IT] 'EU AI Act' → 100 entries, 274 kept so far
20:57:54  INFO     [ES] 'EU AI Act' → 78 entries, 213 kept so far
20:57:55  INFO     [PL] 'generative AI' → 100 entries, 176 kept so far
20:57:56  INFO     [FR] 'generative AI' → 100 entries, 255 kept so far
20:57:56  INFO     [DE] 'generative AI' → 100 entries, 274 kept so far
20:57:56  INFO     [IT] 'generative AI' → 100 entries, 315 kept so far
20:57:56  INFO     [ES] 'generative AI' → 100 entries, 256 kept so far
20:57:56  INFO     [PL] +45 new articles saved
20:57:57  INFO     [FR] +62 new articles saved
20:57:57  INFO     [DE] +71 new articles saved
20:57:57  INFO     [IT] +86 new articles saved
20:57:57  INFO     [NL] 'artificial intelligence' → 100 entries, 12 kept so far
20:57:57  INFO     [ES] +52 new articles saved
20:57:57  INFO     [SE] 'artificial intelligence' → 100 entries, 9 kept so far
20:57:57  INFO     [BE] 'artificial intelligence' → 100 entries, 56 kept so far
20:57:58  INFO     [AT] 'artificial intelligence' → 100 entries, 47 kept so far
20:57:58  INFO     [DK] 'artificial intelligence' → 100 entries, 21 kept so far
20:57:59  INFO     [NL] 'AI regulation' → 78 entries, 60 kept so far
20:57:59  INFO     [SE] 'AI regulation' → 77 entries, 22 kept so far
20:57:59  INFO     [BE] 'AI regulation' → 100 entries, 142 kept so far
20:57:59  INFO     [DK] 'AI regulation' → 45 entries, 34 kept so far
20:57:59  INFO     [AT] 'AI regulation' → 100 entries, 127 kept so far
20:58:00  INFO     [NL] 'machine learning' → 100 entries, 128 kept so far
20:58:01  INFO     [SE] 'machine learning' → 78 entries, 46 kept so far
20:58:01  INFO     [DK] 'machine learning' → 76 entries, 56 kept so far
20:58:01  INFO     [BE] 'machine learning' → 100 entries, 202 kept so far
20:58:01  INFO     [AT] 'machine learning' → 100 entries, 172 kept so far
20:58:02  INFO     [SE] 'EU AI Act' → 61 entries, 53 kept so far
20:58:02  INFO     [NL] 'EU AI Act' → 93 entries, 153 kept so far
20:58:03  INFO     [DK] 'EU AI Act' → 76 entries, 67 kept so far
20:58:03  INFO     [BE] 'EU AI Act' → 79 entries, 244 kept so far
20:58:03  INFO     [AT] 'EU AI Act' → 100 entries, 233 kept so far
20:58:03  INFO     [NL] 'generative AI' → 0 entries, 153 kept so far
20:58:04  INFO     [SE] 'generative AI' → 75 entries, 65 kept so far
20:58:04  INFO     [DK] 'generative AI' → 98 entries, 101 kept so far
20:58:04  INFO     [BE] 'generative AI' → 100 entries, 275 kept so far
20:58:04  INFO     [AT] 'generative AI' → 100 entries, 261 kept so far
20:58:04  INFO     [NL] +32 new articles saved
20:58:05  INFO     [SE] +12 new articles saved
20:58:05  INFO     [PT] 'artificial intelligence' → 0 entries, 0 kept so far
20:58:05  INFO     [FI] 'artificial intelligence' → 100 entries, 64 kept so far
20:58:05  INFO     [DK] +14 new articles saved
20:58:05  INFO     [BE] +14 new articles saved
20:58:05  INFO     [AT] +19 new articles saved
20:58:06  INFO     [CZ] 'artificial intelligence' → 100 entries, 23 kept so far
20:58:06  INFO     [RO] 'artificial intelligence' → 100 entries, 39 kept so far
20:58:06  INFO     [HU] 'artificial intelligence' → 100 entries, 16 kept so far
20:58:07  INFO     [PT] 'AI regulation' → 95 entries, 47 kept so far
20:58:07  INFO     [FI] 'AI regulation' → 55 entries, 81 kept so far
20:58:07  INFO     [CZ] 'AI regulation' → 75 entries, 47 kept so far
20:58:08  INFO     [RO] 'AI regulation' → 79 entries, 45 kept so far
20:58:08  INFO     [HU] 'AI regulation' → 79 entries, 20 kept so far
20:58:08  INFO     [FI] 'machine learning' → 0 entries, 81 kept so far
20:58:08  INFO     [PT] 'machine learning' → 100 entries, 126 kept so far
20:58:09  INFO     [CZ] 'machine learning' → 84 entries, 68 kept so far
20:58:09  INFO     [RO] 'machine learning' → 100 entries, 91 kept so far
20:58:09  INFO     [HU] 'machine learning' → 68 entries, 41 kept so far
20:58:09  INFO     [FI] 'EU AI Act' → 61 entries, 117 kept so far
20:58:10  INFO     [PT] 'EU AI Act' → 67 entries, 143 kept so far
20:58:10  INFO     [CZ] 'EU AI Act' → 74 entries, 80 kept so far
20:58:11  INFO     [RO] 'EU AI Act' → 73 entries, 105 kept so far
20:58:11  INFO     [HU] 'EU AI Act' → 77 entries, 58 kept so far
20:58:11  INFO     [FI] 'generative AI' → 67 entries, 154 kept so far
20:58:12  INFO     [PT] 'generative AI' → 100 entries, 176 kept so far
20:58:12  INFO     [CZ] 'generative AI' → 82 entries, 98 kept so far
20:58:12  INFO     [FI] +39 new articles saved
20:58:12  INFO     [RO] 'generative AI' → 77 entries, 128 kept so far
20:58:12  INFO     [HU] 'generative AI' → 73 entries, 83 kept so far
20:58:13  INFO     [GR] 'artificial intelligence' → 100 entries, 46 kept so far
20:58:13  INFO     [PT] +53 new articles saved
20:58:13  INFO     [CZ] +23 new articles saved
20:58:13  INFO     [SK] 'artificial intelligence' → 100 entries, 28 kept so far
20:58:13  INFO     [RO] +14 new articles saved
20:58:13  INFO     [HU] +7 new articles saved
20:58:14  INFO     [IE] 'artificial intelligence' → 100 entries, 62 kept so far
20:58:14  INFO     [HR] 'artificial intelligence' → 102 entries, 60 kept so far
20:58:14  INFO     [BG] 'artificial intelligence' → 92 entries, 44 kept so far
20:58:14  INFO     [GR] 'AI regulation' → 77 entries, 98 kept so far
20:58:15  INFO     [SK] 'AI regulation' → 14 entries, 29 kept so far
20:58:15  INFO     [BG] 'AI regulation' → 15 entries, 45 kept so far
20:58:16  INFO     [HR] 'AI regulation' → 100 entries, 109 kept so far
20:58:16  INFO     [IE] 'AI regulation' → 100 entries, 108 kept so far
20:58:16  INFO     [GR] 'machine learning' → 99 entries, 138 kept so far
20:58:16  INFO     [SK] 'machine learning' → 57 entries, 40 kept so far
20:58:17  INFO     [BG] 'machine learning' → 58 entries, 56 kept so far
20:58:17  INFO     [HR] 'machine learning' → 100 entries, 174 kept so far
20:58:17  INFO     [GR] 'EU AI Act' → 68 entries, 151 kept so far
20:58:17  INFO     [IE] 'machine learning' → 100 entries, 170 kept so far
20:58:18  INFO     [SK] 'EU AI Act' → 50 entries, 51 kept so far
20:58:18  INFO     [BG] 'EU AI Act' → 8 entries, 58 kept so far
20:58:19  INFO     [HR] 'EU AI Act' → 100 entries, 254 kept so far
20:58:19  INFO     [GR] 'generative AI' → 100 entries, 192 kept so far
20:58:19  INFO     [IE] 'EU AI Act' → 100 entries, 244 kept so far
20:58:19  INFO     [SK] 'generative AI' → 44 entries, 60 kept so far
20:58:20  INFO     [BG] 'generative AI' → 29 entries, 61 kept so far
20:58:20  INFO     [GR] +40 new articles saved
20:58:20  INFO     [SK] +8 new articles saved
20:58:20  INFO     [HR] 'generative AI' → 100 entries, 318 kept so far
20:58:20  INFO     [LT] 'artificial intelligence' → 100 entries, 30 kept so far
20:58:21  INFO     [BG] +12 new articles saved
20:58:21  INFO     [IE] 'generative AI' → 100 entries, 309 kept so far
20:58:21  INFO     [SI] 'artificial intelligence' → 100 entries, 43 kept so far
20:58:21  INFO     [LV] 'artificial intelligence' → 65 entries, 25 kept so far
20:58:21  INFO     [HR] +148 new articles saved
20:58:22  INFO     [IE] +49 new articles saved
20:58:22  INFO     [EE] 'artificial intelligence' → 100 entries, 53 kept so far
20:58:22  INFO     [LT] 'AI regulation' → 17 entries, 33 kept so far
20:58:22  INFO     [SI] 'AI regulation' → 4 entries, 45 kept so far
20:58:22  INFO     [CY] 'artificial intelligence' → 100 entries, 46 kept so far
20:58:22  INFO     [LV] 'AI regulation' → 10 entries, 25 kept so far
20:58:23  INFO     [LT] 'machine learning' → 13 entries, 37 kept so far
20:58:23  INFO     [EE] 'AI regulation' → 10 entries, 53 kept so far
20:58:24  INFO     [SI] 'machine learning' → 23 entries, 49 kept so far
20:58:24  INFO     [LV] 'machine learning' → 12 entries, 27 kept so far
20:58:24  INFO     [CY] 'AI regulation' → 77 entries, 97 kept so far
20:58:25  INFO     [LT] 'EU AI Act' → 18 entries, 38 kept so far
20:58:25  INFO     [EE] 'machine learning' → 13 entries, 53 kept so far
20:58:25  INFO     [LV] 'EU AI Act' → 8 entries, 27 kept so far
20:58:25  INFO     [SI] 'EU AI Act' → 25 entries, 53 kept so far
20:58:25  INFO     [CY] 'machine learning' → 99 entries, 137 kept so far
20:58:26  INFO     [LT] 'generative AI' → 28 entries, 47 kept so far
20:58:26  INFO     [EE] 'EU AI Act' → 22 entries, 56 kept so far
20:58:26  INFO     [SI] 'generative AI' → 12 entries, 56 kept so far
20:58:26  INFO     [LV] 'generative AI' → 10 entries, 28 kept so far
20:58:27  INFO     [CY] 'EU AI Act' → 68 entries, 150 kept so far
20:58:27  INFO     [LT] +3 new articles saved
20:58:27  INFO     [SI] +7 new articles saved
20:58:27  INFO     [MT] 'artificial intelligence' → 102 entries, 60 kept so far
20:58:27  INFO     [EE] 'generative AI' → 17 entries, 62 kept so far
20:58:27  INFO     [LV] +3 new articles saved
20:58:28  INFO     [LU] 'artificial intelligence' → 100 entries, 34 kept so far
20:58:28  INFO     [CY] 'generative AI' → 100 entries, 191 kept so far
20:58:28  INFO     [EE] +9 new articles saved
20:58:29  INFO     [MT] 'AI regulation' → 100 entries, 109 kept so far
20:58:29  INFO     [LU] 'AI regulation' → 100 entries, 115 kept so far
20:58:29  INFO     [CY] +1 new articles saved
20:58:30  INFO     [MT] 'machine learning' → 100 entries, 174 kept so far
20:58:31  INFO     [LU] 'machine learning' → 100 entries, 174 kept so far
20:58:31  INFO     [MT] 'EU AI Act' → 100 entries, 254 kept so far
20:58:32  INFO     [MT] 'generative AI' → 100 entries, 318 kept so far
20:58:32  INFO     [LU] 'EU AI Act' → 79 entries, 217 kept so far
20:58:33  INFO     [MT] +0 new articles saved
20:58:34  INFO     [LU] 'generative AI' → 100 entries, 248 kept so far
20:58:35  INFO     [LU] +1 new articles saved
20:58:35  INFO     Scrape complete. 824 new articles this run.
