09:47:24  INFO     Starting scrape: 27 countries, 5 queries each
/home/runner/work/EU_AI_News/EU_AI_News/eu_ai_news_scraper.py:230: DeprecationWarning: datetime.datetime.utcnow() is deprecated and scheduled for removal in a future version. Use timezone-aware objects to represent datetimes in UTC: datetime.datetime.now(datetime.UTC).
  "scraped_at":   datetime.utcnow().isoformat(),
09:47:25  INFO     [PL] 'artificial intelligence' → 100 entries, 19 kept so far
09:47:25  INFO     [DE] 'artificial intelligence' → 100 entries, 50 kept so far
09:47:25  INFO     [ES] 'artificial intelligence' → 100 entries, 68 kept so far
09:47:25  INFO     [IT] 'artificial intelligence' → 100 entries, 25 kept so far
09:47:25  INFO     [FR] 'artificial intelligence' → 100 entries, 53 kept so far
09:47:27  INFO     [DE] 'AI regulation' → 100 entries, 126 kept so far
09:47:27  INFO     [PL] 'AI regulation' → 80 entries, 82 kept so far
09:47:27  INFO     [ES] 'AI regulation' → 78 entries, 121 kept so far
09:47:27  INFO     [IT] 'AI regulation' → 100 entries, 115 kept so far
09:47:27  INFO     [FR] 'AI regulation' → 100 entries, 135 kept so far
09:47:28  INFO     [PL] 'machine learning' → 100 entries, 120 kept so far
09:47:29  INFO     [ES] 'machine learning' → 100 entries, 206 kept so far
09:47:29  INFO     [DE] 'machine learning' → 100 entries, 165 kept so far
09:47:29  INFO     [FR] 'machine learning' → 100 entries, 190 kept so far
09:47:29  INFO     [IT] 'machine learning' → 100 entries, 186 kept so far
09:47:30  INFO     [PL] 'EU AI Act' → 77 entries, 136 kept so far
09:47:30  INFO     [IT] 'EU AI Act' → 100 entries, 261 kept so far
09:47:30  INFO     [DE] 'EU AI Act' → 100 entries, 250 kept so far
09:47:30  INFO     [FR] 'EU AI Act' → 78 entries, 235 kept so far
09:47:30  INFO     [ES] 'EU AI Act' → 77 entries, 230 kept so far
09:47:32  INFO     [PL] 'generative AI' → 100 entries, 170 kept so far
09:47:32  INFO     [IT] 'generative AI' → 100 entries, 309 kept so far
09:47:32  INFO     [ES] 'generative AI' → 100 entries, 273 kept so far
09:47:32  INFO     [FR] 'generative AI' → 100 entries, 273 kept so far
09:47:32  INFO     [DE] 'generative AI' → 100 entries, 268 kept so far
09:47:33  INFO     [PL] +76 new articles saved
09:47:33  INFO     [IT] +128 new articles saved
09:47:33  INFO     [ES] +113 new articles saved
09:47:33  INFO     [FR] +112 new articles saved
09:47:33  INFO     [DE] +168 new articles saved
09:47:34  INFO     [BE] 'artificial intelligence' → 100 entries, 55 kept so far
09:47:34  INFO     [NL] 'artificial intelligence' → 100 entries, 9 kept so far
09:47:34  INFO     [SE] 'artificial intelligence' → 100 entries, 12 kept so far
09:47:34  INFO     [AT] 'artificial intelligence' → 100 entries, 53 kept so far
09:47:34  INFO     [DK] 'artificial intelligence' → 100 entries, 17 kept so far
09:47:35  INFO     [NL] 'AI regulation' → 78 entries, 57 kept so far
09:47:35  INFO     [SE] 'AI regulation' → 76 entries, 25 kept so far
09:47:35  INFO     [BE] 'AI regulation' → 100 entries, 139 kept so far
09:47:36  INFO     [AT] 'AI regulation' → 100 entries, 126 kept so far
09:47:36  INFO     [DK] 'AI regulation' → 62 entries, 27 kept so far
09:47:37  INFO     [SE] 'machine learning' → 32 entries, 38 kept so far
09:47:37  INFO     [NL] 'machine learning' → 100 entries, 115 kept so far
09:47:37  INFO     [BE] 'machine learning' → 100 entries, 199 kept so far
09:47:37  INFO     [AT] 'machine learning' → 100 entries, 168 kept so far
09:47:38  INFO     [DK] 'machine learning' → 77 entries, 45 kept so far
09:47:38  INFO     [SE] 'EU AI Act' → 62 entries, 46 kept so far
09:47:39  INFO     [NL] 'EU AI Act' → 91 entries, 131 kept so far
09:47:39  INFO     [BE] 'EU AI Act' → 79 entries, 243 kept so far
09:47:39  INFO     [AT] 'EU AI Act' → 100 entries, 254 kept so far
09:47:40  INFO     [DK] 'EU AI Act' → 75 entries, 57 kept so far
09:47:40  INFO     [SE] 'generative AI' → 77 entries, 59 kept so far
09:47:40  INFO     [NL] 'generative AI' → 100 entries, 159 kept so far
09:47:40  INFO     [AT] 'generative AI' → 100 entries, 279 kept so far
09:47:41  INFO     [BE] 'generative AI' → 100 entries, 281 kept so far
09:47:41  INFO     [SE] +17 new articles saved
09:47:41  INFO     [DK] 'generative AI' → 100 entries, 92 kept so far
09:47:41  INFO     [NL] +48 new articles saved
09:47:41  INFO     [AT] +34 new articles saved
09:47:42  INFO     [BE] +20 new articles saved
09:47:42  INFO     [FI] 'artificial intelligence' → 100 entries, 64 kept so far
09:47:42  INFO     [CZ] 'artificial intelligence' → 100 entries, 21 kept so far
09:47:42  INFO     [PT] 'artificial intelligence' → 100 entries, 68 kept so far
09:47:42  INFO     [RO] 'artificial intelligence' → 100 entries, 37 kept so far
09:47:42  INFO     [DK] +25 new articles saved
09:47:43  INFO     [HU] 'artificial intelligence' → 100 entries, 16 kept so far
09:47:43  INFO     [FI] 'AI regulation' → 21 entries, 68 kept so far
09:47:44  INFO     [CZ] 'AI regulation' → 77 entries, 48 kept so far
09:47:44  INFO     [RO] 'AI regulation' → 76 entries, 43 kept so far
09:47:44  INFO     [PT] 'AI regulation' → 79 entries, 99 kept so far
09:47:45  INFO     [HU] 'AI regulation' → 66 entries, 19 kept so far
09:47:45  INFO     [FI] 'machine learning' → 89 entries, 106 kept so far
09:47:45  INFO     [CZ] 'machine learning' → 89 entries, 67 kept so far
09:47:45  INFO     [RO] 'machine learning' → 100 entries, 93 kept so far
09:47:46  INFO     [PT] 'machine learning' → 100 entries, 170 kept so far
09:47:46  INFO     [HU] 'machine learning' → 70 entries, 43 kept so far
09:47:47  INFO     [FI] 'EU AI Act' → 57 entries, 136 kept so far
09:47:47  INFO     [CZ] 'EU AI Act' → 77 entries, 76 kept so far
09:47:47  INFO     [RO] 'EU AI Act' → 72 entries, 117 kept so far
09:47:48  INFO     [HU] 'EU AI Act' → 62 entries, 62 kept so far
09:47:48  INFO     [PT] 'EU AI Act' → 43 entries, 175 kept so far
09:47:48  INFO     [FI] 'generative AI' → 66 entries, 169 kept so far
09:47:48  INFO     [CZ] 'generative AI' → 84 entries, 92 kept so far
09:47:49  INFO     [RO] 'generative AI' → 85 entries, 136 kept so far
09:47:49  INFO     [HU] 'generative AI' → 80 entries, 87 kept so far
09:47:49  INFO     [FI] +59 new articles saved
09:47:49  INFO     [CZ] +42 new articles saved
09:47:50  INFO     [PT] 'generative AI' → 100 entries, 213 kept so far
09:47:50  INFO     [RO] +44 new articles saved
09:47:50  INFO     [SK] 'artificial intelligence' → 100 entries, 25 kept so far
09:47:50  INFO     [GR] 'artificial intelligence' → 100 entries, 50 kept so far
09:47:50  INFO     [HU] +36 new articles saved
09:47:50  INFO     [IE] 'artificial intelligence' → 100 entries, 71 kept so far
09:47:51  INFO     [PT] +93 new articles saved
09:47:51  INFO     [HR] 'artificial intelligence' → 100 entries, 72 kept so far
09:47:51  INFO     [BG] 'artificial intelligence' → 70 entries, 34 kept so far
09:47:52  INFO     [SK] 'AI regulation' → 21 entries, 28 kept so far
09:47:52  INFO     [GR] 'AI regulation' → 65 entries, 90 kept so far
09:47:52  INFO     [IE] 'AI regulation' → 100 entries, 121 kept so far
09:47:53  INFO     [HR] 'AI regulation' → 100 entries, 121 kept so far
09:47:53  INFO     [BG] 'AI regulation' → 8 entries, 37 kept so far
09:47:53  INFO     [SK] 'machine learning' → 56 entries, 44 kept so far
09:47:53  INFO     [GR] 'machine learning' → 91 entries, 130 kept so far
09:47:54  INFO     [BG] 'machine learning' → 53 entries, 47 kept so far
09:47:54  INFO     [IE] 'machine learning' → 100 entries, 185 kept so far
09:47:54  INFO     [HR] 'machine learning' → 100 entries, 192 kept so far
09:47:55  INFO     [SK] 'EU AI Act' → 51 entries, 53 kept so far
09:47:55  INFO     [GR] 'EU AI Act' → 69 entries, 152 kept so far
09:47:55  INFO     [BG] 'EU AI Act' → 7 entries, 50 kept so far
09:47:56  INFO     [SK] 'generative AI' → 45 entries, 63 kept so far
09:47:56  INFO     [IE] 'EU AI Act' → 100 entries, 262 kept so far
09:47:56  INFO     [HR] 'EU AI Act' → 100 entries, 274 kept so far
09:47:56  INFO     [GR] 'generative AI' → 100 entries, 196 kept so far
09:47:57  INFO     [BG] 'generative AI' → 31 entries, 55 kept so far
09:47:57  INFO     [SK] +25 new articles saved
09:47:57  INFO     [GR] +97 new articles saved
09:47:58  INFO     [LT] 'artificial intelligence' → 90 entries, 34 kept so far
09:47:58  INFO     [IE] 'generative AI' → 100 entries, 320 kept so far
09:47:58  INFO     [BG] +25 new articles saved
09:47:58  INFO     [SI] 'artificial intelligence' → 100 entries, 43 kept so far
09:47:58  INFO     [HR] 'generative AI' → 100 entries, 334 kept so far
09:47:58  INFO     [LV] 'artificial intelligence' → 75 entries, 23 kept so far
09:47:59  INFO     [IE] +231 new articles saved
09:47:59  INFO     [HR] +83 new articles saved
09:47:59  INFO     [LT] 'AI regulation' → 17 entries, 37 kept so far
09:48:00  INFO     [EE] 'artificial intelligence' → 100 entries, 45 kept so far
09:48:00  INFO     [SI] 'AI regulation' → 8 entries, 44 kept so far
09:48:00  INFO     [LV] 'AI regulation' → 12 entries, 23 kept so far
09:48:00  INFO     [CY] 'artificial intelligence' → 100 entries, 50 kept so far
09:48:01  INFO     [LT] 'machine learning' → 33 entries, 41 kept so far
09:48:01  INFO     [SI] 'machine learning' → 22 entries, 46 kept so far
09:48:01  INFO     [LV] 'machine learning' → 11 entries, 26 kept so far
09:48:01  INFO     [EE] 'AI regulation' → 16 entries, 47 kept so far
09:48:02  INFO     [CY] 'AI regulation' → 69 entries, 89 kept so far
09:48:02  INFO     [LT] 'EU AI Act' → 21 entries, 43 kept so far
09:48:02  INFO     [LV] 'EU AI Act' → 9 entries, 26 kept so far
09:48:03  INFO     [SI] 'EU AI Act' → 24 entries, 51 kept so far
09:48:03  INFO     [EE] 'machine learning' → 17 entries, 49 kept so far
09:48:03  INFO     [CY] 'machine learning' → 91 entries, 128 kept so far
09:48:03  INFO     [LT] 'generative AI' → 29 entries, 51 kept so far
09:48:04  INFO     [LV] 'generative AI' → 9 entries, 29 kept so far
09:48:04  INFO     [SI] 'generative AI' → 13 entries, 54 kept so far
09:48:04  INFO     [LT] +17 new articles saved
09:48:04  INFO     [EE] 'EU AI Act' → 18 entries, 51 kept so far
09:48:05  INFO     [CY] 'EU AI Act' → 68 entries, 149 kept so far
09:48:05  INFO     [LV] +9 new articles saved
09:48:05  INFO     [SI] +12 new articles saved
09:48:05  INFO     [MT] 'artificial intelligence' → 100 entries, 72 kept so far
09:48:05  INFO     [LU] 'artificial intelligence' → 100 entries, 53 kept so far
09:48:06  INFO     [EE] 'generative AI' → 13 entries, 55 kept so far
09:48:06  INFO     [MT] 'AI regulation' → 100 entries, 121 kept so far
09:48:07  INFO     [CY] 'generative AI' → 100 entries, 193 kept so far
09:48:07  INFO     [EE] +14 new articles saved
09:48:07  INFO     [LU] 'AI regulation' → 100 entries, 135 kept so far
09:48:08  INFO     [CY] +12 new articles saved
09:48:08  INFO     [MT] 'machine learning' → 100 entries, 192 kept so far
09:48:09  INFO     [LU] 'machine learning' → 100 entries, 190 kept so far
09:48:09  INFO     [MT] 'EU AI Act' → 100 entries, 274 kept so far
09:48:10  INFO     [MT] 'generative AI' → 100 entries, 334 kept so far
09:48:10  INFO     [LU] 'EU AI Act' → 100 entries, 239 kept so far
09:48:11  INFO     [MT] +0 new articles saved
09:48:12  INFO     [LU] 'generative AI' → 100 entries, 277 kept so far
09:48:13  INFO     [LU] +5 new articles saved
09:48:13  INFO     Scrape complete. 1545 new articles this run.
