19:43:26  INFO     Starting scrape: 27 countries, 5 queries each
/home/runner/work/EU_AI_News/EU_AI_News/eu_ai_news_scraper.py:230: DeprecationWarning: datetime.datetime.utcnow() is deprecated and scheduled for removal in a future version. Use timezone-aware objects to represent datetimes in UTC: datetime.datetime.now(datetime.UTC).
  "scraped_at":   datetime.utcnow().isoformat(),
19:43:27  INFO     [DE] 'artificial intelligence' → 100 entries, 48 kept so far
19:43:27  INFO     [FR] 'artificial intelligence' → 100 entries, 50 kept so far
19:43:27  INFO     [IT] 'artificial intelligence' → 100 entries, 30 kept so far
19:43:27  INFO     [ES] 'artificial intelligence' → 100 entries, 71 kept so far
19:43:27  INFO     [PL] 'artificial intelligence' → 100 entries, 19 kept so far
19:43:28  INFO     [DE] 'AI regulation' → 48 entries, 75 kept so far
19:43:28  INFO     [FR] 'AI regulation' → 100 entries, 129 kept so far
19:43:29  INFO     [ES] 'AI regulation' → 74 entries, 93 kept so far
19:43:29  INFO     [IT] 'AI regulation' → 100 entries, 90 kept so far
19:43:29  INFO     [PL] 'AI regulation' → 79 entries, 75 kept so far
19:43:30  INFO     [DE] 'machine learning' → 100 entries, 120 kept so far
19:43:30  INFO     [FR] 'machine learning' → 100 entries, 188 kept so far
19:43:30  INFO     [IT] 'machine learning' → 100 entries, 165 kept so far
19:43:30  INFO     [ES] 'machine learning' → 100 entries, 167 kept so far
19:43:30  INFO     [PL] 'machine learning' → 100 entries, 112 kept so far
19:43:31  INFO     [DE] 'EU AI Act' → 100 entries, 205 kept so far
19:43:32  INFO     [FR] 'EU AI Act' → 78 entries, 218 kept so far
19:43:32  INFO     [IT] 'EU AI Act' → 100 entries, 239 kept so far
19:43:32  INFO     [PL] 'EU AI Act' → 75 entries, 125 kept so far
19:43:32  INFO     [ES] 'EU AI Act' → 79 entries, 206 kept so far
19:43:33  INFO     [DE] 'generative AI' → 100 entries, 231 kept so far
19:43:33  INFO     [FR] 'generative AI' → 100 entries, 250 kept so far
19:43:33  INFO     [IT] 'generative AI' → 100 entries, 303 kept so far
19:43:33  INFO     [PL] 'generative AI' → 100 entries, 156 kept so far
19:43:34  INFO     [ES] 'generative AI' → 100 entries, 250 kept so far
19:43:34  INFO     [DE] +87 new articles saved
19:43:34  INFO     [FR] +81 new articles saved
19:43:34  INFO     [IT] +123 new articles saved
19:43:34  INFO     [PL] +34 new articles saved
19:43:35  INFO     [NL] 'artificial intelligence' → 100 entries, 12 kept so far
19:43:35  INFO     [BE] 'artificial intelligence' → 100 entries, 65 kept so far
19:43:35  INFO     [SE] 'artificial intelligence' → 100 entries, 8 kept so far
19:43:35  INFO     [ES] +70 new articles saved
19:43:35  INFO     [AT] 'artificial intelligence' → 100 entries, 42 kept so far
19:43:36  INFO     [DK] 'artificial intelligence' → 100 entries, 20 kept so far
19:43:36  INFO     [NL] 'AI regulation' → 78 entries, 49 kept so far
19:43:36  INFO     [SE] 'AI regulation' → 66 entries, 25 kept so far
19:43:37  INFO     [BE] 'AI regulation' → 100 entries, 143 kept so far
19:43:37  INFO     [AT] 'AI regulation' → 53 entries, 73 kept so far
19:43:37  INFO     [DK] 'AI regulation' → 9 entries, 21 kept so far
19:43:38  INFO     [NL] 'machine learning' → 100 entries, 109 kept so far
19:43:38  INFO     [SE] 'machine learning' → 78 entries, 48 kept so far
19:43:38  INFO     [BE] 'machine learning' → 100 entries, 201 kept so far
19:43:38  INFO     [AT] 'machine learning' → 100 entries, 118 kept so far
19:43:39  INFO     [DK] 'machine learning' → 78 entries, 44 kept so far
19:43:39  INFO     [SE] 'EU AI Act' → 59 entries, 52 kept so far
19:43:40  INFO     [NL] 'EU AI Act' → 92 entries, 136 kept so far
19:43:40  INFO     [BE] 'EU AI Act' → 78 entries, 234 kept so far
19:43:40  INFO     [AT] 'EU AI Act' → 100 entries, 203 kept so far
19:43:41  INFO     [DK] 'EU AI Act' → 76 entries, 62 kept so far
19:43:41  INFO     [SE] 'generative AI' → 70 entries, 63 kept so far
19:43:41  INFO     [NL] 'generative AI' → 100 entries, 162 kept so far
19:43:41  INFO     [BE] 'generative AI' → 100 entries, 264 kept so far
19:43:42  INFO     [AT] 'generative AI' → 100 entries, 229 kept so far
19:43:42  INFO     [SE] +16 new articles saved
19:43:42  INFO     [DK] 'generative AI' → 100 entries, 98 kept so far
19:43:42  INFO     [NL] +29 new articles saved
19:43:42  INFO     [BE] +14 new articles saved
19:43:43  INFO     [FI] 'artificial intelligence' → 100 entries, 64 kept so far
19:43:43  INFO     [AT] +10 new articles saved
19:43:43  INFO     [PT] 'artificial intelligence' → 100 entries, 58 kept so far
19:43:43  INFO     [CZ] 'artificial intelligence' → 100 entries, 20 kept so far
19:43:43  INFO     [DK] +17 new articles saved
19:43:43  INFO     [RO] 'artificial intelligence' → 100 entries, 42 kept so far
19:43:44  INFO     [HU] 'artificial intelligence' → 100 entries, 14 kept so far
19:43:44  INFO     [FI] 'AI regulation' → 33 entries, 70 kept so far
19:43:44  INFO     [CZ] 'AI regulation' → 0 entries, 20 kept so far
19:43:44  INFO     [PT] 'AI regulation' → 78 entries, 97 kept so far
19:43:45  INFO     [RO] 'AI regulation' → 10 entries, 45 kept so far
19:43:45  INFO     [HU] 'AI regulation' → 79 entries, 16 kept so far
19:43:46  INFO     [FI] 'machine learning' → 93 entries, 104 kept so far
19:43:46  INFO     [CZ] 'machine learning' → 86 entries, 40 kept so far
19:43:46  INFO     [PT] 'machine learning' → 100 entries, 172 kept so far
19:43:46  INFO     [RO] 'machine learning' → 100 entries, 89 kept so far
19:43:47  INFO     [HU] 'machine learning' → 62 entries, 33 kept so far
19:43:48  INFO     [FI] 'EU AI Act' → 63 entries, 140 kept so far
19:43:48  INFO     [CZ] 'EU AI Act' → 71 entries, 60 kept so far
19:43:48  INFO     [RO] 'EU AI Act' → 74 entries, 103 kept so far
19:43:48  INFO     [PT] 'EU AI Act' → 63 entries, 180 kept so far
19:43:48  INFO     [HU] 'EU AI Act' → 77 entries, 49 kept so far
19:43:49  INFO     [FI] 'generative AI' → 66 entries, 175 kept so far
19:43:49  INFO     [CZ] 'generative AI' → 80 entries, 79 kept so far
19:43:49  INFO     [RO] 'generative AI' → 76 entries, 127 kept so far
19:43:50  INFO     [PT] 'generative AI' → 100 entries, 213 kept so far
19:43:50  INFO     [HU] 'generative AI' → 73 entries, 72 kept so far
19:43:50  INFO     [FI] +47 new articles saved
19:43:50  INFO     [CZ] +17 new articles saved
19:43:50  INFO     [RO] +32 new articles saved
19:43:51  INFO     [PT] +53 new articles saved
19:43:51  INFO     [GR] 'artificial intelligence' → 100 entries, 48 kept so far
19:43:51  INFO     [SK] 'artificial intelligence' → 100 entries, 32 kept so far
19:43:51  INFO     [HU] +16 new articles saved
19:43:51  INFO     [HR] 'artificial intelligence' → 100 entries, 66 kept so far
19:43:51  INFO     [IE] 'artificial intelligence' → 100 entries, 67 kept so far
19:43:52  INFO     [BG] 'artificial intelligence' → 77 entries, 34 kept so far
19:43:52  INFO     [SK] 'AI regulation' → 10 entries, 33 kept so far
19:43:52  INFO     [GR] 'AI regulation' → 78 entries, 80 kept so far
19:43:53  INFO     [BG] 'AI regulation' → 4 entries, 35 kept so far
19:43:53  INFO     [HR] 'AI regulation' → 100 entries, 102 kept so far
19:43:53  INFO     [IE] 'AI regulation' → 100 entries, 103 kept so far
19:43:54  INFO     [SK] 'machine learning' → 55 entries, 44 kept so far
19:43:54  INFO     [GR] 'machine learning' → 94 entries, 116 kept so far
19:43:54  INFO     [BG] 'machine learning' → 59 entries, 48 kept so far
19:43:55  INFO     [HR] 'machine learning' → 100 entries, 185 kept so far
19:43:55  INFO     [IE] 'machine learning' → 100 entries, 186 kept so far
19:43:55  INFO     [SK] 'EU AI Act' → 51 entries, 56 kept so far
19:43:56  INFO     [GR] 'EU AI Act' → 72 entries, 135 kept so far
19:43:56  INFO     [BG] 'EU AI Act' → 5 entries, 50 kept so far
19:43:56  INFO     [HR] 'EU AI Act' → 100 entries, 260 kept so far
19:43:57  INFO     [IE] 'EU AI Act' → 100 entries, 259 kept so far
19:43:57  INFO     [SK] 'generative AI' → 40 entries, 64 kept so far
19:43:57  INFO     [GR] 'generative AI' → 100 entries, 175 kept so far
19:43:57  INFO     [BG] 'generative AI' → 28 entries, 53 kept so far
19:43:58  INFO     [SK] +20 new articles saved
19:43:58  INFO     [HR] 'generative AI' → 100 entries, 324 kept so far
19:43:58  INFO     [GR] +45 new articles saved
19:43:58  INFO     [IE] 'generative AI' → 100 entries, 321 kept so far
19:43:58  INFO     [BG] +15 new articles saved
19:43:58  INFO     [LT] 'artificial intelligence' → 95 entries, 27 kept so far
19:43:59  INFO     [LV] 'artificial intelligence' → 72 entries, 26 kept so far
19:43:59  INFO     [SI] 'artificial intelligence' → 100 entries, 45 kept so far
19:43:59  INFO     [HR] +183 new articles saved
19:43:59  INFO     [IE] +58 new articles saved
19:44:00  INFO     [EE] 'artificial intelligence' → 100 entries, 48 kept so far
19:44:00  INFO     [LT] 'AI regulation' → 14 entries, 31 kept so far
19:44:00  INFO     [CY] 'artificial intelligence' → 100 entries, 48 kept so far
19:44:00  INFO     [LV] 'AI regulation' → 8 entries, 26 kept so far
19:44:00  INFO     [SI] 'AI regulation' → 2 entries, 45 kept so far
19:44:01  INFO     [EE] 'AI regulation' → 20 entries, 49 kept so far
19:44:01  INFO     [LT] 'machine learning' → 32 entries, 37 kept so far
19:44:01  INFO     [LV] 'machine learning' → 11 entries, 28 kept so far
19:44:01  INFO     [CY] 'AI regulation' → 78 entries, 80 kept so far
19:44:01  INFO     [SI] 'machine learning' → 23 entries, 49 kept so far
19:44:02  INFO     [EE] 'machine learning' → 20 entries, 51 kept so far
19:44:02  INFO     [LT] 'EU AI Act' → 14 entries, 39 kept so far
19:44:02  INFO     [LV] 'EU AI Act' → 7 entries, 28 kept so far
19:44:03  INFO     [SI] 'EU AI Act' → 24 entries, 55 kept so far
19:44:03  INFO     [CY] 'machine learning' → 94 entries, 116 kept so far
19:44:04  INFO     [EE] 'EU AI Act' → 21 entries, 56 kept so far
19:44:04  INFO     [LT] 'generative AI' → 29 entries, 48 kept so far
19:44:04  INFO     [LV] 'generative AI' → 10 entries, 30 kept so far
19:44:04  INFO     [SI] 'generative AI' → 13 entries, 58 kept so far
19:44:04  INFO     [CY] 'EU AI Act' → 72 entries, 135 kept so far
19:44:05  INFO     [LT] +9 new articles saved
19:44:05  INFO     [LV] +6 new articles saved
19:44:05  INFO     [MT] 'artificial intelligence' → 100 entries, 66 kept so far
19:44:05  INFO     [SI] +13 new articles saved
19:44:05  INFO     [EE] 'generative AI' → 15 entries, 61 kept so far
19:44:05  INFO     [LU] 'artificial intelligence' → 100 entries, 53 kept so far
19:44:06  INFO     [CY] 'generative AI' → 100 entries, 175 kept so far
19:44:06  INFO     [EE] +13 new articles saved
19:44:06  INFO     [MT] 'AI regulation' → 100 entries, 102 kept so far
19:44:07  INFO     [CY] +0 new articles saved
19:44:07  INFO     [LU] 'AI regulation' → 100 entries, 132 kept so far
19:44:07  INFO     [MT] 'machine learning' → 100 entries, 185 kept so far
19:44:09  INFO     [LU] 'machine learning' → 100 entries, 191 kept so far
19:44:09  INFO     [MT] 'EU AI Act' → 100 entries, 260 kept so far
19:44:10  INFO     [MT] 'generative AI' → 100 entries, 324 kept so far
19:44:10  INFO     [LU] 'EU AI Act' → 78 entries, 221 kept so far
19:44:11  INFO     [MT] +0 new articles saved
19:44:12  INFO     [LU] 'generative AI' → 100 entries, 253 kept so far
19:44:13  INFO     [LU] +2 new articles saved
19:44:13  INFO     Scrape complete. 1010 new articles this run.
